2021-04-09 23:26:55.212 | INFO     | httprunner.runner:test_start:450 - Start to run testcase: testcase description, TestCase ID: 0cda0950-49c6-473c-bc7f-21a68dbdd691
2021-04-09 23:26:55.217 | INFO     | httprunner.runner:__run_step:292 - run step begin: /api/login/submit >>>>>>
2021-04-09 23:27:55.371 | WARNING  | httprunner.client:request:188 - failed to get client address info: 'NoneType' object has no attribute 'connection'
2021-04-09 23:27:55.406 | WARNING  | httprunner.client:request:196 - failed to get server address info: 'NoneType' object has no attribute 'connection'
2021-04-09 23:27:55.412 | DEBUG    | httprunner.client:log_print:40 - 
================== request details ==================
method   : POST
url      : https://mubu.com/api/login/submit
headers  : {
    "Content-Length": "0"
}
cookies  : {}
body     : None

2021-04-09 23:27:55.417 | DEBUG    | httprunner.client:log_print:40 - 
================== response details ==================
status_code : 0
headers  : {}
cookies  : {}
encoding : None
content_type : 
body     : 

2021-04-09 23:27:55.422 | ERROR    | httprunner.client:request:215 - HTTPSConnectionPool(host='mubu.com', port=443): Max retries exceeded with url: /api/login/submit (Caused by SSLError(SSLError(1, '[SSL: WRONG_VERSION_NUMBER] wrong version number (_ssl.c:1122)')))
2021-04-09 23:27:55.535 | ERROR    | httprunner.response:validate:263 - assert status_code equal 200(int)	==> fail
check_item: status_code
check_value: 0(int)
assert_method: equal
expect_value: 200(int)
2021-04-09 23:27:55.575 | ERROR    | httprunner.response:validate:263 - assert headers."Content-Type" equal application/json;charset=UTF-8(str)	==> fail
check_item: headers."Content-Type"
check_value: None(NoneType)
assert_method: equal
expect_value: application/json;charset=UTF-8(str)
2021-04-09 23:27:55.579 | ERROR    | httprunner.response:validate:263 - assert body.code equal 0(int)	==> fail
check_item: body.code
check_value: None(NoneType)
assert_method: equal
expect_value: 0(int)
2021-04-09 23:27:55.584 | INFO     | httprunner.response:validate:246 - assert body.msg equal None(NoneType)	==> pass
2021-04-09 23:27:55.588 | ERROR    | httprunner.runner:log_req_resp_details:194 - 
******************************** DETAILED REQUEST & RESPONSE ********************************
====== request details ======
url: https://mubu.com/api/login/submit
method: POST
headers: {'Host': 'mubu.com', 'Connection': 'keep-alive', 'Content-Length': '47', 'Accept': 'application/json, text/javascript, */*; q=0.01', 'X-Requested-With': 'XMLHttpRequest', 'User-Agent': 'Mozilla/5.0 (Windows NT 10.0; Win64; x64) AppleWebKit/537.36 (KHTML, like Gecko) Chrome/88.0.4324.104 Safari/537.36', 'Content-Type': 'application/x-www-form-urlencoded; charset=UTF-8', 'Origin': 'https://mubu.com', 'Sec-Fetch-Site': 'same-origin', 'Sec-Fetch-Mode': 'cors', 'Sec-Fetch-Dest': 'empty', 'Referer': 'https://mubu.com/login/password', 'Accept-Encoding': 'gzip, deflate, br', 'Accept-Language': 'zh-CN,zh;q=0.9', 'Cookie': 'data_unique_id=5af8ec14-0e06-45fb-948e-5852d15f593a; _ga=GA1.2.575825054.1617539185; language=en-US; country=US; _gid=GA1.2.1533022006.1617805441; reg_entrance=https%3A%2F%2Fmubu.com%2F; csrf_token=c9b027b7-1bc2-45e8-8ab9-7152a1865f2c; SESSION=63cf1cc5-d769-433f-a0d4-a60ecdc076c8; _gat=1; Hm_lvt_4426cbb0486a79ea049b4ad52d81b504=1617621135,1617625021,1617805446,1617820067; reg_prepareId=178ad973481-178ad97347b-41bc-8a28-1f2f5c4ea99f; reg_focusId=33c9d5e2-09b5-41bc-8a28-178ad973b42; SLARDAR_WEB_ID=7c809816-6b41-46b0-93b9-2bb01ecee4fb; Hm_lpvt_4426cbb0486a79ea049b4ad52d81b504=1617820074', 'HRUN-Request-ID': 'HRUN-0cda0950-49c6-473c-bc7f-21a68dbdd691-015222'}
params: {}
data: {'phone': '18710748230', 'password': '123456', 'remember': 'true'}
cookies: {'data_unique_id': '5af8ec14-0e06-45fb-948e-5852d15f593a', '_ga': 'GA1.2.575825054.1617539185', 'language': 'en-US', 'country': 'US', '_gid': 'GA1.2.1533022006.1617805441', 'reg_entrance': 'https%3A%2F%2Fmubu.com%2F', 'csrf_token': 'c9b027b7-1bc2-45e8-8ab9-7152a1865f2c', 'SESSION': '63cf1cc5-d769-433f-a0d4-a60ecdc076c8', '_gat': '1', 'Hm_lvt_4426cbb0486a79ea049b4ad52d81b504': '1617621135,1617625021,1617805446,1617820067', 'reg_prepareId': '178ad973481-178ad97347b-41bc-8a28-1f2f5c4ea99f', 'reg_focusId': '33c9d5e2-09b5-41bc-8a28-178ad973b42', 'SLARDAR_WEB_ID': '7c809816-6b41-46b0-93b9-2bb01ecee4fb', 'Hm_lpvt_4426cbb0486a79ea049b4ad52d81b504': '1617820074'}
timeout: 120
allow_redirects: True
verify: False
json: None

====== response details ======
status_code: 0
headers: {}
body: ''

