2021-04-10 18:48:56.658 | INFO     | httprunner.runner:test_start:450 - Start to run testcase: creat new doc, TestCase ID: 13d0491b-0450-4335-b339-861ce73d7954
2021-04-10 18:48:56.658 | INFO     | httprunner.runner:__run_step:292 - run step begin: login mubu >>>>>>
2021-04-10 18:48:56.658 | INFO     | httprunner.runner:__run_step:292 - run step begin: /api/login/submit >>>>>>
2021-04-10 18:48:56.873 | DEBUG    | httprunner.client:request:186 - client IP: 192.168.1.7, Port: 55702
2021-04-10 18:48:56.879 | DEBUG    | httprunner.client:request:194 - server IP: 111.19.233.243, Port: 443
2021-04-10 18:48:56.899 | DEBUG    | httprunner.client:log_print:40 - 
================== request details ==================
method   : POST
url      : https://api2.mubu.com/api/login/submit
headers  : {
    "User-Agent": "Mozilla/5.0 (Windows NT 10.0; Win64; x64) AppleWebKit/537.36 (KHTML, like Gecko) Chrome/88.0.4324.104 Safari/537.36",
    "Accept-Encoding": "gzip, deflate, br",
    "Accept": "application/json, text/javascript, */*; q=0.01",
    "Connection": "keep-alive",
    "Host": "api2.mubu.com",
    "Content-Length": "47",
    "X-Requested-With": "XMLHttpRequest",
    "Content-Type": "application/x-www-form-urlencoded; charset=UTF-8",
    "Origin": "https://api2.mubu.com",
    "Sec-Fetch-Site": "same-origin",
    "Sec-Fetch-Mode": "cors",
    "Sec-Fetch-Dest": "empty",
    "Referer": "https://api2.mubu.com/login/password",
    "Accept-Language": "zh-CN,zh;q=0.9",
    "Cookie": "data_unique_id=5af8ec14-0e06-45fb-948e-5852d15f593a; _ga=GA1.2.575825054.1617539185; _gid=GA1.2.961331060.1617973416; reg_entrance=https%3A%2F%2Fapi2.mubu.com%2F; language=en-US; country=US; Hm_lvt_4426cbb0486a79ea049b4ad52d81b504=1617805446,1617820067,1617981171,1618017226; csrf_token=2ebd2cd9-e587-47d4-b8e3-6bb81d9fe9ce; SESSION=30786ff7-4a20-4a5c-b5aa-9d56f3586db4; _gat=1; reg_prepareId=178b9ae33da-178b9ae33d3-4763-bcdf-9510a0eb4440; reg_focusId=5247c4c4-c1ff-4763-bcdf-178b9ae36b3; SLARDAR_WEB_ID=8d09bf6a-a457-4c0e-a070-fd54f2c2279f; Hm_lpvt_4426cbb0486a79ea049b4ad52d81b504=1618022906",
    "HRUN-Request-ID": "HRUN-13d0491b-0450-4335-b339-861ce73d7954-736658"
}
cookies  : {
    "Hm_lpvt_4426cbb0486a79ea049b4ad52d81b504": "1618022906",
    "Hm_lvt_4426cbb0486a79ea049b4ad52d81b504": "1617805446,1617820067,1617981171,1618017226",
    "SESSION": "30786ff7-4a20-4a5c-b5aa-9d56f3586db4",
    "SLARDAR_WEB_ID": "8d09bf6a-a457-4c0e-a070-fd54f2c2279f",
    "_ga": "GA1.2.575825054.1617539185",
    "_gat": "1",
    "_gid": "GA1.2.961331060.1617973416",
    "country": "US",
    "csrf_token": "2ebd2cd9-e587-47d4-b8e3-6bb81d9fe9ce",
    "data_unique_id": "5af8ec14-0e06-45fb-948e-5852d15f593a",
    "language": "en-US",
    "reg_entrance": "https%3A%2F%2Fapi2.mubu.com%2F",
    "reg_focusId": "5247c4c4-c1ff-4763-bcdf-178b9ae36b3",
    "reg_prepareId": "178b9ae33da-178b9ae33d3-4763-bcdf-9510a0eb4440"
}
body     : phone=18710748230&password=123456&remember=true

2021-04-10 18:48:56.899 | DEBUG    | httprunner.client:log_print:40 - 
================== response details ==================
status_code : 404
headers  : {
    "Server": "Tengine",
    "Content-Type": "text/plain; charset=utf-8",
    "Content-Length": "18",
    "Connection": "keep-alive",
    "Date": "Sat, 10 Apr 2021 10:37:20 GMT",
    "X-TRANS-LEVEL": "125",
    "X-Tt-Logid": "20210410183720010150132082220E4CB9",
    "Server-Timing": "inner; dur=0, tt_agw; dur=0",
    "x-tt-trace-host": "01ed43a865a2b838c6c38a2a6a3773ffeafdfa28f479637d2970bc778e90befbbc6214fb7b14a743ecef94bc2bfbbeeb560ef0160ee3c83abcf47f1e430bbde10e3494b98a7a8479660d38060a470a306d",
    "x-tt-trace-tag": "id=3;cdn-cache=miss",
    "X-TT-TIMESTAMP": "1618051040.540",
    "x-alicdn-da-ups-status": "endOs,0,404",
    "Via": "cache39.l2cm9-6[68,0], vcache10.cn2543[111,0]",
    "Timing-Allow-Origin": "*",
    "EagleId": "6f13e91e16180510404581843e"
}
cookies  : {}
encoding : utf-8
content_type : text/plain; charset=utf-8
body     : 404 Page not found

2021-04-10 18:48:56.909 | ERROR    | httprunner.client:request:215 - 404 Client Error: Not Found for url: https://api2.mubu.com/api/login/submit
2021-04-10 18:48:56.909 | ERROR    | httprunner.response:validate:263 - assert status_code equal 200(int)	==> fail
check_item: status_code
check_value: 404(int)
assert_method: equal
expect_value: 200(int)
2021-04-10 18:48:56.909 | ERROR    | httprunner.response:validate:263 - assert headers."Content-Type" equal application/json;charset=UTF-8(str)	==> fail
check_item: headers."Content-Type"
check_value: text/plain; charset=utf-8(str)
assert_method: equal
expect_value: application/json;charset=UTF-8(str)
2021-04-10 18:48:56.914 | ERROR    | httprunner.response:validate:263 - assert body.code equal 0(int)	==> fail
check_item: body.code
check_value: None(NoneType)
assert_method: equal
expect_value: 0(int)
2021-04-10 18:48:56.914 | INFO     | httprunner.response:validate:246 - assert body.msg equal None(NoneType)	==> pass
2021-04-10 18:48:56.914 | ERROR    | httprunner.runner:log_req_resp_details:194 - 
******************************** DETAILED REQUEST & RESPONSE ********************************
====== request details ======
url: https://api2.mubu.com/api/login/submit
method: POST
headers: {'Host': 'api2.mubu.com', 'Connection': 'keep-alive', 'Content-Length': '47', 'Accept': 'application/json, text/javascript, */*; q=0.01', 'X-Requested-With': 'XMLHttpRequest', 'User-Agent': 'Mozilla/5.0 (Windows NT 10.0; Win64; x64) AppleWebKit/537.36 (KHTML, like Gecko) Chrome/88.0.4324.104 Safari/537.36', 'Content-Type': 'application/x-www-form-urlencoded; charset=UTF-8', 'Origin': 'https://api2.mubu.com', 'Sec-Fetch-Site': 'same-origin', 'Sec-Fetch-Mode': 'cors', 'Sec-Fetch-Dest': 'empty', 'Referer': 'https://api2.mubu.com/login/password', 'Accept-Encoding': 'gzip, deflate, br', 'Accept-Language': 'zh-CN,zh;q=0.9', 'Cookie': 'data_unique_id=5af8ec14-0e06-45fb-948e-5852d15f593a; _ga=GA1.2.575825054.1617539185; _gid=GA1.2.961331060.1617973416; reg_entrance=https%3A%2F%2Fapi2.mubu.com%2F; language=en-US; country=US; Hm_lvt_4426cbb0486a79ea049b4ad52d81b504=1617805446,1617820067,1617981171,1618017226; csrf_token=2ebd2cd9-e587-47d4-b8e3-6bb81d9fe9ce; SESSION=30786ff7-4a20-4a5c-b5aa-9d56f3586db4; _gat=1; reg_prepareId=178b9ae33da-178b9ae33d3-4763-bcdf-9510a0eb4440; reg_focusId=5247c4c4-c1ff-4763-bcdf-178b9ae36b3; SLARDAR_WEB_ID=8d09bf6a-a457-4c0e-a070-fd54f2c2279f; Hm_lpvt_4426cbb0486a79ea049b4ad52d81b504=1618022906', 'HRUN-Request-ID': 'HRUN-13d0491b-0450-4335-b339-861ce73d7954-736658'}
params: {}
data: {'phone': '18710748230', 'password': '123456', 'remember': 'true'}
cookies: {'data_unique_id': '5af8ec14-0e06-45fb-948e-5852d15f593a', '_ga': 'GA1.2.575825054.1617539185', '_gid': 'GA1.2.961331060.1617973416', 'reg_entrance': 'https%3A%2F%2Fapi2.mubu.com%2F', 'language': 'en-US', 'country': 'US', 'Hm_lvt_4426cbb0486a79ea049b4ad52d81b504': '1617805446,1617820067,1617981171,1618017226', 'csrf_token': '2ebd2cd9-e587-47d4-b8e3-6bb81d9fe9ce', 'SESSION': '30786ff7-4a20-4a5c-b5aa-9d56f3586db4', '_gat': '1', 'reg_prepareId': '178b9ae33da-178b9ae33d3-4763-bcdf-9510a0eb4440', 'reg_focusId': '5247c4c4-c1ff-4763-bcdf-178b9ae36b3', 'SLARDAR_WEB_ID': '8d09bf6a-a457-4c0e-a070-fd54f2c2279f', 'Hm_lpvt_4426cbb0486a79ea049b4ad52d81b504': '1618022906'}
timeout: 120
allow_redirects: True
verify: False
json: None

====== response details ======
status_code: 404
headers: {'Server': 'Tengine', 'Content-Type': 'text/plain; charset=utf-8', 'Content-Length': '18', 'Connection': 'keep-alive', 'Date': 'Sat, 10 Apr 2021 10:37:20 GMT', 'X-TRANS-LEVEL': '125', 'X-Tt-Logid': '20210410183720010150132082220E4CB9', 'Server-Timing': 'inner; dur=0, tt_agw; dur=0', 'x-tt-trace-host': '01ed43a865a2b838c6c38a2a6a3773ffeafdfa28f479637d2970bc778e90befbbc6214fb7b14a743ecef94bc2bfbbeeb560ef0160ee3c83abcf47f1e430bbde10e3494b98a7a8479660d38060a470a306d', 'x-tt-trace-tag': 'id=3;cdn-cache=miss', 'X-TT-TIMESTAMP': '1618051040.540', 'x-alicdn-da-ups-status': 'endOs,0,404', 'Via': 'cache39.l2cm9-6[68,0], vcache10.cn2543[111,0]', 'Timing-Allow-Origin': '*', 'EagleId': '6f13e91e16180510404581843e'}
body: '404 Page not found'

