2021-04-10 18:43:24.572 | INFO     | httprunner.runner:test_start:450 - Start to run testcase: login mubu, TestCase ID: 22303e6a-03ad-42ae-838c-8fb555465a6d
2021-04-10 18:43:24.572 | INFO     | httprunner.runner:__run_step:292 - run step begin: /api/login/submit >>>>>>
2021-04-10 18:43:24.823 | DEBUG    | httprunner.client:request:186 - client IP: 192.168.1.7, Port: 55540
2021-04-10 18:43:24.823 | DEBUG    | httprunner.client:request:194 - server IP: 111.6.180.98, Port: 443
2021-04-10 18:43:24.832 | DEBUG    | httprunner.client:log_print:40 - 
================== request details ==================
method   : POST
url      : https://mubu.com/api/login/submit
headers  : {
    "User-Agent": "Mozilla/5.0 (Windows NT 10.0; Win64; x64) AppleWebKit/537.36 (KHTML, like Gecko) Chrome/88.0.4324.104 Safari/537.36",
    "Accept-Encoding": "gzip, deflate, br",
    "Accept": "application/json, text/javascript, */*; q=0.01",
    "Connection": "keep-alive",
    "Host": "mubu.com",
    "Content-Length": "47",
    "X-Requested-With": "XMLHttpRequest",
    "Content-Type": "application/x-www-form-urlencoded; charset=UTF-8",
    "Origin": "https://mubu.com",
    "Sec-Fetch-Site": "same-origin",
    "Sec-Fetch-Mode": "cors",
    "Sec-Fetch-Dest": "empty",
    "Referer": "https://mubu.com/login/password",
    "Accept-Language": "zh-CN,zh;q=0.9",
    "Cookie": "data_unique_id=5af8ec14-0e06-45fb-948e-5852d15f593a; _ga=GA1.2.575825054.1617539185; _gid=GA1.2.961331060.1617973416; reg_entrance=https%3A%2F%2Fmubu.com%2F; language=en-US; country=US; Hm_lvt_4426cbb0486a79ea049b4ad52d81b504=1617805446,1617820067,1617981171,1618017226; csrf_token=2ebd2cd9-e587-47d4-b8e3-6bb81d9fe9ce; SESSION=30786ff7-4a20-4a5c-b5aa-9d56f3586db4; _gat=1; reg_prepareId=178b9ae33da-178b9ae33d3-4763-bcdf-9510a0eb4440; reg_focusId=5247c4c4-c1ff-4763-bcdf-178b9ae36b3; SLARDAR_WEB_ID=8d09bf6a-a457-4c0e-a070-fd54f2c2279f; Hm_lpvt_4426cbb0486a79ea049b4ad52d81b504=1618022906",
    "HRUN-Request-ID": "HRUN-22303e6a-03ad-42ae-838c-8fb555465a6d-404572"
}
cookies  : {
    "Hm_lpvt_4426cbb0486a79ea049b4ad52d81b504": "1618022906",
    "Hm_lvt_4426cbb0486a79ea049b4ad52d81b504": "1617805446,1617820067,1617981171,1618017226",
    "SESSION": "30786ff7-4a20-4a5c-b5aa-9d56f3586db4",
    "SLARDAR_WEB_ID": "8d09bf6a-a457-4c0e-a070-fd54f2c2279f",
    "_ga": "GA1.2.575825054.1617539185",
    "_gat": "1",
    "_gid": "GA1.2.961331060.1617973416",
    "country": "US",
    "csrf_token": "2ebd2cd9-e587-47d4-b8e3-6bb81d9fe9ce",
    "data_unique_id": "5af8ec14-0e06-45fb-948e-5852d15f593a",
    "language": "en-US",
    "reg_entrance": "https%3A%2F%2Fmubu.com%2F",
    "reg_focusId": "5247c4c4-c1ff-4763-bcdf-178b9ae36b3",
    "reg_prepareId": "178b9ae33da-178b9ae33d3-4763-bcdf-9510a0eb4440"
}
body     : phone=18710748230&password=123456&remember=true

2021-04-10 18:43:24.845 | DEBUG    | httprunner.client:log_print:40 - 
================== response details ==================
status_code : 200
headers  : {
    "Server": "Tengine",
    "Content-Type": "application/json;charset=UTF-8",
    "Transfer-Encoding": "chunked",
    "Connection": "keep-alive",
    "Date": "Sat, 10 Apr 2021 10:31:48 GMT",
    "Vary": "Accept-Encoding",
    "X-Application-Context": "ee.mubu.web_server:prod:9439",
    "Set-Cookie": "Jwt-Token=eyJ0eXAiOiJKV1QiLCJhbGciOiJIUzUxMiJ9.eyJhcHAiOiJtdWJ1Iiwic3ViIjoiMTE2MjM5NTEiLCJleHAiOjE2MjA2NDI3MDgsImlhdCI6MTYxODA1MDcwOH0.5rhI4SLX5xN4TFbcN-FMnAt060pbwNIkkRcIjn1bXeYev3xyohrcaZ50NUUrdhUn6R4ftfu1nIzOozKbFp0j5g; Max-Age=2592000; Expires=Mon, 10-May-2021 10:31:48 GMT; Path=/, user_persistence=ed543ec9-acb1-4a68-8db9-37bc0f94978e; Max-Age=2592000; Expires=Mon, 10-May-2021 10:31:48 GMT; Path=/, SESSION=683c01c9-87a8-4782-82e9-c48999a3c503; Path=/; HttpOnly",
    "server-timing": "inner; dur=21, cdn-cache;desc=MISS,edge;dur=21,origin;dur=57",
    "x-tt-trace-host": "01ed43a865a2b838c6c38a2a6a3773ffeab59dec61129a47b95fad715ab233176ee0f14502d38f636a66d278edbfa2be9b7a22ad80ab3497c59f05d6ff10cc675fbf95892f61ed8340a3386ef3b83765a9",
    "x-tt-trace-tag": "id=03;cdn-cache=miss;type=dyn",
    "X-TT-TIMESTAMP": "1618050708.482",
    "Content-Encoding": "gzip",
    "Via": "cache6.l2cm9-7[57,0], cache16.cn1015[78,0]",
    "Timing-Allow-Origin": "*",
    "EagleId": "6f06b42416180507084234189e"
}
cookies  : {
    "Jwt-Token": "eyJ0eXAiOiJKV1QiLCJhbGciOiJIUzUxMiJ9.eyJhcHAiOiJtdWJ1Iiwic3ViIjoiMTE2MjM5NTEiLCJleHAiOjE2MjA2NDI3MDgsImlhdCI6MTYxODA1MDcwOH0.5rhI4SLX5xN4TFbcN-FMnAt060pbwNIkkRcIjn1bXeYev3xyohrcaZ50NUUrdhUn6R4ftfu1nIzOozKbFp0j5g",
    "SESSION": "683c01c9-87a8-4782-82e9-c48999a3c503",
    "user_persistence": "ed543ec9-acb1-4a68-8db9-37bc0f94978e"
}
encoding : UTF-8
content_type : application/json;charset=UTF-8
body     : {
    "code": 0,
    "msg": null,
    "data": {
        "next": "/list"
    }
}

2021-04-10 18:43:24.853 | INFO     | httprunner.client:request:217 - status_code: 200, response_time(ms): 250.37 ms, response_length: 0 bytes
2021-04-10 18:43:24.853 | INFO     | httprunner.response:validate:246 - assert status_code equal 200(int)	==> pass
2021-04-10 18:43:24.853 | INFO     | httprunner.response:validate:246 - assert headers."Content-Type" equal application/json;charset=UTF-8(str)	==> pass
2021-04-10 18:43:24.853 | INFO     | httprunner.response:validate:246 - assert body.code equal 0(int)	==> pass
2021-04-10 18:43:24.853 | INFO     | httprunner.response:validate:246 - assert body.msg equal None(NoneType)	==> pass
2021-04-10 18:43:24.853 | INFO     | httprunner.runner:__run_step:304 - run step end: /api/login/submit <<<<<<

