2021-04-08 02:31:48.880 | INFO     | httprunner.runner:test_start:450 - Start to run testcase: testcase description, TestCase ID: 2c7bb591-10ef-4bc2-b84d-121f37a346f8
2021-04-08 02:31:48.880 | INFO     | httprunner.runner:__run_step:292 - run step begin: /api/login/submit >>>>>>
2021-04-08 02:31:49.208 | DEBUG    | httprunner.client:request:186 - client IP: 192.168.1.7, Port: 56525
2021-04-08 02:31:49.208 | DEBUG    | httprunner.client:request:194 - server IP: 111.6.180.93, Port: 443
2021-04-08 02:31:49.208 | DEBUG    | httprunner.client:log_print:40 - 
================== request details ==================
method   : POST
url      : https://mubu.com/api/login/submit
headers  : {
    "User-Agent": "Mozilla/5.0 (Windows NT 10.0; Win64; x64) AppleWebKit/537.36 (KHTML, like Gecko) Chrome/88.0.4324.104 Safari/537.36",
    "Accept-Encoding": "gzip, deflate, br",
    "Accept": "application/json, text/javascript, */*; q=0.01",
    "Connection": "keep-alive",
    "Host": "mubu.com",
    "Content-Length": "47",
    "X-Requested-With": "XMLHttpRequest",
    "Content-Type": "application/x-www-form-urlencoded; charset=UTF-8",
    "Origin": "https://mubu.com",
    "Sec-Fetch-Site": "same-origin",
    "Sec-Fetch-Mode": "cors",
    "Sec-Fetch-Dest": "empty",
    "Referer": "https://mubu.com/login/password",
    "Accept-Language": "zh-CN,zh;q=0.9",
    "Cookie": "data_unique_id=5af8ec14-0e06-45fb-948e-5852d15f593a; _ga=GA1.2.575825054.1617539185; language=en-US; country=US; _gid=GA1.2.1533022006.1617805441; reg_entrance=https%3A%2F%2Fmubu.com%2F; csrf_token=c9b027b7-1bc2-45e8-8ab9-7152a1865f2c; SESSION=63cf1cc5-d769-433f-a0d4-a60ecdc076c8; _gat=1; Hm_lvt_4426cbb0486a79ea049b4ad52d81b504=1617621135,1617625021,1617805446,1617820067; reg_prepareId=178ad973481-178ad97347b-41bc-8a28-1f2f5c4ea99f; reg_focusId=33c9d5e2-09b5-41bc-8a28-178ad973b42; SLARDAR_WEB_ID=7c809816-6b41-46b0-93b9-2bb01ecee4fb; Hm_lpvt_4426cbb0486a79ea049b4ad52d81b504=1617820074",
    "HRUN-Request-ID": "HRUN-2c7bb591-10ef-4bc2-b84d-121f37a346f8-308880"
}
cookies  : {
    "Hm_lpvt_4426cbb0486a79ea049b4ad52d81b504": "1617820074",
    "Hm_lvt_4426cbb0486a79ea049b4ad52d81b504": "1617621135,1617625021,1617805446,1617820067",
    "SESSION": "63cf1cc5-d769-433f-a0d4-a60ecdc076c8",
    "SLARDAR_WEB_ID": "7c809816-6b41-46b0-93b9-2bb01ecee4fb",
    "_ga": "GA1.2.575825054.1617539185",
    "_gat": "1",
    "_gid": "GA1.2.1533022006.1617805441",
    "country": "US",
    "csrf_token": "c9b027b7-1bc2-45e8-8ab9-7152a1865f2c",
    "data_unique_id": "5af8ec14-0e06-45fb-948e-5852d15f593a",
    "language": "en-US",
    "reg_entrance": "https%3A%2F%2Fmubu.com%2F",
    "reg_focusId": "33c9d5e2-09b5-41bc-8a28-178ad973b42",
    "reg_prepareId": "178ad973481-178ad97347b-41bc-8a28-1f2f5c4ea99f"
}
body     : phone=18710748230&password=123456&remember=true

2021-04-08 02:31:49.239 | DEBUG    | httprunner.client:log_print:40 - 
================== response details ==================
status_code : 200
headers  : {
    "Server": "Tengine",
    "Content-Type": "application/json;charset=UTF-8",
    "Transfer-Encoding": "chunked",
    "Connection": "keep-alive",
    "Date": "Wed, 07 Apr 2021 18:20:16 GMT",
    "Vary": "Accept-Encoding",
    "X-Application-Context": "ee.mubu.web_server:prod:9240",
    "Set-Cookie": "Jwt-Token=eyJ0eXAiOiJKV1QiLCJhbGciOiJIUzUxMiJ9.eyJhcHAiOiJtdWJ1Iiwic3ViIjoiMTE2MjM5NTEiLCJleHAiOjE2MjA0MTE2MTYsImlhdCI6MTYxNzgxOTYxNn0.YUqCIOgqsLUqU6Pzwj78hODA3eTyB6HrY_ey_LMLyVuurWx4gVATHRJWWBJu8xlFvWi1GKvr8mb90-vGBDOVzg; Max-Age=2592000; Expires=Fri, 07-May-2021 18:20:16 GMT; Path=/, user_persistence=ed543ec9-acb1-4a68-8db9-37bc0f94978e; Max-Age=2592000; Expires=Fri, 07-May-2021 18:20:16 GMT; Path=/",
    "server-timing": "inner; dur=20, cdn-cache;desc=MISS,edge;dur=21,origin;dur=45",
    "x-tt-trace-host": "01d402bc87954648c1cdde35294d8c0c157eb15b1075deedc57ac53015098bc6a683135c3d33a71b8441c7090abb83f1f91b29b1871822f0ef7686f5f06b0a3fee768423daafd2ced02fda2d8c88a53f19",
    "x-tt-trace-tag": "id=03;cdn-cache=miss;type=dyn",
    "X-TT-TIMESTAMP": "1617819616.817",
    "Content-Encoding": "gzip",
    "Via": "cache24.l2nu20-1[45,0], cache39.l2nu20-2[45,0], cache2.cn1015[66,0]",
    "Timing-Allow-Origin": "*",
    "EagleId": "6f06b41616178196167741394e"
}
cookies  : {
    "Jwt-Token": "eyJ0eXAiOiJKV1QiLCJhbGciOiJIUzUxMiJ9.eyJhcHAiOiJtdWJ1Iiwic3ViIjoiMTE2MjM5NTEiLCJleHAiOjE2MjA0MTE2MTYsImlhdCI6MTYxNzgxOTYxNn0.YUqCIOgqsLUqU6Pzwj78hODA3eTyB6HrY_ey_LMLyVuurWx4gVATHRJWWBJu8xlFvWi1GKvr8mb90-vGBDOVzg",
    "user_persistence": "ed543ec9-acb1-4a68-8db9-37bc0f94978e"
}
encoding : UTF-8
content_type : application/json;charset=UTF-8
body     : {
    "code": 0,
    "msg": null,
    "data": {
        "next": "/list"
    }
}

2021-04-08 02:31:49.239 | INFO     | httprunner.client:request:217 - status_code: 200, response_time(ms): 328.14 ms, response_length: 0 bytes
2021-04-08 02:31:49.239 | INFO     | httprunner.response:validate:246 - assert status_code equal 200(int)	==> pass
2021-04-08 02:31:49.239 | INFO     | httprunner.response:validate:246 - assert headers."Content-Type" equal application/json;charset=UTF-8(str)	==> pass
2021-04-08 02:31:49.239 | INFO     | httprunner.response:validate:246 - assert body.code equal 0(int)	==> pass
2021-04-08 02:31:49.255 | INFO     | httprunner.response:validate:246 - assert body.msg equal None(NoneType)	==> pass
2021-04-08 02:31:49.255 | INFO     | httprunner.runner:__run_step:304 - run step end: /api/login/submit <<<<<<

2021-04-08 02:31:49.255 | INFO     | httprunner.runner:__run_step:292 - run step begin: /v3/api/list/create_doc >>>>>>
2021-04-08 02:31:49.614 | DEBUG    | httprunner.client:request:186 - client IP: 192.168.1.7, Port: 56526
2021-04-08 02:31:49.614 | DEBUG    | httprunner.client:request:194 - server IP: 111.19.233.228, Port: 443
2021-04-08 02:31:49.614 | DEBUG    | httprunner.client:log_print:40 - 
================== request details ==================
method   : POST
url      : https://api2.mubu.com/v3/api/list/create_doc
headers  : {
    "User-Agent": "Mozilla/5.0 (Windows NT 10.0; Win64; x64) AppleWebKit/537.36 (KHTML, like Gecko) Chrome/88.0.4324.104 Safari/537.36",
    "Accept-Encoding": "gzip, deflate, br",
    "Accept": "application/json, text/plain, */*",
    "Connection": "keep-alive",
    "Host": "api2.mubu.com",
    "Content-Length": "28",
    "Jwt-Token": "eyJ0eXAiOiJKV1QiLCJhbGciOiJIUzUxMiJ9.eyJhcHAiOiJtdWJ1Iiwic3ViIjoiMTE2MjM5NTEiLCJleHAiOjE2MjA0MTE0MjUsImlhdCI6MTYxNzgxOTQyNX0.iDFrqbNWoVyndr9coDIO1WBwtfTiuQmFHybLrNICHqnJWi1mINgtvmqmsBeP7u6achsjfzMOx62yX8Ix_LNinw",
    "Content-Type": "application/json;charset=UTF-8",
    "data-unique-id": "5af8ec14-0e06-45fb-948e-5852d15f593a",
    "x-request-id": "7b6c8976-c6a8-427a-90d6-b3896e93a4f1",
    "version": "3.0.0.21310",
    "Origin": "https://mubu.com",
    "Sec-Fetch-Site": "same-site",
    "Sec-Fetch-Mode": "cors",
    "Sec-Fetch-Dest": "empty",
    "Referer": "https://mubu.com/",
    "Accept-Language": "zh-CN,zh;q=0.9",
    "HRUN-Request-ID": "HRUN-2c7bb591-10ef-4bc2-b84d-121f37a346f8-309255",
    "Cookie": "Jwt-Token=eyJ0eXAiOiJKV1QiLCJhbGciOiJIUzUxMiJ9.eyJhcHAiOiJtdWJ1Iiwic3ViIjoiMTE2MjM5NTEiLCJleHAiOjE2MjA0MTE2MTYsImlhdCI6MTYxNzgxOTYxNn0.YUqCIOgqsLUqU6Pzwj78hODA3eTyB6HrY_ey_LMLyVuurWx4gVATHRJWWBJu8xlFvWi1GKvr8mb90-vGBDOVzg; user_persistence=ed543ec9-acb1-4a68-8db9-37bc0f94978e"
}
cookies  : {
    "Jwt-Token": "eyJ0eXAiOiJKV1QiLCJhbGciOiJIUzUxMiJ9.eyJhcHAiOiJtdWJ1Iiwic3ViIjoiMTE2MjM5NTEiLCJleHAiOjE2MjA0MTE2MTYsImlhdCI6MTYxNzgxOTYxNn0.YUqCIOgqsLUqU6Pzwj78hODA3eTyB6HrY_ey_LMLyVuurWx4gVATHRJWWBJu8xlFvWi1GKvr8mb90-vGBDOVzg",
    "user_persistence": "ed543ec9-acb1-4a68-8db9-37bc0f94978e"
}
body     : {
    "folderId": "0",
    "type": 0
}

2021-04-08 02:31:49.630 | DEBUG    | httprunner.client:log_print:40 - 
================== response details ==================
status_code : 200
headers  : {
    "Server": "Tengine",
    "Content-Type": "application/json;charset=UTF-8",
    "Transfer-Encoding": "chunked",
    "Connection": "keep-alive",
    "Date": "Wed, 07 Apr 2021 18:20:17 GMT",
    "Vary": "Accept-Encoding",
    "Access-Control-Allow-Origin": "*",
    "Access-Control-Allow-Methods": "POST,GET,OPTIONS,DELETE,HEAD,PUT",
    "Access-Control-Max-Age": "86400",
    "Access-Control-Allow-Credentials": "true",
    "Access-Control-Allow-Headers": "X-request-Id,x-requested-with,jwt-token,request-id,member-id,Content-Type,X-FILENAME,data-unique-id,AB-Server-Version,Device-Id,token,Channel-Id,channel,system,platform,Channel-Name,version,mubu-app,mubu-desktop,Checksum,user-agent,Origin,Accept",
    "X-Application-Context": "mubu.biz.openapi:online.cn:9447",
    "X-Tt-Logid": "202104080220170101501650184E06AA8A",
    "X-Agw-Info": "DKy9Q_uhtI1x-fepXpQGIjRI2UVrqY5TTfEwSQBuPyk8AHp0V2Qea3XVPf6173anCDXEkpcj5knCG-6PDbM8JuQrbHxg8gXDTy-aVqu-o7W8-pjWBYuZ4sQnI9-StZAVKOdB0TAzZpnKsgD2vbaq7AhfGZi-nB3_N-i7",
    "X-TRANS-LEVEL": "0",
    "Server-Timing": "inner; dur=36, tt_agw; dur=36",
    "x-tt-trace-host": "01f7e0b1f4012658b0f198686875ca95f39de4b3aa161c99263b5ca440f5662317b59378fab4e9ba2f268a5b4b437838da71b3fb15ed50c7927b8ea6f51a2985134d568484dca40d36de03d6323fef5808",
    "x-tt-trace-tag": "id=3;cdn-cache=miss",
    "X-TT-TIMESTAMP": "1617819617.228",
    "Content-Encoding": "gzip",
    "Via": "cache32.l2nu20-8[63,0], vcache69.cn2543[110,0]",
    "Timing-Allow-Origin": "*",
    "EagleId": "6f13e97416178196171437699e"
}
cookies  : {}
encoding : UTF-8
content_type : application/json;charset=UTF-8
body     : {
    "code": 0,
    "data": {
        "id": "13I_aBfLHE_"
    }
}

2021-04-08 02:31:49.630 | INFO     | httprunner.client:request:217 - status_code: 200, response_time(ms): 359.36 ms, response_length: 0 bytes
2021-04-08 02:31:49.630 | INFO     | httprunner.response:validate:246 - assert status_code equal 200(int)	==> pass
2021-04-08 02:31:49.630 | INFO     | httprunner.response:validate:246 - assert headers."Content-Type" equal application/json;charset=UTF-8(str)	==> pass
2021-04-08 02:31:49.630 | INFO     | httprunner.response:validate:246 - assert body.code equal 0(int)	==> pass
2021-04-08 02:31:49.630 | INFO     | httprunner.runner:__run_step:304 - run step end: /v3/api/list/create_doc <<<<<<

2021-04-08 02:31:49.630 | INFO     | httprunner.runner:__run_step:292 - run step begin: /v3/api/refer/search_refers >>>>>>
2021-04-08 02:31:49.724 | DEBUG    | httprunner.client:request:186 - client IP: 192.168.1.7, Port: 56526
2021-04-08 02:31:49.724 | DEBUG    | httprunner.client:request:194 - server IP: 111.19.233.228, Port: 443
2021-04-08 02:31:49.739 | DEBUG    | httprunner.client:log_print:40 - 
================== request details ==================
method   : POST
url      : https://api2.mubu.com/v3/api/refer/search_refers
headers  : {
    "User-Agent": "Mozilla/5.0 (Windows NT 10.0; Win64; x64) AppleWebKit/537.36 (KHTML, like Gecko) Chrome/88.0.4324.104 Safari/537.36",
    "Accept-Encoding": "gzip, deflate, br",
    "Accept": "application/json, text/plain, */*",
    "Connection": "keep-alive",
    "Host": "api2.mubu.com",
    "Content-Length": "57",
    "Jwt-Token": "eyJ0eXAiOiJKV1QiLCJhbGciOiJIUzUxMiJ9.eyJhcHAiOiJtdWJ1Iiwic3ViIjoiMTE2MjM5NTEiLCJleHAiOjE2MjA0MTE0MjUsImlhdCI6MTYxNzgxOTQyNX0.iDFrqbNWoVyndr9coDIO1WBwtfTiuQmFHybLrNICHqnJWi1mINgtvmqmsBeP7u6achsjfzMOx62yX8Ix_LNinw",
    "data-unique-id": "5af8ec14-0e06-45fb-948e-5852d15f593a",
    "x-request-id": "cb554483-67c0-4a98-ac90-0d9470010975",
    "Content-Type": "application/json;charset=UTF-8",
    "Origin": "https://mubu.com",
    "Sec-Fetch-Site": "same-site",
    "Sec-Fetch-Mode": "cors",
    "Sec-Fetch-Dest": "empty",
    "Referer": "https://mubu.com/",
    "Accept-Language": "zh-CN,zh;q=0.9",
    "HRUN-Request-ID": "HRUN-2c7bb591-10ef-4bc2-b84d-121f37a346f8-309630",
    "Cookie": "Jwt-Token=eyJ0eXAiOiJKV1QiLCJhbGciOiJIUzUxMiJ9.eyJhcHAiOiJtdWJ1Iiwic3ViIjoiMTE2MjM5NTEiLCJleHAiOjE2MjA0MTE2MTYsImlhdCI6MTYxNzgxOTYxNn0.YUqCIOgqsLUqU6Pzwj78hODA3eTyB6HrY_ey_LMLyVuurWx4gVATHRJWWBJu8xlFvWi1GKvr8mb90-vGBDOVzg; user_persistence=ed543ec9-acb1-4a68-8db9-37bc0f94978e"
}
cookies  : {
    "Jwt-Token": "eyJ0eXAiOiJKV1QiLCJhbGciOiJIUzUxMiJ9.eyJhcHAiOiJtdWJ1Iiwic3ViIjoiMTE2MjM5NTEiLCJleHAiOjE2MjA0MTE2MTYsImlhdCI6MTYxNzgxOTYxNn0.YUqCIOgqsLUqU6Pzwj78hODA3eTyB6HrY_ey_LMLyVuurWx4gVATHRJWWBJu8xlFvWi1GKvr8mb90-vGBDOVzg",
    "user_persistence": "ed543ec9-acb1-4a68-8db9-37bc0f94978e"
}
body     : {
    "docId": "1yaI0PHbEU_",
    "keywords": "jiao",
    "option": 1
}

2021-04-08 02:31:49.739 | DEBUG    | httprunner.client:log_print:40 - 
================== response details ==================
status_code : 200
headers  : {
    "Server": "Tengine",
    "Content-Type": "application/json;charset=UTF-8",
    "Transfer-Encoding": "chunked",
    "Connection": "keep-alive",
    "Date": "Wed, 07 Apr 2021 18:20:17 GMT",
    "Vary": "Accept-Encoding",
    "Access-Control-Allow-Origin": "*",
    "Access-Control-Allow-Methods": "POST,GET,OPTIONS,DELETE,HEAD,PUT",
    "Access-Control-Max-Age": "86400",
    "Access-Control-Allow-Credentials": "true",
    "Access-Control-Allow-Headers": "X-request-Id,x-requested-with,jwt-token,request-id,member-id,Content-Type,X-FILENAME,data-unique-id,AB-Server-Version,Device-Id,token,Channel-Id,channel,system,platform,Channel-Name,version,mubu-app,mubu-desktop,Checksum,user-agent,Origin,Accept",
    "X-Application-Context": "mubu.biz.openapi:online.cn:9259",
    "X-Tt-Logid": "202104080220170101511320310306B168",
    "X-Agw-Info": "oiUMxjuMXneglA5MpPiISOMSjzT2-Atbe2VfEgKvLe49YDMIISJpjjn_oWIk3e9RShVt1e_HJ2DXrj8uGnoM5iIjqDkav71K3GkfW9FQ2mg8r4rWJs3fFzX9-Yq2maqT0Vg8T7jyi_qvMwre0dvscPn10Nak0d8ETgUs",
    "X-TRANS-LEVEL": "0",
    "Server-Timing": "inner; dur=11, tt_agw; dur=10",
    "x-tt-trace-host": "01f7e0b1f4012658b0f198686875ca95f39d67527c995d2d10a2cd6684573de18dbf3a495a30c1c1231b346dd9dbe53a12480b1e508583bc5b7024550e824b23490ecbfd544a951110b2e862b4059a5afc",
    "x-tt-trace-tag": "id=3;cdn-cache=miss",
    "X-TT-TIMESTAMP": "1617819617.325",
    "Content-Encoding": "gzip",
    "Via": "cache19.l2nu20-8[37,0], vcache69.cn2543[72,0]",
    "Timing-Allow-Origin": "*",
    "EagleId": "6f13e97416178196172897770e"
}
cookies  : {}
encoding : UTF-8
content_type : application/json;charset=UTF-8
body     : {
    "code": 0,
    "data": {
        "list": []
    }
}

2021-04-08 02:31:49.755 | INFO     | httprunner.client:request:217 - status_code: 200, response_time(ms): 93.75 ms, response_length: 0 bytes
2021-04-08 02:31:49.755 | INFO     | httprunner.response:validate:246 - assert status_code equal 200(int)	==> pass
2021-04-08 02:31:49.755 | INFO     | httprunner.response:validate:246 - assert headers."Content-Type" equal application/json;charset=UTF-8(str)	==> pass
2021-04-08 02:31:49.755 | INFO     | httprunner.response:validate:246 - assert body.code equal 0(int)	==> pass
2021-04-08 02:31:49.755 | INFO     | httprunner.runner:__run_step:304 - run step end: /v3/api/refer/search_refers <<<<<<

