2021-04-09 23:34:35.381 | INFO     | httprunner.runner:test_start:450 - Start to run testcase: testcase description, TestCase ID: 2e315e5f-5571-4a32-b175-bd1aaac1a026
2021-04-09 23:34:35.381 | INFO     | httprunner.runner:__run_step:292 - run step begin: /api/login/submit >>>>>>
2021-04-09 23:35:35.457 | WARNING  | httprunner.client:request:188 - failed to get client address info: 'NoneType' object has no attribute 'connection'
2021-04-09 23:35:35.457 | WARNING  | httprunner.client:request:196 - failed to get server address info: 'NoneType' object has no attribute 'connection'
2021-04-09 23:35:35.457 | DEBUG    | httprunner.client:log_print:40 - 
================== request details ==================
method   : POST
url      : https://mubu.com/api/login/submit
headers  : {
    "Content-Length": "0"
}
cookies  : {}
body     : None

2021-04-09 23:35:35.457 | DEBUG    | httprunner.client:log_print:40 - 
================== response details ==================
status_code : 0
headers  : {}
cookies  : {}
encoding : None
content_type : 
body     : 

2021-04-09 23:35:35.457 | ERROR    | httprunner.client:request:215 - HTTPSConnectionPool(host='mubu.com', port=443): Max retries exceeded with url: /api/login/submit (Caused by SSLError(SSLError(1, '[SSL: WRONG_VERSION_NUMBER] wrong version number (_ssl.c:1122)')))
2021-04-09 23:35:35.472 | ERROR    | httprunner.response:validate:263 - assert status_code equal 200(int)	==> fail
check_item: status_code
check_value: 0(int)
assert_method: equal
expect_value: 200(int)
2021-04-09 23:35:35.472 | ERROR    | httprunner.response:validate:263 - assert headers."Content-Type" equal application/json;charset=UTF-8(str)	==> fail
check_item: headers."Content-Type"
check_value: None(NoneType)
assert_method: equal
expect_value: application/json;charset=UTF-8(str)
2021-04-09 23:35:35.472 | ERROR    | httprunner.response:validate:263 - assert body.code equal 0(int)	==> fail
check_item: body.code
check_value: None(NoneType)
assert_method: equal
expect_value: 0(int)
2021-04-09 23:35:35.472 | INFO     | httprunner.response:validate:246 - assert body.msg equal None(NoneType)	==> pass
2021-04-09 23:35:35.488 | ERROR    | httprunner.runner:log_req_resp_details:194 - 
******************************** DETAILED REQUEST & RESPONSE ********************************
====== request details ======
url: https://mubu.com/api/login/submit
method: POST
headers: {'Host': 'mubu.com', 'Connection': 'keep-alive', 'Content-Length': '47', 'Accept': 'application/json, text/javascript, */*; q=0.01', 'X-Requested-With': 'XMLHttpRequest', 'User-Agent': 'Mozilla/5.0 (Windows NT 10.0; Win64; x64) AppleWebKit/537.36 (KHTML, like Gecko) Chrome/88.0.4324.104 Safari/537.36', 'Content-Type': 'application/x-www-form-urlencoded; charset=UTF-8', 'Origin': 'https://mubu.com', 'Sec-Fetch-Site': 'same-origin', 'Sec-Fetch-Mode': 'cors', 'Sec-Fetch-Dest': 'empty', 'Referer': 'https://mubu.com/login/password', 'Accept-Encoding': 'gzip, deflate, br', 'Accept-Language': 'zh-CN,zh;q=0.9', 'Cookie': 'data_unique_id=5af8ec14-0e06-45fb-948e-5852d15f593a; _ga=GA1.2.575825054.1617539185; language=en-US; country=US; _gid=GA1.2.961331060.1617973416; csrf_token=7e99ded6-4e90-4422-a74d-310a4ffceca8; reg_entrance=https%3A%2F%2Fmubu.com%2F; Hm_lvt_4426cbb0486a79ea049b4ad52d81b504=1617625021,1617805446,1617820067,1617981171; SESSION=4598bf8f-f32b-4276-91b6-44f791f84145; _gat=1; reg_prepareId=178b742aa31-178b742a9b3-43ad-98a2-17fe1ebba038; reg_focusId=f78ab3f7-4e04-43ad-98a2-178b742ad42; SLARDAR_WEB_ID=c4edd74a-1845-4e2b-a285-a629285c9b4d; Hm_lpvt_4426cbb0486a79ea049b4ad52d81b504=1617982304', 'HRUN-Request-ID': 'HRUN-2e315e5f-5571-4a32-b175-bd1aaac1a026-475381'}
params: {}
data: {'phone': '18710748230', 'password': '123456', 'remember': 'true'}
cookies: {'data_unique_id': '5af8ec14-0e06-45fb-948e-5852d15f593a', '_ga': 'GA1.2.575825054.1617539185', 'language': 'en-US', 'country': 'US', '_gid': 'GA1.2.961331060.1617973416', 'csrf_token': '7e99ded6-4e90-4422-a74d-310a4ffceca8', 'reg_entrance': 'https%3A%2F%2Fmubu.com%2F', 'Hm_lvt_4426cbb0486a79ea049b4ad52d81b504': '1617625021,1617805446,1617820067,1617981171', 'SESSION': '4598bf8f-f32b-4276-91b6-44f791f84145', '_gat': '1', 'reg_prepareId': '178b742aa31-178b742a9b3-43ad-98a2-17fe1ebba038', 'reg_focusId': 'f78ab3f7-4e04-43ad-98a2-178b742ad42', 'SLARDAR_WEB_ID': 'c4edd74a-1845-4e2b-a285-a629285c9b4d', 'Hm_lpvt_4426cbb0486a79ea049b4ad52d81b504': '1617982304'}
timeout: 120
allow_redirects: True
verify: False
json: None

====== response details ======
status_code: 0
headers: {}
body: ''

