2021-04-08 02:53:02.896 | INFO     | httprunner.runner:test_start:450 - Start to run testcase: testcase description, TestCase ID: 43e8ba64-122f-416e-92e7-e812518534fe
2021-04-08 02:53:02.896 | INFO     | httprunner.runner:__run_step:292 - run step begin: /api/login/submit >>>>>>
2021-04-08 02:53:03.178 | DEBUG    | httprunner.client:request:186 - client IP: 192.168.1.7, Port: 56678
2021-04-08 02:53:03.178 | DEBUG    | httprunner.client:request:194 - server IP: 111.6.126.158, Port: 443
2021-04-08 02:53:03.178 | DEBUG    | httprunner.client:log_print:40 - 
================== request details ==================
method   : POST
url      : https://mubu.com/api/login/submit
headers  : {
    "User-Agent": "Mozilla/5.0 (Windows NT 10.0; Win64; x64) AppleWebKit/537.36 (KHTML, like Gecko) Chrome/88.0.4324.104 Safari/537.36",
    "Accept-Encoding": "gzip, deflate, br",
    "Accept": "application/json, text/javascript, */*; q=0.01",
    "Connection": "keep-alive",
    "Host": "mubu.com",
    "Content-Length": "47",
    "X-Requested-With": "XMLHttpRequest",
    "Content-Type": "application/x-www-form-urlencoded; charset=UTF-8",
    "Origin": "https://mubu.com",
    "Sec-Fetch-Site": "same-origin",
    "Sec-Fetch-Mode": "cors",
    "Sec-Fetch-Dest": "empty",
    "Referer": "https://mubu.com/login/password",
    "Accept-Language": "zh-CN,zh;q=0.9",
    "Cookie": "data_unique_id=5af8ec14-0e06-45fb-948e-5852d15f593a; _ga=GA1.2.575825054.1617539185; language=en-US; country=US; _gid=GA1.2.1533022006.1617805441; reg_entrance=https%3A%2F%2Fmubu.com%2F; csrf_token=c9b027b7-1bc2-45e8-8ab9-7152a1865f2c; SESSION=63cf1cc5-d769-433f-a0d4-a60ecdc076c8; _gat=1; Hm_lvt_4426cbb0486a79ea049b4ad52d81b504=1617621135,1617625021,1617805446,1617820067; reg_prepareId=178ad973481-178ad97347b-41bc-8a28-1f2f5c4ea99f; reg_focusId=33c9d5e2-09b5-41bc-8a28-178ad973b42; SLARDAR_WEB_ID=7c809816-6b41-46b0-93b9-2bb01ecee4fb; Hm_lpvt_4426cbb0486a79ea049b4ad52d81b504=1617820074",
    "HRUN-Request-ID": "HRUN-43e8ba64-122f-416e-92e7-e812518534fe-582896"
}
cookies  : {
    "Hm_lpvt_4426cbb0486a79ea049b4ad52d81b504": "1617820074",
    "Hm_lvt_4426cbb0486a79ea049b4ad52d81b504": "1617621135,1617625021,1617805446,1617820067",
    "SESSION": "63cf1cc5-d769-433f-a0d4-a60ecdc076c8",
    "SLARDAR_WEB_ID": "7c809816-6b41-46b0-93b9-2bb01ecee4fb",
    "_ga": "GA1.2.575825054.1617539185",
    "_gat": "1",
    "_gid": "GA1.2.1533022006.1617805441",
    "country": "US",
    "csrf_token": "c9b027b7-1bc2-45e8-8ab9-7152a1865f2c",
    "data_unique_id": "5af8ec14-0e06-45fb-948e-5852d15f593a",
    "language": "en-US",
    "reg_entrance": "https%3A%2F%2Fmubu.com%2F",
    "reg_focusId": "33c9d5e2-09b5-41bc-8a28-178ad973b42",
    "reg_prepareId": "178ad973481-178ad97347b-41bc-8a28-1f2f5c4ea99f"
}
body     : phone=18710748230&password=123456&remember=true

2021-04-08 02:53:03.193 | DEBUG    | httprunner.client:log_print:40 - 
================== response details ==================
status_code : 200
headers  : {
    "Server": "Tengine",
    "Content-Type": "application/json;charset=UTF-8",
    "Transfer-Encoding": "chunked",
    "Connection": "keep-alive",
    "Date": "Wed, 07 Apr 2021 18:41:30 GMT",
    "Vary": "Accept-Encoding",
    "X-Application-Context": "ee.mubu.web_server:prod:9240",
    "Set-Cookie": "Jwt-Token=eyJ0eXAiOiJKV1QiLCJhbGciOiJIUzUxMiJ9.eyJhcHAiOiJtdWJ1Iiwic3ViIjoiMTE2MjM5NTEiLCJleHAiOjE2MjA0MTI4OTAsImlhdCI6MTYxNzgyMDg5MH0.4r_MZs9UhcLJaBQ2VMYavrMkwvYNxrppt95eAoRRwIOq02vqw8gNnolWgrQOukpg_xRvrvfNh1aTd3BfLR4erQ; Max-Age=2592000; Expires=Fri, 07-May-2021 18:41:30 GMT; Path=/, user_persistence=ed543ec9-acb1-4a68-8db9-37bc0f94978e; Max-Age=2592000; Expires=Fri, 07-May-2021 18:41:30 GMT; Path=/",
    "server-timing": "inner; dur=16, cdn-cache;desc=MISS,edge;dur=25,origin;dur=54",
    "x-tt-trace-host": "015eeea247beb67a4c1d43172fdcb08da5cc52c9b76a008626b6a67ea1d8c4d04b096d477e9b2c1c45658ed3390bf109c5d761636bb8e01e3c087408ff86454e22300ff9f69df4f3934f35385d9c4de0b8",
    "x-tt-trace-tag": "id=03;cdn-cache=miss;type=dyn",
    "X-TT-TIMESTAMP": "1617820890.795",
    "Content-Encoding": "gzip",
    "Via": "cache38.l2cm9-7[54,0], cache7.cn1067[79,0]",
    "Timing-Allow-Origin": "*",
    "EagleId": "6f067e1b16178208907423711e"
}
cookies  : {
    "Jwt-Token": "eyJ0eXAiOiJKV1QiLCJhbGciOiJIUzUxMiJ9.eyJhcHAiOiJtdWJ1Iiwic3ViIjoiMTE2MjM5NTEiLCJleHAiOjE2MjA0MTI4OTAsImlhdCI6MTYxNzgyMDg5MH0.4r_MZs9UhcLJaBQ2VMYavrMkwvYNxrppt95eAoRRwIOq02vqw8gNnolWgrQOukpg_xRvrvfNh1aTd3BfLR4erQ",
    "user_persistence": "ed543ec9-acb1-4a68-8db9-37bc0f94978e"
}
encoding : UTF-8
content_type : application/json;charset=UTF-8
body     : {
    "code": 0,
    "msg": null,
    "data": {
        "next": "/list"
    }
}

2021-04-08 02:53:03.193 | INFO     | httprunner.client:request:217 - status_code: 200, response_time(ms): 281.26 ms, response_length: 0 bytes
2021-04-08 02:53:03.193 | INFO     | httprunner.response:validate:246 - assert status_code equal 200(int)	==> pass
2021-04-08 02:53:03.193 | INFO     | httprunner.response:validate:246 - assert headers."Content-Type" equal application/json;charset=UTF-8(str)	==> pass
2021-04-08 02:53:03.193 | INFO     | httprunner.response:validate:246 - assert body.code equal 0(int)	==> pass
2021-04-08 02:53:03.209 | INFO     | httprunner.response:validate:246 - assert body.msg equal None(NoneType)	==> pass
2021-04-08 02:53:03.209 | INFO     | httprunner.runner:__run_step:304 - run step end: /api/login/submit <<<<<<

2021-04-08 02:53:03.209 | INFO     | httprunner.runner:__run_step:292 - run step begin: /v3/api/list/create_doc >>>>>>
2021-04-08 02:53:03.521 | DEBUG    | httprunner.client:request:186 - client IP: 192.168.1.7, Port: 56679
2021-04-08 02:53:03.521 | DEBUG    | httprunner.client:request:194 - server IP: 111.19.233.229, Port: 443
2021-04-08 02:53:03.521 | DEBUG    | httprunner.client:log_print:40 - 
================== request details ==================
method   : POST
url      : https://api2.mubu.com/v3/api/list/create_doc
headers  : {
    "User-Agent": "Mozilla/5.0 (Windows NT 10.0; Win64; x64) AppleWebKit/537.36 (KHTML, like Gecko) Chrome/88.0.4324.104 Safari/537.36",
    "Accept-Encoding": "gzip, deflate, br",
    "Accept": "application/json, text/plain, */*",
    "Connection": "keep-alive",
    "Host": "api2.mubu.com",
    "Content-Length": "28",
    "Jwt-Token": "eyJ0eXAiOiJKV1QiLCJhbGciOiJIUzUxMiJ9.eyJhcHAiOiJtdWJ1Iiwic3ViIjoiMTE2MjM5NTEiLCJleHAiOjE2MjA0MTE0MjUsImlhdCI6MTYxNzgxOTQyNX0.iDFrqbNWoVyndr9coDIO1WBwtfTiuQmFHybLrNICHqnJWi1mINgtvmqmsBeP7u6achsjfzMOx62yX8Ix_LNinw",
    "Content-Type": "application/json;charset=UTF-8",
    "data-unique-id": "5af8ec14-0e06-45fb-948e-5852d15f593a",
    "x-request-id": "7b6c8976-c6a8-427a-90d6-b3896e93a4f1",
    "version": "3.0.0.21310",
    "Origin": "https://mubu.com",
    "Sec-Fetch-Site": "same-site",
    "Sec-Fetch-Mode": "cors",
    "Sec-Fetch-Dest": "empty",
    "Referer": "https://mubu.com/",
    "Accept-Language": "zh-CN,zh;q=0.9",
    "HRUN-Request-ID": "HRUN-43e8ba64-122f-416e-92e7-e812518534fe-583209",
    "Cookie": "Jwt-Token=eyJ0eXAiOiJKV1QiLCJhbGciOiJIUzUxMiJ9.eyJhcHAiOiJtdWJ1Iiwic3ViIjoiMTE2MjM5NTEiLCJleHAiOjE2MjA0MTI4OTAsImlhdCI6MTYxNzgyMDg5MH0.4r_MZs9UhcLJaBQ2VMYavrMkwvYNxrppt95eAoRRwIOq02vqw8gNnolWgrQOukpg_xRvrvfNh1aTd3BfLR4erQ; user_persistence=ed543ec9-acb1-4a68-8db9-37bc0f94978e"
}
cookies  : {
    "Jwt-Token": "eyJ0eXAiOiJKV1QiLCJhbGciOiJIUzUxMiJ9.eyJhcHAiOiJtdWJ1Iiwic3ViIjoiMTE2MjM5NTEiLCJleHAiOjE2MjA0MTI4OTAsImlhdCI6MTYxNzgyMDg5MH0.4r_MZs9UhcLJaBQ2VMYavrMkwvYNxrppt95eAoRRwIOq02vqw8gNnolWgrQOukpg_xRvrvfNh1aTd3BfLR4erQ",
    "user_persistence": "ed543ec9-acb1-4a68-8db9-37bc0f94978e"
}
body     : {
    "folderId": "0",
    "type": 0
}

2021-04-08 02:53:03.537 | DEBUG    | httprunner.client:log_print:40 - 
================== response details ==================
status_code : 200
headers  : {
    "Server": "Tengine",
    "Content-Type": "application/json;charset=UTF-8",
    "Transfer-Encoding": "chunked",
    "Connection": "keep-alive",
    "Date": "Wed, 07 Apr 2021 18:41:31 GMT",
    "Vary": "Accept-Encoding",
    "Access-Control-Allow-Origin": "*",
    "Access-Control-Allow-Methods": "POST,GET,OPTIONS,DELETE,HEAD,PUT",
    "Access-Control-Max-Age": "86400",
    "Access-Control-Allow-Credentials": "true",
    "Access-Control-Allow-Headers": "X-request-Id,x-requested-with,jwt-token,request-id,member-id,Content-Type,X-FILENAME,data-unique-id,AB-Server-Version,Device-Id,token,Channel-Id,channel,system,platform,Channel-Name,version,mubu-app,mubu-desktop,Checksum,user-agent,Origin,Accept",
    "X-Application-Context": "mubu.biz.openapi:online.cn:9411",
    "X-Tt-Logid": "202104080241310101500710763206BC33",
    "X-Agw-Info": "D7wyIRHAhOT4DWxS6Gve6im-Nq--WabSbbHQ-5KQyEVVxr6RqGxhIEEES8DzW8AobiFGCC0MWEGyvrgo_c6kcd3GmDTterGKNTDkGa3hdJq-xMRTwF1xH3k-KnPfYmiBUECSt5FXWbDky3diXAkQBS6lMgJTwkfhZ3qf",
    "X-TRANS-LEVEL": "0",
    "Server-Timing": "inner; dur=39, tt_agw; dur=36",
    "x-tt-trace-host": "01d402bc87954648c1cdde35294d8c0c15affa9e7707b86cc391b0362a46787d23ab675b10233d834c77d17f3e50863f62ac48fe7c8075a34edcf5ef00af307785db7b6398a4c2da92628a34e11038fc03",
    "x-tt-trace-tag": "id=3;cdn-cache=miss",
    "X-TT-TIMESTAMP": "1617820891.143",
    "Content-Encoding": "gzip",
    "Via": "cache32.l2nu20-2[82,0], vcache3.cn2543[148,0]",
    "Timing-Allow-Origin": "*",
    "EagleId": "6f13e91716178208910228054e"
}
cookies  : {}
encoding : UTF-8
content_type : application/json;charset=UTF-8
body     : {
    "code": 0,
    "data": {
        "id": "45xlBoD1wU_"
    }
}

2021-04-08 02:53:03.537 | INFO     | httprunner.client:request:217 - status_code: 200, response_time(ms): 312.47 ms, response_length: 0 bytes
2021-04-08 02:53:03.537 | INFO     | httprunner.response:extract:176 - extract mapping: {'docId': '45xlBoD1wU_'}
2021-04-08 02:53:03.537 | INFO     | httprunner.response:validate:246 - assert status_code equal 200(int)	==> pass
2021-04-08 02:53:03.537 | INFO     | httprunner.response:validate:246 - assert headers."Content-Type" equal application/json;charset=UTF-8(str)	==> pass
2021-04-08 02:53:03.537 | INFO     | httprunner.response:validate:246 - assert body.code equal 0(int)	==> pass
2021-04-08 02:53:03.553 | INFO     | httprunner.runner:__run_step:304 - run step end: /v3/api/list/create_doc <<<<<<

2021-04-08 02:53:03.553 | INFO     | httprunner.runner:__run_step:292 - run step begin: /v3/api/refer/search_refers >>>>>>
2021-04-08 02:53:03.693 | DEBUG    | httprunner.client:request:186 - client IP: 192.168.1.7, Port: 56679
2021-04-08 02:53:03.709 | DEBUG    | httprunner.client:request:194 - server IP: 111.19.233.229, Port: 443
2021-04-08 02:53:03.709 | DEBUG    | httprunner.client:log_print:40 - 
================== request details ==================
method   : POST
url      : https://api2.mubu.com/v3/api/refer/search_refers
headers  : {
    "User-Agent": "Mozilla/5.0 (Windows NT 10.0; Win64; x64) AppleWebKit/537.36 (KHTML, like Gecko) Chrome/88.0.4324.104 Safari/537.36",
    "Accept-Encoding": "gzip, deflate, br",
    "Accept": "application/json, text/plain, */*",
    "Connection": "keep-alive",
    "Host": "api2.mubu.com",
    "Content-Length": "57",
    "Jwt-Token": "eyJ0eXAiOiJKV1QiLCJhbGciOiJIUzUxMiJ9.eyJhcHAiOiJtdWJ1Iiwic3ViIjoiMTE2MjM5NTEiLCJleHAiOjE2MjA0MTE0MjUsImlhdCI6MTYxNzgxOTQyNX0.iDFrqbNWoVyndr9coDIO1WBwtfTiuQmFHybLrNICHqnJWi1mINgtvmqmsBeP7u6achsjfzMOx62yX8Ix_LNinw",
    "data-unique-id": "5af8ec14-0e06-45fb-948e-5852d15f593a",
    "x-request-id": "cb554483-67c0-4a98-ac90-0d9470010975",
    "Content-Type": "application/json;charset=UTF-8",
    "Origin": "https://mubu.com",
    "Sec-Fetch-Site": "same-site",
    "Sec-Fetch-Mode": "cors",
    "Sec-Fetch-Dest": "empty",
    "Referer": "https://mubu.com/",
    "Accept-Language": "zh-CN,zh;q=0.9",
    "HRUN-Request-ID": "HRUN-43e8ba64-122f-416e-92e7-e812518534fe-583553",
    "Cookie": "Jwt-Token=eyJ0eXAiOiJKV1QiLCJhbGciOiJIUzUxMiJ9.eyJhcHAiOiJtdWJ1Iiwic3ViIjoiMTE2MjM5NTEiLCJleHAiOjE2MjA0MTI4OTAsImlhdCI6MTYxNzgyMDg5MH0.4r_MZs9UhcLJaBQ2VMYavrMkwvYNxrppt95eAoRRwIOq02vqw8gNnolWgrQOukpg_xRvrvfNh1aTd3BfLR4erQ; user_persistence=ed543ec9-acb1-4a68-8db9-37bc0f94978e"
}
cookies  : {
    "Jwt-Token": "eyJ0eXAiOiJKV1QiLCJhbGciOiJIUzUxMiJ9.eyJhcHAiOiJtdWJ1Iiwic3ViIjoiMTE2MjM5NTEiLCJleHAiOjE2MjA0MTI4OTAsImlhdCI6MTYxNzgyMDg5MH0.4r_MZs9UhcLJaBQ2VMYavrMkwvYNxrppt95eAoRRwIOq02vqw8gNnolWgrQOukpg_xRvrvfNh1aTd3BfLR4erQ",
    "user_persistence": "ed543ec9-acb1-4a68-8db9-37bc0f94978e"
}
body     : {
    "docId": "45xlBoD1wU_",
    "keywords": "jiao",
    "option": 1
}

2021-04-08 02:53:03.709 | DEBUG    | httprunner.client:log_print:40 - 
================== response details ==================
status_code : 200
headers  : {
    "Server": "Tengine",
    "Content-Type": "application/json;charset=UTF-8",
    "Transfer-Encoding": "chunked",
    "Connection": "keep-alive",
    "Date": "Wed, 07 Apr 2021 18:41:31 GMT",
    "Vary": "Accept-Encoding",
    "Access-Control-Allow-Origin": "*",
    "Access-Control-Allow-Methods": "POST,GET,OPTIONS,DELETE,HEAD,PUT",
    "Access-Control-Max-Age": "86400",
    "Access-Control-Allow-Credentials": "true",
    "Access-Control-Allow-Headers": "X-request-Id,x-requested-with,jwt-token,request-id,member-id,Content-Type,X-FILENAME,data-unique-id,AB-Server-Version,Device-Id,token,Channel-Id,channel,system,platform,Channel-Name,version,mubu-app,mubu-desktop,Checksum,user-agent,Origin,Accept",
    "X-Application-Context": "mubu.biz.openapi:online.cn:9267",
    "X-Tt-Logid": "202104080241310102121600495C148B4C",
    "X-Agw-Info": "ilbT8SiXj7wXX7f0ZndaQVB7d_7YZPPRTy1aobHDsueJhQslvi7CIrNy8b8_RtPpbISIs4thlChZPY_6F1-XLkn3Ju08Wv363bksLbQOtUmJ2rlPIVL7dELu8S8kENXDvjK-jO8yERXydJR-c-Mhue8pxMGFskp4C4u0",
    "X-TRANS-LEVEL": "0",
    "Server-Timing": "inner; dur=16, tt_agw; dur=15",
    "x-tt-trace-host": "019626c1b715b3361bd3056ff40bc55b5089cdec15c648364fdcc05c59e8985ce2b3f4e43ca8b4f3ad4eec539b75bdc8c5e9c3ef336088c8b097788f913ea7fe62853fd5c1ddf0a8b0143884e5dc27e8df",
    "x-tt-trace-tag": "id=3;cdn-cache=miss",
    "X-TT-TIMESTAMP": "1617820891.324",
    "Content-Encoding": "gzip",
    "Via": "cache39.l2et15-7[72,0], vcache3.cn2543[130,0]",
    "Timing-Allow-Origin": "*",
    "EagleId": "6f13e91716178208912238144e"
}
cookies  : {}
encoding : UTF-8
content_type : application/json;charset=UTF-8
body     : {
    "code": 0,
    "data": {
        "list": []
    }
}

2021-04-08 02:53:03.725 | INFO     | httprunner.client:request:217 - status_code: 200, response_time(ms): 140.62 ms, response_length: 0 bytes
2021-04-08 02:53:03.725 | INFO     | httprunner.response:validate:246 - assert status_code equal 200(int)	==> pass
2021-04-08 02:53:03.725 | INFO     | httprunner.response:validate:246 - assert headers."Content-Type" equal application/json;charset=UTF-8(str)	==> pass
2021-04-08 02:53:03.725 | INFO     | httprunner.response:validate:246 - assert body.code equal 0(int)	==> pass
2021-04-08 02:53:03.725 | INFO     | httprunner.runner:__run_step:304 - run step end: /v3/api/refer/search_refers <<<<<<

