2021-04-10 19:23:35.484 | INFO     | httprunner.runner:test_start:450 - Start to run testcase: creat new doc, TestCase ID: 4622a907-7144-4d00-87ad-e5effa7272ed
2021-04-10 19:23:35.484 | INFO     | httprunner.runner:__run_step:292 - run step begin: login mubu >>>>>>
2021-04-10 19:23:35.484 | INFO     | httprunner.runner:__run_step:292 - run step begin: /api/login/submit >>>>>>
2021-04-10 19:23:35.703 | DEBUG    | httprunner.client:request:186 - client IP: 192.168.1.7, Port: 55956
2021-04-10 19:23:35.703 | DEBUG    | httprunner.client:request:194 - server IP: 111.48.31.12, Port: 443
2021-04-10 19:23:35.744 | DEBUG    | httprunner.client:log_print:40 - 
================== request details ==================
method   : POST
url      : https://mubu.com/api/login/submit
headers  : {
    "User-Agent": "Mozilla/5.0 (Windows NT 10.0; Win64; x64) AppleWebKit/537.36 (KHTML, like Gecko) Chrome/88.0.4324.104 Safari/537.36",
    "Accept-Encoding": "gzip, deflate, br",
    "Accept": "application/json, text/javascript, */*; q=0.01",
    "Connection": "keep-alive",
    "Host": "mubu.com",
    "Content-Length": "47",
    "X-Requested-With": "XMLHttpRequest",
    "Content-Type": "application/x-www-form-urlencoded; charset=UTF-8",
    "Origin": "https://mubu.com",
    "Sec-Fetch-Site": "same-origin",
    "Sec-Fetch-Mode": "cors",
    "Sec-Fetch-Dest": "empty",
    "Referer": "https://mubu.com/login/password",
    "Accept-Language": "zh-CN,zh;q=0.9",
    "Cookie": "data_unique_id=5af8ec14-0e06-45fb-948e-5852d15f593a; _ga=GA1.2.575825054.1617539185; _gid=GA1.2.961331060.1617973416; reg_entrance=https%3A%2F%2Fmubu.com%2F; language=en-US; country=US; Hm_lvt_4426cbb0486a79ea049b4ad52d81b504=1617805446,1617820067,1617981171,1618017226; csrf_token=2ebd2cd9-e587-47d4-b8e3-6bb81d9fe9ce; SESSION=30786ff7-4a20-4a5c-b5aa-9d56f3586db4; _gat=1; reg_prepareId=178b9ae33da-178b9ae33d3-4763-bcdf-9510a0eb4440; reg_focusId=5247c4c4-c1ff-4763-bcdf-178b9ae36b3; SLARDAR_WEB_ID=8d09bf6a-a457-4c0e-a070-fd54f2c2279f; Hm_lpvt_4426cbb0486a79ea049b4ad52d81b504=1618022906",
    "HRUN-Request-ID": "HRUN-4622a907-7144-4d00-87ad-e5effa7272ed-815484"
}
cookies  : {
    "Hm_lpvt_4426cbb0486a79ea049b4ad52d81b504": "1618022906",
    "Hm_lvt_4426cbb0486a79ea049b4ad52d81b504": "1617805446,1617820067,1617981171,1618017226",
    "SESSION": "30786ff7-4a20-4a5c-b5aa-9d56f3586db4",
    "SLARDAR_WEB_ID": "8d09bf6a-a457-4c0e-a070-fd54f2c2279f",
    "_ga": "GA1.2.575825054.1617539185",
    "_gat": "1",
    "_gid": "GA1.2.961331060.1617973416",
    "country": "US",
    "csrf_token": "2ebd2cd9-e587-47d4-b8e3-6bb81d9fe9ce",
    "data_unique_id": "5af8ec14-0e06-45fb-948e-5852d15f593a",
    "language": "en-US",
    "reg_entrance": "https%3A%2F%2Fmubu.com%2F",
    "reg_focusId": "5247c4c4-c1ff-4763-bcdf-178b9ae36b3",
    "reg_prepareId": "178b9ae33da-178b9ae33d3-4763-bcdf-9510a0eb4440"
}
body     : phone=18710748230&password=123456&remember=true

2021-04-10 19:23:35.754 | DEBUG    | httprunner.client:log_print:40 - 
================== response details ==================
status_code : 200
headers  : {
    "Server": "Tengine",
    "Content-Type": "application/json;charset=UTF-8",
    "Transfer-Encoding": "chunked",
    "Connection": "keep-alive",
    "Date": "Sat, 10 Apr 2021 11:11:59 GMT",
    "Vary": "Accept-Encoding",
    "X-Application-Context": "ee.mubu.web_server:prod:9275",
    "Set-Cookie": "Jwt-Token=eyJ0eXAiOiJKV1QiLCJhbGciOiJIUzUxMiJ9.eyJhcHAiOiJtdWJ1Iiwic3ViIjoiMTE2MjM5NTEiLCJleHAiOjE2MjA2NDUxMTksImlhdCI6MTYxODA1MzExOX0.LlU2v9KXWLBHZuXajXGfBST3BGTMoUkGQzRQe7iymEN72pMCIDNbMB6XmbU_aF1NxJuVRXg2j3TNthMJ3it_kA; Max-Age=2592000; Expires=Mon, 10-May-2021 11:11:59 GMT; Path=/, user_persistence=ed543ec9-acb1-4a68-8db9-37bc0f94978e; Max-Age=2592000; Expires=Mon, 10-May-2021 11:11:59 GMT; Path=/, SESSION=2b9da5e0-711a-4116-9afd-bf0d7ea2db69; Path=/; HttpOnly",
    "server-timing": "inner; dur=18, cdn-cache;desc=MISS,edge;dur=0,origin;dur=62",
    "x-tt-trace-host": "0117c27e7cbf31ce1b980736037cd8eaeafea8dcf37121f4a8e66e2d1955e2b789d11277a1a706222f1efa9c4787a52a18ad6c1555c6280aad2d33c993d469c54f750e283c9017f8e005c3a989955e4515",
    "x-tt-trace-tag": "id=03;cdn-cache=miss;type=dyn",
    "X-TT-TIMESTAMP": "1618053119.412",
    "Content-Encoding": "gzip",
    "Via": "vcache3.cn3086[62,0]",
    "Timing-Allow-Origin": "*",
    "EagleId": "6f301f1716180531193613570e"
}
cookies  : {
    "Jwt-Token": "eyJ0eXAiOiJKV1QiLCJhbGciOiJIUzUxMiJ9.eyJhcHAiOiJtdWJ1Iiwic3ViIjoiMTE2MjM5NTEiLCJleHAiOjE2MjA2NDUxMTksImlhdCI6MTYxODA1MzExOX0.LlU2v9KXWLBHZuXajXGfBST3BGTMoUkGQzRQe7iymEN72pMCIDNbMB6XmbU_aF1NxJuVRXg2j3TNthMJ3it_kA",
    "SESSION": "2b9da5e0-711a-4116-9afd-bf0d7ea2db69",
    "user_persistence": "ed543ec9-acb1-4a68-8db9-37bc0f94978e"
}
encoding : UTF-8
content_type : application/json;charset=UTF-8
body     : {
    "code": 0,
    "msg": null,
    "data": {
        "next": "/list"
    }
}

2021-04-10 19:23:35.774 | INFO     | httprunner.client:request:217 - status_code: 200, response_time(ms): 219.7 ms, response_length: 0 bytes
2021-04-10 19:23:35.774 | INFO     | httprunner.response:extract:176 - extract mapping: {'unreadCount': 0}
2021-04-10 19:23:35.774 | INFO     | httprunner.response:validate:246 - assert status_code equal 200(int)	==> pass
2021-04-10 19:23:35.774 | INFO     | httprunner.response:validate:246 - assert headers."Content-Type" equal application/json;charset=UTF-8(str)	==> pass
2021-04-10 19:23:35.774 | INFO     | httprunner.response:validate:246 - assert body.code equal 0(int)	==> pass
2021-04-10 19:23:35.774 | INFO     | httprunner.response:validate:246 - assert body.msg equal None(NoneType)	==> pass
2021-04-10 19:23:35.784 | INFO     | httprunner.runner:__run_step:304 - run step end: /api/login/submit <<<<<<

2021-04-10 19:23:35.784 | INFO     | httprunner.runner:__run_step_testcase:286 - export variables: {'unreadCount': 0}
2021-04-10 19:23:35.784 | INFO     | httprunner.runner:__run_step:304 - run step end: login mubu <<<<<<

2021-04-10 19:23:35.784 | INFO     | httprunner.runner:__run_step:292 - run step begin: /v3/api/user/profile >>>>>>
2021-04-10 19:23:35.784 | WARNING  | httprunner.client:request:188 - failed to get client address info: 'NoneType' object has no attribute 'connection'
2021-04-10 19:23:35.784 | WARNING  | httprunner.client:request:196 - failed to get server address info: 'NoneType' object has no attribute 'connection'
2021-04-10 19:23:35.789 | DEBUG    | httprunner.client:log_print:40 - 
================== request details ==================
method   : POST
url      : https://api2.mubu.com/v3/api/user/profile
headers  : {
    "Content-Length": "0"
}
cookies  : {}
body     : None

2021-04-10 19:23:35.789 | DEBUG    | httprunner.client:log_print:40 - 
================== response details ==================
status_code : 0
headers  : {}
cookies  : {}
encoding : None
content_type : 
body     : 

2021-04-10 19:23:35.789 | ERROR    | httprunner.client:request:215 - Value for header {unreadCount: 0} must be of type str or bytes, not <class 'int'>
2021-04-10 19:23:35.789 | ERROR    | httprunner.response:validate:263 - assert status_code equal 200(int)	==> fail
check_item: status_code
check_value: 0(int)
assert_method: equal
expect_value: 200(int)
2021-04-10 19:23:35.789 | ERROR    | httprunner.response:validate:263 - assert headers."Content-Type" equal application/json;charset=UTF-8(str)	==> fail
check_item: headers."Content-Type"
check_value: None(NoneType)
assert_method: equal
expect_value: application/json;charset=UTF-8(str)
2021-04-10 19:23:35.789 | ERROR    | httprunner.response:validate:263 - assert body.code equal 0(int)	==> fail
check_item: body.code
check_value: None(NoneType)
assert_method: equal
expect_value: 0(int)
2021-04-10 19:23:35.789 | ERROR    | httprunner.runner:log_req_resp_details:194 - 
******************************** DETAILED REQUEST & RESPONSE ********************************
====== request details ======
url: https://api2.mubu.com/v3/api/user/profile
method: POST
headers: {'host1': 'api2.mubu.com', 'Connection': 'keep-alive', 'unreadCount': 0, 'Content-Length': '0', 'Accept': 'application/json, text/plain, */*', 'Jwt-Token': 'eyJ0eXAiOiJKV1QiLCJhbGciOiJIUzUxMiJ9.eyJhcHAiOiJtdWJ1Iiwic3ViIjoiMTE2MjM5NTEiLCJleHAiOjE2MjA2MTMxMTEsImlhdCI6MTYxODAyMTExMX0.vb25B05BHW2VyNB6tlW58F3eVkKnnoQXvc7H-XZIt2jfFisYO4N5NPYAMLT4b5-4XVyIIDcsqaMW5i_OD9Ahyw', 'User-Agent': 'HttpRunner/3.1.4', 'data-unique-id': '5af8ec14-0e06-45fb-948e-5852d15f593a', 'x-request-id': '36b69f65-6593-4beb-8cd6-8085c5366931', 'version': '3.0.0.21328', 'Origin': 'https://mubu.com', 'Sec-Fetch-Site': 'same-site', 'Sec-Fetch-Mode': 'cors', 'Sec-Fetch-Dest': 'empty', 'Referer': 'https://mubu.com/', 'Accept-Encoding': 'gzip, deflate, br', 'Accept-Language': 'zh-CN,zh;q=0.9', 'HRUN-Request-ID': 'HRUN-4622a907-7144-4d00-87ad-e5effa7272ed-815784'}
params: {}
data: ''
cookies: {}
timeout: 120
allow_redirects: True
verify: False
json: None

====== response details ======
status_code: 0
headers: {}
body: ''

