2021-04-11 08:32:57.793 | INFO     | httprunner.runner:test_start:450 - Start to run testcase: login mubu, TestCase ID: 4ac3cc3d-2493-4816-866d-e4511db88427
2021-04-11 08:32:57.831 | INFO     | httprunner.runner:__run_step:292 - run step begin: /api/login/submit >>>>>>
2021-04-11 08:32:58.438 | DEBUG    | httprunner.client:request:186 - client IP: 192.168.1.7, Port: 59967
2021-04-11 08:32:58.438 | DEBUG    | httprunner.client:request:194 - server IP: 111.48.31.9, Port: 443
2021-04-11 08:32:58.448 | DEBUG    | httprunner.client:log_print:40 - 
================== request details ==================
method   : POST
url      : https://mubu.com/api/login/submit
headers  : {
    "User-Agent": "Mozilla/5.0 (Windows NT 10.0; Win64; x64) AppleWebKit/537.36 (KHTML, like Gecko) Chrome/88.0.4324.104 Safari/537.36",
    "Accept-Encoding": "gzip, deflate, br",
    "Accept": "application/json, text/javascript, */*; q=0.01",
    "Connection": "keep-alive",
    "Host": "mubu.com",
    "Content-Length": "47",
    "X-Requested-With": "XMLHttpRequest",
    "Content-Type": "application/x-www-form-urlencoded; charset=UTF-8",
    "Origin": "https://mubu.com",
    "Sec-Fetch-Site": "same-origin",
    "Sec-Fetch-Mode": "cors",
    "Sec-Fetch-Dest": "empty",
    "Referer": "https://mubu.com/login/password",
    "Accept-Language": "zh-CN,zh;q=0.9",
    "Cookie": "data_unique_id=5af8ec14-0e06-45fb-948e-5852d15f593a; _ga=GA1.2.575825054.1617539185; _gid=GA1.2.961331060.1617973416; reg_entrance=https%3A%2F%2Fmubu.com%2F; language=en-US; country=US; Hm_lvt_4426cbb0486a79ea049b4ad52d81b504=1617805446,1617820067,1617981171,1618017226; csrf_token=2ebd2cd9-e587-47d4-b8e3-6bb81d9fe9ce; SESSION=30786ff7-4a20-4a5c-b5aa-9d56f3586db4; _gat=1; reg_prepareId=178b9ae33da-178b9ae33d3-4763-bcdf-9510a0eb4440; reg_focusId=5247c4c4-c1ff-4763-bcdf-178b9ae36b3; SLARDAR_WEB_ID=8d09bf6a-a457-4c0e-a070-fd54f2c2279f; Hm_lpvt_4426cbb0486a79ea049b4ad52d81b504=1618022906",
    "HRUN-Request-ID": "HRUN-4ac3cc3d-2493-4816-866d-e4511db88427-177831"
}
cookies  : {
    "Hm_lpvt_4426cbb0486a79ea049b4ad52d81b504": "1618022906",
    "Hm_lvt_4426cbb0486a79ea049b4ad52d81b504": "1617805446,1617820067,1617981171,1618017226",
    "SESSION": "30786ff7-4a20-4a5c-b5aa-9d56f3586db4",
    "SLARDAR_WEB_ID": "8d09bf6a-a457-4c0e-a070-fd54f2c2279f",
    "_ga": "GA1.2.575825054.1617539185",
    "_gat": "1",
    "_gid": "GA1.2.961331060.1617973416",
    "country": "US",
    "csrf_token": "2ebd2cd9-e587-47d4-b8e3-6bb81d9fe9ce",
    "data_unique_id": "5af8ec14-0e06-45fb-948e-5852d15f593a",
    "language": "en-US",
    "reg_entrance": "https%3A%2F%2Fmubu.com%2F",
    "reg_focusId": "5247c4c4-c1ff-4763-bcdf-178b9ae36b3",
    "reg_prepareId": "178b9ae33da-178b9ae33d3-4763-bcdf-9510a0eb4440"
}
body     : phone=18710748230&password=123456&remember=true

2021-04-11 08:32:58.488 | DEBUG    | httprunner.client:log_print:40 - 
================== response details ==================
status_code : 200
headers  : {
    "Server": "Tengine",
    "Content-Type": "application/json;charset=UTF-8",
    "Transfer-Encoding": "chunked",
    "Connection": "keep-alive",
    "Date": "Sun, 11 Apr 2021 00:21:20 GMT",
    "Vary": "Accept-Encoding",
    "X-Application-Context": "ee.mubu.web_server:prod:9275",
    "Set-Cookie": "Jwt-Token=eyJ0eXAiOiJKV1QiLCJhbGciOiJIUzUxMiJ9.eyJhcHAiOiJtdWJ1Iiwic3ViIjoiMTE2MjM5NTEiLCJleHAiOjE2MjA2OTI0ODAsImlhdCI6MTYxODEwMDQ4MH0.hxciHdQjZ1knxo7pxpF11-aVgvSZTvUMFAPuBXhpke0XUbkU5y6sov_K0k-Britc5hsS0tbhU-VmfsLvJNzWWw; Max-Age=2592000; Expires=Tue, 11-May-2021 00:21:20 GMT; Path=/, user_persistence=ed543ec9-acb1-4a68-8db9-37bc0f94978e; Max-Age=2592000; Expires=Tue, 11-May-2021 00:21:20 GMT; Path=/, SESSION=2cb49f49-bbc1-42e9-b2f0-e740fff53f5b; Path=/; HttpOnly",
    "server-timing": "inner; dur=15, cdn-cache;desc=MISS,edge;dur=20,origin;dur=41",
    "x-tt-trace-host": "014a903e23e62e33f03c416fc5a381b96f569aa3226fe13f1b3eb0dd6f89fdfb2c7f0fefc20ff54ef90d916734e821f8607d52f4e63aa48361f6d060eb40688750caf071a3088cee0ee77b8b2e649f6640",
    "x-tt-trace-tag": "id=03;cdn-cache=miss;type=dyn",
    "X-TT-TIMESTAMP": "1618100480.553",
    "Content-Encoding": "gzip",
    "Via": "cache49.l2nu20-8[41,0], vcache7.cn3086[61,0]",
    "Timing-Allow-Origin": "*",
    "EagleId": "6f301f1b16181004805077990e"
}
cookies  : {
    "Jwt-Token": "eyJ0eXAiOiJKV1QiLCJhbGciOiJIUzUxMiJ9.eyJhcHAiOiJtdWJ1Iiwic3ViIjoiMTE2MjM5NTEiLCJleHAiOjE2MjA2OTI0ODAsImlhdCI6MTYxODEwMDQ4MH0.hxciHdQjZ1knxo7pxpF11-aVgvSZTvUMFAPuBXhpke0XUbkU5y6sov_K0k-Britc5hsS0tbhU-VmfsLvJNzWWw",
    "SESSION": "2cb49f49-bbc1-42e9-b2f0-e740fff53f5b",
    "user_persistence": "ed543ec9-acb1-4a68-8db9-37bc0f94978e"
}
encoding : UTF-8
content_type : application/json;charset=UTF-8
body     : {
    "code": 0,
    "msg": null,
    "data": {
        "next": "/list"
    }
}

2021-04-11 08:32:58.488 | INFO     | httprunner.client:request:217 - status_code: 200, response_time(ms): 607.01 ms, response_length: 0 bytes
2021-04-11 08:32:58.488 | INFO     | httprunner.response:extract:176 - extract mapping: {'unreadCount': 0}
2021-04-11 08:32:58.488 | INFO     | httprunner.response:validate:246 - assert status_code equal 200(int)	==> pass
2021-04-11 08:32:58.488 | INFO     | httprunner.response:validate:246 - assert headers."Content-Type" equal application/json;charset=UTF-8(str)	==> pass
2021-04-11 08:32:58.488 | INFO     | httprunner.response:validate:246 - assert body.code equal 0(int)	==> pass
2021-04-11 08:32:58.488 | INFO     | httprunner.response:validate:246 - assert body.msg equal None(NoneType)	==> pass
2021-04-11 08:32:58.488 | INFO     | httprunner.runner:__run_step:304 - run step end: /api/login/submit <<<<<<

