2021-04-09 23:30:15.731 | INFO     | httprunner.runner:test_start:450 - Start to run testcase: testcase description, TestCase ID: 6e03547c-d27f-48fa-9d0a-062813886310
2021-04-09 23:30:15.733 | INFO     | httprunner.runner:__run_step:292 - run step begin: /api/login/submit >>>>>>
2021-04-09 23:31:15.812 | WARNING  | httprunner.client:request:188 - failed to get client address info: 'NoneType' object has no attribute 'connection'
2021-04-09 23:31:15.817 | WARNING  | httprunner.client:request:196 - failed to get server address info: 'NoneType' object has no attribute 'connection'
2021-04-09 23:31:15.824 | DEBUG    | httprunner.client:log_print:40 - 
================== request details ==================
method   : POST
url      : https://mubu.com/api/login/submit
headers  : {
    "Content-Length": "0"
}
cookies  : {}
body     : None

2021-04-09 23:31:15.828 | DEBUG    | httprunner.client:log_print:40 - 
================== response details ==================
status_code : 0
headers  : {}
cookies  : {}
encoding : None
content_type : 
body     : 

2021-04-09 23:31:15.831 | ERROR    | httprunner.client:request:215 - HTTPSConnectionPool(host='mubu.com', port=443): Max retries exceeded with url: /api/login/submit (Caused by SSLError(SSLError(1, '[SSL: WRONG_VERSION_NUMBER] wrong version number (_ssl.c:1122)')))
2021-04-09 23:31:15.846 | ERROR    | httprunner.response:validate:263 - assert status_code equal 200(int)	==> fail
check_item: status_code
check_value: 0(int)
assert_method: equal
expect_value: 200(int)
2021-04-09 23:31:15.852 | ERROR    | httprunner.response:validate:263 - assert headers."Content-Type" equal application/json;charset=UTF-8(str)	==> fail
check_item: headers."Content-Type"
check_value: None(NoneType)
assert_method: equal
expect_value: application/json;charset=UTF-8(str)
2021-04-09 23:31:15.856 | ERROR    | httprunner.response:validate:263 - assert body.code equal 0(int)	==> fail
check_item: body.code
check_value: None(NoneType)
assert_method: equal
expect_value: 0(int)
2021-04-09 23:31:15.861 | INFO     | httprunner.response:validate:246 - assert body.msg equal None(NoneType)	==> pass
2021-04-09 23:31:15.864 | ERROR    | httprunner.runner:log_req_resp_details:194 - 
******************************** DETAILED REQUEST & RESPONSE ********************************
====== request details ======
url: https://mubu.com/api/login/submit
method: POST
headers: {'Host': 'mubu.com', 'Connection': 'keep-alive', 'Content-Length': '47', 'Accept': 'application/json, text/javascript, */*; q=0.01', 'X-Requested-With': 'XMLHttpRequest', 'User-Agent': 'Mozilla/5.0 (Windows NT 10.0; Win64; x64) AppleWebKit/537.36 (KHTML, like Gecko) Chrome/88.0.4324.104 Safari/537.36', 'Content-Type': 'application/x-www-form-urlencoded; charset=UTF-8', 'Origin': 'https://mubu.com', 'Sec-Fetch-Site': 'same-origin', 'Sec-Fetch-Mode': 'cors', 'Sec-Fetch-Dest': 'empty', 'Referer': 'https://mubu.com/login/password', 'Accept-Encoding': 'gzip, deflate, br', 'Accept-Language': 'zh-CN,zh;q=0.9', 'Cookie': 'data_unique_id=5af8ec14-0e06-45fb-948e-5852d15f593a; _ga=GA1.2.575825054.1617539185; reg_entrance=https%3A%2F%2Fmubu.com%2F; Hm_lvt_4426cbb0486a79ea049b4ad52d81b504=1617621135,1617625021,1617805446,1617820067; csrf_token=e1081222-c743-452e-9322-0b32bc8461ec; SESSION=f208afbe-9e8d-48c4-b95f-d55aa56dae23; language=en-US; country=US; _gid=GA1.2.961331060.1617973416; _gat_UA-77727571-3=1; _gat=1; reg_prepareId=178b6bbd96d-178b6bbd965-4b93-93a0-8a682057013d; reg_focusId=88cb74c9-7bb7-4b93-93a0-178b6bbdd60; SLARDAR_WEB_ID=f9ef46f6-8330-456f-b392-b2dd4f1def25', 'HRUN-Request-ID': 'HRUN-6e03547c-d27f-48fa-9d0a-062813886310-215734'}
params: {}
data: {'phone': '18710748230', 'password': '123456', 'remember': 'true'}
cookies: {'data_unique_id': '5af8ec14-0e06-45fb-948e-5852d15f593a', '_ga': 'GA1.2.575825054.1617539185', 'reg_entrance': 'https%3A%2F%2Fmubu.com%2F', 'Hm_lvt_4426cbb0486a79ea049b4ad52d81b504': '1617621135,1617625021,1617805446,1617820067', 'csrf_token': 'e1081222-c743-452e-9322-0b32bc8461ec', 'SESSION': 'f208afbe-9e8d-48c4-b95f-d55aa56dae23', 'language': 'en-US', 'country': 'US', '_gid': 'GA1.2.961331060.1617973416', '_gat_UA-77727571-3': '1', '_gat': '1', 'reg_prepareId': '178b6bbd96d-178b6bbd965-4b93-93a0-8a682057013d', 'reg_focusId': '88cb74c9-7bb7-4b93-93a0-178b6bbdd60', 'SLARDAR_WEB_ID': 'f9ef46f6-8330-456f-b392-b2dd4f1def25'}
timeout: 120
allow_redirects: True
verify: False
json: None

====== response details ======
status_code: 0
headers: {}
body: ''

