2021-04-08 02:54:44.576 | INFO     | httprunner.runner:test_start:450 - Start to run testcase: testcase description, TestCase ID: 6e1fe76c-4b8b-41f9-a903-e2cc687596f7
2021-04-08 02:54:44.576 | INFO     | httprunner.runner:__run_step:292 - run step begin: /api/login/submit >>>>>>
2021-04-08 02:54:44.826 | DEBUG    | httprunner.client:request:186 - client IP: 192.168.1.7, Port: 56705
2021-04-08 02:54:44.826 | DEBUG    | httprunner.client:request:194 - server IP: 111.6.126.158, Port: 443
2021-04-08 02:54:44.826 | DEBUG    | httprunner.client:log_print:40 - 
================== request details ==================
method   : POST
url      : https://mubu.com/api/login/submit
headers  : {
    "User-Agent": "Mozilla/5.0 (Windows NT 10.0; Win64; x64) AppleWebKit/537.36 (KHTML, like Gecko) Chrome/88.0.4324.104 Safari/537.36",
    "Accept-Encoding": "gzip, deflate, br",
    "Accept": "application/json, text/javascript, */*; q=0.01",
    "Connection": "keep-alive",
    "Host": "mubu.com",
    "Content-Length": "47",
    "X-Requested-With": "XMLHttpRequest",
    "Content-Type": "application/x-www-form-urlencoded; charset=UTF-8",
    "Origin": "https://mubu.com",
    "Sec-Fetch-Site": "same-origin",
    "Sec-Fetch-Mode": "cors",
    "Sec-Fetch-Dest": "empty",
    "Referer": "https://mubu.com/login/password",
    "Accept-Language": "zh-CN,zh;q=0.9",
    "Cookie": "data_unique_id=5af8ec14-0e06-45fb-948e-5852d15f593a; _ga=GA1.2.575825054.1617539185; language=en-US; country=US; _gid=GA1.2.1533022006.1617805441; reg_entrance=https%3A%2F%2Fmubu.com%2F; csrf_token=c9b027b7-1bc2-45e8-8ab9-7152a1865f2c; SESSION=63cf1cc5-d769-433f-a0d4-a60ecdc076c8; _gat=1; Hm_lvt_4426cbb0486a79ea049b4ad52d81b504=1617621135,1617625021,1617805446,1617820067; reg_prepareId=178ad973481-178ad97347b-41bc-8a28-1f2f5c4ea99f; reg_focusId=33c9d5e2-09b5-41bc-8a28-178ad973b42; SLARDAR_WEB_ID=7c809816-6b41-46b0-93b9-2bb01ecee4fb; Hm_lpvt_4426cbb0486a79ea049b4ad52d81b504=1617820074",
    "HRUN-Request-ID": "HRUN-6e1fe76c-4b8b-41f9-a903-e2cc687596f7-684576"
}
cookies  : {
    "Hm_lpvt_4426cbb0486a79ea049b4ad52d81b504": "1617820074",
    "Hm_lvt_4426cbb0486a79ea049b4ad52d81b504": "1617621135,1617625021,1617805446,1617820067",
    "SESSION": "63cf1cc5-d769-433f-a0d4-a60ecdc076c8",
    "SLARDAR_WEB_ID": "7c809816-6b41-46b0-93b9-2bb01ecee4fb",
    "_ga": "GA1.2.575825054.1617539185",
    "_gat": "1",
    "_gid": "GA1.2.1533022006.1617805441",
    "country": "US",
    "csrf_token": "c9b027b7-1bc2-45e8-8ab9-7152a1865f2c",
    "data_unique_id": "5af8ec14-0e06-45fb-948e-5852d15f593a",
    "language": "en-US",
    "reg_entrance": "https%3A%2F%2Fmubu.com%2F",
    "reg_focusId": "33c9d5e2-09b5-41bc-8a28-178ad973b42",
    "reg_prepareId": "178ad973481-178ad97347b-41bc-8a28-1f2f5c4ea99f"
}
body     : phone=18710748230&password=123456&remember=true

2021-04-08 02:54:44.826 | DEBUG    | httprunner.client:log_print:40 - 
================== response details ==================
status_code : 200
headers  : {
    "Server": "Tengine",
    "Content-Type": "application/json;charset=UTF-8",
    "Transfer-Encoding": "chunked",
    "Connection": "keep-alive",
    "Date": "Wed, 07 Apr 2021 18:43:12 GMT",
    "Vary": "Accept-Encoding",
    "X-Application-Context": "ee.mubu.web_server:prod:9303",
    "Set-Cookie": "Jwt-Token=eyJ0eXAiOiJKV1QiLCJhbGciOiJIUzUxMiJ9.eyJhcHAiOiJtdWJ1Iiwic3ViIjoiMTE2MjM5NTEiLCJleHAiOjE2MjA0MTI5OTIsImlhdCI6MTYxNzgyMDk5Mn0.zUITc9pu-Ai-4igsiGsD-ben4bhM_JcmZetxSzvEzSMIufS70oUshudP_1OyN_BRQGujz4VluCut3_7u9WAsHA; Max-Age=2592000; Expires=Fri, 07-May-2021 18:43:12 GMT; Path=/, user_persistence=ed543ec9-acb1-4a68-8db9-37bc0f94978e; Max-Age=2592000; Expires=Fri, 07-May-2021 18:43:12 GMT; Path=/",
    "server-timing": "inner; dur=38, cdn-cache;desc=MISS,edge;dur=0,origin;dur=89",
    "x-tt-trace-host": "01f7e0b1f4012658b0f198686875ca95f337044fb2cdf8f8c79ea5d0936ecf9019ae1bc39fcb34d698102b3dbf47fad677f1bf324f9bb0fccb4a7938da88944a21a7dbc90107de15fbe181ccbd394c15e1",
    "x-tt-trace-tag": "id=03;cdn-cache=miss;type=dyn",
    "X-TT-TIMESTAMP": "1617820992.464",
    "Content-Encoding": "gzip",
    "Via": "cache19.cn1067[89,0]",
    "Timing-Allow-Origin": "*",
    "EagleId": "6f067e2716178209923833870e"
}
cookies  : {
    "Jwt-Token": "eyJ0eXAiOiJKV1QiLCJhbGciOiJIUzUxMiJ9.eyJhcHAiOiJtdWJ1Iiwic3ViIjoiMTE2MjM5NTEiLCJleHAiOjE2MjA0MTI5OTIsImlhdCI6MTYxNzgyMDk5Mn0.zUITc9pu-Ai-4igsiGsD-ben4bhM_JcmZetxSzvEzSMIufS70oUshudP_1OyN_BRQGujz4VluCut3_7u9WAsHA",
    "user_persistence": "ed543ec9-acb1-4a68-8db9-37bc0f94978e"
}
encoding : UTF-8
content_type : application/json;charset=UTF-8
body     : {
    "code": 0,
    "msg": null,
    "data": {
        "next": "/list"
    }
}

2021-04-08 02:54:44.841 | INFO     | httprunner.client:request:217 - status_code: 200, response_time(ms): 250.02 ms, response_length: 0 bytes
2021-04-08 02:54:44.841 | INFO     | httprunner.response:validate:246 - assert status_code equal 200(int)	==> pass
2021-04-08 02:54:44.841 | INFO     | httprunner.response:validate:246 - assert headers."Content-Type" equal application/json;charset=UTF-8(str)	==> pass
2021-04-08 02:54:44.841 | INFO     | httprunner.response:validate:246 - assert body.code equal 0(int)	==> pass
2021-04-08 02:54:44.841 | INFO     | httprunner.response:validate:246 - assert body.msg equal None(NoneType)	==> pass
2021-04-08 02:54:44.841 | INFO     | httprunner.runner:__run_step:304 - run step end: /api/login/submit <<<<<<

2021-04-08 02:54:44.841 | INFO     | httprunner.runner:__run_step:292 - run step begin: /v3/api/list/create_doc >>>>>>
2021-04-08 02:54:45.013 | DEBUG    | httprunner.client:request:186 - client IP: 192.168.1.7, Port: 56706
2021-04-08 02:54:45.013 | DEBUG    | httprunner.client:request:194 - server IP: 111.19.233.229, Port: 443
2021-04-08 02:54:45.013 | DEBUG    | httprunner.client:log_print:40 - 
================== request details ==================
method   : POST
url      : https://api2.mubu.com/v3/api/list/create_doc
headers  : {
    "User-Agent": "Mozilla/5.0 (Windows NT 10.0; Win64; x64) AppleWebKit/537.36 (KHTML, like Gecko) Chrome/88.0.4324.104 Safari/537.36",
    "Accept-Encoding": "gzip, deflate, br",
    "Accept": "application/json, text/plain, */*",
    "Connection": "keep-alive",
    "Host": "api2.mubu.com",
    "Content-Length": "28",
    "Jwt-Token": "eyJ0eXAiOiJKV1QiLCJhbGciOiJIUzUxMiJ9.eyJhcHAiOiJtdWJ1Iiwic3ViIjoiMTE2MjM5NTEiLCJleHAiOjE2MjA0MTE0MjUsImlhdCI6MTYxNzgxOTQyNX0.iDFrqbNWoVyndr9coDIO1WBwtfTiuQmFHybLrNICHqnJWi1mINgtvmqmsBeP7u6achsjfzMOx62yX8Ix_LNinw",
    "Content-Type": "application/json;charset=UTF-8",
    "data-unique-id": "5af8ec14-0e06-45fb-948e-5852d15f593a",
    "x-request-id": "7b6c8976-c6a8-427a-90d6-b3896e93a4f1",
    "version": "3.0.0.21310",
    "Origin": "https://mubu.com",
    "Sec-Fetch-Site": "same-site",
    "Sec-Fetch-Mode": "cors",
    "Sec-Fetch-Dest": "empty",
    "Referer": "https://mubu.com/",
    "Accept-Language": "zh-CN,zh;q=0.9",
    "HRUN-Request-ID": "HRUN-6e1fe76c-4b8b-41f9-a903-e2cc687596f7-684841",
    "Cookie": "Jwt-Token=eyJ0eXAiOiJKV1QiLCJhbGciOiJIUzUxMiJ9.eyJhcHAiOiJtdWJ1Iiwic3ViIjoiMTE2MjM5NTEiLCJleHAiOjE2MjA0MTI5OTIsImlhdCI6MTYxNzgyMDk5Mn0.zUITc9pu-Ai-4igsiGsD-ben4bhM_JcmZetxSzvEzSMIufS70oUshudP_1OyN_BRQGujz4VluCut3_7u9WAsHA; user_persistence=ed543ec9-acb1-4a68-8db9-37bc0f94978e"
}
cookies  : {
    "Jwt-Token": "eyJ0eXAiOiJKV1QiLCJhbGciOiJIUzUxMiJ9.eyJhcHAiOiJtdWJ1Iiwic3ViIjoiMTE2MjM5NTEiLCJleHAiOjE2MjA0MTI5OTIsImlhdCI6MTYxNzgyMDk5Mn0.zUITc9pu-Ai-4igsiGsD-ben4bhM_JcmZetxSzvEzSMIufS70oUshudP_1OyN_BRQGujz4VluCut3_7u9WAsHA",
    "user_persistence": "ed543ec9-acb1-4a68-8db9-37bc0f94978e"
}
body     : {
    "folderId": "0",
    "type": 0
}

2021-04-08 02:54:45.013 | DEBUG    | httprunner.client:log_print:40 - 
================== response details ==================
status_code : 200
headers  : {
    "Server": "Tengine",
    "Content-Type": "application/json;charset=UTF-8",
    "Transfer-Encoding": "chunked",
    "Connection": "keep-alive",
    "Date": "Wed, 07 Apr 2021 18:43:12 GMT",
    "Vary": "Accept-Encoding",
    "Access-Control-Allow-Origin": "*",
    "Access-Control-Allow-Methods": "POST,GET,OPTIONS,DELETE,HEAD,PUT",
    "Access-Control-Max-Age": "86400",
    "Access-Control-Allow-Credentials": "true",
    "Access-Control-Allow-Headers": "X-request-Id,x-requested-with,jwt-token,request-id,member-id,Content-Type,X-FILENAME,data-unique-id,AB-Server-Version,Device-Id,token,Channel-Id,channel,system,platform,Channel-Name,version,mubu-app,mubu-desktop,Checksum,user-agent,Origin,Accept",
    "X-Application-Context": "mubu.biz.openapi:online.cn:9266",
    "X-Tt-Logid": "202104080243120102040541561314821C",
    "X-Agw-Info": "Dcq1R-cV3kBNeEFrkmf9vEEldPX_hpEXbSRpflUkF_ckn3r732Cf1OWoSDqtENBb-Yh2s05yqg4zByCF9zR6wSnoN85QpgP2_mc8ZY26kxJ9eTpxLsi0Xywr48mP2sM-aiWRDhsaVugxteo8-4tOZoBR-caNzGOa7Bme",
    "X-TRANS-LEVEL": "0",
    "Server-Timing": "inner; dur=12, tt_agw; dur=10",
    "x-tt-trace-host": "01f7e0b1f4012658b0f198686875ca95f344998893111b326f90e0756af07317ea8c7c425eb87ad58ada7cd7b60831872de754060b14fa7ba83f60e6b911de5ab993e22ccef6f817d73270890051ffe6ad",
    "x-tt-trace-tag": "id=3;cdn-cache=miss",
    "X-TT-TIMESTAMP": "1617820992.648",
    "Content-Encoding": "gzip",
    "Via": "cache8.l2cm9-7[38,0], cache22.l2cm9-6[38,0], vcache42.cn2543[59,0]",
    "Timing-Allow-Origin": "*",
    "EagleId": "6f13e95916178209926036762e"
}
cookies  : {}
encoding : UTF-8
content_type : application/json;charset=UTF-8
body     : {
    "code": 0,
    "data": {
        "id": "1U8wx6zYyo_"
    }
}

2021-04-08 02:54:45.029 | INFO     | httprunner.client:request:217 - status_code: 200, response_time(ms): 171.89 ms, response_length: 0 bytes
2021-04-08 02:54:45.029 | INFO     | httprunner.response:extract:176 - extract mapping: {'docId': '1U8wx6zYyo_'}
2021-04-08 02:54:45.029 | INFO     | httprunner.response:validate:246 - assert status_code equal 200(int)	==> pass
2021-04-08 02:54:45.029 | INFO     | httprunner.response:validate:246 - assert headers."Content-Type" equal application/json;charset=UTF-8(str)	==> pass
2021-04-08 02:54:45.029 | INFO     | httprunner.response:validate:246 - assert body.code equal 0(int)	==> pass
2021-04-08 02:54:45.029 | INFO     | httprunner.runner:__run_step:304 - run step end: /v3/api/list/create_doc <<<<<<

2021-04-08 02:54:45.029 | INFO     | httprunner.runner:__run_step:292 - run step begin: /v3/api/refer/search_refers >>>>>>
2021-04-08 02:54:45.122 | DEBUG    | httprunner.client:request:186 - client IP: 192.168.1.7, Port: 56706
2021-04-08 02:54:45.122 | DEBUG    | httprunner.client:request:194 - server IP: 111.19.233.229, Port: 443
2021-04-08 02:54:45.138 | DEBUG    | httprunner.client:log_print:40 - 
================== request details ==================
method   : POST
url      : https://api2.mubu.com/v3/api/refer/search_refers
headers  : {
    "User-Agent": "Mozilla/5.0 (Windows NT 10.0; Win64; x64) AppleWebKit/537.36 (KHTML, like Gecko) Chrome/88.0.4324.104 Safari/537.36",
    "Accept-Encoding": "gzip, deflate, br",
    "Accept": "application/json, text/plain, */*",
    "Connection": "keep-alive",
    "Host": "api2.mubu.com",
    "Content-Length": "57",
    "Jwt-Token": "eyJ0eXAiOiJKV1QiLCJhbGciOiJIUzUxMiJ9.eyJhcHAiOiJtdWJ1Iiwic3ViIjoiMTE2MjM5NTEiLCJleHAiOjE2MjA0MTE0MjUsImlhdCI6MTYxNzgxOTQyNX0.iDFrqbNWoVyndr9coDIO1WBwtfTiuQmFHybLrNICHqnJWi1mINgtvmqmsBeP7u6achsjfzMOx62yX8Ix_LNinw",
    "data-unique-id": "5af8ec14-0e06-45fb-948e-5852d15f593a",
    "x-request-id": "cb554483-67c0-4a98-ac90-0d9470010975",
    "Content-Type": "application/json;charset=UTF-8",
    "Origin": "https://mubu.com",
    "Sec-Fetch-Site": "same-site",
    "Sec-Fetch-Mode": "cors",
    "Sec-Fetch-Dest": "empty",
    "Referer": "https://mubu.com/",
    "Accept-Language": "zh-CN,zh;q=0.9",
    "HRUN-Request-ID": "HRUN-6e1fe76c-4b8b-41f9-a903-e2cc687596f7-685029",
    "Cookie": "Jwt-Token=eyJ0eXAiOiJKV1QiLCJhbGciOiJIUzUxMiJ9.eyJhcHAiOiJtdWJ1Iiwic3ViIjoiMTE2MjM5NTEiLCJleHAiOjE2MjA0MTI5OTIsImlhdCI6MTYxNzgyMDk5Mn0.zUITc9pu-Ai-4igsiGsD-ben4bhM_JcmZetxSzvEzSMIufS70oUshudP_1OyN_BRQGujz4VluCut3_7u9WAsHA; user_persistence=ed543ec9-acb1-4a68-8db9-37bc0f94978e"
}
cookies  : {
    "Jwt-Token": "eyJ0eXAiOiJKV1QiLCJhbGciOiJIUzUxMiJ9.eyJhcHAiOiJtdWJ1Iiwic3ViIjoiMTE2MjM5NTEiLCJleHAiOjE2MjA0MTI5OTIsImlhdCI6MTYxNzgyMDk5Mn0.zUITc9pu-Ai-4igsiGsD-ben4bhM_JcmZetxSzvEzSMIufS70oUshudP_1OyN_BRQGujz4VluCut3_7u9WAsHA",
    "user_persistence": "ed543ec9-acb1-4a68-8db9-37bc0f94978e"
}
body     : {
    "docId": "1U8wx6zYyo_",
    "keywords": "jiao",
    "option": 1
}

2021-04-08 02:54:45.138 | DEBUG    | httprunner.client:log_print:40 - 
================== response details ==================
status_code : 200
headers  : {
    "Server": "Tengine",
    "Content-Type": "application/json;charset=UTF-8",
    "Transfer-Encoding": "chunked",
    "Connection": "keep-alive",
    "Date": "Wed, 07 Apr 2021 18:43:12 GMT",
    "Vary": "Accept-Encoding",
    "Access-Control-Allow-Origin": "*",
    "Access-Control-Allow-Methods": "POST,GET,OPTIONS,DELETE,HEAD,PUT",
    "Access-Control-Max-Age": "86400",
    "Access-Control-Allow-Credentials": "true",
    "Access-Control-Allow-Headers": "X-request-Id,x-requested-with,jwt-token,request-id,member-id,Content-Type,X-FILENAME,data-unique-id,AB-Server-Version,Device-Id,token,Channel-Id,channel,system,platform,Channel-Name,version,mubu-app,mubu-desktop,Checksum,user-agent,Origin,Accept",
    "X-Application-Context": "mubu.biz.openapi:online.cn:9462",
    "X-Tt-Logid": "202104080243120102122012144B14858E",
    "X-Agw-Info": "6s36OOJQ86B8v6XhKlzBkUvO_Qqi0tFo40mq1XNNXRThDlfHSAYNlFFyqmHvAReOCOiEAWAsSjh45Gq4kBWnWC2R_Xq6nR_8kRcOEUnbw5zkp8ojpYZcG0a8YhcdGAJXImrxeLGHRSp8q1r6lPBNM_XkYopN_a1vMDWx",
    "X-TRANS-LEVEL": "0",
    "Server-Timing": "inner; dur=15, tt_agw; dur=14",
    "x-tt-trace-host": "01f7e0b1f4012658b0f198686875ca95f326a1ab75c01a58e7872b88d16d868e5f4898d096488617e4212b26cece8e4476579ca4a507bd36bffb21024dd74ba68ba6f8599c75b029c269e3dce387d6b170",
    "x-tt-trace-tag": "id=3;cdn-cache=miss",
    "X-TT-TIMESTAMP": "1617820992.745",
    "Content-Encoding": "gzip",
    "Via": "cache6.l2cm9-7[29,0], cache23.l2cm9-6[29,0], vcache42.cn2543[77,0]",
    "Timing-Allow-Origin": "*",
    "EagleId": "6f13e95916178209926966800e"
}
cookies  : {}
encoding : UTF-8
content_type : application/json;charset=UTF-8
body     : {
    "code": 0,
    "data": {
        "list": []
    }
}

2021-04-08 02:54:45.138 | INFO     | httprunner.client:request:217 - status_code: 200, response_time(ms): 93.78 ms, response_length: 0 bytes
2021-04-08 02:54:45.138 | INFO     | httprunner.response:validate:246 - assert status_code equal 200(int)	==> pass
2021-04-08 02:54:45.138 | INFO     | httprunner.response:validate:246 - assert headers."Content-Type" equal application/json;charset=UTF-8(str)	==> pass
2021-04-08 02:54:45.138 | INFO     | httprunner.response:validate:246 - assert body.code equal 0(int)	==> pass
2021-04-08 02:54:45.138 | INFO     | httprunner.runner:__run_step:304 - run step end: /v3/api/refer/search_refers <<<<<<

