2021-04-11 09:52:33.438 | INFO     | httprunner.runner:test_start:450 - Start to run testcase: creat new doc, TestCase ID: 854d32a1-0593-4ce8-a8d9-0d35114ab738
2021-04-11 09:52:33.440 | INFO     | httprunner.runner:__run_step:292 - run step begin: login mubu >>>>>>
2021-04-11 09:52:33.442 | INFO     | httprunner.runner:__run_step:292 - run step begin: /api/login/submit >>>>>>
2021-04-11 09:52:33.682 | DEBUG    | httprunner.client:request:186 - client IP: 192.168.1.7, Port: 61646
2021-04-11 09:52:33.685 | DEBUG    | httprunner.client:request:194 - server IP: 111.6.180.93, Port: 443
2021-04-11 09:52:33.708 | DEBUG    | httprunner.client:log_print:40 - 
================== request details ==================
method   : POST
url      : https://mubu.com/api/login/submit
headers  : {
    "User-Agent": "Mozilla/5.0 (Windows NT 10.0; Win64; x64) AppleWebKit/537.36 (KHTML, like Gecko) Chrome/88.0.4324.104 Safari/537.36",
    "Accept-Encoding": "gzip, deflate, br",
    "Accept": "application/json, text/javascript, */*; q=0.01",
    "Connection": "keep-alive",
    "Host": "mubu.com",
    "Content-Length": "47",
    "X-Requested-With": "XMLHttpRequest",
    "Content-Type": "application/x-www-form-urlencoded; charset=UTF-8",
    "Origin": "https://mubu.com",
    "Sec-Fetch-Site": "same-origin",
    "Sec-Fetch-Mode": "cors",
    "Sec-Fetch-Dest": "empty",
    "Referer": "https://mubu.com/login/password",
    "Accept-Language": "zh-CN,zh;q=0.9",
    "Cookie": "data_unique_id=5af8ec14-0e06-45fb-948e-5852d15f593a; _ga=GA1.2.575825054.1617539185; _gid=GA1.2.961331060.1617973416; reg_entrance=https%3A%2F%2Fmubu.com%2F; language=en-US; country=US; Hm_lvt_4426cbb0486a79ea049b4ad52d81b504=1617805446,1617820067,1617981171,1618017226; csrf_token=2ebd2cd9-e587-47d4-b8e3-6bb81d9fe9ce; SESSION=30786ff7-4a20-4a5c-b5aa-9d56f3586db4; _gat=1; reg_prepareId=178b9ae33da-178b9ae33d3-4763-bcdf-9510a0eb4440; reg_focusId=5247c4c4-c1ff-4763-bcdf-178b9ae36b3; SLARDAR_WEB_ID=8d09bf6a-a457-4c0e-a070-fd54f2c2279f; Hm_lpvt_4426cbb0486a79ea049b4ad52d81b504=1618022906",
    "HRUN-Request-ID": "HRUN-854d32a1-0593-4ce8-a8d9-0d35114ab738-953443"
}
cookies  : {
    "Hm_lpvt_4426cbb0486a79ea049b4ad52d81b504": "1618022906",
    "Hm_lvt_4426cbb0486a79ea049b4ad52d81b504": "1617805446,1617820067,1617981171,1618017226",
    "SESSION": "30786ff7-4a20-4a5c-b5aa-9d56f3586db4",
    "SLARDAR_WEB_ID": "8d09bf6a-a457-4c0e-a070-fd54f2c2279f",
    "_ga": "GA1.2.575825054.1617539185",
    "_gat": "1",
    "_gid": "GA1.2.961331060.1617973416",
    "country": "US",
    "csrf_token": "2ebd2cd9-e587-47d4-b8e3-6bb81d9fe9ce",
    "data_unique_id": "5af8ec14-0e06-45fb-948e-5852d15f593a",
    "language": "en-US",
    "reg_entrance": "https%3A%2F%2Fmubu.com%2F",
    "reg_focusId": "5247c4c4-c1ff-4763-bcdf-178b9ae36b3",
    "reg_prepareId": "178b9ae33da-178b9ae33d3-4763-bcdf-9510a0eb4440"
}
body     : phone=18710748230&password=123456&remember=true

2021-04-11 09:52:33.712 | DEBUG    | httprunner.client:log_print:40 - 
================== response details ==================
status_code : 200
headers  : {
    "Server": "Tengine",
    "Content-Type": "application/json;charset=UTF-8",
    "Transfer-Encoding": "chunked",
    "Connection": "keep-alive",
    "Date": "Sun, 11 Apr 2021 01:40:55 GMT",
    "Vary": "Accept-Encoding",
    "X-Application-Context": "ee.mubu.web_server:prod:9303",
    "Set-Cookie": "Jwt-Token=eyJ0eXAiOiJKV1QiLCJhbGciOiJIUzUxMiJ9.eyJhcHAiOiJtdWJ1Iiwic3ViIjoiMTE2MjM5NTEiLCJleHAiOjE2MjA2OTcyNTUsImlhdCI6MTYxODEwNTI1NX0.HFkCOFutEE4-qUS7HdJPSJIDnaEwapkW8n38_kh9bqYEwllsXCkJJAMpgla2nReluzLgWZRBlMvzuboKykvSjg; Max-Age=2592000; Expires=Tue, 11-May-2021 01:40:55 GMT; Path=/, user_persistence=ed543ec9-acb1-4a68-8db9-37bc0f94978e; Max-Age=2592000; Expires=Tue, 11-May-2021 01:40:55 GMT; Path=/, SESSION=73dd8e17-5128-40a3-b908-5e0ea46bae49; Path=/; HttpOnly",
    "server-timing": "inner; dur=32, cdn-cache;desc=MISS,edge;dur=0,origin;dur=60",
    "x-tt-trace-host": "0117c27e7cbf31ce1b980736037cd8eaead282c2af9e0b33a9e57172ad5c0ea90492a64e547b27bb0bcc514ba2e391daf54fec684c4981b53c25c8f58bf0e029a55c6d3e91a9266ae9a0584176aeac1efc",
    "x-tt-trace-tag": "id=03;cdn-cache=miss;type=dyn",
    "X-TT-TIMESTAMP": "1618105255.890",
    "Content-Encoding": "gzip",
    "Via": "cache5.cn1015[60,0]",
    "Timing-Allow-Origin": "*",
    "EagleId": "6f06b41916181052558394941e"
}
cookies  : {
    "Jwt-Token": "eyJ0eXAiOiJKV1QiLCJhbGciOiJIUzUxMiJ9.eyJhcHAiOiJtdWJ1Iiwic3ViIjoiMTE2MjM5NTEiLCJleHAiOjE2MjA2OTcyNTUsImlhdCI6MTYxODEwNTI1NX0.HFkCOFutEE4-qUS7HdJPSJIDnaEwapkW8n38_kh9bqYEwllsXCkJJAMpgla2nReluzLgWZRBlMvzuboKykvSjg",
    "SESSION": "73dd8e17-5128-40a3-b908-5e0ea46bae49",
    "user_persistence": "ed543ec9-acb1-4a68-8db9-37bc0f94978e"
}
encoding : UTF-8
content_type : application/json;charset=UTF-8
body     : {
    "code": 0,
    "msg": null,
    "data": {
        "next": "/list"
    }
}

2021-04-11 09:52:33.714 | INFO     | httprunner.client:request:217 - status_code: 200, response_time(ms): 238.94 ms, response_length: 0 bytes
2021-04-11 09:52:33.715 | INFO     | httprunner.response:extract:176 - extract mapping: {'unreadCount': 0}
2021-04-11 09:52:33.717 | INFO     | httprunner.response:validate:246 - assert status_code equal 200(int)	==> pass
2021-04-11 09:52:33.718 | INFO     | httprunner.response:validate:246 - assert headers."Content-Type" equal application/json;charset=UTF-8(str)	==> pass
2021-04-11 09:52:33.720 | INFO     | httprunner.response:validate:246 - assert body.code equal 0(int)	==> pass
2021-04-11 09:52:33.722 | INFO     | httprunner.response:validate:246 - assert body.msg equal None(NoneType)	==> pass
2021-04-11 09:52:33.724 | INFO     | httprunner.runner:__run_step:304 - run step end: /api/login/submit <<<<<<

2021-04-11 09:52:33.725 | INFO     | httprunner.runner:__run_step_testcase:286 - export variables: {'unreadCount': 0}
2021-04-11 09:52:33.727 | INFO     | httprunner.runner:__run_step:304 - run step end: login mubu <<<<<<

2021-04-11 09:52:33.728 | INFO     | httprunner.runner:__run_step:292 - run step begin: /v3/api/user/profile >>>>>>
2021-04-11 09:52:34.095 | DEBUG    | httprunner.client:request:186 - client IP: 192.168.1.7, Port: 61647
2021-04-11 09:52:34.099 | DEBUG    | httprunner.client:request:194 - server IP: 111.19.233.248, Port: 443
2021-04-11 09:52:34.103 | DEBUG    | httprunner.client:log_print:40 - 
================== request details ==================
method   : POST
url      : https://api2.mubu.com/v3/api/user/profile
headers  : {
    "User-Agent": "HttpRunner/3.1.4",
    "Accept-Encoding": "gzip, deflate, br",
    "Accept": "application/json, text/plain, */*",
    "Connection": "keep-alive",
    "host1": "api2.mubu.com",
    "unreadCount": "'0'",
    "Content-Length": "0",
    "Jwt-Token": "eyJ0eXAiOiJKV1QiLCJhbGciOiJIUzUxMiJ9.eyJhcHAiOiJtdWJ1Iiwic3ViIjoiMTE2MjM5NTEiLCJleHAiOjE2MjA2MTMxMTEsImlhdCI6MTYxODAyMTExMX0.vb25B05BHW2VyNB6tlW58F3eVkKnnoQXvc7H-XZIt2jfFisYO4N5NPYAMLT4b5-4XVyIIDcsqaMW5i_OD9Ahyw",
    "data-unique-id": "5af8ec14-0e06-45fb-948e-5852d15f593a",
    "x-request-id": "36b69f65-6593-4beb-8cd6-8085c5366931",
    "version": "3.0.0.21328",
    "Origin": "https://mubu.com",
    "Sec-Fetch-Site": "same-site",
    "Sec-Fetch-Mode": "cors",
    "Sec-Fetch-Dest": "empty",
    "Referer": "https://mubu.com/",
    "Accept-Language": "zh-CN,zh;q=0.9",
    "HRUN-Request-ID": "HRUN-854d32a1-0593-4ce8-a8d9-0d35114ab738-953730",
    "Cookie": "Jwt-Token=eyJ0eXAiOiJKV1QiLCJhbGciOiJIUzUxMiJ9.eyJhcHAiOiJtdWJ1Iiwic3ViIjoiMTE2MjM5NTEiLCJleHAiOjE2MjA2OTcyNTUsImlhdCI6MTYxODEwNTI1NX0.HFkCOFutEE4-qUS7HdJPSJIDnaEwapkW8n38_kh9bqYEwllsXCkJJAMpgla2nReluzLgWZRBlMvzuboKykvSjg; SESSION=73dd8e17-5128-40a3-b908-5e0ea46bae49; user_persistence=ed543ec9-acb1-4a68-8db9-37bc0f94978e"
}
cookies  : {
    "Jwt-Token": "eyJ0eXAiOiJKV1QiLCJhbGciOiJIUzUxMiJ9.eyJhcHAiOiJtdWJ1Iiwic3ViIjoiMTE2MjM5NTEiLCJleHAiOjE2MjA2OTcyNTUsImlhdCI6MTYxODEwNTI1NX0.HFkCOFutEE4-qUS7HdJPSJIDnaEwapkW8n38_kh9bqYEwllsXCkJJAMpgla2nReluzLgWZRBlMvzuboKykvSjg",
    "SESSION": "73dd8e17-5128-40a3-b908-5e0ea46bae49",
    "user_persistence": "ed543ec9-acb1-4a68-8db9-37bc0f94978e"
}
body     : None

2021-04-11 09:52:34.108 | DEBUG    | httprunner.client:log_print:40 - 
================== response details ==================
status_code : 200
headers  : {
    "Server": "Tengine",
    "Content-Type": "application/json;charset=UTF-8",
    "Transfer-Encoding": "chunked",
    "Connection": "keep-alive",
    "Date": "Sun, 11 Apr 2021 01:40:56 GMT",
    "Vary": "Accept-Encoding",
    "Access-Control-Allow-Origin": "*",
    "Access-Control-Allow-Methods": "POST,GET,OPTIONS,DELETE,HEAD,PUT",
    "Access-Control-Max-Age": "86400",
    "Access-Control-Allow-Credentials": "true",
    "Access-Control-Allow-Headers": "X-request-Id,x-requested-with,jwt-token,request-id,member-id,Content-Type,X-FILENAME,data-unique-id,AB-Server-Version,Device-Id,token,Channel-Id,channel,system,platform,Channel-Name,version,mubu-app,mubu-desktop,Checksum,user-agent,Origin,Accept",
    "X-Application-Context": "mubu.biz.openapi:online.cn:9423",
    "X-Tt-Logid": "2021041109405601021216415838472FE6",
    "X-Agw-Info": "R-cSl1yPdQIB7yyi793aqy6LZKAl6nm553PydaelUZQT4Uz59NidsTEFOWiVT8yqLe3EMaHgSXAeZCv-E_yaorVVbXD_GT-6grpKw_WGWOypLJljccvsIvZNVzxzsQeWfqPmayGMu97qS_xD_ad267SbYGSLl86Ho8Ci",
    "X-TRANS-LEVEL": "0",
    "Server-Timing": "inner; dur=26, tt_agw; dur=24",
    "x-tt-trace-host": "01ed43a865a2b838c6c38a2a6a3773ffea86ec58fd29864dd01643cb16e321f14ec84a717e961968c4ed748d42eca7541960a505a9cd5becb81f82a74a11588b2bda17f21338efab41fc57dbf12016d9b7",
    "x-tt-trace-tag": "id=3;cdn-cache=miss",
    "X-TT-TIMESTAMP": "1618105256.294",
    "Content-Encoding": "gzip",
    "Via": "cache62.l2nu20-8[72,0], vcache6.cn2543[117,0]",
    "Timing-Allow-Origin": "*",
    "EagleId": "6f13e91a16181052562031215e"
}
cookies  : {}
encoding : UTF-8
content_type : application/json;charset=UTF-8
body     : {
    "code": 0,
    "data": {
        "expert": false,
        "setEncryptPassword": false,
        "level": 1,
        "student": 0,
        "photo": "photo/DEFAULT-AVATAR-4482106c-ebf8-440b-9e78-9ac055769f7a.jpg",
        "wxId": "",
        "passSecure": true,
        "sort": "time",
        "qqId": "",
        "sermon": false,
        "view": "grid",
        "phone": "18710748230",
        "inviteCount": 0,
        "name": "\u5e55\u5e03\u7528\u623748231216",
        "id": 11623951,
        "qqName": "",
        "wxName": "",
        "vipEndDate": "20210419"
    }
}

2021-04-11 09:52:34.113 | INFO     | httprunner.client:request:217 - status_code: 200, response_time(ms): 364.51 ms, response_length: 0 bytes
2021-04-11 09:52:34.116 | INFO     | httprunner.response:validate:246 - assert status_code equal 200(int)	==> pass
2021-04-11 09:52:34.119 | INFO     | httprunner.response:validate:246 - assert headers."Content-Type" equal application/json;charset=UTF-8(str)	==> pass
2021-04-11 09:52:34.121 | INFO     | httprunner.response:validate:246 - assert body.code equal 0(int)	==> pass
2021-04-11 09:52:34.124 | INFO     | httprunner.runner:__run_step:304 - run step end: /v3/api/user/profile <<<<<<

2021-04-11 09:52:34.127 | INFO     | httprunner.runner:__run_step:292 - run step begin: /v3/api/list/get >>>>>>
2021-04-11 09:52:34.204 | DEBUG    | httprunner.client:request:186 - client IP: 192.168.1.7, Port: 61647
2021-04-11 09:52:34.207 | DEBUG    | httprunner.client:request:194 - server IP: 111.19.233.248, Port: 443
2021-04-11 09:52:34.211 | DEBUG    | httprunner.client:log_print:40 - 
================== request details ==================
method   : POST
url      : https://api2.mubu.com/v3/api/list/get
headers  : {
    "User-Agent": "HttpRunner/3.1.4",
    "Accept-Encoding": "gzip, deflate, br",
    "Accept": "application/json, text/plain, */*",
    "Connection": "keep-alive",
    "host1": "api2.mubu.com",
    "Content-Length": "65",
    "Jwt-Token": "eyJ0eXAiOiJKV1QiLCJhbGciOiJIUzUxMiJ9.eyJhcHAiOiJtdWJ1Iiwic3ViIjoiMTE2MjM5NTEiLCJleHAiOjE2MjA2MTMxMTEsImlhdCI6MTYxODAyMTExMX0.vb25B05BHW2VyNB6tlW58F3eVkKnnoQXvc7H-XZIt2jfFisYO4N5NPYAMLT4b5-4XVyIIDcsqaMW5i_OD9Ahyw",
    "Content-Type": "application/json;charset=UTF-8",
    "data-unique-id": "5af8ec14-0e06-45fb-948e-5852d15f593a",
    "x-request-id": "9579260e-0080-4965-9e33-48a0632fe48d",
    "version": "3.0.0.21328",
    "Origin": "https://mubu.com",
    "Sec-Fetch-Site": "same-site",
    "Sec-Fetch-Mode": "cors",
    "Sec-Fetch-Dest": "empty",
    "Referer": "https://mubu.com/",
    "Accept-Language": "zh-CN,zh;q=0.9",
    "HRUN-Request-ID": "HRUN-854d32a1-0593-4ce8-a8d9-0d35114ab738-954129",
    "Cookie": "Jwt-Token=eyJ0eXAiOiJKV1QiLCJhbGciOiJIUzUxMiJ9.eyJhcHAiOiJtdWJ1Iiwic3ViIjoiMTE2MjM5NTEiLCJleHAiOjE2MjA2OTcyNTUsImlhdCI6MTYxODEwNTI1NX0.HFkCOFutEE4-qUS7HdJPSJIDnaEwapkW8n38_kh9bqYEwllsXCkJJAMpgla2nReluzLgWZRBlMvzuboKykvSjg; SESSION=73dd8e17-5128-40a3-b908-5e0ea46bae49; user_persistence=ed543ec9-acb1-4a68-8db9-37bc0f94978e"
}
cookies  : {
    "Jwt-Token": "eyJ0eXAiOiJKV1QiLCJhbGciOiJIUzUxMiJ9.eyJhcHAiOiJtdWJ1Iiwic3ViIjoiMTE2MjM5NTEiLCJleHAiOjE2MjA2OTcyNTUsImlhdCI6MTYxODEwNTI1NX0.HFkCOFutEE4-qUS7HdJPSJIDnaEwapkW8n38_kh9bqYEwllsXCkJJAMpgla2nReluzLgWZRBlMvzuboKykvSjg",
    "SESSION": "73dd8e17-5128-40a3-b908-5e0ea46bae49",
    "user_persistence": "ed543ec9-acb1-4a68-8db9-37bc0f94978e"
}
body     : {
    "folderId": 0,
    "sort": "time",
    "keywords": "",
    "source": "home"
}

2021-04-11 09:52:34.217 | DEBUG    | httprunner.client:log_print:40 - 
================== response details ==================
status_code : 200
headers  : {
    "Server": "Tengine",
    "Content-Type": "application/json;charset=UTF-8",
    "Transfer-Encoding": "chunked",
    "Connection": "keep-alive",
    "Date": "Sun, 11 Apr 2021 01:40:56 GMT",
    "Vary": "Accept-Encoding",
    "Access-Control-Allow-Origin": "*",
    "Access-Control-Allow-Methods": "POST,GET,OPTIONS,DELETE,HEAD,PUT",
    "Access-Control-Max-Age": "86400",
    "Access-Control-Allow-Credentials": "true",
    "Access-Control-Allow-Headers": "X-request-Id,x-requested-with,jwt-token,request-id,member-id,Content-Type,X-FILENAME,data-unique-id,AB-Server-Version,Device-Id,token,Channel-Id,channel,system,platform,Channel-Name,version,mubu-app,mubu-desktop,Checksum,user-agent,Origin,Accept",
    "X-Application-Context": "mubu.biz.openapi:online.cn:9493",
    "X-Tt-Logid": "202104110940560102121881400147A757",
    "X-Agw-Info": "EvkNGvKhu6UYTzKIUzzRH_Rw6fsZ-IYCHinI0SlwpPHGD5VQ7tAT8ZC6UYK7hupwB-mwVnNJTkHgD6DPi8w3-Ev8ALti-t6KbQIt0hWh2eOIupj1Q8CXFT7lkyFf0DaFAfbOQSmtsYl4_uNhvQPJ3WzjJAKV5yZuQxYI",
    "X-TRANS-LEVEL": "0",
    "Server-Timing": "inner; dur=8, tt_agw; dur=4",
    "x-tt-trace-host": "01ed43a865a2b838c6c38a2a6a3773ffea86ec58fd29864dd01643cb16e321f14e881a4fbc4ca8ca26bc0ab8da3e23aa29fc60c2b3c16e4cbea9c92b418596ac6bb381959d8cea8334597285d7fac4cbc3",
    "x-tt-trace-tag": "id=3;cdn-cache=miss",
    "X-TT-TIMESTAMP": "1618105256.413",
    "Content-Encoding": "gzip",
    "Via": "cache62.l2nu20-8[39,0], vcache6.cn2543[62,0]",
    "Timing-Allow-Origin": "*",
    "EagleId": "6f13e91a16181052563691477e"
}
cookies  : {}
encoding : UTF-8
content_type : application/json;charset=UTF-8
body     : {
    "code": 0,
    "data": {
        "folders": [],
        "documents": [],
        "source": "home",
        "dir": [],
        "folderId": "0"
    }
}

2021-04-11 09:52:34.221 | INFO     | httprunner.client:request:217 - status_code: 200, response_time(ms): 73.89 ms, response_length: 0 bytes
2021-04-11 09:52:34.224 | INFO     | httprunner.response:validate:246 - assert status_code equal 200(int)	==> pass
2021-04-11 09:52:34.227 | INFO     | httprunner.response:validate:246 - assert headers."Content-Type" equal application/json;charset=UTF-8(str)	==> pass
2021-04-11 09:52:34.229 | INFO     | httprunner.response:validate:246 - assert body.code equal 0(int)	==> pass
2021-04-11 09:52:34.232 | INFO     | httprunner.runner:__run_step:304 - run step end: /v3/api/list/get <<<<<<

2021-04-11 09:52:34.235 | INFO     | httprunner.runner:__run_step:292 - run step begin: /v3/api/list/item_count >>>>>>
2021-04-11 09:52:34.312 | DEBUG    | httprunner.client:request:186 - client IP: 192.168.1.7, Port: 61647
2021-04-11 09:52:34.313 | DEBUG    | httprunner.client:request:194 - server IP: 111.19.233.248, Port: 443
2021-04-11 09:52:34.316 | DEBUG    | httprunner.client:log_print:40 - 
================== request details ==================
method   : POST
url      : https://api2.mubu.com/v3/api/list/item_count
headers  : {
    "User-Agent": "HttpRunner/3.1.4",
    "Accept-Encoding": "gzip, deflate, br",
    "Accept": "application/json, text/plain, */*",
    "Connection": "keep-alive",
    "host1": "api2.mubu.com",
    "Content-Length": "33",
    "Jwt-Token": "eyJ0eXAiOiJKV1QiLCJhbGciOiJIUzUxMiJ9.eyJhcHAiOiJtdWJ1Iiwic3ViIjoiMTE2MjM5NTEiLCJleHAiOjE2MjA2MTMxMTEsImlhdCI6MTYxODAyMTExMX0.vb25B05BHW2VyNB6tlW58F3eVkKnnoQXvc7H-XZIt2jfFisYO4N5NPYAMLT4b5-4XVyIIDcsqaMW5i_OD9Ahyw",
    "Content-Type": "application/json;charset=UTF-8",
    "data-unique-id": "5af8ec14-0e06-45fb-948e-5852d15f593a",
    "x-request-id": "66790345-9de9-4e98-9c10-38158e23a545",
    "version": "3.0.0.21328",
    "Origin": "https://mubu.com",
    "Sec-Fetch-Site": "same-site",
    "Sec-Fetch-Mode": "cors",
    "Sec-Fetch-Dest": "empty",
    "Referer": "https://mubu.com/",
    "Accept-Language": "zh-CN,zh;q=0.9",
    "HRUN-Request-ID": "HRUN-854d32a1-0593-4ce8-a8d9-0d35114ab738-954240",
    "Cookie": "Jwt-Token=eyJ0eXAiOiJKV1QiLCJhbGciOiJIUzUxMiJ9.eyJhcHAiOiJtdWJ1Iiwic3ViIjoiMTE2MjM5NTEiLCJleHAiOjE2MjA2OTcyNTUsImlhdCI6MTYxODEwNTI1NX0.HFkCOFutEE4-qUS7HdJPSJIDnaEwapkW8n38_kh9bqYEwllsXCkJJAMpgla2nReluzLgWZRBlMvzuboKykvSjg; SESSION=73dd8e17-5128-40a3-b908-5e0ea46bae49; user_persistence=ed543ec9-acb1-4a68-8db9-37bc0f94978e"
}
cookies  : {
    "Jwt-Token": "eyJ0eXAiOiJKV1QiLCJhbGciOiJIUzUxMiJ9.eyJhcHAiOiJtdWJ1Iiwic3ViIjoiMTE2MjM5NTEiLCJleHAiOjE2MjA2OTcyNTUsImlhdCI6MTYxODEwNTI1NX0.HFkCOFutEE4-qUS7HdJPSJIDnaEwapkW8n38_kh9bqYEwllsXCkJJAMpgla2nReluzLgWZRBlMvzuboKykvSjg",
    "SESSION": "73dd8e17-5128-40a3-b908-5e0ea46bae49",
    "user_persistence": "ed543ec9-acb1-4a68-8db9-37bc0f94978e"
}
body     : {
    "folderId": 0,
    "source": "home"
}

2021-04-11 09:52:34.319 | DEBUG    | httprunner.client:log_print:40 - 
================== response details ==================
status_code : 200
headers  : {
    "Server": "Tengine",
    "Content-Type": "application/json;charset=UTF-8",
    "Transfer-Encoding": "chunked",
    "Connection": "keep-alive",
    "Date": "Sun, 11 Apr 2021 01:40:56 GMT",
    "Vary": "Accept-Encoding",
    "Access-Control-Allow-Origin": "*",
    "Access-Control-Allow-Methods": "POST,GET,OPTIONS,DELETE,HEAD,PUT",
    "Access-Control-Max-Age": "86400",
    "Access-Control-Allow-Credentials": "true",
    "Access-Control-Allow-Headers": "X-request-Id,x-requested-with,jwt-token,request-id,member-id,Content-Type,X-FILENAME,data-unique-id,AB-Server-Version,Device-Id,token,Channel-Id,channel,system,platform,Channel-Name,version,mubu-app,mubu-desktop,Checksum,user-agent,Origin,Accept",
    "X-Application-Context": "mubu.biz.openapi:online.cn:9495",
    "X-Tt-Logid": "202104110940560102040510711946E6CE",
    "X-Agw-Info": "l_Gglhu0TG1tUVkzu-UvAX05Pf38AJLmy-dD0M5E53xkp433kGyaGzEl_nBb5RprstFps9s2uK10rFb9wSzU0-iHHXpKNBSyXjuk6Pk6X3Pjne2_4rWzDAbAiXUOFML805o_QSv4ARG3jlwdYZptrA86J82s8iI39Wft",
    "X-TRANS-LEVEL": "0",
    "Server-Timing": "inner; dur=13, tt_agw; dur=12",
    "x-tt-trace-host": "01ed43a865a2b838c6c38a2a6a3773ffea3779b9f55a092e8fbb1053d751b9e48bdaec73e1f8e21261b6642133c02f72a59ba9fbfd16bb9801b66fde93fe9dc3e83c7bb97c4d41b143976c2ed7cdc7c3d8",
    "x-tt-trace-tag": "id=3;cdn-cache=miss",
    "X-TT-TIMESTAMP": "1618105256.523",
    "Content-Encoding": "gzip",
    "Via": "cache29.l2nu20-8[32,0], vcache6.cn2543[59,0]",
    "Timing-Allow-Origin": "*",
    "EagleId": "6f13e91a16181052564821639e"
}
cookies  : {}
encoding : UTF-8
content_type : application/json;charset=UTF-8
body     : {
    "code": 0,
    "data": {
        "folder": {},
        "doc": {}
    }
}

2021-04-11 09:52:34.321 | INFO     | httprunner.client:request:217 - status_code: 200, response_time(ms): 72.69 ms, response_length: 0 bytes
2021-04-11 09:52:34.322 | INFO     | httprunner.response:validate:246 - assert status_code equal 200(int)	==> pass
2021-04-11 09:52:34.323 | INFO     | httprunner.response:validate:246 - assert headers."Content-Type" equal application/json;charset=UTF-8(str)	==> pass
2021-04-11 09:52:34.325 | INFO     | httprunner.response:validate:246 - assert body.code equal 0(int)	==> pass
2021-04-11 09:52:34.326 | INFO     | httprunner.runner:__run_step:304 - run step end: /v3/api/list/item_count <<<<<<

2021-04-11 09:52:34.327 | INFO     | httprunner.runner:__run_step:292 - run step begin: /v3/api/list/star_relation/get >>>>>>
2021-04-11 09:52:34.424 | DEBUG    | httprunner.client:request:186 - client IP: 192.168.1.7, Port: 61647
2021-04-11 09:52:34.427 | DEBUG    | httprunner.client:request:194 - server IP: 111.19.233.248, Port: 443
2021-04-11 09:52:34.431 | DEBUG    | httprunner.client:log_print:40 - 
================== request details ==================
method   : GET
url      : https://api2.mubu.com/v3/api/list/star_relation/get
headers  : {
    "User-Agent": "HttpRunner/3.1.4",
    "Accept-Encoding": "gzip, deflate, br",
    "Accept": "application/json, text/plain, */*",
    "Connection": "keep-alive",
    "host1": "api2.mubu.com",
    "Jwt-Token": "eyJ0eXAiOiJKV1QiLCJhbGciOiJIUzUxMiJ9.eyJhcHAiOiJtdWJ1Iiwic3ViIjoiMTE2MjM5NTEiLCJleHAiOjE2MjA2MTMxMTEsImlhdCI6MTYxODAyMTExMX0.vb25B05BHW2VyNB6tlW58F3eVkKnnoQXvc7H-XZIt2jfFisYO4N5NPYAMLT4b5-4XVyIIDcsqaMW5i_OD9Ahyw",
    "data-unique-id": "5af8ec14-0e06-45fb-948e-5852d15f593a",
    "x-request-id": "122196df-0f64-49f6-9f60-d72c7b50b47c",
    "version": "3.0.0.21328",
    "Origin": "https://mubu.com",
    "Sec-Fetch-Site": "same-site",
    "Sec-Fetch-Mode": "cors",
    "Sec-Fetch-Dest": "empty",
    "Referer": "https://mubu.com/",
    "Accept-Language": "zh-CN,zh;q=0.9",
    "HRUN-Request-ID": "HRUN-854d32a1-0593-4ce8-a8d9-0d35114ab738-954328",
    "Cookie": "Jwt-Token=eyJ0eXAiOiJKV1QiLCJhbGciOiJIUzUxMiJ9.eyJhcHAiOiJtdWJ1Iiwic3ViIjoiMTE2MjM5NTEiLCJleHAiOjE2MjA2OTcyNTUsImlhdCI6MTYxODEwNTI1NX0.HFkCOFutEE4-qUS7HdJPSJIDnaEwapkW8n38_kh9bqYEwllsXCkJJAMpgla2nReluzLgWZRBlMvzuboKykvSjg; SESSION=73dd8e17-5128-40a3-b908-5e0ea46bae49; user_persistence=ed543ec9-acb1-4a68-8db9-37bc0f94978e"
}
cookies  : {
    "Jwt-Token": "eyJ0eXAiOiJKV1QiLCJhbGciOiJIUzUxMiJ9.eyJhcHAiOiJtdWJ1Iiwic3ViIjoiMTE2MjM5NTEiLCJleHAiOjE2MjA2OTcyNTUsImlhdCI6MTYxODEwNTI1NX0.HFkCOFutEE4-qUS7HdJPSJIDnaEwapkW8n38_kh9bqYEwllsXCkJJAMpgla2nReluzLgWZRBlMvzuboKykvSjg",
    "SESSION": "73dd8e17-5128-40a3-b908-5e0ea46bae49",
    "user_persistence": "ed543ec9-acb1-4a68-8db9-37bc0f94978e"
}
body     : None

2021-04-11 09:52:34.436 | DEBUG    | httprunner.client:log_print:40 - 
================== response details ==================
status_code : 200
headers  : {
    "Server": "Tengine",
    "Content-Type": "application/json;charset=UTF-8",
    "Transfer-Encoding": "chunked",
    "Connection": "keep-alive",
    "Date": "Sun, 11 Apr 2021 01:40:56 GMT",
    "Vary": "Accept-Encoding",
    "Access-Control-Allow-Origin": "*",
    "Access-Control-Allow-Methods": "POST,GET,OPTIONS,DELETE,HEAD,PUT",
    "Access-Control-Max-Age": "86400",
    "Access-Control-Allow-Credentials": "true",
    "Access-Control-Allow-Headers": "X-request-Id,x-requested-with,jwt-token,request-id,member-id,Content-Type,X-FILENAME,data-unique-id,AB-Server-Version,Device-Id,token,Channel-Id,channel,system,platform,Channel-Name,version,mubu-app,mubu-desktop,Checksum,user-agent,Origin,Accept",
    "X-Application-Context": "mubu.biz.openapi:online.cn:9455",
    "X-Tt-Logid": "20210411094056010150170103001762F0",
    "X-Agw-Info": "nSDfuKm5TQNqHam4YBSQDbI1jDzZc2bhtHAZTfb8pxbhBuzx77dvs0Nu9x92KQaHaP1cug6Rlu6shn4QwHtWxT_INxjKWOkdJO3ND_KT1nlDKr3XmEcjAz6sgGU8xsRZmdEyuOKh6ts6LU2rtS5aVZfuGdZ5OlvoDzY=",
    "X-TRANS-LEVEL": "0",
    "Server-Timing": "inner; dur=8, tt_agw; dur=9",
    "x-tt-trace-host": "01ed43a865a2b838c6c38a2a6a3773ffea7de3cfd87f9f2399b24a9e776cf0e7005d041f1a3ba6e689fd9a0b3a090fa469dc93cb2a18e0c75ea22e040a1d327b61ecb83b1e0f81645009ad7b864deb5702",
    "x-tt-trace-tag": "id=3;cdn-cache=miss",
    "X-TT-TIMESTAMP": "1618105256.629",
    "Content-Encoding": "gzip",
    "Via": "cache62.l2nu20-8[62,0], vcache6.cn2543[84,0]",
    "Timing-Allow-Origin": "*",
    "EagleId": "6f13e91a16181052565671754e"
}
cookies  : {}
encoding : UTF-8
content_type : application/json;charset=UTF-8
body     : {
    "code": 0,
    "data": []
}

2021-04-11 09:52:34.439 | INFO     | httprunner.client:request:217 - status_code: 200, response_time(ms): 95.86 ms, response_length: 0 bytes
2021-04-11 09:52:34.443 | INFO     | httprunner.response:validate:246 - assert status_code equal 200(int)	==> pass
2021-04-11 09:52:34.446 | INFO     | httprunner.response:validate:246 - assert headers."Content-Type" equal application/json;charset=UTF-8(str)	==> pass
2021-04-11 09:52:34.449 | INFO     | httprunner.response:validate:246 - assert body.code equal 0(int)	==> pass
2021-04-11 09:52:34.451 | INFO     | httprunner.runner:__run_step:304 - run step end: /v3/api/list/star_relation/get <<<<<<

2021-04-11 09:52:34.455 | INFO     | httprunner.runner:__run_step:292 - run step begin: /v3/api/user/get_user_params >>>>>>
2021-04-11 09:52:34.567 | DEBUG    | httprunner.client:request:186 - client IP: 192.168.1.7, Port: 61647
2021-04-11 09:52:34.572 | DEBUG    | httprunner.client:request:194 - server IP: 111.19.233.248, Port: 443
2021-04-11 09:52:34.576 | DEBUG    | httprunner.client:log_print:40 - 
================== request details ==================
method   : POST
url      : https://api2.mubu.com/v3/api/user/get_user_params
headers  : {
    "User-Agent": "HttpRunner/3.1.4",
    "Accept-Encoding": "gzip, deflate, br",
    "Accept": "application/json, text/plain, */*",
    "Connection": "keep-alive",
    "host1": "api2.mubu.com",
    "Content-Length": "0",
    "Jwt-Token": "eyJ0eXAiOiJKV1QiLCJhbGciOiJIUzUxMiJ9.eyJhcHAiOiJtdWJ1Iiwic3ViIjoiMTE2MjM5NTEiLCJleHAiOjE2MjA2MTMxMTEsImlhdCI6MTYxODAyMTExMX0.vb25B05BHW2VyNB6tlW58F3eVkKnnoQXvc7H-XZIt2jfFisYO4N5NPYAMLT4b5-4XVyIIDcsqaMW5i_OD9Ahyw",
    "data-unique-id": "5af8ec14-0e06-45fb-948e-5852d15f593a",
    "x-request-id": "0dade813-e90c-4e1d-b509-ccd1af1460a4",
    "version": "3.0.0.21328",
    "Origin": "https://mubu.com",
    "Sec-Fetch-Site": "same-site",
    "Sec-Fetch-Mode": "cors",
    "Sec-Fetch-Dest": "empty",
    "Referer": "https://mubu.com/",
    "Accept-Language": "zh-CN,zh;q=0.9",
    "HRUN-Request-ID": "HRUN-854d32a1-0593-4ce8-a8d9-0d35114ab738-954458",
    "Cookie": "Jwt-Token=eyJ0eXAiOiJKV1QiLCJhbGciOiJIUzUxMiJ9.eyJhcHAiOiJtdWJ1Iiwic3ViIjoiMTE2MjM5NTEiLCJleHAiOjE2MjA2OTcyNTUsImlhdCI6MTYxODEwNTI1NX0.HFkCOFutEE4-qUS7HdJPSJIDnaEwapkW8n38_kh9bqYEwllsXCkJJAMpgla2nReluzLgWZRBlMvzuboKykvSjg; SESSION=73dd8e17-5128-40a3-b908-5e0ea46bae49; user_persistence=ed543ec9-acb1-4a68-8db9-37bc0f94978e"
}
cookies  : {
    "Jwt-Token": "eyJ0eXAiOiJKV1QiLCJhbGciOiJIUzUxMiJ9.eyJhcHAiOiJtdWJ1Iiwic3ViIjoiMTE2MjM5NTEiLCJleHAiOjE2MjA2OTcyNTUsImlhdCI6MTYxODEwNTI1NX0.HFkCOFutEE4-qUS7HdJPSJIDnaEwapkW8n38_kh9bqYEwllsXCkJJAMpgla2nReluzLgWZRBlMvzuboKykvSjg",
    "SESSION": "73dd8e17-5128-40a3-b908-5e0ea46bae49",
    "user_persistence": "ed543ec9-acb1-4a68-8db9-37bc0f94978e"
}
body     : None

2021-04-11 09:52:34.579 | DEBUG    | httprunner.client:log_print:40 - 
================== response details ==================
status_code : 200
headers  : {
    "Server": "Tengine",
    "Content-Type": "application/json;charset=UTF-8",
    "Transfer-Encoding": "chunked",
    "Connection": "keep-alive",
    "Date": "Sun, 11 Apr 2021 01:40:56 GMT",
    "Vary": "Accept-Encoding",
    "Access-Control-Allow-Origin": "*",
    "Access-Control-Allow-Methods": "POST,GET,OPTIONS,DELETE,HEAD,PUT",
    "Access-Control-Max-Age": "86400",
    "Access-Control-Allow-Credentials": "true",
    "Access-Control-Allow-Headers": "X-request-Id,x-requested-with,jwt-token,request-id,member-id,Content-Type,X-FILENAME,data-unique-id,AB-Server-Version,Device-Id,token,Channel-Id,channel,system,platform,Channel-Name,version,mubu-app,mubu-desktop,Checksum,user-agent,Origin,Accept",
    "X-Application-Context": "mubu.biz.openapi:online.cn:9436",
    "X-Tt-Logid": "2021041109405601015104414926172FB4",
    "X-Agw-Info": "F3SxZlv5FREUPJxp1F59x4BC2EIRYJVlyqibaJCihNnO5lfsWVpYjK1iSCe9tIJ2V3fPMWbj0D5c-FSLWDjpKqWCi_Wx7vJNfnEPYO5W_zyNHTe-3T0vwf-dauZKBcpfUC7dF7Dp2iP2CYXgHz_z0UbPghsx1Jxjhk-m",
    "X-TRANS-LEVEL": "0",
    "Server-Timing": "inner; dur=8, tt_agw; dur=7",
    "x-tt-trace-host": "01ed43a865a2b838c6c38a2a6a3773ffeafe98f43c5b0f5ae342fc3da0f50e92633fdaeb9b3734645991152d57a34ed4483d0b25f88b77efb3b95958b0caccd9428fa135f6ad2a3789f86d545765ddc74f",
    "x-tt-trace-tag": "id=3;cdn-cache=miss",
    "X-TT-TIMESTAMP": "1618105256.741",
    "Content-Encoding": "gzip",
    "Via": "cache29.l2nu20-8[35,0], vcache6.cn2543[65,0]",
    "Timing-Allow-Origin": "*",
    "EagleId": "6f13e91a16181052566981960e"
}
cookies  : {}
encoding : UTF-8
content_type : application/json;charset=UTF-8
body     : {
    "code": 0,
    "data": {
        "source": "",
        "ABVersionsId": ""
    }
}

2021-04-11 09:52:34.581 | INFO     | httprunner.client:request:217 - status_code: 200, response_time(ms): 109.2 ms, response_length: 0 bytes
2021-04-11 09:52:34.583 | INFO     | httprunner.response:validate:246 - assert status_code equal 200(int)	==> pass
2021-04-11 09:52:34.584 | INFO     | httprunner.response:validate:246 - assert headers."Content-Type" equal application/json;charset=UTF-8(str)	==> pass
2021-04-11 09:52:34.585 | INFO     | httprunner.response:validate:246 - assert body.code equal 0(int)	==> pass
2021-04-11 09:52:34.586 | INFO     | httprunner.runner:__run_step:304 - run step end: /v3/api/user/get_user_params <<<<<<

2021-04-11 09:52:34.587 | INFO     | httprunner.runner:__run_step:292 - run step begin: /v3/api/list/get_all_documents_page >>>>>>
2021-04-11 09:52:34.677 | DEBUG    | httprunner.client:request:186 - client IP: 192.168.1.7, Port: 61647
2021-04-11 09:52:34.680 | DEBUG    | httprunner.client:request:194 - server IP: 111.19.233.248, Port: 443
2021-04-11 09:52:34.685 | DEBUG    | httprunner.client:log_print:40 - 
================== request details ==================
method   : POST
url      : https://api2.mubu.com/v3/api/list/get_all_documents_page
headers  : {
    "User-Agent": "HttpRunner/3.1.4",
    "Accept-Encoding": "gzip, deflate, br",
    "Accept": "application/json, text/plain, */*",
    "Connection": "keep-alive",
    "host1": "api2.mubu.com",
    "Content-Length": "13",
    "Jwt-Token": "eyJ0eXAiOiJKV1QiLCJhbGciOiJIUzUxMiJ9.eyJhcHAiOiJtdWJ1Iiwic3ViIjoiMTE2MjM5NTEiLCJleHAiOjE2MjA2MTMxMTEsImlhdCI6MTYxODAyMTExMX0.vb25B05BHW2VyNB6tlW58F3eVkKnnoQXvc7H-XZIt2jfFisYO4N5NPYAMLT4b5-4XVyIIDcsqaMW5i_OD9Ahyw",
    "Content-Type": "application/json;charset=UTF-8",
    "data-unique-id": "5af8ec14-0e06-45fb-948e-5852d15f593a",
    "x-request-id": "3d70f39c-bf35-4ad7-a387-5e59b2872633",
    "version": "3.0.0.21328",
    "Origin": "https://mubu.com",
    "Sec-Fetch-Site": "same-site",
    "Sec-Fetch-Mode": "cors",
    "Sec-Fetch-Dest": "empty",
    "Referer": "https://mubu.com/",
    "Accept-Language": "zh-CN,zh;q=0.9",
    "HRUN-Request-ID": "HRUN-854d32a1-0593-4ce8-a8d9-0d35114ab738-954588",
    "Cookie": "Jwt-Token=eyJ0eXAiOiJKV1QiLCJhbGciOiJIUzUxMiJ9.eyJhcHAiOiJtdWJ1Iiwic3ViIjoiMTE2MjM5NTEiLCJleHAiOjE2MjA2OTcyNTUsImlhdCI6MTYxODEwNTI1NX0.HFkCOFutEE4-qUS7HdJPSJIDnaEwapkW8n38_kh9bqYEwllsXCkJJAMpgla2nReluzLgWZRBlMvzuboKykvSjg; SESSION=73dd8e17-5128-40a3-b908-5e0ea46bae49; user_persistence=ed543ec9-acb1-4a68-8db9-37bc0f94978e"
}
cookies  : {
    "Jwt-Token": "eyJ0eXAiOiJKV1QiLCJhbGciOiJIUzUxMiJ9.eyJhcHAiOiJtdWJ1Iiwic3ViIjoiMTE2MjM5NTEiLCJleHAiOjE2MjA2OTcyNTUsImlhdCI6MTYxODEwNTI1NX0.HFkCOFutEE4-qUS7HdJPSJIDnaEwapkW8n38_kh9bqYEwllsXCkJJAMpgla2nReluzLgWZRBlMvzuboKykvSjg",
    "SESSION": "73dd8e17-5128-40a3-b908-5e0ea46bae49",
    "user_persistence": "ed543ec9-acb1-4a68-8db9-37bc0f94978e"
}
body     : {
    "start": ""
}

2021-04-11 09:52:34.693 | DEBUG    | httprunner.client:log_print:40 - 
================== response details ==================
status_code : 200
headers  : {
    "Server": "Tengine",
    "Content-Type": "application/json;charset=UTF-8",
    "Transfer-Encoding": "chunked",
    "Connection": "keep-alive",
    "Date": "Sun, 11 Apr 2021 01:40:56 GMT",
    "Vary": "Accept-Encoding",
    "Access-Control-Allow-Origin": "*",
    "Access-Control-Allow-Methods": "POST,GET,OPTIONS,DELETE,HEAD,PUT",
    "Access-Control-Max-Age": "86400",
    "Access-Control-Allow-Credentials": "true",
    "Access-Control-Allow-Headers": "X-request-Id,x-requested-with,jwt-token,request-id,member-id,Content-Type,X-FILENAME,data-unique-id,AB-Server-Version,Device-Id,token,Channel-Id,channel,system,platform,Channel-Name,version,mubu-app,mubu-desktop,Checksum,user-agent,Origin,Accept",
    "X-Application-Context": "mubu.biz.openapi:online.cn:9468",
    "X-Tt-Logid": "20210411094056010151203013291733E7",
    "X-Agw-Info": "6zFNJAI2XJcPZxLoA0L6dFE9IgaUdDBzcjJ_2hQ3y7zjVTBGFKjyYN2QzF8aIwn158aB6hRvij7740xmjlPyX8FRDkZIpni6mmyUhl8Q4mhMe-YlqA_gGBbgT7o8IMKMBqjdOqWaRS7H43r_PEIWC-d-Vu757Ogo5tu2",
    "X-TRANS-LEVEL": "0",
    "Server-Timing": "inner; dur=8, tt_agw; dur=9",
    "x-tt-trace-host": "014a903e23e62e33f03c416fc5a381b96ffc6440e88f99acee649d843f0f7d001b9355a5d728fe5727199eaa2d728e32fb95006fd214f58abb38cb0242ae74b48941cb3786b19219fac62c322e51975a3e",
    "x-tt-trace-tag": "id=3;cdn-cache=miss",
    "X-TT-TIMESTAMP": "1618105256.884",
    "Content-Encoding": "gzip",
    "Via": "cache62.l2nu20-8[57,0], vcache6.cn2543[78,0]",
    "Timing-Allow-Origin": "*",
    "EagleId": "6f13e91a16181052568282115e"
}
cookies  : {}
encoding : UTF-8
content_type : application/json;charset=UTF-8
body     : {
    "code": 0,
    "data": {
        "documents": [
            {
                "id": "27TpS8NkMf_",
                "folderId": "0",
                "name": "",
                "userId": 11623951,
                "createTime": 1618105168475,
                "updateTime": 1618105168475,
                "itemCount": 0,
                "deleted": 0,
                "deleteTime": 0,
                "switched": 0,
                "encrypted": 0,
                "stared": 0,
                "starIndex": 0,
                "viewCount": 0,
                "version": 1618105168475,
                "commitClient": "web",
                "type": 0,
                "praiseCount": 0,
                "commentCount": 0,
                "rewardCount": 0,
                "collectCount": 0,
                "syncState": 0,
                "openEdit": 0,
                "collaboratorCount": 0,
                "metaVersion": 1618105168475,
                "isCommunityShare": 0
            },
            {
                "id": "3vv18OwL3f_",
                "folderId": "0",
                "name": "",
                "userId": 11623951,
                "createTime": 1618105171259,
                "updateTime": 1618105171259,
                "itemCount": 0,
                "deleted": 0,
                "deleteTime": 0,
                "switched": 0,
                "encrypted": 0,
                "stared": 0,
                "starIndex": 0,
                "viewCount": 0,
                "version": 1618105171259,
                "commitClient": "web",
                "type": 0,
                "praiseCount": 0,
                "commentCount": 0,
                "rewardCount": 0,
                "collectCount": 0,
                "syncState": 0,
                "openEdit": 0,
                "collaboratorCount": 0,
                "metaVersion": 1618105171259,
                "isCommunityShare": 0
            },
            {
                "id": "5kKOjO5JIv_",
                "folderId": "0",
                "name": "",
                "userId": 11623951,
                "createTime": 1618105254380,
                "updateTime": 1618105254380,
                "itemCount": 0,
                "deleted": 0,
                "deleteTime": 0,
                "switched": 0,
                "encrypted": 0,
                "stared": 0,
                "starIndex": 0,
                "viewCount": 0,
                "version": 1618105254380,
                "commitClient": "web",
                "type": 0,
                "praiseCount": 0,
                "commentCount": 0,
                "rewardCount": 0,
                "collectCount": 0,
                "syncState": 0,
                "openEdit": 0,
                "collaboratorCount": 0,
                "metaVersion": 1618105254380,
                "isCommunityShare": 0
            },
            {
                "id": "67I4LPWNNf_",
                "folderId": "0",
                "name": "",
                "userId": 11623951,
                "createTime": 1618105165560,
                "updateTime": 1618105165560,
                "itemCount": 0,
                "deleted": 0,
                "deleteTime": 0,
                "switched": 0,
                "encrypted": 0,
                "stared": 0,
                "starIndex": 0,
                "viewCount": 0,
                "version": 1618105165560,
                "commitClient": "web",
                "type": 0,
                "praiseCount": 0,
                "commentCount": 0,
                "rewardCount": 0,
                "collectCount": 0,
                "syncState": 0,
                "openEdit": 0,
                "collaboratorCount": 0,
                "metaVersion": 1618105165560,
                "isCommunityShare": 0
            }
        ]
    }
}

2021-04-11 09:52:34.697 | INFO     | httprunner.client:request:217 - status_code: 200, response_time(ms): 88.2 ms, response_length: 0 bytes
2021-04-11 09:52:34.700 | INFO     | httprunner.response:validate:246 - assert status_code equal 200(int)	==> pass
2021-04-11 09:52:34.704 | INFO     | httprunner.response:validate:246 - assert headers."Content-Type" equal application/json;charset=UTF-8(str)	==> pass
2021-04-11 09:52:34.707 | INFO     | httprunner.response:validate:246 - assert body.code equal 0(int)	==> pass
2021-04-11 09:52:34.709 | INFO     | httprunner.runner:__run_step:304 - run step end: /v3/api/list/get_all_documents_page <<<<<<

2021-04-11 09:52:34.712 | INFO     | httprunner.runner:__run_step:292 - run step begin: /v3/api/advertisement/get >>>>>>
2021-04-11 09:52:34.788 | DEBUG    | httprunner.client:request:186 - client IP: 192.168.1.7, Port: 61647
2021-04-11 09:52:34.792 | DEBUG    | httprunner.client:request:194 - server IP: 111.19.233.248, Port: 443
2021-04-11 09:52:34.796 | DEBUG    | httprunner.client:log_print:40 - 
================== request details ==================
method   : POST
url      : https://api2.mubu.com/v3/api/advertisement/get
headers  : {
    "User-Agent": "HttpRunner/3.1.4",
    "Accept-Encoding": "gzip, deflate, br",
    "Accept": "application/json, text/plain, */*",
    "Connection": "keep-alive",
    "host1": "api2.mubu.com",
    "Content-Length": "11",
    "Jwt-Token": "eyJ0eXAiOiJKV1QiLCJhbGciOiJIUzUxMiJ9.eyJhcHAiOiJtdWJ1Iiwic3ViIjoiMTE2MjM5NTEiLCJleHAiOjE2MjA2MTMxMTEsImlhdCI6MTYxODAyMTExMX0.vb25B05BHW2VyNB6tlW58F3eVkKnnoQXvc7H-XZIt2jfFisYO4N5NPYAMLT4b5-4XVyIIDcsqaMW5i_OD9Ahyw",
    "Content-Type": "application/json;charset=UTF-8",
    "data-unique-id": "5af8ec14-0e06-45fb-948e-5852d15f593a",
    "x-request-id": "2af0571a-cd75-4b42-9a30-f23b328a7cc9",
    "version": "3.0.0.21328",
    "Origin": "https://mubu.com",
    "Sec-Fetch-Site": "same-site",
    "Sec-Fetch-Mode": "cors",
    "Sec-Fetch-Dest": "empty",
    "Referer": "https://mubu.com/",
    "Accept-Language": "zh-CN,zh;q=0.9",
    "HRUN-Request-ID": "HRUN-854d32a1-0593-4ce8-a8d9-0d35114ab738-954716",
    "Cookie": "Jwt-Token=eyJ0eXAiOiJKV1QiLCJhbGciOiJIUzUxMiJ9.eyJhcHAiOiJtdWJ1Iiwic3ViIjoiMTE2MjM5NTEiLCJleHAiOjE2MjA2OTcyNTUsImlhdCI6MTYxODEwNTI1NX0.HFkCOFutEE4-qUS7HdJPSJIDnaEwapkW8n38_kh9bqYEwllsXCkJJAMpgla2nReluzLgWZRBlMvzuboKykvSjg; SESSION=73dd8e17-5128-40a3-b908-5e0ea46bae49; user_persistence=ed543ec9-acb1-4a68-8db9-37bc0f94978e"
}
cookies  : {
    "Jwt-Token": "eyJ0eXAiOiJKV1QiLCJhbGciOiJIUzUxMiJ9.eyJhcHAiOiJtdWJ1Iiwic3ViIjoiMTE2MjM5NTEiLCJleHAiOjE2MjA2OTcyNTUsImlhdCI6MTYxODEwNTI1NX0.HFkCOFutEE4-qUS7HdJPSJIDnaEwapkW8n38_kh9bqYEwllsXCkJJAMpgla2nReluzLgWZRBlMvzuboKykvSjg",
    "SESSION": "73dd8e17-5128-40a3-b908-5e0ea46bae49",
    "user_persistence": "ed543ec9-acb1-4a68-8db9-37bc0f94978e"
}
body     : {
    "type": 1
}

2021-04-11 09:52:34.802 | DEBUG    | httprunner.client:log_print:40 - 
================== response details ==================
status_code : 200
headers  : {
    "Server": "Tengine",
    "Content-Type": "application/json;charset=UTF-8",
    "Transfer-Encoding": "chunked",
    "Connection": "keep-alive",
    "Date": "Sun, 11 Apr 2021 01:40:56 GMT",
    "Vary": "Accept-Encoding",
    "Access-Control-Allow-Origin": "*",
    "Access-Control-Allow-Methods": "POST,GET,OPTIONS,DELETE,HEAD,PUT",
    "Access-Control-Max-Age": "86400",
    "Access-Control-Allow-Credentials": "true",
    "Access-Control-Allow-Headers": "X-request-Id,x-requested-with,jwt-token,request-id,member-id,Content-Type,X-FILENAME,data-unique-id,AB-Server-Version,Device-Id,token,Channel-Id,channel,system,platform,Channel-Name,version,mubu-app,mubu-desktop,Checksum,user-agent,Origin,Accept",
    "X-Application-Context": "mubu.biz.openapi:online.cn:9420",
    "X-Tt-Logid": "2021041109405601015022008517172612",
    "X-Agw-Info": "b4l61gqcHL051-y2w9AQHAaN48bt_kl70TOXuhi29p1y0ZTx6MyAi3ZS-MalgmV_pPnRg6R3_k15_Yfh8qiDFtXvz1PFTAz1N8krM2mh3B9FzgyEO2Po1EgEJEuJY_ImdI0dy0EmQHpGgJkUThfdccMPjxQZuGgit6w=",
    "X-TRANS-LEVEL": "0",
    "Server-Timing": "inner; dur=12, tt_agw; dur=12",
    "x-tt-trace-host": "014a903e23e62e33f03c416fc5a381b96ffc6440e88f99acee649d843f0f7d001bcb687d7878e19ab54d964a19a9dd26ca9920785f0366edeecbbcf791bc8477f38ca3f1482503e02b3eda48ae0ccc3ed4",
    "x-tt-trace-tag": "id=3;cdn-cache=miss",
    "X-TT-TIMESTAMP": "1618105256.998",
    "Content-Encoding": "gzip",
    "Via": "cache62.l2nu20-8[35,0], vcache6.cn2543[56,0]",
    "Timing-Allow-Origin": "*",
    "EagleId": "6f13e91a16181052569602318e"
}
cookies  : {}
encoding : UTF-8
content_type : application/json;charset=UTF-8
body     : {
    "code": 0
}

2021-04-11 09:52:34.806 | INFO     | httprunner.client:request:217 - status_code: 200, response_time(ms): 71.11 ms, response_length: 0 bytes
2021-04-11 09:52:34.808 | INFO     | httprunner.response:validate:246 - assert status_code equal 200(int)	==> pass
2021-04-11 09:52:34.811 | INFO     | httprunner.response:validate:246 - assert headers."Content-Type" equal application/json;charset=UTF-8(str)	==> pass
2021-04-11 09:52:34.815 | INFO     | httprunner.response:validate:246 - assert body.code equal 0(int)	==> pass
2021-04-11 09:52:34.818 | INFO     | httprunner.runner:__run_step:304 - run step end: /v3/api/advertisement/get <<<<<<

2021-04-11 09:52:34.822 | INFO     | httprunner.runner:__run_step:292 - run step begin: /v3/api/list/item_count >>>>>>
2021-04-11 09:52:34.900 | DEBUG    | httprunner.client:request:186 - client IP: 192.168.1.7, Port: 61647
2021-04-11 09:52:34.903 | DEBUG    | httprunner.client:request:194 - server IP: 111.19.233.248, Port: 443
2021-04-11 09:52:34.909 | DEBUG    | httprunner.client:log_print:40 - 
================== request details ==================
method   : POST
url      : https://api2.mubu.com/v3/api/list/item_count
headers  : {
    "User-Agent": "HttpRunner/3.1.4",
    "Accept-Encoding": "gzip, deflate, br",
    "Accept": "application/json, text/plain, */*",
    "Connection": "keep-alive",
    "host1": "api2.mubu.com",
    "Content-Length": "33",
    "Jwt-Token": "eyJ0eXAiOiJKV1QiLCJhbGciOiJIUzUxMiJ9.eyJhcHAiOiJtdWJ1Iiwic3ViIjoiMTE2MjM5NTEiLCJleHAiOjE2MjA2MTMxMTEsImlhdCI6MTYxODAyMTExMX0.vb25B05BHW2VyNB6tlW58F3eVkKnnoQXvc7H-XZIt2jfFisYO4N5NPYAMLT4b5-4XVyIIDcsqaMW5i_OD9Ahyw",
    "Content-Type": "application/json;charset=UTF-8",
    "data-unique-id": "5af8ec14-0e06-45fb-948e-5852d15f593a",
    "x-request-id": "66790345-9de9-4e98-9c10-38158e23a545",
    "version": "3.0.0.21328",
    "Origin": "https://mubu.com",
    "Sec-Fetch-Site": "same-site",
    "Sec-Fetch-Mode": "cors",
    "Sec-Fetch-Dest": "empty",
    "Referer": "https://mubu.com/",
    "Accept-Language": "zh-CN,zh;q=0.9",
    "HRUN-Request-ID": "HRUN-854d32a1-0593-4ce8-a8d9-0d35114ab738-954825",
    "Cookie": "Jwt-Token=eyJ0eXAiOiJKV1QiLCJhbGciOiJIUzUxMiJ9.eyJhcHAiOiJtdWJ1Iiwic3ViIjoiMTE2MjM5NTEiLCJleHAiOjE2MjA2OTcyNTUsImlhdCI6MTYxODEwNTI1NX0.HFkCOFutEE4-qUS7HdJPSJIDnaEwapkW8n38_kh9bqYEwllsXCkJJAMpgla2nReluzLgWZRBlMvzuboKykvSjg; SESSION=73dd8e17-5128-40a3-b908-5e0ea46bae49; user_persistence=ed543ec9-acb1-4a68-8db9-37bc0f94978e"
}
cookies  : {
    "Jwt-Token": "eyJ0eXAiOiJKV1QiLCJhbGciOiJIUzUxMiJ9.eyJhcHAiOiJtdWJ1Iiwic3ViIjoiMTE2MjM5NTEiLCJleHAiOjE2MjA2OTcyNTUsImlhdCI6MTYxODEwNTI1NX0.HFkCOFutEE4-qUS7HdJPSJIDnaEwapkW8n38_kh9bqYEwllsXCkJJAMpgla2nReluzLgWZRBlMvzuboKykvSjg",
    "SESSION": "73dd8e17-5128-40a3-b908-5e0ea46bae49",
    "user_persistence": "ed543ec9-acb1-4a68-8db9-37bc0f94978e"
}
body     : {
    "folderId": 0,
    "source": "home"
}

2021-04-11 09:52:34.914 | DEBUG    | httprunner.client:log_print:40 - 
================== response details ==================
status_code : 200
headers  : {
    "Server": "Tengine",
    "Content-Type": "application/json;charset=UTF-8",
    "Transfer-Encoding": "chunked",
    "Connection": "keep-alive",
    "Date": "Sun, 11 Apr 2021 01:40:57 GMT",
    "Vary": "Accept-Encoding",
    "Access-Control-Allow-Origin": "*",
    "Access-Control-Allow-Methods": "POST,GET,OPTIONS,DELETE,HEAD,PUT",
    "Access-Control-Max-Age": "86400",
    "Access-Control-Allow-Credentials": "true",
    "Access-Control-Allow-Headers": "X-request-Id,x-requested-with,jwt-token,request-id,member-id,Content-Type,X-FILENAME,data-unique-id,AB-Server-Version,Device-Id,token,Channel-Id,channel,system,platform,Channel-Name,version,mubu-app,mubu-desktop,Checksum,user-agent,Origin,Accept",
    "X-Application-Context": "mubu.biz.openapi:online.cn:9332",
    "X-Tt-Logid": "202104110940570101502231441E16E86D",
    "X-Agw-Info": "L4luPAAN37ZZHsFEDlXoCjiu0ivKcm8x8T9bWlvk0zycWvKpz4n0HCaY8xwhV-uXu97v4nOmuihkoq5j4epvArVf8mSg5CtqhKslNvmyGga9Bz55yT855PibUgN-33XPax-O6zjDNCDBu0FEEhi-y0wy8RT3b7bdYPNg",
    "X-TRANS-LEVEL": "0",
    "Server-Timing": "inner; dur=8, tt_agw; dur=10",
    "x-tt-trace-host": "014a903e23e62e33f03c416fc5a381b96f63a6d78af2c0bd51cc894d06f023c2fcb6622772ed4ebc7c7df02a42773ef56e2e0d044034f51d9e0f5f75bc9e173e730faa1d6548f2f2506222080b63c67e7d",
    "x-tt-trace-tag": "id=3;cdn-cache=miss",
    "X-TT-TIMESTAMP": "1618105257.110",
    "Content-Encoding": "gzip",
    "Via": "cache29.l2nu20-8[33,0], vcache6.cn2543[59,0]",
    "Timing-Allow-Origin": "*",
    "EagleId": "6f13e91a16181052570692496e"
}
cookies  : {}
encoding : UTF-8
content_type : application/json;charset=UTF-8
body     : {
    "code": 0,
    "data": {
        "folder": {},
        "doc": {}
    }
}

2021-04-11 09:52:34.916 | INFO     | httprunner.client:request:217 - status_code: 200, response_time(ms): 74.26 ms, response_length: 0 bytes
2021-04-11 09:52:34.921 | INFO     | httprunner.response:validate:246 - assert status_code equal 200(int)	==> pass
2021-04-11 09:52:34.921 | INFO     | httprunner.response:validate:246 - assert headers."Content-Type" equal application/json;charset=UTF-8(str)	==> pass
2021-04-11 09:52:34.921 | INFO     | httprunner.response:validate:246 - assert body.code equal 0(int)	==> pass
2021-04-11 09:52:34.931 | INFO     | httprunner.runner:__run_step:304 - run step end: /v3/api/list/item_count <<<<<<

2021-04-11 09:52:34.931 | INFO     | httprunner.runner:__run_step:292 - run step begin: /v3/api/message/get_message_unread >>>>>>
2021-04-11 09:52:35.021 | DEBUG    | httprunner.client:request:186 - client IP: 192.168.1.7, Port: 61647
2021-04-11 09:52:35.031 | DEBUG    | httprunner.client:request:194 - server IP: 111.19.233.248, Port: 443
2021-04-11 09:52:35.031 | DEBUG    | httprunner.client:log_print:40 - 
================== request details ==================
method   : POST
url      : https://api2.mubu.com/v3/api/message/get_message_unread
headers  : {
    "User-Agent": "HttpRunner/3.1.4",
    "Accept-Encoding": "gzip, deflate, br",
    "Accept": "application/json, text/plain, */*",
    "Connection": "keep-alive",
    "host1": "api2.mubu.com",
    "Content-Length": "11",
    "Jwt-Token": "eyJ0eXAiOiJKV1QiLCJhbGciOiJIUzUxMiJ9.eyJhcHAiOiJtdWJ1Iiwic3ViIjoiMTE2MjM5NTEiLCJleHAiOjE2MjA2MTMxMTEsImlhdCI6MTYxODAyMTExMX0.vb25B05BHW2VyNB6tlW58F3eVkKnnoQXvc7H-XZIt2jfFisYO4N5NPYAMLT4b5-4XVyIIDcsqaMW5i_OD9Ahyw",
    "Content-Type": "application/json;charset=UTF-8",
    "data-unique-id": "5af8ec14-0e06-45fb-948e-5852d15f593a",
    "x-request-id": "36c9b11e-d981-465c-92f5-6532ed878ac4",
    "version": "3.0.0.21328",
    "Origin": "https://mubu.com",
    "Sec-Fetch-Site": "same-site",
    "Sec-Fetch-Mode": "cors",
    "Sec-Fetch-Dest": "empty",
    "Referer": "https://mubu.com/",
    "Accept-Language": "zh-CN,zh;q=0.9",
    "HRUN-Request-ID": "HRUN-854d32a1-0593-4ce8-a8d9-0d35114ab738-954936",
    "Cookie": "Jwt-Token=eyJ0eXAiOiJKV1QiLCJhbGciOiJIUzUxMiJ9.eyJhcHAiOiJtdWJ1Iiwic3ViIjoiMTE2MjM5NTEiLCJleHAiOjE2MjA2OTcyNTUsImlhdCI6MTYxODEwNTI1NX0.HFkCOFutEE4-qUS7HdJPSJIDnaEwapkW8n38_kh9bqYEwllsXCkJJAMpgla2nReluzLgWZRBlMvzuboKykvSjg; SESSION=73dd8e17-5128-40a3-b908-5e0ea46bae49; user_persistence=ed543ec9-acb1-4a68-8db9-37bc0f94978e"
}
cookies  : {
    "Jwt-Token": "eyJ0eXAiOiJKV1QiLCJhbGciOiJIUzUxMiJ9.eyJhcHAiOiJtdWJ1Iiwic3ViIjoiMTE2MjM5NTEiLCJleHAiOjE2MjA2OTcyNTUsImlhdCI6MTYxODEwNTI1NX0.HFkCOFutEE4-qUS7HdJPSJIDnaEwapkW8n38_kh9bqYEwllsXCkJJAMpgla2nReluzLgWZRBlMvzuboKykvSjg",
    "SESSION": "73dd8e17-5128-40a3-b908-5e0ea46bae49",
    "user_persistence": "ed543ec9-acb1-4a68-8db9-37bc0f94978e"
}
body     : {
    "page": 1
}

2021-04-11 09:52:35.040 | DEBUG    | httprunner.client:log_print:40 - 
================== response details ==================
status_code : 200
headers  : {
    "Server": "Tengine",
    "Content-Type": "application/json;charset=UTF-8",
    "Transfer-Encoding": "chunked",
    "Connection": "keep-alive",
    "Date": "Sun, 11 Apr 2021 01:40:57 GMT",
    "Vary": "Accept-Encoding",
    "Access-Control-Allow-Origin": "*",
    "Access-Control-Allow-Methods": "POST,GET,OPTIONS,DELETE,HEAD,PUT",
    "Access-Control-Max-Age": "86400",
    "Access-Control-Allow-Credentials": "true",
    "Access-Control-Allow-Headers": "X-request-Id,x-requested-with,jwt-token,request-id,member-id,Content-Type,X-FILENAME,data-unique-id,AB-Server-Version,Device-Id,token,Channel-Id,channel,system,platform,Channel-Name,version,mubu-app,mubu-desktop,Checksum,user-agent,Origin,Accept",
    "X-Application-Context": "mubu.biz.openapi:online.cn:9436",
    "X-Tt-Logid": "20210411094057010151172104391713BD",
    "X-Agw-Info": "-Hg1GwtGPsZ-XobJie7Md0H3vHBwPP2f9PpeTAB8FLNfKYvWr4wQFJY1P2Wg-CL8jdrBmXanAawWCsd7GJH_5DO__8HQGQ4tSOqSlK341vAiu3ndbiaJvJQh10hBbuRit_Di4yBc0aTETcRpItlbCsgiIqfFoid2dSwx",
    "X-TRANS-LEVEL": "0",
    "Server-Timing": "inner; dur=8, tt_agw; dur=7",
    "x-tt-trace-host": "014a903e23e62e33f03c416fc5a381b96f63a6d78af2c0bd51cc894d06f023c2fc116ccedcce2477dc068476c26d6de6b5a211caa9d1d69571eb1f6b7dab4599391f6b9038dbb4c91c3ea306ff3345d1ec",
    "x-tt-trace-tag": "id=3;cdn-cache=miss",
    "X-TT-TIMESTAMP": "1618105257.238",
    "Content-Encoding": "gzip",
    "Via": "cache29.l2nu20-8[48,0], vcache6.cn2543[73,0]",
    "Timing-Allow-Origin": "*",
    "EagleId": "6f13e91a16181052571832668e"
}
cookies  : {}
encoding : UTF-8
content_type : application/json;charset=UTF-8
body     : {
    "code": 0,
    "data": {
        "unreadCount": 0
    }
}

2021-04-11 09:52:35.040 | INFO     | httprunner.client:request:217 - status_code: 200, response_time(ms): 84.94 ms, response_length: 0 bytes
2021-04-11 09:52:35.051 | INFO     | httprunner.response:validate:246 - assert status_code equal 200(int)	==> pass
2021-04-11 09:52:35.051 | INFO     | httprunner.response:validate:246 - assert headers."Content-Type" equal application/json;charset=UTF-8(str)	==> pass
2021-04-11 09:52:35.056 | INFO     | httprunner.response:validate:246 - assert body.code equal 0(int)	==> pass
2021-04-11 09:52:35.061 | INFO     | httprunner.runner:__run_step:304 - run step end: /v3/api/message/get_message_unread <<<<<<

2021-04-11 09:52:35.061 | INFO     | httprunner.runner:__run_step:292 - run step begin: /v3/api/list/create_doc >>>>>>
2021-04-11 09:52:35.221 | DEBUG    | httprunner.client:request:186 - client IP: 192.168.1.7, Port: 61647
2021-04-11 09:52:35.226 | DEBUG    | httprunner.client:request:194 - server IP: 111.19.233.248, Port: 443
2021-04-11 09:52:35.226 | DEBUG    | httprunner.client:log_print:40 - 
================== request details ==================
method   : POST
url      : https://api2.mubu.com/v3/api/list/create_doc
headers  : {
    "User-Agent": "HttpRunner/3.1.4",
    "Accept-Encoding": "gzip, deflate, br",
    "Accept": "application/json, text/plain, */*",
    "Connection": "keep-alive",
    "host1": "api2.mubu.com",
    "Content-Length": "28",
    "Jwt-Token": "eyJ0eXAiOiJKV1QiLCJhbGciOiJIUzUxMiJ9.eyJhcHAiOiJtdWJ1Iiwic3ViIjoiMTE2MjM5NTEiLCJleHAiOjE2MjA2MTMxMTEsImlhdCI6MTYxODAyMTExMX0.vb25B05BHW2VyNB6tlW58F3eVkKnnoQXvc7H-XZIt2jfFisYO4N5NPYAMLT4b5-4XVyIIDcsqaMW5i_OD9Ahyw",
    "Content-Type": "application/json;charset=UTF-8",
    "data-unique-id": "5af8ec14-0e06-45fb-948e-5852d15f593a",
    "x-request-id": "47f625f3-35b2-45cd-bc82-f13ba6086477",
    "version": "3.0.0.21328",
    "Origin": "https://mubu.com",
    "Sec-Fetch-Site": "same-site",
    "Sec-Fetch-Mode": "cors",
    "Sec-Fetch-Dest": "empty",
    "Referer": "https://mubu.com/",
    "Accept-Language": "zh-CN,zh;q=0.9",
    "HRUN-Request-ID": "HRUN-854d32a1-0593-4ce8-a8d9-0d35114ab738-955061",
    "Cookie": "Jwt-Token=eyJ0eXAiOiJKV1QiLCJhbGciOiJIUzUxMiJ9.eyJhcHAiOiJtdWJ1Iiwic3ViIjoiMTE2MjM5NTEiLCJleHAiOjE2MjA2OTcyNTUsImlhdCI6MTYxODEwNTI1NX0.HFkCOFutEE4-qUS7HdJPSJIDnaEwapkW8n38_kh9bqYEwllsXCkJJAMpgla2nReluzLgWZRBlMvzuboKykvSjg; SESSION=73dd8e17-5128-40a3-b908-5e0ea46bae49; user_persistence=ed543ec9-acb1-4a68-8db9-37bc0f94978e"
}
cookies  : {
    "Jwt-Token": "eyJ0eXAiOiJKV1QiLCJhbGciOiJIUzUxMiJ9.eyJhcHAiOiJtdWJ1Iiwic3ViIjoiMTE2MjM5NTEiLCJleHAiOjE2MjA2OTcyNTUsImlhdCI6MTYxODEwNTI1NX0.HFkCOFutEE4-qUS7HdJPSJIDnaEwapkW8n38_kh9bqYEwllsXCkJJAMpgla2nReluzLgWZRBlMvzuboKykvSjg",
    "SESSION": "73dd8e17-5128-40a3-b908-5e0ea46bae49",
    "user_persistence": "ed543ec9-acb1-4a68-8db9-37bc0f94978e"
}
body     : {
    "folderId": "0",
    "type": 0
}

2021-04-11 09:52:35.236 | DEBUG    | httprunner.client:log_print:40 - 
================== response details ==================
status_code : 200
headers  : {
    "Server": "Tengine",
    "Content-Type": "application/json;charset=UTF-8",
    "Transfer-Encoding": "chunked",
    "Connection": "keep-alive",
    "Date": "Sun, 11 Apr 2021 01:40:57 GMT",
    "Vary": "Accept-Encoding",
    "Access-Control-Allow-Origin": "*",
    "Access-Control-Allow-Methods": "POST,GET,OPTIONS,DELETE,HEAD,PUT",
    "Access-Control-Max-Age": "86400",
    "Access-Control-Allow-Credentials": "true",
    "Access-Control-Allow-Headers": "X-request-Id,x-requested-with,jwt-token,request-id,member-id,Content-Type,X-FILENAME,data-unique-id,AB-Server-Version,Device-Id,token,Channel-Id,channel,system,platform,Channel-Name,version,mubu-app,mubu-desktop,Checksum,user-agent,Origin,Accept",
    "X-Application-Context": "mubu.biz.openapi:online.cn:9242",
    "X-Tt-Logid": "202104110940570101501400474317432E",
    "X-Agw-Info": "B8wtTneMKuBOsJq3qfpfe-rsEZxj-G7lPPq7Nxtip9YkPEU8ul3HpxseYWid5zdb3Ws3TZS1ZVv7-kihZf7bGJqWV1Rh255kbCqYJ1TDMH1-Halt9WO0_8NmCskJTM0A3UdUYEL3ENkYtvZDplSEQpGkVL_ENOj6fkNn",
    "X-TRANS-LEVEL": "0",
    "Server-Timing": "inner; dur=40, tt_agw; dur=38",
    "x-tt-trace-host": "01cce5008b698dfae3e6e62b2b2d9b8f13bbb6ad5b67b5484ee9541d4be96fbbea6b8e84f594de8c8f2831f9885e69b8027fc321d3a8d3a5c6059508f32166aeedb22013e0540174f4f60572a147bad889",
    "x-tt-trace-tag": "id=3;cdn-cache=miss",
    "X-TT-TIMESTAMP": "1618105257.415",
    "Content-Encoding": "gzip",
    "Via": "cache47.l2ea120-6[117,0], vcache6.cn2543[146,0]",
    "Timing-Allow-Origin": "*",
    "EagleId": "6f13e91a16181052573042825e"
}
cookies  : {}
encoding : UTF-8
content_type : application/json;charset=UTF-8
body     : {
    "code": 0,
    "data": {
        "id": "5BoZRcILzv_"
    }
}

2021-04-11 09:52:35.236 | INFO     | httprunner.client:request:217 - status_code: 200, response_time(ms): 159.94 ms, response_length: 0 bytes
2021-04-11 09:52:35.241 | INFO     | httprunner.response:extract:176 - extract mapping: {'docId': '5BoZRcILzv_'}
2021-04-11 09:52:35.241 | INFO     | httprunner.response:validate:246 - assert status_code equal 200(int)	==> pass
2021-04-11 09:52:35.246 | INFO     | httprunner.response:validate:246 - assert headers."Content-Type" equal application/json;charset=UTF-8(str)	==> pass
2021-04-11 09:52:35.251 | INFO     | httprunner.response:validate:246 - assert body.code equal 0(int)	==> pass
2021-04-11 09:52:35.251 | INFO     | httprunner.runner:__run_step:304 - run step end: /v3/api/list/create_doc <<<<<<

2021-04-11 09:52:35.255 | INFO     | httprunner.runner:__run_step:292 - run step begin: /v3/api/list/item_count >>>>>>
2021-04-11 09:52:35.398 | DEBUG    | httprunner.client:request:186 - client IP: 192.168.1.7, Port: 61647
2021-04-11 09:52:35.401 | DEBUG    | httprunner.client:request:194 - server IP: 111.19.233.248, Port: 443
2021-04-11 09:52:35.405 | DEBUG    | httprunner.client:log_print:40 - 
================== request details ==================
method   : POST
url      : https://api2.mubu.com/v3/api/list/item_count
headers  : {
    "User-Agent": "HttpRunner/3.1.4",
    "Accept-Encoding": "gzip, deflate, br",
    "Accept": "application/json, text/plain, */*",
    "Connection": "keep-alive",
    "host1": "api2.mubu.com",
    "Content-Length": "33",
    "Jwt-Token": "eyJ0eXAiOiJKV1QiLCJhbGciOiJIUzUxMiJ9.eyJhcHAiOiJtdWJ1Iiwic3ViIjoiMTE2MjM5NTEiLCJleHAiOjE2MjA2MTMxMTEsImlhdCI6MTYxODAyMTExMX0.vb25B05BHW2VyNB6tlW58F3eVkKnnoQXvc7H-XZIt2jfFisYO4N5NPYAMLT4b5-4XVyIIDcsqaMW5i_OD9Ahyw",
    "Content-Type": "application/json;charset=UTF-8",
    "data-unique-id": "5af8ec14-0e06-45fb-948e-5852d15f593a",
    "x-request-id": "3a0c7ad0-02a6-40b1-b65a-d246fc1397b3",
    "version": "3.0.0.21328",
    "Origin": "https://mubu.com",
    "Sec-Fetch-Site": "same-site",
    "Sec-Fetch-Mode": "cors",
    "Sec-Fetch-Dest": "empty",
    "Referer": "https://mubu.com/",
    "Accept-Language": "zh-CN,zh;q=0.9",
    "HRUN-Request-ID": "HRUN-854d32a1-0593-4ce8-a8d9-0d35114ab738-955261",
    "Cookie": "Jwt-Token=eyJ0eXAiOiJKV1QiLCJhbGciOiJIUzUxMiJ9.eyJhcHAiOiJtdWJ1Iiwic3ViIjoiMTE2MjM5NTEiLCJleHAiOjE2MjA2OTcyNTUsImlhdCI6MTYxODEwNTI1NX0.HFkCOFutEE4-qUS7HdJPSJIDnaEwapkW8n38_kh9bqYEwllsXCkJJAMpgla2nReluzLgWZRBlMvzuboKykvSjg; SESSION=73dd8e17-5128-40a3-b908-5e0ea46bae49; user_persistence=ed543ec9-acb1-4a68-8db9-37bc0f94978e"
}
cookies  : {
    "Jwt-Token": "eyJ0eXAiOiJKV1QiLCJhbGciOiJIUzUxMiJ9.eyJhcHAiOiJtdWJ1Iiwic3ViIjoiMTE2MjM5NTEiLCJleHAiOjE2MjA2OTcyNTUsImlhdCI6MTYxODEwNTI1NX0.HFkCOFutEE4-qUS7HdJPSJIDnaEwapkW8n38_kh9bqYEwllsXCkJJAMpgla2nReluzLgWZRBlMvzuboKykvSjg",
    "SESSION": "73dd8e17-5128-40a3-b908-5e0ea46bae49",
    "user_persistence": "ed543ec9-acb1-4a68-8db9-37bc0f94978e"
}
body     : {
    "folderId": 0,
    "source": "home"
}

2021-04-11 09:52:35.411 | DEBUG    | httprunner.client:log_print:40 - 
================== response details ==================
status_code : 200
headers  : {
    "Server": "Tengine",
    "Content-Type": "application/json;charset=UTF-8",
    "Transfer-Encoding": "chunked",
    "Connection": "keep-alive",
    "Date": "Sun, 11 Apr 2021 01:40:57 GMT",
    "Vary": "Accept-Encoding",
    "Access-Control-Allow-Origin": "*",
    "Access-Control-Allow-Methods": "POST,GET,OPTIONS,DELETE,HEAD,PUT",
    "Access-Control-Max-Age": "86400",
    "Access-Control-Allow-Credentials": "true",
    "Access-Control-Allow-Headers": "X-request-Id,x-requested-with,jwt-token,request-id,member-id,Content-Type,X-FILENAME,data-unique-id,AB-Server-Version,Device-Id,token,Channel-Id,channel,system,platform,Channel-Name,version,mubu-app,mubu-desktop,Checksum,user-agent,Origin,Accept",
    "X-Application-Context": "mubu.biz.openapi:online.cn:9487",
    "X-Tt-Logid": "202104110940570101501320842C16FAEF",
    "X-Agw-Info": "xE3VWwRRfGkgo3PseYUfyVx70WetlGO0MimyBBwA2hFfJR9iq7nWH31qZis5Cle0d8V-xUtpXa2DCoOMGOZvihVV17BF5YqF91WdZg2nsCxuq_fANEyO-LfTMHReLl-9hMU9zKkAsZ7jGXJ4r4FFUXcytdwkqmnaa-b3",
    "X-TRANS-LEVEL": "0",
    "Server-Timing": "inner; dur=12, tt_agw; dur=10",
    "x-tt-trace-host": "01cce5008b698dfae3e6e62b2b2d9b8f1356775c5cc3eac381a9ed2ba9049a059c94f3c98574a420d757afb81d62aeb04d8e336a3d4834a87fb75e384fa5c194f7dd36038a2c4659b27e4c0eec44fb22b1",
    "x-tt-trace-tag": "id=3;cdn-cache=miss",
    "X-TT-TIMESTAMP": "1618105257.591",
    "Content-Encoding": "gzip",
    "Via": "cache10.l2ea120-6[95,0], vcache6.cn2543[123,0]",
    "Timing-Allow-Origin": "*",
    "EagleId": "6f13e91a16181052575043131e"
}
cookies  : {}
encoding : UTF-8
content_type : application/json;charset=UTF-8
body     : {
    "code": 0,
    "data": {
        "folder": {},
        "doc": {}
    }
}

2021-04-11 09:52:35.411 | INFO     | httprunner.client:request:217 - status_code: 200, response_time(ms): 137.33 ms, response_length: 0 bytes
2021-04-11 09:52:35.411 | INFO     | httprunner.response:validate:246 - assert status_code equal 200(int)	==> pass
2021-04-11 09:52:35.421 | INFO     | httprunner.response:validate:246 - assert headers."Content-Type" equal application/json;charset=UTF-8(str)	==> pass
2021-04-11 09:52:35.421 | INFO     | httprunner.response:validate:246 - assert body.code equal 0(int)	==> pass
2021-04-11 09:52:35.421 | INFO     | httprunner.runner:__run_step:304 - run step end: /v3/api/list/item_count <<<<<<

2021-04-11 09:52:35.421 | INFO     | httprunner.runner:__run_step:292 - run step begin: /v3/api/user/current_level >>>>>>
2021-04-11 09:52:35.471 | DEBUG    | httprunner.client:request:186 - client IP: 192.168.1.7, Port: 61647
2021-04-11 09:52:35.481 | DEBUG    | httprunner.client:request:194 - server IP: 111.19.233.248, Port: 443
2021-04-11 09:52:35.486 | DEBUG    | httprunner.client:log_print:40 - 
================== request details ==================
method   : POST
url      : https://api2.mubu.com/v3/api/user/current_level
headers  : {
    "User-Agent": "HttpRunner/3.1.4",
    "Accept-Encoding": "gzip, deflate, br",
    "Accept": "application/json, text/plain, */*",
    "Connection": "keep-alive",
    "host1": "api2.mubu.com",
    "Content-Length": "30",
    "Jwt-Token": "eyJ0eXAiOiJKV1QiLCJhbGciOiJIUzUxMiJ9.eyJhcHAiOiJtdWJ1Iiwic3ViIjoiMTE2MjM5NTEiLCJleHAiOjE2MjA2MTMxMTEsImlhdCI6MTYxODAyMTExMX0.vb25B05BHW2VyNB6tlW58F3eVkKnnoQXvc7H-XZIt2jfFisYO4N5NPYAMLT4b5-4XVyIIDcsqaMW5i_OD9Ahyw",
    "Content-Type": "application/json;charset=UTF-8",
    "data-unique-id": "5af8ec14-0e06-45fb-948e-5852d15f593a",
    "x-request-id": "090dd6da-e498-4ead-8dd6-199dc9409fef",
    "version": "3.0.0.21328",
    "Origin": "https://mubu.com",
    "Sec-Fetch-Site": "same-site",
    "Sec-Fetch-Mode": "cors",
    "Sec-Fetch-Dest": "empty",
    "Referer": "https://mubu.com/",
    "Accept-Language": "zh-CN,zh;q=0.9",
    "HRUN-Request-ID": "HRUN-854d32a1-0593-4ce8-a8d9-0d35114ab738-955421",
    "Cookie": "Jwt-Token=eyJ0eXAiOiJKV1QiLCJhbGciOiJIUzUxMiJ9.eyJhcHAiOiJtdWJ1Iiwic3ViIjoiMTE2MjM5NTEiLCJleHAiOjE2MjA2OTcyNTUsImlhdCI6MTYxODEwNTI1NX0.HFkCOFutEE4-qUS7HdJPSJIDnaEwapkW8n38_kh9bqYEwllsXCkJJAMpgla2nReluzLgWZRBlMvzuboKykvSjg; SESSION=73dd8e17-5128-40a3-b908-5e0ea46bae49; user_persistence=ed543ec9-acb1-4a68-8db9-37bc0f94978e"
}
cookies  : {
    "Jwt-Token": "eyJ0eXAiOiJKV1QiLCJhbGciOiJIUzUxMiJ9.eyJhcHAiOiJtdWJ1Iiwic3ViIjoiMTE2MjM5NTEiLCJleHAiOjE2MjA2OTcyNTUsImlhdCI6MTYxODEwNTI1NX0.HFkCOFutEE4-qUS7HdJPSJIDnaEwapkW8n38_kh9bqYEwllsXCkJJAMpgla2nReluzLgWZRBlMvzuboKykvSjg",
    "SESSION": "73dd8e17-5128-40a3-b908-5e0ea46bae49",
    "user_persistence": "ed543ec9-acb1-4a68-8db9-37bc0f94978e"
}
body     : {
    "document_id": "5BoZRcILzv_"
}

2021-04-11 09:52:35.491 | DEBUG    | httprunner.client:log_print:40 - 
================== response details ==================
status_code : 200
headers  : {
    "Server": "Tengine",
    "Content-Type": "application/json;charset=UTF-8",
    "Transfer-Encoding": "chunked",
    "Connection": "keep-alive",
    "Date": "Sun, 11 Apr 2021 01:40:57 GMT",
    "Vary": "Accept-Encoding",
    "Access-Control-Allow-Origin": "*",
    "Access-Control-Allow-Methods": "POST,GET,OPTIONS,DELETE,HEAD,PUT",
    "Access-Control-Max-Age": "86400",
    "Access-Control-Allow-Credentials": "true",
    "Access-Control-Allow-Headers": "X-request-Id,x-requested-with,jwt-token,request-id,member-id,Content-Type,X-FILENAME,data-unique-id,AB-Server-Version,Device-Id,token,Channel-Id,channel,system,platform,Channel-Name,version,mubu-app,mubu-desktop,Checksum,user-agent,Origin,Accept",
    "X-Application-Context": "mubu.biz.openapi:online.cn:9317",
    "X-Tt-Logid": "20210411094057010204027078194779A4",
    "X-Agw-Info": "Haec3ztEHQYX5kdCs3yLgpaIMah6q0vNvivfjMUr9v5kDmoD90CQpztIjr5oQewu6nPTewLMOeeVxA0q6PNXc_STA_w-EP24gu1Es8ymcaOMPTWSE62k9-GcWMN8UqfvpjwIqtX8M-irzRvOqebSlYtmcWFQnTr9xDfQ",
    "X-TRANS-LEVEL": "0",
    "Server-Timing": "inner; dur=13, tt_agw; dur=11",
    "x-tt-trace-host": "0117c27e7cbf31ce1b980736037cd8eaea24f451ba83d7577293094283e8ce1ecdad70f3798ff3845b3ef961423955d2f6a0cc92db082a5953454fff1140de90a560f76bfcde2a0401b07f2fddf1dc4f7d",
    "x-tt-trace-tag": "id=3;cdn-cache=miss",
    "X-TT-TIMESTAMP": "1618105257.694",
    "Content-Encoding": "gzip",
    "Via": "vcache6.cn2543[38,0]",
    "Timing-Allow-Origin": "*",
    "EagleId": "6f13e91a16181052576683375e"
}
cookies  : {}
encoding : UTF-8
content_type : application/json;charset=UTF-8
body     : {
    "code": 0,
    "data": {
        "level": 1,
        "name": "\u5e55\u5e03\u7528\u623748231216",
        "id": 11623951
    }
}

2021-04-11 09:52:35.496 | INFO     | httprunner.client:request:217 - status_code: 200, response_time(ms): 49.98 ms, response_length: 0 bytes
2021-04-11 09:52:35.498 | INFO     | httprunner.response:validate:246 - assert status_code equal 200(int)	==> pass
2021-04-11 09:52:35.501 | INFO     | httprunner.response:validate:246 - assert headers."Content-Type" equal application/json;charset=UTF-8(str)	==> pass
2021-04-11 09:52:35.501 | INFO     | httprunner.response:validate:246 - assert body.code equal 0(int)	==> pass
2021-04-11 09:52:35.506 | INFO     | httprunner.runner:__run_step:304 - run step end: /v3/api/user/current_level <<<<<<

2021-04-11 09:52:35.511 | INFO     | httprunner.runner:__run_step:292 - run step begin: /v3/api/document/edit/get >>>>>>
2021-04-11 09:52:35.598 | DEBUG    | httprunner.client:request:186 - client IP: 192.168.1.7, Port: 61647
2021-04-11 09:52:35.601 | DEBUG    | httprunner.client:request:194 - server IP: 111.19.233.248, Port: 443
2021-04-11 09:52:35.606 | DEBUG    | httprunner.client:log_print:40 - 
================== request details ==================
method   : POST
url      : https://api2.mubu.com/v3/api/document/edit/get
headers  : {
    "User-Agent": "HttpRunner/3.1.4",
    "Accept-Encoding": "gzip, deflate, br",
    "Accept": "application/json, text/plain, */*",
    "Connection": "keep-alive",
    "host1": "api2.mubu.com",
    "Content-Length": "40",
    "Jwt-Token": "eyJ0eXAiOiJKV1QiLCJhbGciOiJIUzUxMiJ9.eyJhcHAiOiJtdWJ1Iiwic3ViIjoiMTE2MjM5NTEiLCJleHAiOjE2MjA2MTMxMTEsImlhdCI6MTYxODAyMTExMX0.vb25B05BHW2VyNB6tlW58F3eVkKnnoQXvc7H-XZIt2jfFisYO4N5NPYAMLT4b5-4XVyIIDcsqaMW5i_OD9Ahyw",
    "Content-Type": "application/json;charset=UTF-8",
    "data-unique-id": "5af8ec14-0e06-45fb-948e-5852d15f593a",
    "x-request-id": "eb0dd6dd-4bbc-4448-9308-f4074a21dc70",
    "version": "3.0.0.21328",
    "Origin": "https://mubu.com",
    "Sec-Fetch-Site": "same-site",
    "Sec-Fetch-Mode": "cors",
    "Sec-Fetch-Dest": "empty",
    "Referer": "https://mubu.com/",
    "Accept-Language": "zh-CN,zh;q=0.9",
    "HRUN-Request-ID": "HRUN-854d32a1-0593-4ce8-a8d9-0d35114ab738-955511",
    "Cookie": "Jwt-Token=eyJ0eXAiOiJKV1QiLCJhbGciOiJIUzUxMiJ9.eyJhcHAiOiJtdWJ1Iiwic3ViIjoiMTE2MjM5NTEiLCJleHAiOjE2MjA2OTcyNTUsImlhdCI6MTYxODEwNTI1NX0.HFkCOFutEE4-qUS7HdJPSJIDnaEwapkW8n38_kh9bqYEwllsXCkJJAMpgla2nReluzLgWZRBlMvzuboKykvSjg; SESSION=73dd8e17-5128-40a3-b908-5e0ea46bae49; user_persistence=ed543ec9-acb1-4a68-8db9-37bc0f94978e"
}
cookies  : {
    "Jwt-Token": "eyJ0eXAiOiJKV1QiLCJhbGciOiJIUzUxMiJ9.eyJhcHAiOiJtdWJ1Iiwic3ViIjoiMTE2MjM5NTEiLCJleHAiOjE2MjA2OTcyNTUsImlhdCI6MTYxODEwNTI1NX0.HFkCOFutEE4-qUS7HdJPSJIDnaEwapkW8n38_kh9bqYEwllsXCkJJAMpgla2nReluzLgWZRBlMvzuboKykvSjg",
    "SESSION": "73dd8e17-5128-40a3-b908-5e0ea46bae49",
    "user_persistence": "ed543ec9-acb1-4a68-8db9-37bc0f94978e"
}
body     : {
    "docId": "5BoZRcILzv_",
    "password": ""
}

2021-04-11 09:52:35.610 | DEBUG    | httprunner.client:log_print:40 - 
================== response details ==================
status_code : 200
headers  : {
    "Server": "Tengine",
    "Content-Type": "application/json;charset=UTF-8",
    "Transfer-Encoding": "chunked",
    "Connection": "keep-alive",
    "Date": "Sun, 11 Apr 2021 01:40:57 GMT",
    "Vary": "Accept-Encoding",
    "Access-Control-Allow-Origin": "*",
    "Access-Control-Allow-Methods": "POST,GET,OPTIONS,DELETE,HEAD,PUT",
    "Access-Control-Max-Age": "86400",
    "Access-Control-Allow-Credentials": "true",
    "Access-Control-Allow-Headers": "X-request-Id,x-requested-with,jwt-token,request-id,member-id,Content-Type,X-FILENAME,data-unique-id,AB-Server-Version,Device-Id,token,Channel-Id,channel,system,platform,Channel-Name,version,mubu-app,mubu-desktop,Checksum,user-agent,Origin,Accept",
    "X-Application-Context": "mubu.biz.openapi:online.cn:9452",
    "X-Tt-Logid": "20210411094057010212170098114794E5",
    "X-Agw-Info": "Z5tqO8N5JWAwOhFiLwEWKh8IDCC4zqG15PMYUnXC9f9JXdiFq0J8tWBAGYhmmoxXXCt0g0p8eeycXhiZ2TjZW98qAdA6Uy7cbo2a-whAyvessBdZyfu5lwLnjbIsNJtVl71qCK5yGeVkpk0tnVdDekmaVfkt7e2YvLon",
    "X-TRANS-LEVEL": "0",
    "Server-Timing": "inner; dur=13, tt_agw; dur=12",
    "x-tt-trace-host": "0117c27e7cbf31ce1b980736037cd8eaea24f451ba83d7577293094283e8ce1ecde1a1bcb1380070cf2d82bd71cd25a62cb01976ec994e71a69d462eb8f0f37ecbee1ed4fd751bf325222dfd359b017841",
    "x-tt-trace-tag": "id=3;cdn-cache=miss",
    "X-TT-TIMESTAMP": "1618105257.812",
    "Content-Encoding": "gzip",
    "Via": "vcache6.cn2543[68,0]",
    "Timing-Allow-Origin": "*",
    "EagleId": "6f13e91a16181052577593508e"
}
cookies  : {}
encoding : UTF-8
content_type : application/json;charset=UTF-8
body     : {
    "code": 0,
    "data": {
        "role": 31,
        "baseVersion": 0,
        "name": "",
        "definition": "{}",
        "directory": []
    }
}

2021-04-11 09:52:35.615 | INFO     | httprunner.client:request:217 - status_code: 200, response_time(ms): 87.47 ms, response_length: 0 bytes
2021-04-11 09:52:35.615 | INFO     | httprunner.response:validate:246 - assert status_code equal 200(int)	==> pass
2021-04-11 09:52:35.621 | INFO     | httprunner.response:validate:246 - assert headers."Content-Type" equal application/json;charset=UTF-8(str)	==> pass
2021-04-11 09:52:35.626 | INFO     | httprunner.response:validate:246 - assert body.code equal 0(int)	==> pass
2021-04-11 09:52:35.626 | INFO     | httprunner.runner:__run_step:304 - run step end: /v3/api/document/edit/get <<<<<<

2021-04-11 09:52:35.631 | INFO     | httprunner.runner:__run_step:292 - run step begin: /v3/api/refer/doc/list >>>>>>
2021-04-11 09:52:35.741 | DEBUG    | httprunner.client:request:186 - client IP: 192.168.1.7, Port: 61647
2021-04-11 09:52:35.741 | DEBUG    | httprunner.client:request:194 - server IP: 111.19.233.248, Port: 443
2021-04-11 09:52:35.746 | DEBUG    | httprunner.client:log_print:40 - 
================== request details ==================
method   : POST
url      : https://api2.mubu.com/v3/api/refer/doc/list
headers  : {
    "User-Agent": "HttpRunner/3.1.4",
    "Accept-Encoding": "gzip, deflate, br",
    "Accept": "application/json, text/plain, */*",
    "Connection": "keep-alive",
    "host1": "api2.mubu.com",
    "Content-Length": "30",
    "Jwt-Token": "eyJ0eXAiOiJKV1QiLCJhbGciOiJIUzUxMiJ9.eyJhcHAiOiJtdWJ1Iiwic3ViIjoiMTE2MjM5NTEiLCJleHAiOjE2MjA2MTMxMTEsImlhdCI6MTYxODAyMTExMX0.vb25B05BHW2VyNB6tlW58F3eVkKnnoQXvc7H-XZIt2jfFisYO4N5NPYAMLT4b5-4XVyIIDcsqaMW5i_OD9Ahyw",
    "data-unique-id": "5af8ec14-0e06-45fb-948e-5852d15f593a",
    "x-request-id": "9f13e0bc-5b86-443d-adab-de64054e561f",
    "Content-Type": "application/json;charset=UTF-8",
    "Origin": "https://mubu.com",
    "Sec-Fetch-Site": "same-site",
    "Sec-Fetch-Mode": "cors",
    "Sec-Fetch-Dest": "empty",
    "Referer": "https://mubu.com/",
    "Accept-Language": "zh-CN,zh;q=0.9",
    "HRUN-Request-ID": "HRUN-854d32a1-0593-4ce8-a8d9-0d35114ab738-955631",
    "Cookie": "Jwt-Token=eyJ0eXAiOiJKV1QiLCJhbGciOiJIUzUxMiJ9.eyJhcHAiOiJtdWJ1Iiwic3ViIjoiMTE2MjM5NTEiLCJleHAiOjE2MjA2OTcyNTUsImlhdCI6MTYxODEwNTI1NX0.HFkCOFutEE4-qUS7HdJPSJIDnaEwapkW8n38_kh9bqYEwllsXCkJJAMpgla2nReluzLgWZRBlMvzuboKykvSjg; SESSION=73dd8e17-5128-40a3-b908-5e0ea46bae49; user_persistence=ed543ec9-acb1-4a68-8db9-37bc0f94978e"
}
cookies  : {
    "Jwt-Token": "eyJ0eXAiOiJKV1QiLCJhbGciOiJIUzUxMiJ9.eyJhcHAiOiJtdWJ1Iiwic3ViIjoiMTE2MjM5NTEiLCJleHAiOjE2MjA2OTcyNTUsImlhdCI6MTYxODEwNTI1NX0.HFkCOFutEE4-qUS7HdJPSJIDnaEwapkW8n38_kh9bqYEwllsXCkJJAMpgla2nReluzLgWZRBlMvzuboKykvSjg",
    "SESSION": "73dd8e17-5128-40a3-b908-5e0ea46bae49",
    "user_persistence": "ed543ec9-acb1-4a68-8db9-37bc0f94978e"
}
body     : {
    "targetDocId": "5BoZRcILzv_"
}

2021-04-11 09:52:35.751 | DEBUG    | httprunner.client:log_print:40 - 
================== response details ==================
status_code : 200
headers  : {
    "Server": "Tengine",
    "Content-Type": "application/json;charset=UTF-8",
    "Transfer-Encoding": "chunked",
    "Connection": "keep-alive",
    "Date": "Sun, 11 Apr 2021 01:40:57 GMT",
    "Vary": "Accept-Encoding",
    "Access-Control-Allow-Origin": "*",
    "Access-Control-Allow-Methods": "POST,GET,OPTIONS,DELETE,HEAD,PUT",
    "Access-Control-Max-Age": "86400",
    "Access-Control-Allow-Credentials": "true",
    "Access-Control-Allow-Headers": "X-request-Id,x-requested-with,jwt-token,request-id,member-id,Content-Type,X-FILENAME,data-unique-id,AB-Server-Version,Device-Id,token,Channel-Id,channel,system,platform,Channel-Name,version,mubu-app,mubu-desktop,Checksum,user-agent,Origin,Accept",
    "X-Application-Context": "mubu.biz.openapi:online.cn:9403",
    "X-Tt-Logid": "202104110940570101511431454716EA61",
    "X-Agw-Info": "p4ojxcMjR_OdrUgzHOn_DewlP8-u1iiH8ChFjc6Z5uhJA7a8VFFDYBCvEESIU8F7wsH6LQDcSzlX64Q4vh5dxLM01I2T1sfNdRZvXRWDjpD-b4GYf0YQNBU7GhJcGpef4-p0FIm4K9qnLU_JgkFY4Q386lrnsUQXaBOy",
    "X-TRANS-LEVEL": "0",
    "Server-Timing": "inner; dur=14, tt_agw; dur=11",
    "x-tt-trace-host": "0117c27e7cbf31ce1b980736037cd8eaea24f451ba83d7577293094283e8ce1ecd99de181a908b2efe0f2135e7481a209a8d2dd82058ece52fc20ee9030c242f6a1b7336cfcd41e67cb1f8b19a19e83ee2",
    "x-tt-trace-tag": "id=3;cdn-cache=miss",
    "X-TT-TIMESTAMP": "1618105257.950",
    "Content-Encoding": "gzip",
    "Via": "vcache6.cn2543[97,0]",
    "Timing-Allow-Origin": "*",
    "EagleId": "6f13e91a16181052578733675e"
}
cookies  : {}
encoding : UTF-8
content_type : application/json;charset=UTF-8
body     : {
    "code": 0,
    "data": {
        "list": []
    }
}

2021-04-11 09:52:35.751 | INFO     | httprunner.client:request:217 - status_code: 200, response_time(ms): 110.09 ms, response_length: 0 bytes
2021-04-11 09:52:35.761 | INFO     | httprunner.response:validate:246 - assert status_code equal 200(int)	==> pass
2021-04-11 09:52:35.761 | INFO     | httprunner.response:validate:246 - assert headers."Content-Type" equal application/json;charset=UTF-8(str)	==> pass
2021-04-11 09:52:35.766 | INFO     | httprunner.response:validate:246 - assert body.code equal 0(int)	==> pass
2021-04-11 09:52:35.766 | INFO     | httprunner.runner:__run_step:304 - run step end: /v3/api/refer/doc/list <<<<<<

2021-04-11 09:52:35.771 | INFO     | httprunner.runner:__run_step:292 - run step begin: /v3/api/colla/register >>>>>>
2021-04-11 09:52:35.861 | DEBUG    | httprunner.client:request:186 - client IP: 192.168.1.7, Port: 61647
2021-04-11 09:52:35.861 | DEBUG    | httprunner.client:request:194 - server IP: 111.19.233.248, Port: 443
2021-04-11 09:52:35.871 | DEBUG    | httprunner.client:log_print:40 - 
================== request details ==================
method   : GET
url      : https://api2.mubu.com/v3/api/colla/register
headers  : {
    "User-Agent": "HttpRunner/3.1.4",
    "Accept-Encoding": "gzip, deflate, br",
    "Accept": "application/json, text/plain, */*",
    "Connection": "keep-alive",
    "host1": "api2.mubu.com",
    "Jwt-Token": "eyJ0eXAiOiJKV1QiLCJhbGciOiJIUzUxMiJ9.eyJhcHAiOiJtdWJ1Iiwic3ViIjoiMTE2MjM5NTEiLCJleHAiOjE2MjA2MTMxMTEsImlhdCI6MTYxODAyMTExMX0.vb25B05BHW2VyNB6tlW58F3eVkKnnoQXvc7H-XZIt2jfFisYO4N5NPYAMLT4b5-4XVyIIDcsqaMW5i_OD9Ahyw",
    "data-unique-id": "5af8ec14-0e06-45fb-948e-5852d15f593a",
    "x-request-id": "93ec8a43-7dc0-41a0-b0b5-5fa46ef6e422",
    "Origin": "https://mubu.com",
    "Sec-Fetch-Site": "same-site",
    "Sec-Fetch-Mode": "cors",
    "Sec-Fetch-Dest": "empty",
    "Referer": "https://mubu.com/",
    "Accept-Language": "zh-CN,zh;q=0.9",
    "HRUN-Request-ID": "HRUN-854d32a1-0593-4ce8-a8d9-0d35114ab738-955771",
    "Cookie": "Jwt-Token=eyJ0eXAiOiJKV1QiLCJhbGciOiJIUzUxMiJ9.eyJhcHAiOiJtdWJ1Iiwic3ViIjoiMTE2MjM5NTEiLCJleHAiOjE2MjA2OTcyNTUsImlhdCI6MTYxODEwNTI1NX0.HFkCOFutEE4-qUS7HdJPSJIDnaEwapkW8n38_kh9bqYEwllsXCkJJAMpgla2nReluzLgWZRBlMvzuboKykvSjg; SESSION=73dd8e17-5128-40a3-b908-5e0ea46bae49; user_persistence=ed543ec9-acb1-4a68-8db9-37bc0f94978e"
}
cookies  : {
    "Jwt-Token": "eyJ0eXAiOiJKV1QiLCJhbGciOiJIUzUxMiJ9.eyJhcHAiOiJtdWJ1Iiwic3ViIjoiMTE2MjM5NTEiLCJleHAiOjE2MjA2OTcyNTUsImlhdCI6MTYxODEwNTI1NX0.HFkCOFutEE4-qUS7HdJPSJIDnaEwapkW8n38_kh9bqYEwllsXCkJJAMpgla2nReluzLgWZRBlMvzuboKykvSjg",
    "SESSION": "73dd8e17-5128-40a3-b908-5e0ea46bae49",
    "user_persistence": "ed543ec9-acb1-4a68-8db9-37bc0f94978e"
}
body     : None

2021-04-11 09:52:35.876 | DEBUG    | httprunner.client:log_print:40 - 
================== response details ==================
status_code : 200
headers  : {
    "Server": "Tengine",
    "Content-Type": "application/json;charset=UTF-8",
    "Transfer-Encoding": "chunked",
    "Connection": "keep-alive",
    "Date": "Sun, 11 Apr 2021 01:40:58 GMT",
    "Vary": "Accept-Encoding",
    "Access-Control-Allow-Origin": "*",
    "Access-Control-Allow-Methods": "POST,GET,OPTIONS,DELETE,HEAD,PUT",
    "Access-Control-Max-Age": "86400",
    "Access-Control-Allow-Credentials": "true",
    "Access-Control-Allow-Headers": "X-request-Id,x-requested-with,jwt-token,request-id,member-id,Content-Type,X-FILENAME,data-unique-id,AB-Server-Version,Device-Id,token,Channel-Id,channel,system,platform,Channel-Name,version,mubu-app,mubu-desktop,Checksum,user-agent,Origin,Accept",
    "X-Application-Context": "mubu.biz.openapi:online.cn:9355",
    "X-Tt-Logid": "2021041109405801015119503803171B55",
    "X-Agw-Info": "ymbE3ILoLD0W4D63IlcYLwYjdSCEYnFrCT_DAsg01d9RCg4Vuod69aaKZnRWRj6DVdfigh9oJUCBH01AqMc9aoNqLYQnwwxUsGKZ5FiKCC1AbD4DsKZUxIf7VYaRuPRVGWI5vfHpiv-aYn3sLV92wg2bsc4C1dfzFohk",
    "X-TRANS-LEVEL": "0",
    "Server-Timing": "inner; dur=8, tt_agw; dur=8",
    "x-tt-trace-host": "0117c27e7cbf31ce1b980736037cd8eaea24f451ba83d7577293094283e8ce1ecd16ed87ecee662be2f3e94f2782c1a09177970bf8904296804cfa5f636b69492444a7dad100508108cf7acaba7a20d419",
    "x-tt-trace-tag": "id=3;cdn-cache=miss",
    "X-TT-TIMESTAMP": "1618105258.079",
    "Content-Encoding": "gzip",
    "Via": "vcache6.cn2543[73,0]",
    "Timing-Allow-Origin": "*",
    "EagleId": "6f13e91a16181052580203889e"
}
cookies  : {}
encoding : UTF-8
content_type : application/json;charset=UTF-8
body     : {
    "code": 0,
    "data": {
        "ticket": "b97f520f457a8291130329f34b232dee",
        "TTL": 604800
    }
}

2021-04-11 09:52:35.881 | INFO     | httprunner.client:request:217 - status_code: 200, response_time(ms): 90.15 ms, response_length: 0 bytes
2021-04-11 09:52:35.881 | INFO     | httprunner.response:validate:246 - assert status_code equal 200(int)	==> pass
2021-04-11 09:52:35.881 | INFO     | httprunner.response:validate:246 - assert headers."Content-Type" equal application/json;charset=UTF-8(str)	==> pass
2021-04-11 09:52:35.891 | INFO     | httprunner.response:validate:246 - assert body.code equal 0(int)	==> pass
2021-04-11 09:52:35.891 | INFO     | httprunner.runner:__run_step:304 - run step end: /v3/api/colla/register <<<<<<

2021-04-11 09:52:35.891 | INFO     | httprunner.runner:__run_step:292 - run step begin: /v3/api/refer/node/count >>>>>>
2021-04-11 09:52:35.963 | DEBUG    | httprunner.client:request:186 - client IP: 192.168.1.7, Port: 61647
2021-04-11 09:52:35.967 | DEBUG    | httprunner.client:request:194 - server IP: 111.19.233.248, Port: 443
2021-04-11 09:52:35.972 | DEBUG    | httprunner.client:log_print:40 - 
================== request details ==================
method   : POST
url      : https://api2.mubu.com/v3/api/refer/node/count
headers  : {
    "User-Agent": "HttpRunner/3.1.4",
    "Accept-Encoding": "gzip, deflate, br",
    "Accept": "application/json, text/plain, */*",
    "Connection": "keep-alive",
    "host1": "api2.mubu.com",
    "Content-Length": "30",
    "Jwt-Token": "eyJ0eXAiOiJKV1QiLCJhbGciOiJIUzUxMiJ9.eyJhcHAiOiJtdWJ1Iiwic3ViIjoiMTE2MjM5NTEiLCJleHAiOjE2MjA2MTMxMTEsImlhdCI6MTYxODAyMTExMX0.vb25B05BHW2VyNB6tlW58F3eVkKnnoQXvc7H-XZIt2jfFisYO4N5NPYAMLT4b5-4XVyIIDcsqaMW5i_OD9Ahyw",
    "Content-Type": "application/json;charset=UTF-8",
    "data-unique-id": "5af8ec14-0e06-45fb-948e-5852d15f593a",
    "x-request-id": "8fd957bc-85d7-487c-975a-8c880ce54497",
    "version": "3.0.0.21328",
    "Origin": "https://mubu.com",
    "Sec-Fetch-Site": "same-site",
    "Sec-Fetch-Mode": "cors",
    "Sec-Fetch-Dest": "empty",
    "Referer": "https://mubu.com/",
    "Accept-Language": "zh-CN,zh;q=0.9",
    "HRUN-Request-ID": "HRUN-854d32a1-0593-4ce8-a8d9-0d35114ab738-955899",
    "Cookie": "Jwt-Token=eyJ0eXAiOiJKV1QiLCJhbGciOiJIUzUxMiJ9.eyJhcHAiOiJtdWJ1Iiwic3ViIjoiMTE2MjM5NTEiLCJleHAiOjE2MjA2OTcyNTUsImlhdCI6MTYxODEwNTI1NX0.HFkCOFutEE4-qUS7HdJPSJIDnaEwapkW8n38_kh9bqYEwllsXCkJJAMpgla2nReluzLgWZRBlMvzuboKykvSjg; SESSION=73dd8e17-5128-40a3-b908-5e0ea46bae49; user_persistence=ed543ec9-acb1-4a68-8db9-37bc0f94978e"
}
cookies  : {
    "Jwt-Token": "eyJ0eXAiOiJKV1QiLCJhbGciOiJIUzUxMiJ9.eyJhcHAiOiJtdWJ1Iiwic3ViIjoiMTE2MjM5NTEiLCJleHAiOjE2MjA2OTcyNTUsImlhdCI6MTYxODEwNTI1NX0.HFkCOFutEE4-qUS7HdJPSJIDnaEwapkW8n38_kh9bqYEwllsXCkJJAMpgla2nReluzLgWZRBlMvzuboKykvSjg",
    "SESSION": "73dd8e17-5128-40a3-b908-5e0ea46bae49",
    "user_persistence": "ed543ec9-acb1-4a68-8db9-37bc0f94978e"
}
body     : {
    "targetDocId": "5BoZRcILzv_"
}

2021-04-11 09:52:35.977 | DEBUG    | httprunner.client:log_print:40 - 
================== response details ==================
status_code : 200
headers  : {
    "Server": "Tengine",
    "Content-Type": "application/json;charset=UTF-8",
    "Transfer-Encoding": "chunked",
    "Connection": "keep-alive",
    "Date": "Sun, 11 Apr 2021 01:40:58 GMT",
    "Vary": "Accept-Encoding",
    "Access-Control-Allow-Origin": "*",
    "Access-Control-Allow-Methods": "POST,GET,OPTIONS,DELETE,HEAD,PUT",
    "Access-Control-Max-Age": "86400",
    "Access-Control-Allow-Credentials": "true",
    "Access-Control-Allow-Headers": "X-request-Id,x-requested-with,jwt-token,request-id,member-id,Content-Type,X-FILENAME,data-unique-id,AB-Server-Version,Device-Id,token,Channel-Id,channel,system,platform,Channel-Name,version,mubu-app,mubu-desktop,Checksum,user-agent,Origin,Accept",
    "X-Application-Context": "mubu.biz.openapi:online.cn:9452",
    "X-Tt-Logid": "202104110940580102040312025F4A38E1",
    "X-Agw-Info": "6TJY1tOsVF0hinWI1u5t6UXpcTlM-25KHoLC7H5ga8bF44ORaEQxU254aTLNf6GiDeZDsq8L3J7FsqcUh-saKZNf-nv1FOK3dwoQmHqL0r5hRkw_WnfYb748huiErPPDiArwqKfMujqgNlxbFJ8mxv9SoU12mO27uufk",
    "X-TRANS-LEVEL": "0",
    "Server-Timing": "inner; dur=10, tt_agw; dur=8",
    "x-tt-trace-host": "014a903e23e62e33f03c416fc5a381b96f81ade2a3c6bf8794c70e4bcc0d27163360edf9fc8e18ad7ec100bfe0984c266d4adada882db6dab0cb1d4de5bd7f217a507b89ca557f5074c0af60a6b2e080f3",
    "x-tt-trace-tag": "id=3;cdn-cache=miss",
    "X-TT-TIMESTAMP": "1618105258.176",
    "Content-Encoding": "gzip",
    "Via": "cache29.l2nu20-8[22,0], vcache6.cn2543[48,0]",
    "Timing-Allow-Origin": "*",
    "EagleId": "6f13e91a16181052581434097e"
}
cookies  : {}
encoding : UTF-8
content_type : application/json;charset=UTF-8
body     : {
    "code": 0,
    "data": {
        "countMap": {}
    }
}

2021-04-11 09:52:35.980 | INFO     | httprunner.client:request:217 - status_code: 200, response_time(ms): 61.78 ms, response_length: 0 bytes
2021-04-11 09:52:35.984 | INFO     | httprunner.response:validate:246 - assert status_code equal 200(int)	==> pass
2021-04-11 09:52:35.987 | INFO     | httprunner.response:validate:246 - assert headers."Content-Type" equal application/json;charset=UTF-8(str)	==> pass
2021-04-11 09:52:35.990 | INFO     | httprunner.response:validate:246 - assert body.code equal 0(int)	==> pass
2021-04-11 09:52:35.993 | INFO     | httprunner.runner:__run_step:304 - run step end: /v3/api/refer/node/count <<<<<<

2021-04-11 09:52:35.996 | INFO     | httprunner.runner:__run_step:292 - run step begin: /v3/api/colla/members >>>>>>
2021-04-11 09:52:36.054 | DEBUG    | httprunner.client:request:186 - client IP: 192.168.1.7, Port: 61647
2021-04-11 09:52:36.057 | DEBUG    | httprunner.client:request:194 - server IP: 111.19.233.248, Port: 443
2021-04-11 09:52:36.063 | DEBUG    | httprunner.client:log_print:40 - 
================== request details ==================
method   : OPTIONS
url      : https://api2.mubu.com/v3/api/colla/members?memberId=5242742441223623&documentId=5BoZRcILzv_
headers  : {
    "User-Agent": "HttpRunner/3.1.4",
    "Accept-Encoding": "gzip, deflate, br",
    "Accept": "*/*",
    "Connection": "keep-alive",
    "host1": "api2.mubu.com",
    "Access-Control-Request-Method": "GET",
    "Access-Control-Request-Headers": "data-unique-id,jwt-token,request-id,x-request-id",
    "Origin": "https://mubu.com",
    "Sec-Fetch-Mode": "cors",
    "Sec-Fetch-Site": "same-site",
    "Sec-Fetch-Dest": "empty",
    "Referer": "https://mubu.com/",
    "Accept-Language": "zh-CN,zh;q=0.9",
    "HRUN-Request-ID": "HRUN-854d32a1-0593-4ce8-a8d9-0d35114ab738-956000",
    "Cookie": "Jwt-Token=eyJ0eXAiOiJKV1QiLCJhbGciOiJIUzUxMiJ9.eyJhcHAiOiJtdWJ1Iiwic3ViIjoiMTE2MjM5NTEiLCJleHAiOjE2MjA2OTcyNTUsImlhdCI6MTYxODEwNTI1NX0.HFkCOFutEE4-qUS7HdJPSJIDnaEwapkW8n38_kh9bqYEwllsXCkJJAMpgla2nReluzLgWZRBlMvzuboKykvSjg; SESSION=73dd8e17-5128-40a3-b908-5e0ea46bae49; user_persistence=ed543ec9-acb1-4a68-8db9-37bc0f94978e",
    "Content-Length": "0"
}
cookies  : {
    "Jwt-Token": "eyJ0eXAiOiJKV1QiLCJhbGciOiJIUzUxMiJ9.eyJhcHAiOiJtdWJ1Iiwic3ViIjoiMTE2MjM5NTEiLCJleHAiOjE2MjA2OTcyNTUsImlhdCI6MTYxODEwNTI1NX0.HFkCOFutEE4-qUS7HdJPSJIDnaEwapkW8n38_kh9bqYEwllsXCkJJAMpgla2nReluzLgWZRBlMvzuboKykvSjg",
    "SESSION": "73dd8e17-5128-40a3-b908-5e0ea46bae49",
    "user_persistence": "ed543ec9-acb1-4a68-8db9-37bc0f94978e"
}
body     : None

2021-04-11 09:52:36.069 | DEBUG    | httprunner.client:log_print:40 - 
================== response details ==================
status_code : 200
headers  : {
    "Server": "Tengine",
    "Content-Type": "application/octet-stream",
    "Content-Length": "0",
    "Connection": "keep-alive",
    "Date": "Sun, 11 Apr 2021 01:40:58 GMT",
    "Access-Control-Allow-Origin": "*",
    "Access-Control-Allow-Methods": "POST,GET,OPTIONS,DELETE,HEAD,PUT",
    "Access-Control-Max-Age": "86400",
    "Access-Control-Allow-Credentials": "true",
    "Access-Control-Allow-Headers": "X-request-Id,x-requested-with,jwt-token,request-id,member-id,Content-Type,X-FILENAME,data-unique-id,AB-Server-Version,Device-Id,token,Channel-Id,channel,system,platform,Channel-Name,version,mubu-app,mubu-desktop,Checksum,user-agent,Origin,Accept",
    "X-Tt-Logid": "202104110940580102121532240F47C428",
    "X-Agw-Info": "WFJSvpXF79BoF-V3H4Xn6xgTuYxM4UNeHJCKZRaZJ8ZfG71i210f39ImNhf7BAVJckgCrUyLY3l7sgYakrK2EL0qyzD9naDmcfvBdWwywYGPxuR9xJljHM-QPl_PZLBIdVy1fQvsHUJxZordmitz_d6dc7JnhH5MVjgQ",
    "X-TRANS-LEVEL": "0",
    "Server-Timing": "inner; dur=4, tt_agw; dur=3",
    "x-tt-trace-host": "014a903e23e62e33f03c416fc5a381b96f38d7e3d3c6c8e878d4f7390e47475a291a2448dc59264fc1f680b8530422dcee053d1ecb59125836e2763e9fb3afcf6350eb0e7224c74cee7cb504a4475cdf82",
    "x-tt-trace-tag": "id=3;cdn-cache=miss",
    "X-TT-TIMESTAMP": "1618105258.267",
    "Via": "cache62.l2nu20-8[17,0], vcache6.cn2543[38,0]",
    "Timing-Allow-Origin": "*",
    "EagleId": "6f13e91a16181052582444253e"
}
cookies  : {}
encoding : None
content_type : application/octet-stream
body     : 

2021-04-11 09:52:36.073 | INFO     | httprunner.client:request:217 - status_code: 200, response_time(ms): 52.82 ms, response_length: 0 bytes
2021-04-11 09:52:36.077 | INFO     | httprunner.response:validate:246 - assert status_code equal 200(int)	==> pass
2021-04-11 09:52:36.080 | INFO     | httprunner.response:validate:246 - assert headers."Content-Type" equal application/octet-stream(str)	==> pass
2021-04-11 09:52:36.082 | INFO     | httprunner.runner:__run_step:304 - run step end: /v3/api/colla/members <<<<<<

2021-04-11 09:52:36.083 | INFO     | httprunner.runner:__run_step:292 - run step begin: /v3/api/colla/members >>>>>>
2021-04-11 09:52:36.148 | DEBUG    | httprunner.client:request:186 - client IP: 192.168.1.7, Port: 61647
2021-04-11 09:52:36.152 | DEBUG    | httprunner.client:request:194 - server IP: 111.19.233.248, Port: 443
2021-04-11 09:52:36.157 | DEBUG    | httprunner.client:log_print:40 - 
================== request details ==================
method   : GET
url      : https://api2.mubu.com/v3/api/colla/members?memberId=5242742441223623&documentId=5BoZRcILzv_
headers  : {
    "User-Agent": "HttpRunner/3.1.4",
    "Accept-Encoding": "gzip, deflate, br",
    "Accept": "application/json, text/plain, */*",
    "Connection": "keep-alive",
    "host1": "api2.mubu.com",
    "Jwt-Token": "eyJ0eXAiOiJKV1QiLCJhbGciOiJIUzUxMiJ9.eyJhcHAiOiJtdWJ1Iiwic3ViIjoiMTE2MjM5NTEiLCJleHAiOjE2MjA2MTMxMTEsImlhdCI6MTYxODAyMTExMX0.vb25B05BHW2VyNB6tlW58F3eVkKnnoQXvc7H-XZIt2jfFisYO4N5NPYAMLT4b5-4XVyIIDcsqaMW5i_OD9Ahyw",
    "Request-Id": "members:5242742441223623:1618021813247",
    "data-unique-id": "5af8ec14-0e06-45fb-948e-5852d15f593a",
    "x-request-id": "c9818f23-e9b5-4a07-95e6-a290de84ca12",
    "Origin": "https://mubu.com",
    "Sec-Fetch-Site": "same-site",
    "Sec-Fetch-Mode": "cors",
    "Sec-Fetch-Dest": "empty",
    "Referer": "https://mubu.com/",
    "Accept-Language": "zh-CN,zh;q=0.9",
    "HRUN-Request-ID": "HRUN-854d32a1-0593-4ce8-a8d9-0d35114ab738-956085",
    "Cookie": "Jwt-Token=eyJ0eXAiOiJKV1QiLCJhbGciOiJIUzUxMiJ9.eyJhcHAiOiJtdWJ1Iiwic3ViIjoiMTE2MjM5NTEiLCJleHAiOjE2MjA2OTcyNTUsImlhdCI6MTYxODEwNTI1NX0.HFkCOFutEE4-qUS7HdJPSJIDnaEwapkW8n38_kh9bqYEwllsXCkJJAMpgla2nReluzLgWZRBlMvzuboKykvSjg; SESSION=73dd8e17-5128-40a3-b908-5e0ea46bae49; user_persistence=ed543ec9-acb1-4a68-8db9-37bc0f94978e"
}
cookies  : {
    "Jwt-Token": "eyJ0eXAiOiJKV1QiLCJhbGciOiJIUzUxMiJ9.eyJhcHAiOiJtdWJ1Iiwic3ViIjoiMTE2MjM5NTEiLCJleHAiOjE2MjA2OTcyNTUsImlhdCI6MTYxODEwNTI1NX0.HFkCOFutEE4-qUS7HdJPSJIDnaEwapkW8n38_kh9bqYEwllsXCkJJAMpgla2nReluzLgWZRBlMvzuboKykvSjg",
    "SESSION": "73dd8e17-5128-40a3-b908-5e0ea46bae49",
    "user_persistence": "ed543ec9-acb1-4a68-8db9-37bc0f94978e"
}
body     : None

2021-04-11 09:52:36.163 | DEBUG    | httprunner.client:log_print:40 - 
================== response details ==================
status_code : 200
headers  : {
    "Server": "Tengine",
    "Content-Type": "application/json;charset=UTF-8",
    "Transfer-Encoding": "chunked",
    "Connection": "keep-alive",
    "Date": "Sun, 11 Apr 2021 01:40:58 GMT",
    "Vary": "Accept-Encoding",
    "Access-Control-Allow-Origin": "*",
    "Access-Control-Allow-Methods": "POST,GET,OPTIONS,DELETE,HEAD,PUT",
    "Access-Control-Max-Age": "86400",
    "Access-Control-Allow-Credentials": "true",
    "Access-Control-Allow-Headers": "X-request-Id,x-requested-with,jwt-token,request-id,member-id,Content-Type,X-FILENAME,data-unique-id,AB-Server-Version,Device-Id,token,Channel-Id,channel,system,platform,Channel-Name,version,mubu-app,mubu-desktop,Checksum,user-agent,Origin,Accept",
    "X-Application-Context": "mubu.biz.openapi:online.cn:9420",
    "X-Tt-Logid": "202104110940580102020902114846D7E1",
    "X-Agw-Info": "vKcAiJ-i1TLAQUJ5C7uTqiUMKDACh1DRln4BRftU7rqWJOOJ7drpmjMbL_hAEw_pfTXCQNXIF1UXrTmg49WBv9ZCH9oE2Zgnf6FFf31DL0ZnGD_lq7P72zfDVn0kfbK4iaQeGJ8-olrnInfHapKv8a31VzzehXH_BDxK",
    "X-TRANS-LEVEL": "0",
    "Server-Timing": "inner; dur=14, tt_agw; dur=13",
    "x-tt-trace-host": "014a903e23e62e33f03c416fc5a381b96f38d7e3d3c6c8e878d4f7390e47475a29a221813e7b31df4414e2de0e6599a35027c627e8bd09cc25fe5c17dc0c75cbd67694c1b19531e2ba5f90f830296310a9",
    "x-tt-trace-tag": "id=3;cdn-cache=miss",
    "X-TT-TIMESTAMP": "1618105258.359",
    "Content-Encoding": "gzip",
    "Via": "cache62.l2nu20-8[28,0], vcache6.cn2543[51,0]",
    "Timing-Allow-Origin": "*",
    "EagleId": "6f13e91a16181052583264399e"
}
cookies  : {}
encoding : UTF-8
content_type : application/json;charset=UTF-8
body     : {
    "code": 0,
    "data": {
        "roomVersion": -1,
        "events": []
    }
}

2021-04-11 09:52:36.167 | INFO     | httprunner.client:request:217 - status_code: 200, response_time(ms): 61.88 ms, response_length: 0 bytes
2021-04-11 09:52:36.169 | INFO     | httprunner.response:validate:246 - assert status_code equal 200(int)	==> pass
2021-04-11 09:52:36.171 | INFO     | httprunner.response:validate:246 - assert headers."Content-Type" equal application/json;charset=UTF-8(str)	==> pass
2021-04-11 09:52:36.173 | INFO     | httprunner.response:validate:246 - assert body.code equal 0(int)	==> pass
2021-04-11 09:52:36.175 | INFO     | httprunner.runner:__run_step:304 - run step end: /v3/api/colla/members <<<<<<

2021-04-11 09:52:36.177 | INFO     | httprunner.runner:__run_step:292 - run step begin: /v3/api/colla/message >>>>>>
