2021-04-08 02:46:19.866 | INFO     | httprunner.runner:test_start:450 - Start to run testcase: testcase description, TestCase ID: 8edd6b1d-b8d7-4fa7-84b8-64f03c1dcadc
2021-04-08 02:46:19.866 | INFO     | httprunner.runner:__run_step:292 - run step begin: /api/login/submit >>>>>>
2021-04-08 02:46:20.100 | DEBUG    | httprunner.client:request:186 - client IP: 192.168.1.7, Port: 56658
2021-04-08 02:46:20.100 | DEBUG    | httprunner.client:request:194 - server IP: 111.6.180.94, Port: 443
2021-04-08 02:46:20.100 | DEBUG    | httprunner.client:log_print:40 - 
================== request details ==================
method   : POST
url      : https://mubu.com/api/login/submit
headers  : {
    "User-Agent": "Mozilla/5.0 (Windows NT 10.0; Win64; x64) AppleWebKit/537.36 (KHTML, like Gecko) Chrome/88.0.4324.104 Safari/537.36",
    "Accept-Encoding": "gzip, deflate, br",
    "Accept": "application/json, text/javascript, */*; q=0.01",
    "Connection": "keep-alive",
    "Host": "mubu.com",
    "Content-Length": "47",
    "X-Requested-With": "XMLHttpRequest",
    "Content-Type": "application/x-www-form-urlencoded; charset=UTF-8",
    "Origin": "https://mubu.com",
    "Sec-Fetch-Site": "same-origin",
    "Sec-Fetch-Mode": "cors",
    "Sec-Fetch-Dest": "empty",
    "Referer": "https://mubu.com/login/password",
    "Accept-Language": "zh-CN,zh;q=0.9",
    "Cookie": "data_unique_id=5af8ec14-0e06-45fb-948e-5852d15f593a; _ga=GA1.2.575825054.1617539185; language=en-US; country=US; _gid=GA1.2.1533022006.1617805441; reg_entrance=https%3A%2F%2Fmubu.com%2F; csrf_token=c9b027b7-1bc2-45e8-8ab9-7152a1865f2c; SESSION=63cf1cc5-d769-433f-a0d4-a60ecdc076c8; _gat=1; Hm_lvt_4426cbb0486a79ea049b4ad52d81b504=1617621135,1617625021,1617805446,1617820067; reg_prepareId=178ad973481-178ad97347b-41bc-8a28-1f2f5c4ea99f; reg_focusId=33c9d5e2-09b5-41bc-8a28-178ad973b42; SLARDAR_WEB_ID=7c809816-6b41-46b0-93b9-2bb01ecee4fb; Hm_lpvt_4426cbb0486a79ea049b4ad52d81b504=1617820074",
    "HRUN-Request-ID": "HRUN-8edd6b1d-b8d7-4fa7-84b8-64f03c1dcadc-179866"
}
cookies  : {
    "Hm_lpvt_4426cbb0486a79ea049b4ad52d81b504": "1617820074",
    "Hm_lvt_4426cbb0486a79ea049b4ad52d81b504": "1617621135,1617625021,1617805446,1617820067",
    "SESSION": "63cf1cc5-d769-433f-a0d4-a60ecdc076c8",
    "SLARDAR_WEB_ID": "7c809816-6b41-46b0-93b9-2bb01ecee4fb",
    "_ga": "GA1.2.575825054.1617539185",
    "_gat": "1",
    "_gid": "GA1.2.1533022006.1617805441",
    "country": "US",
    "csrf_token": "c9b027b7-1bc2-45e8-8ab9-7152a1865f2c",
    "data_unique_id": "5af8ec14-0e06-45fb-948e-5852d15f593a",
    "language": "en-US",
    "reg_entrance": "https%3A%2F%2Fmubu.com%2F",
    "reg_focusId": "33c9d5e2-09b5-41bc-8a28-178ad973b42",
    "reg_prepareId": "178ad973481-178ad97347b-41bc-8a28-1f2f5c4ea99f"
}
body     : phone=18710748230&password=123456&remember=true

2021-04-08 02:46:20.116 | DEBUG    | httprunner.client:log_print:40 - 
================== response details ==================
status_code : 200
headers  : {
    "Server": "Tengine",
    "Content-Type": "application/json;charset=UTF-8",
    "Transfer-Encoding": "chunked",
    "Connection": "keep-alive",
    "Date": "Wed, 07 Apr 2021 18:34:47 GMT",
    "Vary": "Accept-Encoding",
    "X-Application-Context": "ee.mubu.web_server:prod:9223",
    "Set-Cookie": "Jwt-Token=eyJ0eXAiOiJKV1QiLCJhbGciOiJIUzUxMiJ9.eyJhcHAiOiJtdWJ1Iiwic3ViIjoiMTE2MjM5NTEiLCJleHAiOjE2MjA0MTI0ODcsImlhdCI6MTYxNzgyMDQ4N30.z0DRqvKjQ1gjLgpimPF9b4oE4JrJdmjqXcx9C7iGvzSZKDrWYKiWVPVawDP4p7TShRhWn0mW5PCdMSs9nFWYVw; Max-Age=2592000; Expires=Fri, 07-May-2021 18:34:47 GMT; Path=/, user_persistence=ed543ec9-acb1-4a68-8db9-37bc0f94978e; Max-Age=2592000; Expires=Fri, 07-May-2021 18:34:47 GMT; Path=/",
    "server-timing": "inner; dur=17, cdn-cache;desc=MISS,edge;dur=22,origin;dur=42",
    "x-tt-trace-host": "01f7e0b1f4012658b0f198686875ca95f3aa280f8190158dce0d48de87a5d863b0e234c79d2e893164f7746f08afcd0a8f08c1d9243ab2ec036e67793367bf1bf6582a1de2f5ca3e59c14fe2e123774c90",
    "x-tt-trace-tag": "id=03;cdn-cache=miss;type=dyn",
    "X-TT-TIMESTAMP": "1617820487.715",
    "Content-Encoding": "gzip",
    "Via": "cache39.l2nu20-8[42,0], cache3.cn1015[64,0]",
    "Timing-Allow-Origin": "*",
    "EagleId": "6f06b41716178204876675475e"
}
cookies  : {
    "Jwt-Token": "eyJ0eXAiOiJKV1QiLCJhbGciOiJIUzUxMiJ9.eyJhcHAiOiJtdWJ1Iiwic3ViIjoiMTE2MjM5NTEiLCJleHAiOjE2MjA0MTI0ODcsImlhdCI6MTYxNzgyMDQ4N30.z0DRqvKjQ1gjLgpimPF9b4oE4JrJdmjqXcx9C7iGvzSZKDrWYKiWVPVawDP4p7TShRhWn0mW5PCdMSs9nFWYVw",
    "user_persistence": "ed543ec9-acb1-4a68-8db9-37bc0f94978e"
}
encoding : UTF-8
content_type : application/json;charset=UTF-8
body     : {
    "code": 0,
    "msg": null,
    "data": {
        "next": "/list"
    }
}

2021-04-08 02:46:20.116 | INFO     | httprunner.client:request:217 - status_code: 200, response_time(ms): 234.37 ms, response_length: 0 bytes
2021-04-08 02:46:20.131 | INFO     | httprunner.response:validate:246 - assert status_code equal 200(int)	==> pass
2021-04-08 02:46:20.131 | INFO     | httprunner.response:validate:246 - assert headers."Content-Type" equal application/json;charset=UTF-8(str)	==> pass
2021-04-08 02:46:20.131 | INFO     | httprunner.response:validate:246 - assert body.code equal 0(int)	==> pass
2021-04-08 02:46:20.131 | INFO     | httprunner.response:validate:246 - assert body.msg equal None(NoneType)	==> pass
2021-04-08 02:46:20.131 | INFO     | httprunner.runner:__run_step:304 - run step end: /api/login/submit <<<<<<

2021-04-08 02:46:20.147 | INFO     | httprunner.runner:__run_step:292 - run step begin: /v3/api/list/create_doc >>>>>>
2021-04-08 02:46:20.413 | DEBUG    | httprunner.client:request:186 - client IP: 192.168.1.7, Port: 56659
2021-04-08 02:46:20.413 | DEBUG    | httprunner.client:request:194 - server IP: 111.19.177.228, Port: 443
2021-04-08 02:46:20.413 | DEBUG    | httprunner.client:log_print:40 - 
================== request details ==================
method   : POST
url      : https://api2.mubu.com/v3/api/list/create_doc
headers  : {
    "User-Agent": "Mozilla/5.0 (Windows NT 10.0; Win64; x64) AppleWebKit/537.36 (KHTML, like Gecko) Chrome/88.0.4324.104 Safari/537.36",
    "Accept-Encoding": "gzip, deflate, br",
    "Accept": "application/json, text/plain, */*",
    "Connection": "keep-alive",
    "Host": "api2.mubu.com",
    "Content-Length": "28",
    "Jwt-Token": "eyJ0eXAiOiJKV1QiLCJhbGciOiJIUzUxMiJ9.eyJhcHAiOiJtdWJ1Iiwic3ViIjoiMTE2MjM5NTEiLCJleHAiOjE2MjA0MTE0MjUsImlhdCI6MTYxNzgxOTQyNX0.iDFrqbNWoVyndr9coDIO1WBwtfTiuQmFHybLrNICHqnJWi1mINgtvmqmsBeP7u6achsjfzMOx62yX8Ix_LNinw",
    "Content-Type": "application/json;charset=UTF-8",
    "data-unique-id": "5af8ec14-0e06-45fb-948e-5852d15f593a",
    "x-request-id": "7b6c8976-c6a8-427a-90d6-b3896e93a4f1",
    "version": "3.0.0.21310",
    "Origin": "https://mubu.com",
    "Sec-Fetch-Site": "same-site",
    "Sec-Fetch-Mode": "cors",
    "Sec-Fetch-Dest": "empty",
    "Referer": "https://mubu.com/",
    "Accept-Language": "zh-CN,zh;q=0.9",
    "HRUN-Request-ID": "HRUN-8edd6b1d-b8d7-4fa7-84b8-64f03c1dcadc-180147",
    "Cookie": "Jwt-Token=eyJ0eXAiOiJKV1QiLCJhbGciOiJIUzUxMiJ9.eyJhcHAiOiJtdWJ1Iiwic3ViIjoiMTE2MjM5NTEiLCJleHAiOjE2MjA0MTI0ODcsImlhdCI6MTYxNzgyMDQ4N30.z0DRqvKjQ1gjLgpimPF9b4oE4JrJdmjqXcx9C7iGvzSZKDrWYKiWVPVawDP4p7TShRhWn0mW5PCdMSs9nFWYVw; user_persistence=ed543ec9-acb1-4a68-8db9-37bc0f94978e"
}
cookies  : {
    "Jwt-Token": "eyJ0eXAiOiJKV1QiLCJhbGciOiJIUzUxMiJ9.eyJhcHAiOiJtdWJ1Iiwic3ViIjoiMTE2MjM5NTEiLCJleHAiOjE2MjA0MTI0ODcsImlhdCI6MTYxNzgyMDQ4N30.z0DRqvKjQ1gjLgpimPF9b4oE4JrJdmjqXcx9C7iGvzSZKDrWYKiWVPVawDP4p7TShRhWn0mW5PCdMSs9nFWYVw",
    "user_persistence": "ed543ec9-acb1-4a68-8db9-37bc0f94978e"
}
body     : {
    "folderId": "0",
    "type": 0
}

2021-04-08 02:46:20.413 | DEBUG    | httprunner.client:log_print:40 - 
================== response details ==================
status_code : 200
headers  : {
    "Server": "Tengine",
    "Content-Type": "application/json;charset=UTF-8",
    "Transfer-Encoding": "chunked",
    "Connection": "keep-alive",
    "Date": "Wed, 07 Apr 2021 18:34:48 GMT",
    "Vary": "Accept-Encoding",
    "Access-Control-Allow-Origin": "*",
    "Access-Control-Allow-Methods": "POST,GET,OPTIONS,DELETE,HEAD,PUT",
    "Access-Control-Max-Age": "86400",
    "Access-Control-Allow-Credentials": "true",
    "Access-Control-Allow-Headers": "X-request-Id,x-requested-with,jwt-token,request-id,member-id,Content-Type,X-FILENAME,data-unique-id,AB-Server-Version,Device-Id,token,Channel-Id,channel,system,platform,Channel-Name,version,mubu-app,mubu-desktop,Checksum,user-agent,Origin,Accept",
    "X-Application-Context": "mubu.biz.openapi:online.cn:9462",
    "X-Tt-Logid": "2021040802344801020402403253142762",
    "X-Agw-Info": "D7czqdNzzYbgvbqW9AJaYlA-Sz23Hs1BGb3c6r1D6Lpb3KV2CCzZ5fon6NLhGNm5ovs522-QB0qD3BvUGq63Iq8kAr5SzTH5zi8Inui_ECVIIpDHgWuTjFNschhE6ZjVUoVFiyFZzLzZrSe2QsF03UOKmwW4mAH852pf",
    "X-TRANS-LEVEL": "0",
    "Server-Timing": "inner; dur=18, tt_agw; dur=16",
    "x-tt-trace-host": "01f7e0b1f4012658b0f198686875ca95f3cb52ad707f51b8a3e25edb5630a34010e9aa58fa5075734559e57657b6a1bc0923f86b01aa3e5de8f0a42670a284c0e8d3f3f1a89d1d98b0881791662cb96401",
    "x-tt-trace-tag": "id=3;cdn-cache=miss",
    "X-TT-TIMESTAMP": "1617820488.027",
    "Content-Encoding": "gzip",
    "Via": "cache24.l2cm9-6[31,0], cache20.cn2157[72,0]",
    "Timing-Allow-Origin": "*",
    "EagleId": "6f13b1a816178204879844695e"
}
cookies  : {}
encoding : UTF-8
content_type : application/json;charset=UTF-8
body     : {
    "code": 0,
    "data": {
        "id": "FaVEfZLO8_"
    }
}

2021-04-08 02:46:20.428 | INFO     | httprunner.client:request:217 - status_code: 200, response_time(ms): 265.61 ms, response_length: 0 bytes
2021-04-08 02:46:20.428 | INFO     | httprunner.response:extract:176 - extract mapping: {'id': 'FaVEfZLO8_'}
2021-04-08 02:46:20.428 | INFO     | httprunner.response:validate:246 - assert status_code equal 200(int)	==> pass
2021-04-08 02:46:20.428 | INFO     | httprunner.response:validate:246 - assert headers."Content-Type" equal application/json;charset=UTF-8(str)	==> pass
2021-04-08 02:46:20.428 | INFO     | httprunner.response:validate:246 - assert body.code equal 0(int)	==> pass
2021-04-08 02:46:20.428 | INFO     | httprunner.runner:__run_step:304 - run step end: /v3/api/list/create_doc <<<<<<

2021-04-08 02:46:20.444 | INFO     | httprunner.runner:__run_step:292 - run step begin: /v3/api/refer/search_refers >>>>>>
2021-04-08 02:46:20.569 | DEBUG    | httprunner.client:request:186 - client IP: 192.168.1.7, Port: 56659
2021-04-08 02:46:20.569 | DEBUG    | httprunner.client:request:194 - server IP: 111.19.177.228, Port: 443
2021-04-08 02:46:20.569 | DEBUG    | httprunner.client:log_print:40 - 
================== request details ==================
method   : POST
url      : https://api2.mubu.com/v3/api/refer/search_refers
headers  : {
    "User-Agent": "Mozilla/5.0 (Windows NT 10.0; Win64; x64) AppleWebKit/537.36 (KHTML, like Gecko) Chrome/88.0.4324.104 Safari/537.36",
    "Accept-Encoding": "gzip, deflate, br",
    "Accept": "application/json, text/plain, */*",
    "Connection": "keep-alive",
    "Host": "api2.mubu.com",
    "Content-Length": "56",
    "Jwt-Token": "eyJ0eXAiOiJKV1QiLCJhbGciOiJIUzUxMiJ9.eyJhcHAiOiJtdWJ1Iiwic3ViIjoiMTE2MjM5NTEiLCJleHAiOjE2MjA0MTE0MjUsImlhdCI6MTYxNzgxOTQyNX0.iDFrqbNWoVyndr9coDIO1WBwtfTiuQmFHybLrNICHqnJWi1mINgtvmqmsBeP7u6achsjfzMOx62yX8Ix_LNinw",
    "data-unique-id": "5af8ec14-0e06-45fb-948e-5852d15f593a",
    "x-request-id": "cb554483-67c0-4a98-ac90-0d9470010975",
    "Content-Type": "application/json;charset=UTF-8",
    "Origin": "https://mubu.com",
    "Sec-Fetch-Site": "same-site",
    "Sec-Fetch-Mode": "cors",
    "Sec-Fetch-Dest": "empty",
    "Referer": "https://mubu.com/",
    "Accept-Language": "zh-CN,zh;q=0.9",
    "HRUN-Request-ID": "HRUN-8edd6b1d-b8d7-4fa7-84b8-64f03c1dcadc-180444",
    "Cookie": "Jwt-Token=eyJ0eXAiOiJKV1QiLCJhbGciOiJIUzUxMiJ9.eyJhcHAiOiJtdWJ1Iiwic3ViIjoiMTE2MjM5NTEiLCJleHAiOjE2MjA0MTI0ODcsImlhdCI6MTYxNzgyMDQ4N30.z0DRqvKjQ1gjLgpimPF9b4oE4JrJdmjqXcx9C7iGvzSZKDrWYKiWVPVawDP4p7TShRhWn0mW5PCdMSs9nFWYVw; user_persistence=ed543ec9-acb1-4a68-8db9-37bc0f94978e"
}
cookies  : {
    "Jwt-Token": "eyJ0eXAiOiJKV1QiLCJhbGciOiJIUzUxMiJ9.eyJhcHAiOiJtdWJ1Iiwic3ViIjoiMTE2MjM5NTEiLCJleHAiOjE2MjA0MTI0ODcsImlhdCI6MTYxNzgyMDQ4N30.z0DRqvKjQ1gjLgpimPF9b4oE4JrJdmjqXcx9C7iGvzSZKDrWYKiWVPVawDP4p7TShRhWn0mW5PCdMSs9nFWYVw",
    "user_persistence": "ed543ec9-acb1-4a68-8db9-37bc0f94978e"
}
body     : {
    "docId": "FaVEfZLO8_",
    "keywords": "jiao",
    "option": 1
}

2021-04-08 02:46:20.569 | DEBUG    | httprunner.client:log_print:40 - 
================== response details ==================
status_code : 200
headers  : {
    "Server": "Tengine",
    "Content-Type": "application/json;charset=UTF-8",
    "Transfer-Encoding": "chunked",
    "Connection": "keep-alive",
    "Date": "Wed, 07 Apr 2021 18:34:48 GMT",
    "Vary": "Accept-Encoding",
    "Access-Control-Allow-Origin": "*",
    "Access-Control-Allow-Methods": "POST,GET,OPTIONS,DELETE,HEAD,PUT",
    "Access-Control-Max-Age": "86400",
    "Access-Control-Allow-Credentials": "true",
    "Access-Control-Allow-Headers": "X-request-Id,x-requested-with,jwt-token,request-id,member-id,Content-Type,X-FILENAME,data-unique-id,AB-Server-Version,Device-Id,token,Channel-Id,channel,system,platform,Channel-Name,version,mubu-app,mubu-desktop,Checksum,user-agent,Origin,Accept",
    "X-Application-Context": "mubu.biz.openapi:online.cn:9424",
    "X-Tt-Logid": "202104080234480101501281983406B69F",
    "X-Agw-Info": "d_eq86N7aLWvZQ_EF0GcqaMOqMfjqBSOQkFwcBgziPBUAr_Jzxbm0GOHzHRRJx7JyU4-cAOjNEsOHZ31KuMOWn4F1J9-LeLKmD17nW5eGxm_3K1IpN3h7rfHMVqYJ0hgIUy1VdxNR3EdvPpbLhoTOv8cvEaOLlywiRKP",
    "X-TRANS-LEVEL": "0",
    "Server-Timing": "inner; dur=12, tt_agw; dur=12",
    "x-tt-trace-host": "01d1c21c1c59c311fcbaa1b8fe41eba7f03c4bf4a49468db629cc6371ecb03d3efdec7c2a8ecf33c61e2acb554b6906b14dc046446258f91b60f3baf710c320d8349a9f5383a0ca8ace24d6aa9949e4266",
    "x-tt-trace-tag": "id=3;cdn-cache=miss",
    "X-TT-TIMESTAMP": "1617820488.177",
    "Content-Encoding": "gzip",
    "Via": "cache32.l2nu20-1[40,0], cache20.cn2157[107,0]",
    "Timing-Allow-Origin": "*",
    "EagleId": "6f13b1a816178204881064778e"
}
cookies  : {}
encoding : UTF-8
content_type : application/json;charset=UTF-8
body     : {
    "code": 0,
    "data": {
        "list": []
    }
}

2021-04-08 02:46:20.585 | INFO     | httprunner.client:request:217 - status_code: 200, response_time(ms): 125.0 ms, response_length: 0 bytes
2021-04-08 02:46:20.585 | INFO     | httprunner.response:validate:246 - assert status_code equal 200(int)	==> pass
2021-04-08 02:46:20.585 | INFO     | httprunner.response:validate:246 - assert headers."Content-Type" equal application/json;charset=UTF-8(str)	==> pass
2021-04-08 02:46:20.585 | INFO     | httprunner.response:validate:246 - assert body.code equal 0(int)	==> pass
2021-04-08 02:46:20.585 | INFO     | httprunner.runner:__run_step:304 - run step end: /v3/api/refer/search_refers <<<<<<

