2021-04-08 03:00:29.066 | INFO     | httprunner.runner:test_start:450 - Start to run testcase: testcase description, TestCase ID: bb5c10a2-5b52-4760-9edc-d590f09aa6d4
2021-04-08 03:00:29.066 | INFO     | httprunner.runner:__run_step:292 - run step begin: /api/login/submit >>>>>>
2021-04-08 03:00:29.363 | DEBUG    | httprunner.client:request:186 - client IP: 192.168.1.7, Port: 56776
2021-04-08 03:00:29.363 | DEBUG    | httprunner.client:request:194 - server IP: 111.6.180.95, Port: 443
2021-04-08 03:00:29.378 | DEBUG    | httprunner.client:log_print:40 - 
================== request details ==================
method   : POST
url      : https://mubu.com/api/login/submit
headers  : {
    "User-Agent": "Mozilla/5.0 (Windows NT 10.0; Win64; x64) AppleWebKit/537.36 (KHTML, like Gecko) Chrome/88.0.4324.104 Safari/537.36",
    "Accept-Encoding": "gzip, deflate, br",
    "Accept": "application/json, text/javascript, */*; q=0.01",
    "Connection": "keep-alive",
    "Host": "mubu.com",
    "Content-Length": "47",
    "X-Requested-With": "XMLHttpRequest",
    "Content-Type": "application/x-www-form-urlencoded; charset=UTF-8",
    "Origin": "https://mubu.com",
    "Sec-Fetch-Site": "same-origin",
    "Sec-Fetch-Mode": "cors",
    "Sec-Fetch-Dest": "empty",
    "Referer": "https://mubu.com/login/password",
    "Accept-Language": "zh-CN,zh;q=0.9",
    "Cookie": "data_unique_id=5af8ec14-0e06-45fb-948e-5852d15f593a; _ga=GA1.2.575825054.1617539185; language=en-US; country=US; _gid=GA1.2.1533022006.1617805441; reg_entrance=https%3A%2F%2Fmubu.com%2F; csrf_token=c9b027b7-1bc2-45e8-8ab9-7152a1865f2c; SESSION=63cf1cc5-d769-433f-a0d4-a60ecdc076c8; _gat=1; Hm_lvt_4426cbb0486a79ea049b4ad52d81b504=1617621135,1617625021,1617805446,1617820067; reg_prepareId=178ad973481-178ad97347b-41bc-8a28-1f2f5c4ea99f; reg_focusId=33c9d5e2-09b5-41bc-8a28-178ad973b42; SLARDAR_WEB_ID=7c809816-6b41-46b0-93b9-2bb01ecee4fb; Hm_lpvt_4426cbb0486a79ea049b4ad52d81b504=1617820074",
    "HRUN-Request-ID": "HRUN-bb5c10a2-5b52-4760-9edc-d590f09aa6d4-029066"
}
cookies  : {
    "Hm_lpvt_4426cbb0486a79ea049b4ad52d81b504": "1617820074",
    "Hm_lvt_4426cbb0486a79ea049b4ad52d81b504": "1617621135,1617625021,1617805446,1617820067",
    "SESSION": "63cf1cc5-d769-433f-a0d4-a60ecdc076c8",
    "SLARDAR_WEB_ID": "7c809816-6b41-46b0-93b9-2bb01ecee4fb",
    "_ga": "GA1.2.575825054.1617539185",
    "_gat": "1",
    "_gid": "GA1.2.1533022006.1617805441",
    "country": "US",
    "csrf_token": "c9b027b7-1bc2-45e8-8ab9-7152a1865f2c",
    "data_unique_id": "5af8ec14-0e06-45fb-948e-5852d15f593a",
    "language": "en-US",
    "reg_entrance": "https%3A%2F%2Fmubu.com%2F",
    "reg_focusId": "33c9d5e2-09b5-41bc-8a28-178ad973b42",
    "reg_prepareId": "178ad973481-178ad97347b-41bc-8a28-1f2f5c4ea99f"
}
body     : phone=18710748230&password=123456&remember=true

2021-04-08 03:00:29.378 | DEBUG    | httprunner.client:log_print:40 - 
================== response details ==================
status_code : 200
headers  : {
    "Server": "Tengine",
    "Content-Type": "application/json;charset=UTF-8",
    "Transfer-Encoding": "chunked",
    "Connection": "keep-alive",
    "Date": "Wed, 07 Apr 2021 18:48:56 GMT",
    "Vary": "Accept-Encoding",
    "X-Application-Context": "ee.mubu.web_server:prod:9303",
    "Set-Cookie": "Jwt-Token=eyJ0eXAiOiJKV1QiLCJhbGciOiJIUzUxMiJ9.eyJhcHAiOiJtdWJ1Iiwic3ViIjoiMTE2MjM5NTEiLCJleHAiOjE2MjA0MTMzMzYsImlhdCI6MTYxNzgyMTMzNn0.DvmSMKRQesJEDTVvoNjwqjo0-r6d-vWNhXebHHBDBv1u5sCjUpi_sIvJTpxjCL0JXJPWybLjnQX24gGTcZojtw; Max-Age=2592000; Expires=Fri, 07-May-2021 18:48:56 GMT; Path=/, user_persistence=ed543ec9-acb1-4a68-8db9-37bc0f94978e; Max-Age=2592000; Expires=Fri, 07-May-2021 18:48:56 GMT; Path=/",
    "server-timing": "inner; dur=36, cdn-cache;desc=MISS,edge;dur=25,origin;dur=68",
    "x-tt-trace-host": "01d402bc87954648c1cdde35294d8c0c1530c02e30ce05b8a3234ae548aac03814500d02c37da5beec6b6f307bb21bb49d8a967e2b1d44df6f623ce3fa7f7b932ee388ea118f35c2cc025fadcb0654fae9",
    "x-tt-trace-tag": "id=03;cdn-cache=miss;type=dyn",
    "X-TT-TIMESTAMP": "1617821336.989",
    "Content-Encoding": "gzip",
    "Via": "cache2.l2nu20-1[68,0], cache3.cn1015[93,0]",
    "Timing-Allow-Origin": "*",
    "EagleId": "6f06b41716178213369278118e"
}
cookies  : {
    "Jwt-Token": "eyJ0eXAiOiJKV1QiLCJhbGciOiJIUzUxMiJ9.eyJhcHAiOiJtdWJ1Iiwic3ViIjoiMTE2MjM5NTEiLCJleHAiOjE2MjA0MTMzMzYsImlhdCI6MTYxNzgyMTMzNn0.DvmSMKRQesJEDTVvoNjwqjo0-r6d-vWNhXebHHBDBv1u5sCjUpi_sIvJTpxjCL0JXJPWybLjnQX24gGTcZojtw",
    "user_persistence": "ed543ec9-acb1-4a68-8db9-37bc0f94978e"
}
encoding : UTF-8
content_type : application/json;charset=UTF-8
body     : {
    "code": 0,
    "msg": null,
    "data": {
        "next": "/list"
    }
}

2021-04-08 03:00:29.378 | INFO     | httprunner.client:request:217 - status_code: 200, response_time(ms): 296.9 ms, response_length: 0 bytes
2021-04-08 03:00:29.378 | INFO     | httprunner.response:validate:246 - assert status_code equal 200(int)	==> pass
2021-04-08 03:00:29.394 | INFO     | httprunner.response:validate:246 - assert headers."Content-Type" equal application/json;charset=UTF-8(str)	==> pass
2021-04-08 03:00:29.394 | INFO     | httprunner.response:validate:246 - assert body.code equal 0(int)	==> pass
2021-04-08 03:00:29.394 | INFO     | httprunner.response:validate:246 - assert body.msg equal None(NoneType)	==> pass
2021-04-08 03:00:29.394 | INFO     | httprunner.runner:__run_step:304 - run step end: /api/login/submit <<<<<<

2021-04-08 03:00:29.394 | INFO     | httprunner.runner:__run_step:292 - run step begin: /v3/api/list/create_doc >>>>>>
2021-04-08 03:00:29.659 | DEBUG    | httprunner.client:request:186 - client IP: 192.168.1.7, Port: 56777
2021-04-08 03:00:29.659 | DEBUG    | httprunner.client:request:194 - server IP: 111.19.177.227, Port: 443
2021-04-08 03:00:29.659 | DEBUG    | httprunner.client:log_print:40 - 
================== request details ==================
method   : POST
url      : https://api2.mubu.com/v3/api/list/create_doc
headers  : {
    "User-Agent": "Mozilla/5.0 (Windows NT 10.0; Win64; x64) AppleWebKit/537.36 (KHTML, like Gecko) Chrome/88.0.4324.104 Safari/537.36",
    "Accept-Encoding": "gzip, deflate, br",
    "Accept": "application/json, text/plain, */*",
    "Connection": "keep-alive",
    "Host": "api2.mubu.com",
    "Content-Length": "28",
    "Jwt-Token": "eyJ0eXAiOiJKV1QiLCJhbGciOiJIUzUxMiJ9.eyJhcHAiOiJtdWJ1Iiwic3ViIjoiMTE2MjM5NTEiLCJleHAiOjE2MjA0MTE0MjUsImlhdCI6MTYxNzgxOTQyNX0.iDFrqbNWoVyndr9coDIO1WBwtfTiuQmFHybLrNICHqnJWi1mINgtvmqmsBeP7u6achsjfzMOx62yX8Ix_LNinw",
    "Content-Type": "application/json;charset=UTF-8",
    "data-unique-id": "5af8ec14-0e06-45fb-948e-5852d15f593a",
    "x-request-id": "7b6c8976-c6a8-427a-90d6-b3896e93a4f1",
    "version": "3.0.0.21310",
    "Origin": "https://mubu.com",
    "Sec-Fetch-Site": "same-site",
    "Sec-Fetch-Mode": "cors",
    "Sec-Fetch-Dest": "empty",
    "Referer": "https://mubu.com/",
    "Accept-Language": "zh-CN,zh;q=0.9",
    "HRUN-Request-ID": "HRUN-bb5c10a2-5b52-4760-9edc-d590f09aa6d4-029394",
    "Cookie": "Jwt-Token=eyJ0eXAiOiJKV1QiLCJhbGciOiJIUzUxMiJ9.eyJhcHAiOiJtdWJ1Iiwic3ViIjoiMTE2MjM5NTEiLCJleHAiOjE2MjA0MTMzMzYsImlhdCI6MTYxNzgyMTMzNn0.DvmSMKRQesJEDTVvoNjwqjo0-r6d-vWNhXebHHBDBv1u5sCjUpi_sIvJTpxjCL0JXJPWybLjnQX24gGTcZojtw; user_persistence=ed543ec9-acb1-4a68-8db9-37bc0f94978e"
}
cookies  : {
    "Jwt-Token": "eyJ0eXAiOiJKV1QiLCJhbGciOiJIUzUxMiJ9.eyJhcHAiOiJtdWJ1Iiwic3ViIjoiMTE2MjM5NTEiLCJleHAiOjE2MjA0MTMzMzYsImlhdCI6MTYxNzgyMTMzNn0.DvmSMKRQesJEDTVvoNjwqjo0-r6d-vWNhXebHHBDBv1u5sCjUpi_sIvJTpxjCL0JXJPWybLjnQX24gGTcZojtw",
    "user_persistence": "ed543ec9-acb1-4a68-8db9-37bc0f94978e"
}
body     : {
    "folderId": "0",
    "type": 0
}

2021-04-08 03:00:29.675 | DEBUG    | httprunner.client:log_print:40 - 
================== response details ==================
status_code : 200
headers  : {
    "Server": "Tengine",
    "Content-Type": "application/json;charset=UTF-8",
    "Transfer-Encoding": "chunked",
    "Connection": "keep-alive",
    "Date": "Wed, 07 Apr 2021 18:48:57 GMT",
    "Vary": "Accept-Encoding",
    "Access-Control-Allow-Origin": "*",
    "Access-Control-Allow-Methods": "POST,GET,OPTIONS,DELETE,HEAD,PUT",
    "Access-Control-Max-Age": "86400",
    "Access-Control-Allow-Credentials": "true",
    "Access-Control-Allow-Headers": "X-request-Id,x-requested-with,jwt-token,request-id,member-id,Content-Type,X-FILENAME,data-unique-id,AB-Server-Version,Device-Id,token,Channel-Id,channel,system,platform,Channel-Name,version,mubu-app,mubu-desktop,Checksum,user-agent,Origin,Accept",
    "X-Application-Context": "mubu.biz.openapi:online.cn:9456",
    "X-Tt-Logid": "2021040802485701021215014819147819",
    "X-Agw-Info": "rn7VGa7hSadPOrqVEuFB-JE8OA3N196DYizsIhTEZ2QGy90ymL-jR-9uefpXDaHMp5vjcSjDlDgGMGdaJm_UBALKHWgI3jmWIqCX15pXOYiYRykDMy4WMviBXq7c5Aay8UvRQQFwqjy_jPrwRTe9kt1vHGBWvBkvLnw=",
    "X-TRANS-LEVEL": "0",
    "Server-Timing": "inner; dur=12, tt_agw; dur=11",
    "x-tt-trace-host": "01d402bc87954648c1cdde35294d8c0c15d4f494ec6d00ad8631451544bb979ab39a307779739d501675bb89f4cae893d24114397c7792372ed7f9a2fd09c73d17ceec98160ab6704fba48f0b6b07be334",
    "x-tt-trace-tag": "id=3;cdn-cache=miss",
    "X-TT-TIMESTAMP": "1617821337.288",
    "Content-Encoding": "gzip",
    "Via": "cache8.l2nu20-1[31,0], cache46.l2nu20-2[32,0], cache8.cn2157[79,0]",
    "Timing-Allow-Origin": "*",
    "EagleId": "6f13b19c16178213372424443e"
}
cookies  : {}
encoding : UTF-8
content_type : application/json;charset=UTF-8
body     : {
    "code": 0,
    "data": {
        "id": "7G4jGY8TWE_"
    }
}

2021-04-08 03:00:29.675 | INFO     | httprunner.client:request:217 - status_code: 200, response_time(ms): 265.63 ms, response_length: 0 bytes
2021-04-08 03:00:29.675 | INFO     | httprunner.response:extract:176 - extract mapping: {'docId': '7G4jGY8TWE_'}
2021-04-08 03:00:29.675 | INFO     | httprunner.response:validate:246 - assert status_code equal 200(int)	==> pass
2021-04-08 03:00:29.675 | INFO     | httprunner.response:validate:246 - assert headers."Content-Type" equal application/json;charset=UTF-8(str)	==> pass
2021-04-08 03:00:29.675 | INFO     | httprunner.response:validate:246 - assert body.code equal 0(int)	==> pass
2021-04-08 03:00:29.675 | INFO     | httprunner.runner:__run_step:304 - run step end: /v3/api/list/create_doc <<<<<<

2021-04-08 03:00:29.675 | INFO     | httprunner.runner:__run_step:292 - run step begin: /v3/api/refer/search_refers >>>>>>
2021-04-08 03:00:29.784 | DEBUG    | httprunner.client:request:186 - client IP: 192.168.1.7, Port: 56777
2021-04-08 03:00:29.800 | DEBUG    | httprunner.client:request:194 - server IP: 111.19.177.227, Port: 443
2021-04-08 03:00:29.800 | DEBUG    | httprunner.client:log_print:40 - 
================== request details ==================
method   : POST
url      : https://api2.mubu.com/v3/api/refer/search_refers
headers  : {
    "User-Agent": "Mozilla/5.0 (Windows NT 10.0; Win64; x64) AppleWebKit/537.36 (KHTML, like Gecko) Chrome/88.0.4324.104 Safari/537.36",
    "Accept-Encoding": "gzip, deflate, br",
    "Accept": "application/json, text/plain, */*",
    "Connection": "keep-alive",
    "Host": "api2.mubu.com",
    "Content-Length": "57",
    "Jwt-Token": "eyJ0eXAiOiJKV1QiLCJhbGciOiJIUzUxMiJ9.eyJhcHAiOiJtdWJ1Iiwic3ViIjoiMTE2MjM5NTEiLCJleHAiOjE2MjA0MTE0MjUsImlhdCI6MTYxNzgxOTQyNX0.iDFrqbNWoVyndr9coDIO1WBwtfTiuQmFHybLrNICHqnJWi1mINgtvmqmsBeP7u6achsjfzMOx62yX8Ix_LNinw",
    "data-unique-id": "5af8ec14-0e06-45fb-948e-5852d15f593a",
    "x-request-id": "cb554483-67c0-4a98-ac90-0d9470010975",
    "Content-Type": "application/json;charset=UTF-8",
    "Origin": "https://mubu.com",
    "Sec-Fetch-Site": "same-site",
    "Sec-Fetch-Mode": "cors",
    "Sec-Fetch-Dest": "empty",
    "Referer": "https://mubu.com/",
    "Accept-Language": "zh-CN,zh;q=0.9",
    "HRUN-Request-ID": "HRUN-bb5c10a2-5b52-4760-9edc-d590f09aa6d4-029675",
    "Cookie": "Jwt-Token=eyJ0eXAiOiJKV1QiLCJhbGciOiJIUzUxMiJ9.eyJhcHAiOiJtdWJ1Iiwic3ViIjoiMTE2MjM5NTEiLCJleHAiOjE2MjA0MTMzMzYsImlhdCI6MTYxNzgyMTMzNn0.DvmSMKRQesJEDTVvoNjwqjo0-r6d-vWNhXebHHBDBv1u5sCjUpi_sIvJTpxjCL0JXJPWybLjnQX24gGTcZojtw; user_persistence=ed543ec9-acb1-4a68-8db9-37bc0f94978e"
}
cookies  : {
    "Jwt-Token": "eyJ0eXAiOiJKV1QiLCJhbGciOiJIUzUxMiJ9.eyJhcHAiOiJtdWJ1Iiwic3ViIjoiMTE2MjM5NTEiLCJleHAiOjE2MjA0MTMzMzYsImlhdCI6MTYxNzgyMTMzNn0.DvmSMKRQesJEDTVvoNjwqjo0-r6d-vWNhXebHHBDBv1u5sCjUpi_sIvJTpxjCL0JXJPWybLjnQX24gGTcZojtw",
    "user_persistence": "ed543ec9-acb1-4a68-8db9-37bc0f94978e"
}
body     : {
    "docId": "7G4jGY8TWE_",
    "keywords": "jiao",
    "option": 1
}

2021-04-08 03:00:29.800 | DEBUG    | httprunner.client:log_print:40 - 
================== response details ==================
status_code : 200
headers  : {
    "Server": "Tengine",
    "Content-Type": "application/json;charset=UTF-8",
    "Transfer-Encoding": "chunked",
    "Connection": "keep-alive",
    "Date": "Wed, 07 Apr 2021 18:48:57 GMT",
    "Vary": "Accept-Encoding",
    "Access-Control-Allow-Origin": "*",
    "Access-Control-Allow-Methods": "POST,GET,OPTIONS,DELETE,HEAD,PUT",
    "Access-Control-Max-Age": "86400",
    "Access-Control-Allow-Credentials": "true",
    "Access-Control-Allow-Headers": "X-request-Id,x-requested-with,jwt-token,request-id,member-id,Content-Type,X-FILENAME,data-unique-id,AB-Server-Version,Device-Id,token,Channel-Id,channel,system,platform,Channel-Name,version,mubu-app,mubu-desktop,Checksum,user-agent,Origin,Accept",
    "X-Application-Context": "mubu.biz.openapi:online.cn:9245",
    "X-Tt-Logid": "202104080248570102121790251414F635",
    "X-Agw-Info": "vLVyjVGzhDyZ918fIrRWXi4WSED6m-3WlYbi42ke-8K_3awP1XbfesQwGfGudsLX7Xp0_xHxabpsPZFNkDWdHjunIy3GAr9i-DkNSTWJQ8yYH_Uh4IdrdkWh3hrX2jtA-qJjZhPBSZ8f9lBg6pwzW-VmO6nVfV6jKmoc",
    "X-TRANS-LEVEL": "0",
    "Server-Timing": "inner; dur=16, tt_agw; dur=16",
    "x-tt-trace-host": "01d402bc87954648c1cdde35294d8c0c15d4f494ec6d00ad8631451544bb979ab32346b295f723b6faea51069a7fe3234f27c46d3a047db471f47eb40788f99b482665d0057fcc91d533a299620693b660",
    "x-tt-trace-tag": "id=3;cdn-cache=miss",
    "X-TT-TIMESTAMP": "1617821337.419",
    "Content-Encoding": "gzip",
    "Via": "cache8.l2nu20-1[52,0], cache46.l2nu20-2[52,0], cache8.cn2157[99,0]",
    "Timing-Allow-Origin": "*",
    "EagleId": "6f13b19c16178213373534510e"
}
cookies  : {}
encoding : UTF-8
content_type : application/json;charset=UTF-8
body     : {
    "code": 0,
    "data": {
        "list": []
    }
}

2021-04-08 03:00:29.816 | INFO     | httprunner.client:request:217 - status_code: 200, response_time(ms): 109.39 ms, response_length: 0 bytes
2021-04-08 03:00:29.816 | INFO     | httprunner.response:validate:246 - assert status_code equal 200(int)	==> pass
2021-04-08 03:00:29.816 | INFO     | httprunner.response:validate:246 - assert headers."Content-Type" equal application/json;charset=UTF-8(str)	==> pass
2021-04-08 03:00:29.816 | INFO     | httprunner.response:validate:246 - assert body.code equal 0(int)	==> pass
2021-04-08 03:00:29.816 | INFO     | httprunner.runner:__run_step:304 - run step end: /v3/api/refer/search_refers <<<<<<

