2021-04-11 09:52:30.461 | INFO     | httprunner.runner:test_start:450 - Start to run testcase: creat new doc, TestCase ID: bbbbdb14-8b14-41b7-b439-c62481833f60
2021-04-11 09:52:30.461 | INFO     | httprunner.runner:__run_step:292 - run step begin: login mubu >>>>>>
2021-04-11 09:52:30.461 | INFO     | httprunner.runner:__run_step:292 - run step begin: /api/login/submit >>>>>>
2021-04-11 09:52:30.690 | DEBUG    | httprunner.client:request:186 - client IP: 192.168.1.7, Port: 61644
2021-04-11 09:52:30.695 | DEBUG    | httprunner.client:request:194 - server IP: 111.6.180.93, Port: 443
2021-04-11 09:52:30.751 | DEBUG    | httprunner.client:log_print:40 - 
================== request details ==================
method   : POST
url      : https://mubu.com/api/login/submit
headers  : {
    "User-Agent": "Mozilla/5.0 (Windows NT 10.0; Win64; x64) AppleWebKit/537.36 (KHTML, like Gecko) Chrome/88.0.4324.104 Safari/537.36",
    "Accept-Encoding": "gzip, deflate, br",
    "Accept": "application/json, text/javascript, */*; q=0.01",
    "Connection": "keep-alive",
    "Host": "mubu.com",
    "Content-Length": "47",
    "X-Requested-With": "XMLHttpRequest",
    "Content-Type": "application/x-www-form-urlencoded; charset=UTF-8",
    "Origin": "https://mubu.com",
    "Sec-Fetch-Site": "same-origin",
    "Sec-Fetch-Mode": "cors",
    "Sec-Fetch-Dest": "empty",
    "Referer": "https://mubu.com/login/password",
    "Accept-Language": "zh-CN,zh;q=0.9",
    "Cookie": "data_unique_id=5af8ec14-0e06-45fb-948e-5852d15f593a; _ga=GA1.2.575825054.1617539185; _gid=GA1.2.961331060.1617973416; reg_entrance=https%3A%2F%2Fmubu.com%2F; language=en-US; country=US; Hm_lvt_4426cbb0486a79ea049b4ad52d81b504=1617805446,1617820067,1617981171,1618017226; csrf_token=2ebd2cd9-e587-47d4-b8e3-6bb81d9fe9ce; SESSION=30786ff7-4a20-4a5c-b5aa-9d56f3586db4; _gat=1; reg_prepareId=178b9ae33da-178b9ae33d3-4763-bcdf-9510a0eb4440; reg_focusId=5247c4c4-c1ff-4763-bcdf-178b9ae36b3; SLARDAR_WEB_ID=8d09bf6a-a457-4c0e-a070-fd54f2c2279f; Hm_lpvt_4426cbb0486a79ea049b4ad52d81b504=1618022906",
    "HRUN-Request-ID": "HRUN-bbbbdb14-8b14-41b7-b439-c62481833f60-950461"
}
cookies  : {
    "Hm_lpvt_4426cbb0486a79ea049b4ad52d81b504": "1618022906",
    "Hm_lvt_4426cbb0486a79ea049b4ad52d81b504": "1617805446,1617820067,1617981171,1618017226",
    "SESSION": "30786ff7-4a20-4a5c-b5aa-9d56f3586db4",
    "SLARDAR_WEB_ID": "8d09bf6a-a457-4c0e-a070-fd54f2c2279f",
    "_ga": "GA1.2.575825054.1617539185",
    "_gat": "1",
    "_gid": "GA1.2.961331060.1617973416",
    "country": "US",
    "csrf_token": "2ebd2cd9-e587-47d4-b8e3-6bb81d9fe9ce",
    "data_unique_id": "5af8ec14-0e06-45fb-948e-5852d15f593a",
    "language": "en-US",
    "reg_entrance": "https%3A%2F%2Fmubu.com%2F",
    "reg_focusId": "5247c4c4-c1ff-4763-bcdf-178b9ae36b3",
    "reg_prepareId": "178b9ae33da-178b9ae33d3-4763-bcdf-9510a0eb4440"
}
body     : phone=18710748230&password=123456&remember=true

2021-04-11 09:52:30.751 | DEBUG    | httprunner.client:log_print:40 - 
================== response details ==================
status_code : 200
headers  : {
    "Server": "Tengine",
    "Content-Type": "application/json;charset=UTF-8",
    "Transfer-Encoding": "chunked",
    "Connection": "keep-alive",
    "Date": "Sun, 11 Apr 2021 01:40:52 GMT",
    "Vary": "Accept-Encoding",
    "X-Application-Context": "ee.mubu.web_server:prod:9240",
    "Set-Cookie": "Jwt-Token=eyJ0eXAiOiJKV1QiLCJhbGciOiJIUzUxMiJ9.eyJhcHAiOiJtdWJ1Iiwic3ViIjoiMTE2MjM5NTEiLCJleHAiOjE2MjA2OTcyNTIsImlhdCI6MTYxODEwNTI1Mn0.j9qyfXzxgErD76_OvsicZ4b7twDLStSrJTG2mABXA96UvOSxZwWNvjqzmqv_RZKFWGZPQnD7FJp8t7ZgPeEotQ; Max-Age=2592000; Expires=Tue, 11-May-2021 01:40:52 GMT; Path=/, user_persistence=ed543ec9-acb1-4a68-8db9-37bc0f94978e; Max-Age=2592000; Expires=Tue, 11-May-2021 01:40:52 GMT; Path=/, SESSION=34faa770-e727-4e63-bae3-1531bc86e2c4; Path=/; HttpOnly",
    "server-timing": "inner; dur=16, cdn-cache;desc=MISS,edge;dur=55,origin;dur=32",
    "x-tt-trace-host": "014a903e23e62e33f03c416fc5a381b96fe2be81f0e9234559896757af2a56b8fd7c2abfda7e4e38fc8b8048b6ba6da98b53f7029b351028f82eb94db5d4bfc8c9ea4e399cd25a4beb6cc4fbdd4029dc33",
    "x-tt-trace-tag": "id=03;cdn-cache=miss;type=dyn",
    "X-TT-TIMESTAMP": "1618105252.899",
    "Content-Encoding": "gzip",
    "Via": "cache4.l2nu20-8[32,0], cache3.cn1015[87,0]",
    "Timing-Allow-Origin": "*",
    "EagleId": "6f06b41716181052528256425e"
}
cookies  : {
    "Jwt-Token": "eyJ0eXAiOiJKV1QiLCJhbGciOiJIUzUxMiJ9.eyJhcHAiOiJtdWJ1Iiwic3ViIjoiMTE2MjM5NTEiLCJleHAiOjE2MjA2OTcyNTIsImlhdCI6MTYxODEwNTI1Mn0.j9qyfXzxgErD76_OvsicZ4b7twDLStSrJTG2mABXA96UvOSxZwWNvjqzmqv_RZKFWGZPQnD7FJp8t7ZgPeEotQ",
    "SESSION": "34faa770-e727-4e63-bae3-1531bc86e2c4",
    "user_persistence": "ed543ec9-acb1-4a68-8db9-37bc0f94978e"
}
encoding : UTF-8
content_type : application/json;charset=UTF-8
body     : {
    "code": 0,
    "msg": null,
    "data": {
        "next": "/list"
    }
}

2021-04-11 09:52:30.751 | INFO     | httprunner.client:request:217 - status_code: 200, response_time(ms): 229.74 ms, response_length: 0 bytes
2021-04-11 09:52:30.760 | INFO     | httprunner.response:extract:176 - extract mapping: {'unreadCount': 0}
2021-04-11 09:52:30.760 | INFO     | httprunner.response:validate:246 - assert status_code equal 200(int)	==> pass
2021-04-11 09:52:30.765 | INFO     | httprunner.response:validate:246 - assert headers."Content-Type" equal application/json;charset=UTF-8(str)	==> pass
2021-04-11 09:52:30.765 | INFO     | httprunner.response:validate:246 - assert body.code equal 0(int)	==> pass
2021-04-11 09:52:30.765 | INFO     | httprunner.response:validate:246 - assert body.msg equal None(NoneType)	==> pass
2021-04-11 09:52:30.771 | INFO     | httprunner.runner:__run_step:304 - run step end: /api/login/submit <<<<<<

2021-04-11 09:52:30.771 | INFO     | httprunner.runner:__run_step_testcase:286 - export variables: {'unreadCount': 0}
2021-04-11 09:52:30.771 | INFO     | httprunner.runner:__run_step:304 - run step end: login mubu <<<<<<

2021-04-11 09:52:30.771 | INFO     | httprunner.runner:__run_step:292 - run step begin: /v3/api/user/profile >>>>>>
2021-04-11 09:52:31.039 | DEBUG    | httprunner.client:request:186 - client IP: 192.168.1.7, Port: 61645
2021-04-11 09:52:31.043 | DEBUG    | httprunner.client:request:194 - server IP: 111.19.233.248, Port: 443
2021-04-11 09:52:31.047 | DEBUG    | httprunner.client:log_print:40 - 
================== request details ==================
method   : POST
url      : https://api2.mubu.com/v3/api/user/profile
headers  : {
    "User-Agent": "HttpRunner/3.1.4",
    "Accept-Encoding": "gzip, deflate, br",
    "Accept": "application/json, text/plain, */*",
    "Connection": "keep-alive",
    "host1": "api2.mubu.com",
    "unreadCount": "'0'",
    "Content-Length": "0",
    "Jwt-Token": "eyJ0eXAiOiJKV1QiLCJhbGciOiJIUzUxMiJ9.eyJhcHAiOiJtdWJ1Iiwic3ViIjoiMTE2MjM5NTEiLCJleHAiOjE2MjA2MTMxMTEsImlhdCI6MTYxODAyMTExMX0.vb25B05BHW2VyNB6tlW58F3eVkKnnoQXvc7H-XZIt2jfFisYO4N5NPYAMLT4b5-4XVyIIDcsqaMW5i_OD9Ahyw",
    "data-unique-id": "5af8ec14-0e06-45fb-948e-5852d15f593a",
    "x-request-id": "36b69f65-6593-4beb-8cd6-8085c5366931",
    "version": "3.0.0.21328",
    "Origin": "https://mubu.com",
    "Sec-Fetch-Site": "same-site",
    "Sec-Fetch-Mode": "cors",
    "Sec-Fetch-Dest": "empty",
    "Referer": "https://mubu.com/",
    "Accept-Language": "zh-CN,zh;q=0.9",
    "HRUN-Request-ID": "HRUN-bbbbdb14-8b14-41b7-b439-c62481833f60-950771",
    "Cookie": "Jwt-Token=eyJ0eXAiOiJKV1QiLCJhbGciOiJIUzUxMiJ9.eyJhcHAiOiJtdWJ1Iiwic3ViIjoiMTE2MjM5NTEiLCJleHAiOjE2MjA2OTcyNTIsImlhdCI6MTYxODEwNTI1Mn0.j9qyfXzxgErD76_OvsicZ4b7twDLStSrJTG2mABXA96UvOSxZwWNvjqzmqv_RZKFWGZPQnD7FJp8t7ZgPeEotQ; SESSION=34faa770-e727-4e63-bae3-1531bc86e2c4; user_persistence=ed543ec9-acb1-4a68-8db9-37bc0f94978e"
}
cookies  : {
    "Jwt-Token": "eyJ0eXAiOiJKV1QiLCJhbGciOiJIUzUxMiJ9.eyJhcHAiOiJtdWJ1Iiwic3ViIjoiMTE2MjM5NTEiLCJleHAiOjE2MjA2OTcyNTIsImlhdCI6MTYxODEwNTI1Mn0.j9qyfXzxgErD76_OvsicZ4b7twDLStSrJTG2mABXA96UvOSxZwWNvjqzmqv_RZKFWGZPQnD7FJp8t7ZgPeEotQ",
    "SESSION": "34faa770-e727-4e63-bae3-1531bc86e2c4",
    "user_persistence": "ed543ec9-acb1-4a68-8db9-37bc0f94978e"
}
body     : None

2021-04-11 09:52:31.054 | DEBUG    | httprunner.client:log_print:40 - 
================== response details ==================
status_code : 200
headers  : {
    "Server": "Tengine",
    "Content-Type": "application/json;charset=UTF-8",
    "Transfer-Encoding": "chunked",
    "Connection": "keep-alive",
    "Date": "Sun, 11 Apr 2021 01:40:53 GMT",
    "Vary": "Accept-Encoding",
    "Access-Control-Allow-Origin": "*",
    "Access-Control-Allow-Methods": "POST,GET,OPTIONS,DELETE,HEAD,PUT",
    "Access-Control-Max-Age": "86400",
    "Access-Control-Allow-Credentials": "true",
    "Access-Control-Allow-Headers": "X-request-Id,x-requested-with,jwt-token,request-id,member-id,Content-Type,X-FILENAME,data-unique-id,AB-Server-Version,Device-Id,token,Channel-Id,channel,system,platform,Channel-Name,version,mubu-app,mubu-desktop,Checksum,user-agent,Origin,Accept",
    "X-Application-Context": "mubu.biz.openapi:online.cn:9242",
    "X-Tt-Logid": "202104110940530101501320900F173014",
    "X-Agw-Info": "C2GZSa4iPamagubWWuTzW4cNrf9huI-2logNhZ_G9x0-URd5uP5QDPFPB-dkZJzfY3a3wcJ_ivgTA_0zfecXpSLi0XQqLJPE11_FgoNoPBUPnaCHg5UiAbl9tGP5Bn4wSY5qdsCtcOA82Xn_9TeLZosvJWHqc_t9DpQ-",
    "X-TRANS-LEVEL": "0",
    "Server-Timing": "inner; dur=20, tt_agw; dur=17",
    "x-tt-trace-host": "01cce5008b698dfae3e6e62b2b2d9b8f13bbb6ad5b67b5484ee9541d4be96fbbea6b8e84f594de8c8f2831f9885e69b8029d2c6ed57d8cd5a998b37709021fda75c0326db37ef6e86e5a755cd8c84ba095",
    "x-tt-trace-tag": "id=3;cdn-cache=miss",
    "X-TT-TIMESTAMP": "1618105253.234",
    "Content-Encoding": "gzip",
    "Via": "cache47.l2ea120-6[81,0], vcache44.cn2543[145,0]",
    "Timing-Allow-Origin": "*",
    "EagleId": "6f13e95b16181052531212121e"
}
cookies  : {}
encoding : UTF-8
content_type : application/json;charset=UTF-8
body     : {
    "code": 0,
    "data": {
        "expert": false,
        "setEncryptPassword": false,
        "level": 1,
        "student": 0,
        "photo": "photo/DEFAULT-AVATAR-4482106c-ebf8-440b-9e78-9ac055769f7a.jpg",
        "wxId": "",
        "passSecure": true,
        "sort": "time",
        "qqId": "",
        "sermon": false,
        "view": "grid",
        "phone": "18710748230",
        "inviteCount": 0,
        "name": "\u5e55\u5e03\u7528\u623748231216",
        "id": 11623951,
        "qqName": "",
        "wxName": "",
        "vipEndDate": "20210419"
    }
}

2021-04-11 09:52:31.057 | INFO     | httprunner.client:request:217 - status_code: 200, response_time(ms): 268.9 ms, response_length: 0 bytes
2021-04-11 09:52:31.060 | INFO     | httprunner.response:validate:246 - assert status_code equal 200(int)	==> pass
2021-04-11 09:52:31.063 | INFO     | httprunner.response:validate:246 - assert headers."Content-Type" equal application/json;charset=UTF-8(str)	==> pass
2021-04-11 09:52:31.067 | INFO     | httprunner.response:validate:246 - assert body.code equal 0(int)	==> pass
2021-04-11 09:52:31.070 | INFO     | httprunner.runner:__run_step:304 - run step end: /v3/api/user/profile <<<<<<

2021-04-11 09:52:31.073 | INFO     | httprunner.runner:__run_step:292 - run step begin: /v3/api/list/get >>>>>>
2021-04-11 09:52:31.222 | DEBUG    | httprunner.client:request:186 - client IP: 192.168.1.7, Port: 61645
2021-04-11 09:52:31.225 | DEBUG    | httprunner.client:request:194 - server IP: 111.19.233.248, Port: 443
2021-04-11 09:52:31.229 | DEBUG    | httprunner.client:log_print:40 - 
================== request details ==================
method   : POST
url      : https://api2.mubu.com/v3/api/list/get
headers  : {
    "User-Agent": "HttpRunner/3.1.4",
    "Accept-Encoding": "gzip, deflate, br",
    "Accept": "application/json, text/plain, */*",
    "Connection": "keep-alive",
    "host1": "api2.mubu.com",
    "Content-Length": "65",
    "Jwt-Token": "eyJ0eXAiOiJKV1QiLCJhbGciOiJIUzUxMiJ9.eyJhcHAiOiJtdWJ1Iiwic3ViIjoiMTE2MjM5NTEiLCJleHAiOjE2MjA2MTMxMTEsImlhdCI6MTYxODAyMTExMX0.vb25B05BHW2VyNB6tlW58F3eVkKnnoQXvc7H-XZIt2jfFisYO4N5NPYAMLT4b5-4XVyIIDcsqaMW5i_OD9Ahyw",
    "Content-Type": "application/json;charset=UTF-8",
    "data-unique-id": "5af8ec14-0e06-45fb-948e-5852d15f593a",
    "x-request-id": "9579260e-0080-4965-9e33-48a0632fe48d",
    "version": "3.0.0.21328",
    "Origin": "https://mubu.com",
    "Sec-Fetch-Site": "same-site",
    "Sec-Fetch-Mode": "cors",
    "Sec-Fetch-Dest": "empty",
    "Referer": "https://mubu.com/",
    "Accept-Language": "zh-CN,zh;q=0.9",
    "HRUN-Request-ID": "HRUN-bbbbdb14-8b14-41b7-b439-c62481833f60-951076",
    "Cookie": "Jwt-Token=eyJ0eXAiOiJKV1QiLCJhbGciOiJIUzUxMiJ9.eyJhcHAiOiJtdWJ1Iiwic3ViIjoiMTE2MjM5NTEiLCJleHAiOjE2MjA2OTcyNTIsImlhdCI6MTYxODEwNTI1Mn0.j9qyfXzxgErD76_OvsicZ4b7twDLStSrJTG2mABXA96UvOSxZwWNvjqzmqv_RZKFWGZPQnD7FJp8t7ZgPeEotQ; SESSION=34faa770-e727-4e63-bae3-1531bc86e2c4; user_persistence=ed543ec9-acb1-4a68-8db9-37bc0f94978e"
}
cookies  : {
    "Jwt-Token": "eyJ0eXAiOiJKV1QiLCJhbGciOiJIUzUxMiJ9.eyJhcHAiOiJtdWJ1Iiwic3ViIjoiMTE2MjM5NTEiLCJleHAiOjE2MjA2OTcyNTIsImlhdCI6MTYxODEwNTI1Mn0.j9qyfXzxgErD76_OvsicZ4b7twDLStSrJTG2mABXA96UvOSxZwWNvjqzmqv_RZKFWGZPQnD7FJp8t7ZgPeEotQ",
    "SESSION": "34faa770-e727-4e63-bae3-1531bc86e2c4",
    "user_persistence": "ed543ec9-acb1-4a68-8db9-37bc0f94978e"
}
body     : {
    "folderId": 0,
    "sort": "time",
    "keywords": "",
    "source": "home"
}

2021-04-11 09:52:31.234 | DEBUG    | httprunner.client:log_print:40 - 
================== response details ==================
status_code : 200
headers  : {
    "Server": "Tengine",
    "Content-Type": "application/json;charset=UTF-8",
    "Transfer-Encoding": "chunked",
    "Connection": "keep-alive",
    "Date": "Sun, 11 Apr 2021 01:40:53 GMT",
    "Vary": "Accept-Encoding",
    "Access-Control-Allow-Origin": "*",
    "Access-Control-Allow-Methods": "POST,GET,OPTIONS,DELETE,HEAD,PUT",
    "Access-Control-Max-Age": "86400",
    "Access-Control-Allow-Credentials": "true",
    "Access-Control-Allow-Headers": "X-request-Id,x-requested-with,jwt-token,request-id,member-id,Content-Type,X-FILENAME,data-unique-id,AB-Server-Version,Device-Id,token,Channel-Id,channel,system,platform,Channel-Name,version,mubu-app,mubu-desktop,Checksum,user-agent,Origin,Accept",
    "X-Application-Context": "mubu.biz.openapi:online.cn:9487",
    "X-Tt-Logid": "2021041109405301015013120952177466",
    "X-Agw-Info": "GGDNbe3AiJ_CVDeljzbEg0i4kJ8bzip_2cAlm9DR5NmVSgiZHHMQ-E_OlKLqBJmZduWJz4iHdUNVmA7AgetlzmMY37NsmziY5xeqql5uNt8L_UR48lqL2AKrXb27iQubuM1r4C8u3Ksn6-SWJsS0MEMix_kyqDou15Gs",
    "X-TRANS-LEVEL": "0",
    "Server-Timing": "inner; dur=6, tt_agw; dur=4",
    "x-tt-trace-host": "01cce5008b698dfae3e6e62b2b2d9b8f1396bbce94463a86e7ce1e59dc12286ee038eb1bf6311ec7434038b021495689aa2abc61da3a54f40f5bf99488443e2cc3fb969305afec380ab0c8a436a7a3721c",
    "x-tt-trace-tag": "id=3;cdn-cache=miss",
    "X-TT-TIMESTAMP": "1618105253.421",
    "Content-Encoding": "gzip",
    "Via": "cache60.l2ea120-6[73,0], vcache44.cn2543[125,0]",
    "Timing-Allow-Origin": "*",
    "EagleId": "6f13e95b16181052533242417e"
}
cookies  : {}
encoding : UTF-8
content_type : application/json;charset=UTF-8
body     : {
    "code": 0,
    "data": {
        "folders": [],
        "documents": [],
        "source": "home",
        "dir": [],
        "folderId": "0"
    }
}

2021-04-11 09:52:31.239 | INFO     | httprunner.client:request:217 - status_code: 200, response_time(ms): 143.18 ms, response_length: 0 bytes
2021-04-11 09:52:31.242 | INFO     | httprunner.response:validate:246 - assert status_code equal 200(int)	==> pass
2021-04-11 09:52:31.245 | INFO     | httprunner.response:validate:246 - assert headers."Content-Type" equal application/json;charset=UTF-8(str)	==> pass
2021-04-11 09:52:31.247 | INFO     | httprunner.response:validate:246 - assert body.code equal 0(int)	==> pass
2021-04-11 09:52:31.249 | INFO     | httprunner.runner:__run_step:304 - run step end: /v3/api/list/get <<<<<<

2021-04-11 09:52:31.250 | INFO     | httprunner.runner:__run_step:292 - run step begin: /v3/api/list/item_count >>>>>>
2021-04-11 09:52:31.337 | DEBUG    | httprunner.client:request:186 - client IP: 192.168.1.7, Port: 61645
2021-04-11 09:52:31.340 | DEBUG    | httprunner.client:request:194 - server IP: 111.19.233.248, Port: 443
2021-04-11 09:52:31.345 | DEBUG    | httprunner.client:log_print:40 - 
================== request details ==================
method   : POST
url      : https://api2.mubu.com/v3/api/list/item_count
headers  : {
    "User-Agent": "HttpRunner/3.1.4",
    "Accept-Encoding": "gzip, deflate, br",
    "Accept": "application/json, text/plain, */*",
    "Connection": "keep-alive",
    "host1": "api2.mubu.com",
    "Content-Length": "33",
    "Jwt-Token": "eyJ0eXAiOiJKV1QiLCJhbGciOiJIUzUxMiJ9.eyJhcHAiOiJtdWJ1Iiwic3ViIjoiMTE2MjM5NTEiLCJleHAiOjE2MjA2MTMxMTEsImlhdCI6MTYxODAyMTExMX0.vb25B05BHW2VyNB6tlW58F3eVkKnnoQXvc7H-XZIt2jfFisYO4N5NPYAMLT4b5-4XVyIIDcsqaMW5i_OD9Ahyw",
    "Content-Type": "application/json;charset=UTF-8",
    "data-unique-id": "5af8ec14-0e06-45fb-948e-5852d15f593a",
    "x-request-id": "66790345-9de9-4e98-9c10-38158e23a545",
    "version": "3.0.0.21328",
    "Origin": "https://mubu.com",
    "Sec-Fetch-Site": "same-site",
    "Sec-Fetch-Mode": "cors",
    "Sec-Fetch-Dest": "empty",
    "Referer": "https://mubu.com/",
    "Accept-Language": "zh-CN,zh;q=0.9",
    "HRUN-Request-ID": "HRUN-bbbbdb14-8b14-41b7-b439-c62481833f60-951253",
    "Cookie": "Jwt-Token=eyJ0eXAiOiJKV1QiLCJhbGciOiJIUzUxMiJ9.eyJhcHAiOiJtdWJ1Iiwic3ViIjoiMTE2MjM5NTEiLCJleHAiOjE2MjA2OTcyNTIsImlhdCI6MTYxODEwNTI1Mn0.j9qyfXzxgErD76_OvsicZ4b7twDLStSrJTG2mABXA96UvOSxZwWNvjqzmqv_RZKFWGZPQnD7FJp8t7ZgPeEotQ; SESSION=34faa770-e727-4e63-bae3-1531bc86e2c4; user_persistence=ed543ec9-acb1-4a68-8db9-37bc0f94978e"
}
cookies  : {
    "Jwt-Token": "eyJ0eXAiOiJKV1QiLCJhbGciOiJIUzUxMiJ9.eyJhcHAiOiJtdWJ1Iiwic3ViIjoiMTE2MjM5NTEiLCJleHAiOjE2MjA2OTcyNTIsImlhdCI6MTYxODEwNTI1Mn0.j9qyfXzxgErD76_OvsicZ4b7twDLStSrJTG2mABXA96UvOSxZwWNvjqzmqv_RZKFWGZPQnD7FJp8t7ZgPeEotQ",
    "SESSION": "34faa770-e727-4e63-bae3-1531bc86e2c4",
    "user_persistence": "ed543ec9-acb1-4a68-8db9-37bc0f94978e"
}
body     : {
    "folderId": 0,
    "source": "home"
}

2021-04-11 09:52:31.352 | DEBUG    | httprunner.client:log_print:40 - 
================== response details ==================
status_code : 200
headers  : {
    "Server": "Tengine",
    "Content-Type": "application/json;charset=UTF-8",
    "Transfer-Encoding": "chunked",
    "Connection": "keep-alive",
    "Date": "Sun, 11 Apr 2021 01:40:53 GMT",
    "Vary": "Accept-Encoding",
    "Access-Control-Allow-Origin": "*",
    "Access-Control-Allow-Methods": "POST,GET,OPTIONS,DELETE,HEAD,PUT",
    "Access-Control-Max-Age": "86400",
    "Access-Control-Allow-Credentials": "true",
    "Access-Control-Allow-Headers": "X-request-Id,x-requested-with,jwt-token,request-id,member-id,Content-Type,X-FILENAME,data-unique-id,AB-Server-Version,Device-Id,token,Channel-Id,channel,system,platform,Channel-Name,version,mubu-app,mubu-desktop,Checksum,user-agent,Origin,Accept",
    "X-Application-Context": "mubu.biz.openapi:online.cn:9291",
    "X-Tt-Logid": "202104110940530102121931540F47B82E",
    "X-Agw-Info": "It2tKRflr5bui4eGExbghZoyYmcgNLrL8nhtYWY_lrXGEvXUUNfbH1nUz4sN9i2gu7wHethofWIo638jty0zPSo3sfRT3C-EuL0IbqAFk1-CUZ09YuMHk9b2jRaxMajfzX49tV-ZHSwogxmtlcp89YXNJM-hcnD8jjs=",
    "X-TRANS-LEVEL": "0",
    "Server-Timing": "inner; dur=12, tt_agw; dur=12",
    "x-tt-trace-host": "0117c27e7cbf31ce1b980736037cd8eaea976c85e69937810b0f79ffe7841c0e5645f52dd8fa12fc33621d83f144e5dbda285afc28c18a8560b8f6638a736c704e82649927c05619c34c8d641664ce7ded",
    "x-tt-trace-tag": "id=3;cdn-cache=miss",
    "X-TT-TIMESTAMP": "1618105253.550",
    "Content-Encoding": "gzip",
    "Via": "vcache44.cn2543[73,0]",
    "Timing-Allow-Origin": "*",
    "EagleId": "6f13e95b16181052534932632e"
}
cookies  : {}
encoding : UTF-8
content_type : application/json;charset=UTF-8
body     : {
    "code": 0,
    "data": {
        "folder": {},
        "doc": {}
    }
}

2021-04-11 09:52:31.355 | INFO     | httprunner.client:request:217 - status_code: 200, response_time(ms): 84.74 ms, response_length: 0 bytes
2021-04-11 09:52:31.358 | INFO     | httprunner.response:validate:246 - assert status_code equal 200(int)	==> pass
2021-04-11 09:52:31.361 | INFO     | httprunner.response:validate:246 - assert headers."Content-Type" equal application/json;charset=UTF-8(str)	==> pass
2021-04-11 09:52:31.365 | INFO     | httprunner.response:validate:246 - assert body.code equal 0(int)	==> pass
2021-04-11 09:52:31.368 | INFO     | httprunner.runner:__run_step:304 - run step end: /v3/api/list/item_count <<<<<<

2021-04-11 09:52:31.371 | INFO     | httprunner.runner:__run_step:292 - run step begin: /v3/api/list/star_relation/get >>>>>>
2021-04-11 09:52:31.427 | DEBUG    | httprunner.client:request:186 - client IP: 192.168.1.7, Port: 61645
2021-04-11 09:52:31.430 | DEBUG    | httprunner.client:request:194 - server IP: 111.19.233.248, Port: 443
2021-04-11 09:52:31.434 | DEBUG    | httprunner.client:log_print:40 - 
================== request details ==================
method   : GET
url      : https://api2.mubu.com/v3/api/list/star_relation/get
headers  : {
    "User-Agent": "HttpRunner/3.1.4",
    "Accept-Encoding": "gzip, deflate, br",
    "Accept": "application/json, text/plain, */*",
    "Connection": "keep-alive",
    "host1": "api2.mubu.com",
    "Jwt-Token": "eyJ0eXAiOiJKV1QiLCJhbGciOiJIUzUxMiJ9.eyJhcHAiOiJtdWJ1Iiwic3ViIjoiMTE2MjM5NTEiLCJleHAiOjE2MjA2MTMxMTEsImlhdCI6MTYxODAyMTExMX0.vb25B05BHW2VyNB6tlW58F3eVkKnnoQXvc7H-XZIt2jfFisYO4N5NPYAMLT4b5-4XVyIIDcsqaMW5i_OD9Ahyw",
    "data-unique-id": "5af8ec14-0e06-45fb-948e-5852d15f593a",
    "x-request-id": "122196df-0f64-49f6-9f60-d72c7b50b47c",
    "version": "3.0.0.21328",
    "Origin": "https://mubu.com",
    "Sec-Fetch-Site": "same-site",
    "Sec-Fetch-Mode": "cors",
    "Sec-Fetch-Dest": "empty",
    "Referer": "https://mubu.com/",
    "Accept-Language": "zh-CN,zh;q=0.9",
    "HRUN-Request-ID": "HRUN-bbbbdb14-8b14-41b7-b439-c62481833f60-951374",
    "Cookie": "Jwt-Token=eyJ0eXAiOiJKV1QiLCJhbGciOiJIUzUxMiJ9.eyJhcHAiOiJtdWJ1Iiwic3ViIjoiMTE2MjM5NTEiLCJleHAiOjE2MjA2OTcyNTIsImlhdCI6MTYxODEwNTI1Mn0.j9qyfXzxgErD76_OvsicZ4b7twDLStSrJTG2mABXA96UvOSxZwWNvjqzmqv_RZKFWGZPQnD7FJp8t7ZgPeEotQ; SESSION=34faa770-e727-4e63-bae3-1531bc86e2c4; user_persistence=ed543ec9-acb1-4a68-8db9-37bc0f94978e"
}
cookies  : {
    "Jwt-Token": "eyJ0eXAiOiJKV1QiLCJhbGciOiJIUzUxMiJ9.eyJhcHAiOiJtdWJ1Iiwic3ViIjoiMTE2MjM5NTEiLCJleHAiOjE2MjA2OTcyNTIsImlhdCI6MTYxODEwNTI1Mn0.j9qyfXzxgErD76_OvsicZ4b7twDLStSrJTG2mABXA96UvOSxZwWNvjqzmqv_RZKFWGZPQnD7FJp8t7ZgPeEotQ",
    "SESSION": "34faa770-e727-4e63-bae3-1531bc86e2c4",
    "user_persistence": "ed543ec9-acb1-4a68-8db9-37bc0f94978e"
}
body     : None

2021-04-11 09:52:31.440 | DEBUG    | httprunner.client:log_print:40 - 
================== response details ==================
status_code : 200
headers  : {
    "Server": "Tengine",
    "Content-Type": "application/json;charset=UTF-8",
    "Transfer-Encoding": "chunked",
    "Connection": "keep-alive",
    "Date": "Sun, 11 Apr 2021 01:40:53 GMT",
    "Vary": "Accept-Encoding",
    "Access-Control-Allow-Origin": "*",
    "Access-Control-Allow-Methods": "POST,GET,OPTIONS,DELETE,HEAD,PUT",
    "Access-Control-Max-Age": "86400",
    "Access-Control-Allow-Credentials": "true",
    "Access-Control-Allow-Headers": "X-request-Id,x-requested-with,jwt-token,request-id,member-id,Content-Type,X-FILENAME,data-unique-id,AB-Server-Version,Device-Id,token,Channel-Id,channel,system,platform,Channel-Name,version,mubu-app,mubu-desktop,Checksum,user-agent,Origin,Accept",
    "X-Application-Context": "mubu.biz.openapi:online.cn:9318",
    "X-Tt-Logid": "202104110940530102121881463747BB14",
    "X-Agw-Info": "Y8MevHkhf5h4gMJLNKglBwvH8wYMTf_QNZtf36d2BIUJIy8QO-LwDREi841YXsTn1UAsheDHPylRCdQSqJyrWOlurS6qq44wuUZkdbFF_wiKYs93-onMda4CkKwT6FqLFX0il2rKSyyNV6xRdAi31i1rwJbXlCRavzn6",
    "X-TRANS-LEVEL": "0",
    "Server-Timing": "inner; dur=8, tt_agw; dur=8",
    "x-tt-trace-host": "0117c27e7cbf31ce1b980736037cd8eaea976c85e69937810b0f79ffe7841c0e567918ffd29d351abe555bfcc84f8d1b3e2e076f22c375d65ece61e2cfde52b1103c642808ab35b427b789ecfa696ef302",
    "x-tt-trace-tag": "id=3;cdn-cache=miss",
    "X-TT-TIMESTAMP": "1618105253.641",
    "Content-Encoding": "gzip",
    "Via": "vcache44.cn2543[34,0]",
    "Timing-Allow-Origin": "*",
    "EagleId": "6f13e95b16181052536202807e"
}
cookies  : {}
encoding : UTF-8
content_type : application/json;charset=UTF-8
body     : {
    "code": 0,
    "data": []
}

2021-04-11 09:52:31.444 | INFO     | httprunner.client:request:217 - status_code: 200, response_time(ms): 51.48 ms, response_length: 0 bytes
2021-04-11 09:52:31.447 | INFO     | httprunner.response:validate:246 - assert status_code equal 200(int)	==> pass
2021-04-11 09:52:31.450 | INFO     | httprunner.response:validate:246 - assert headers."Content-Type" equal application/json;charset=UTF-8(str)	==> pass
2021-04-11 09:52:31.453 | INFO     | httprunner.response:validate:246 - assert body.code equal 0(int)	==> pass
2021-04-11 09:52:31.456 | INFO     | httprunner.runner:__run_step:304 - run step end: /v3/api/list/star_relation/get <<<<<<

2021-04-11 09:52:31.459 | INFO     | httprunner.runner:__run_step:292 - run step begin: /v3/api/user/get_user_params >>>>>>
2021-04-11 09:52:31.547 | DEBUG    | httprunner.client:request:186 - client IP: 192.168.1.7, Port: 61645
2021-04-11 09:52:31.550 | DEBUG    | httprunner.client:request:194 - server IP: 111.19.233.248, Port: 443
2021-04-11 09:52:31.552 | DEBUG    | httprunner.client:log_print:40 - 
================== request details ==================
method   : POST
url      : https://api2.mubu.com/v3/api/user/get_user_params
headers  : {
    "User-Agent": "HttpRunner/3.1.4",
    "Accept-Encoding": "gzip, deflate, br",
    "Accept": "application/json, text/plain, */*",
    "Connection": "keep-alive",
    "host1": "api2.mubu.com",
    "Content-Length": "0",
    "Jwt-Token": "eyJ0eXAiOiJKV1QiLCJhbGciOiJIUzUxMiJ9.eyJhcHAiOiJtdWJ1Iiwic3ViIjoiMTE2MjM5NTEiLCJleHAiOjE2MjA2MTMxMTEsImlhdCI6MTYxODAyMTExMX0.vb25B05BHW2VyNB6tlW58F3eVkKnnoQXvc7H-XZIt2jfFisYO4N5NPYAMLT4b5-4XVyIIDcsqaMW5i_OD9Ahyw",
    "data-unique-id": "5af8ec14-0e06-45fb-948e-5852d15f593a",
    "x-request-id": "0dade813-e90c-4e1d-b509-ccd1af1460a4",
    "version": "3.0.0.21328",
    "Origin": "https://mubu.com",
    "Sec-Fetch-Site": "same-site",
    "Sec-Fetch-Mode": "cors",
    "Sec-Fetch-Dest": "empty",
    "Referer": "https://mubu.com/",
    "Accept-Language": "zh-CN,zh;q=0.9",
    "HRUN-Request-ID": "HRUN-bbbbdb14-8b14-41b7-b439-c62481833f60-951463",
    "Cookie": "Jwt-Token=eyJ0eXAiOiJKV1QiLCJhbGciOiJIUzUxMiJ9.eyJhcHAiOiJtdWJ1Iiwic3ViIjoiMTE2MjM5NTEiLCJleHAiOjE2MjA2OTcyNTIsImlhdCI6MTYxODEwNTI1Mn0.j9qyfXzxgErD76_OvsicZ4b7twDLStSrJTG2mABXA96UvOSxZwWNvjqzmqv_RZKFWGZPQnD7FJp8t7ZgPeEotQ; SESSION=34faa770-e727-4e63-bae3-1531bc86e2c4; user_persistence=ed543ec9-acb1-4a68-8db9-37bc0f94978e"
}
cookies  : {
    "Jwt-Token": "eyJ0eXAiOiJKV1QiLCJhbGciOiJIUzUxMiJ9.eyJhcHAiOiJtdWJ1Iiwic3ViIjoiMTE2MjM5NTEiLCJleHAiOjE2MjA2OTcyNTIsImlhdCI6MTYxODEwNTI1Mn0.j9qyfXzxgErD76_OvsicZ4b7twDLStSrJTG2mABXA96UvOSxZwWNvjqzmqv_RZKFWGZPQnD7FJp8t7ZgPeEotQ",
    "SESSION": "34faa770-e727-4e63-bae3-1531bc86e2c4",
    "user_persistence": "ed543ec9-acb1-4a68-8db9-37bc0f94978e"
}
body     : None

2021-04-11 09:52:31.555 | DEBUG    | httprunner.client:log_print:40 - 
================== response details ==================
status_code : 200
headers  : {
    "Server": "Tengine",
    "Content-Type": "application/json;charset=UTF-8",
    "Transfer-Encoding": "chunked",
    "Connection": "keep-alive",
    "Date": "Sun, 11 Apr 2021 01:40:53 GMT",
    "Vary": "Accept-Encoding",
    "Access-Control-Allow-Origin": "*",
    "Access-Control-Allow-Methods": "POST,GET,OPTIONS,DELETE,HEAD,PUT",
    "Access-Control-Max-Age": "86400",
    "Access-Control-Allow-Credentials": "true",
    "Access-Control-Allow-Headers": "X-request-Id,x-requested-with,jwt-token,request-id,member-id,Content-Type,X-FILENAME,data-unique-id,AB-Server-Version,Device-Id,token,Channel-Id,channel,system,platform,Channel-Name,version,mubu-app,mubu-desktop,Checksum,user-agent,Origin,Accept",
    "X-Application-Context": "mubu.biz.openapi:online.cn:9468",
    "X-Tt-Logid": "2021041109405301015013016849170959",
    "X-Agw-Info": "pNzfDZfSVukJHfE5YowNYSs55OcW0JwcoJyPASvd_nCNv2AhZYCA3AQ0iZgSnNfaaKz4sTzckzhj3D105uOC2vBW3_xPB31lhIdDmiZoLLFe0EW3I7hUhz-V1AtRH6NqIXjlDBvadT_vR5dWNpXu94S9FX06wuwr2Tq1",
    "X-TRANS-LEVEL": "0",
    "Server-Timing": "inner; dur=8, tt_agw; dur=7",
    "x-tt-trace-host": "0117c27e7cbf31ce1b980736037cd8eaea976c85e69937810b0f79ffe7841c0e56b690201b8cbe3855ee28bfb365a52f6c3d684ced62437329733aad8640d428d97cd121ce1a6e1a987fe1b110f6b16362",
    "x-tt-trace-tag": "id=3;cdn-cache=miss",
    "X-TT-TIMESTAMP": "1618105253.765",
    "Content-Encoding": "gzip",
    "Via": "vcache44.cn2543[69,0]",
    "Timing-Allow-Origin": "*",
    "EagleId": "6f13e95b16181052537072947e"
}
cookies  : {}
encoding : UTF-8
content_type : application/json;charset=UTF-8
body     : {
    "code": 0,
    "data": {
        "source": "",
        "ABVersionsId": ""
    }
}

2021-04-11 09:52:31.557 | INFO     | httprunner.client:request:217 - status_code: 200, response_time(ms): 84.57 ms, response_length: 0 bytes
2021-04-11 09:52:31.559 | INFO     | httprunner.response:validate:246 - assert status_code equal 200(int)	==> pass
2021-04-11 09:52:31.561 | INFO     | httprunner.response:validate:246 - assert headers."Content-Type" equal application/json;charset=UTF-8(str)	==> pass
2021-04-11 09:52:31.563 | INFO     | httprunner.response:validate:246 - assert body.code equal 0(int)	==> pass
2021-04-11 09:52:31.565 | INFO     | httprunner.runner:__run_step:304 - run step end: /v3/api/user/get_user_params <<<<<<

2021-04-11 09:52:31.567 | INFO     | httprunner.runner:__run_step:292 - run step begin: /v3/api/list/get_all_documents_page >>>>>>
2021-04-11 09:52:31.660 | DEBUG    | httprunner.client:request:186 - client IP: 192.168.1.7, Port: 61645
2021-04-11 09:52:31.663 | DEBUG    | httprunner.client:request:194 - server IP: 111.19.233.248, Port: 443
2021-04-11 09:52:31.668 | DEBUG    | httprunner.client:log_print:40 - 
================== request details ==================
method   : POST
url      : https://api2.mubu.com/v3/api/list/get_all_documents_page
headers  : {
    "User-Agent": "HttpRunner/3.1.4",
    "Accept-Encoding": "gzip, deflate, br",
    "Accept": "application/json, text/plain, */*",
    "Connection": "keep-alive",
    "host1": "api2.mubu.com",
    "Content-Length": "13",
    "Jwt-Token": "eyJ0eXAiOiJKV1QiLCJhbGciOiJIUzUxMiJ9.eyJhcHAiOiJtdWJ1Iiwic3ViIjoiMTE2MjM5NTEiLCJleHAiOjE2MjA2MTMxMTEsImlhdCI6MTYxODAyMTExMX0.vb25B05BHW2VyNB6tlW58F3eVkKnnoQXvc7H-XZIt2jfFisYO4N5NPYAMLT4b5-4XVyIIDcsqaMW5i_OD9Ahyw",
    "Content-Type": "application/json;charset=UTF-8",
    "data-unique-id": "5af8ec14-0e06-45fb-948e-5852d15f593a",
    "x-request-id": "3d70f39c-bf35-4ad7-a387-5e59b2872633",
    "version": "3.0.0.21328",
    "Origin": "https://mubu.com",
    "Sec-Fetch-Site": "same-site",
    "Sec-Fetch-Mode": "cors",
    "Sec-Fetch-Dest": "empty",
    "Referer": "https://mubu.com/",
    "Accept-Language": "zh-CN,zh;q=0.9",
    "HRUN-Request-ID": "HRUN-bbbbdb14-8b14-41b7-b439-c62481833f60-951569",
    "Cookie": "Jwt-Token=eyJ0eXAiOiJKV1QiLCJhbGciOiJIUzUxMiJ9.eyJhcHAiOiJtdWJ1Iiwic3ViIjoiMTE2MjM5NTEiLCJleHAiOjE2MjA2OTcyNTIsImlhdCI6MTYxODEwNTI1Mn0.j9qyfXzxgErD76_OvsicZ4b7twDLStSrJTG2mABXA96UvOSxZwWNvjqzmqv_RZKFWGZPQnD7FJp8t7ZgPeEotQ; SESSION=34faa770-e727-4e63-bae3-1531bc86e2c4; user_persistence=ed543ec9-acb1-4a68-8db9-37bc0f94978e"
}
cookies  : {
    "Jwt-Token": "eyJ0eXAiOiJKV1QiLCJhbGciOiJIUzUxMiJ9.eyJhcHAiOiJtdWJ1Iiwic3ViIjoiMTE2MjM5NTEiLCJleHAiOjE2MjA2OTcyNTIsImlhdCI6MTYxODEwNTI1Mn0.j9qyfXzxgErD76_OvsicZ4b7twDLStSrJTG2mABXA96UvOSxZwWNvjqzmqv_RZKFWGZPQnD7FJp8t7ZgPeEotQ",
    "SESSION": "34faa770-e727-4e63-bae3-1531bc86e2c4",
    "user_persistence": "ed543ec9-acb1-4a68-8db9-37bc0f94978e"
}
body     : {
    "start": ""
}

2021-04-11 09:52:31.677 | DEBUG    | httprunner.client:log_print:40 - 
================== response details ==================
status_code : 200
headers  : {
    "Server": "Tengine",
    "Content-Type": "application/json;charset=UTF-8",
    "Transfer-Encoding": "chunked",
    "Connection": "keep-alive",
    "Date": "Sun, 11 Apr 2021 01:40:53 GMT",
    "Vary": "Accept-Encoding",
    "Access-Control-Allow-Origin": "*",
    "Access-Control-Allow-Methods": "POST,GET,OPTIONS,DELETE,HEAD,PUT",
    "Access-Control-Max-Age": "86400",
    "Access-Control-Allow-Credentials": "true",
    "Access-Control-Allow-Headers": "X-request-Id,x-requested-with,jwt-token,request-id,member-id,Content-Type,X-FILENAME,data-unique-id,AB-Server-Version,Device-Id,token,Channel-Id,channel,system,platform,Channel-Name,version,mubu-app,mubu-desktop,Checksum,user-agent,Origin,Accept",
    "X-Application-Context": "mubu.biz.openapi:online.cn:9455",
    "X-Tt-Logid": "202104110940530101501760244D173199",
    "X-Agw-Info": "ODHO89UnnUrldTfPsBnE52L4L2HDW0XdE_D8hFarv1tnC3PGLHRakLBI7sABiTiIQxX1L3zuym4xmPILs_mpalPWbSOvK_vGKyRIDgFLgZJKtjYWkkXf07nyJtptUj3NKwjj1AvbJVhRUc2_61cXCOfg7bXg61xP-ENS",
    "X-TRANS-LEVEL": "0",
    "Server-Timing": "inner; dur=12, tt_agw; dur=10",
    "x-tt-trace-host": "0117c27e7cbf31ce1b980736037cd8eaea976c85e69937810b0f79ffe7841c0e56e3314b02c64b95268d487ba5c753bfb4e4062df13c7bc2c215b0cc8c626e30d353edc7a01b9daac170ffb9f1fac07d65",
    "x-tt-trace-tag": "id=3;cdn-cache=miss",
    "X-TT-TIMESTAMP": "1618105253.877",
    "Content-Encoding": "gzip",
    "Via": "vcache44.cn2543[76,0]",
    "Timing-Allow-Origin": "*",
    "EagleId": "6f13e95b16181052538123109e"
}
cookies  : {}
encoding : UTF-8
content_type : application/json;charset=UTF-8
body     : {
    "code": 0,
    "data": {
        "documents": [
            {
                "id": "27TpS8NkMf_",
                "folderId": "0",
                "name": "",
                "userId": 11623951,
                "createTime": 1618105168475,
                "updateTime": 1618105168475,
                "itemCount": 0,
                "deleted": 0,
                "deleteTime": 0,
                "switched": 0,
                "encrypted": 0,
                "stared": 0,
                "starIndex": 0,
                "viewCount": 0,
                "version": 1618105168475,
                "commitClient": "web",
                "type": 0,
                "praiseCount": 0,
                "commentCount": 0,
                "rewardCount": 0,
                "collectCount": 0,
                "syncState": 0,
                "openEdit": 0,
                "collaboratorCount": 0,
                "metaVersion": 1618105168475,
                "isCommunityShare": 0
            },
            {
                "id": "3vv18OwL3f_",
                "folderId": "0",
                "name": "",
                "userId": 11623951,
                "createTime": 1618105171259,
                "updateTime": 1618105171259,
                "itemCount": 0,
                "deleted": 0,
                "deleteTime": 0,
                "switched": 0,
                "encrypted": 0,
                "stared": 0,
                "starIndex": 0,
                "viewCount": 0,
                "version": 1618105171259,
                "commitClient": "web",
                "type": 0,
                "praiseCount": 0,
                "commentCount": 0,
                "rewardCount": 0,
                "collectCount": 0,
                "syncState": 0,
                "openEdit": 0,
                "collaboratorCount": 0,
                "metaVersion": 1618105171259,
                "isCommunityShare": 0
            },
            {
                "id": "67I4LPWNNf_",
                "folderId": "0",
                "name": "",
                "userId": 11623951,
                "createTime": 1618105165560,
                "updateTime": 1618105165560,
                "itemCount": 0,
                "deleted": 0,
                "deleteTime": 0,
                "switched": 0,
                "encrypted": 0,
                "stared": 0,
                "starIndex": 0,
                "viewCount": 0,
                "version": 1618105165560,
                "commitClient": "web",
                "type": 0,
                "praiseCount": 0,
                "commentCount": 0,
                "rewardCount": 0,
                "collectCount": 0,
                "syncState": 0,
                "openEdit": 0,
                "collaboratorCount": 0,
                "metaVersion": 1618105165560,
                "isCommunityShare": 0
            }
        ]
    }
}

2021-04-11 09:52:31.681 | INFO     | httprunner.client:request:217 - status_code: 200, response_time(ms): 90.6 ms, response_length: 0 bytes
2021-04-11 09:52:31.684 | INFO     | httprunner.response:validate:246 - assert status_code equal 200(int)	==> pass
2021-04-11 09:52:31.687 | INFO     | httprunner.response:validate:246 - assert headers."Content-Type" equal application/json;charset=UTF-8(str)	==> pass
2021-04-11 09:52:31.691 | INFO     | httprunner.response:validate:246 - assert body.code equal 0(int)	==> pass
2021-04-11 09:52:31.694 | INFO     | httprunner.runner:__run_step:304 - run step end: /v3/api/list/get_all_documents_page <<<<<<

2021-04-11 09:52:31.697 | INFO     | httprunner.runner:__run_step:292 - run step begin: /v3/api/advertisement/get >>>>>>
2021-04-11 09:52:31.824 | DEBUG    | httprunner.client:request:186 - client IP: 192.168.1.7, Port: 61645
2021-04-11 09:52:31.827 | DEBUG    | httprunner.client:request:194 - server IP: 111.19.233.248, Port: 443
2021-04-11 09:52:31.832 | DEBUG    | httprunner.client:log_print:40 - 
================== request details ==================
method   : POST
url      : https://api2.mubu.com/v3/api/advertisement/get
headers  : {
    "User-Agent": "HttpRunner/3.1.4",
    "Accept-Encoding": "gzip, deflate, br",
    "Accept": "application/json, text/plain, */*",
    "Connection": "keep-alive",
    "host1": "api2.mubu.com",
    "Content-Length": "11",
    "Jwt-Token": "eyJ0eXAiOiJKV1QiLCJhbGciOiJIUzUxMiJ9.eyJhcHAiOiJtdWJ1Iiwic3ViIjoiMTE2MjM5NTEiLCJleHAiOjE2MjA2MTMxMTEsImlhdCI6MTYxODAyMTExMX0.vb25B05BHW2VyNB6tlW58F3eVkKnnoQXvc7H-XZIt2jfFisYO4N5NPYAMLT4b5-4XVyIIDcsqaMW5i_OD9Ahyw",
    "Content-Type": "application/json;charset=UTF-8",
    "data-unique-id": "5af8ec14-0e06-45fb-948e-5852d15f593a",
    "x-request-id": "2af0571a-cd75-4b42-9a30-f23b328a7cc9",
    "version": "3.0.0.21328",
    "Origin": "https://mubu.com",
    "Sec-Fetch-Site": "same-site",
    "Sec-Fetch-Mode": "cors",
    "Sec-Fetch-Dest": "empty",
    "Referer": "https://mubu.com/",
    "Accept-Language": "zh-CN,zh;q=0.9",
    "HRUN-Request-ID": "HRUN-bbbbdb14-8b14-41b7-b439-c62481833f60-951700",
    "Cookie": "Jwt-Token=eyJ0eXAiOiJKV1QiLCJhbGciOiJIUzUxMiJ9.eyJhcHAiOiJtdWJ1Iiwic3ViIjoiMTE2MjM5NTEiLCJleHAiOjE2MjA2OTcyNTIsImlhdCI6MTYxODEwNTI1Mn0.j9qyfXzxgErD76_OvsicZ4b7twDLStSrJTG2mABXA96UvOSxZwWNvjqzmqv_RZKFWGZPQnD7FJp8t7ZgPeEotQ; SESSION=34faa770-e727-4e63-bae3-1531bc86e2c4; user_persistence=ed543ec9-acb1-4a68-8db9-37bc0f94978e"
}
cookies  : {
    "Jwt-Token": "eyJ0eXAiOiJKV1QiLCJhbGciOiJIUzUxMiJ9.eyJhcHAiOiJtdWJ1Iiwic3ViIjoiMTE2MjM5NTEiLCJleHAiOjE2MjA2OTcyNTIsImlhdCI6MTYxODEwNTI1Mn0.j9qyfXzxgErD76_OvsicZ4b7twDLStSrJTG2mABXA96UvOSxZwWNvjqzmqv_RZKFWGZPQnD7FJp8t7ZgPeEotQ",
    "SESSION": "34faa770-e727-4e63-bae3-1531bc86e2c4",
    "user_persistence": "ed543ec9-acb1-4a68-8db9-37bc0f94978e"
}
body     : {
    "type": 1
}

2021-04-11 09:52:31.838 | DEBUG    | httprunner.client:log_print:40 - 
================== response details ==================
status_code : 200
headers  : {
    "Server": "Tengine",
    "Content-Type": "application/json;charset=UTF-8",
    "Transfer-Encoding": "chunked",
    "Connection": "keep-alive",
    "Date": "Sun, 11 Apr 2021 01:40:54 GMT",
    "Vary": "Accept-Encoding",
    "Access-Control-Allow-Origin": "*",
    "Access-Control-Allow-Methods": "POST,GET,OPTIONS,DELETE,HEAD,PUT",
    "Access-Control-Max-Age": "86400",
    "Access-Control-Allow-Credentials": "true",
    "Access-Control-Allow-Headers": "X-request-Id,x-requested-with,jwt-token,request-id,member-id,Content-Type,X-FILENAME,data-unique-id,AB-Server-Version,Device-Id,token,Channel-Id,channel,system,platform,Channel-Name,version,mubu-app,mubu-desktop,Checksum,user-agent,Origin,Accept",
    "X-Application-Context": "mubu.biz.openapi:online.cn:9289",
    "X-Tt-Logid": "202104110940540102121960263A479E4C",
    "X-Agw-Info": "tRSBnOXLwD9n7YRJQEctnUdkhUwtVbZbSKyuNBIuec4IicTnrG8B3JqNS20I6j7QoEJKFr5Zn8W2apOMOCAJDQ6DjF6VUAmKEKVXHu2qxKQXFxyj3ovIII9VDtbkBTWGvkTalbx1imXmIBMPwmqBiY8yx-H-xRlJbgJc",
    "X-TRANS-LEVEL": "0",
    "Server-Timing": "inner; dur=8, tt_agw; dur=7",
    "x-tt-trace-host": "014a903e23e62e33f03c416fc5a381b96f36ebbcb898c21b867fb1c0ec68a98908b91e586589e1c15d3b48c2bce7b63c80ec4d7cf9593f3e9135c2e1864fddff4b296960c1a70ef13b2add139b8aa79ce5",
    "x-tt-trace-tag": "id=3;cdn-cache=miss",
    "X-TT-TIMESTAMP": "1618105254.023",
    "Content-Encoding": "gzip",
    "Via": "cache10.l2nu20-8[22,0], vcache44.cn2543[107,0]",
    "Timing-Allow-Origin": "*",
    "EagleId": "6f13e95b16181052539453367e"
}
cookies  : {}
encoding : UTF-8
content_type : application/json;charset=UTF-8
body     : {
    "code": 0
}

2021-04-11 09:52:31.841 | INFO     | httprunner.client:request:217 - status_code: 200, response_time(ms): 123.69 ms, response_length: 0 bytes
2021-04-11 09:52:31.844 | INFO     | httprunner.response:validate:246 - assert status_code equal 200(int)	==> pass
2021-04-11 09:52:31.848 | INFO     | httprunner.response:validate:246 - assert headers."Content-Type" equal application/json;charset=UTF-8(str)	==> pass
2021-04-11 09:52:31.850 | INFO     | httprunner.response:validate:246 - assert body.code equal 0(int)	==> pass
2021-04-11 09:52:31.853 | INFO     | httprunner.runner:__run_step:304 - run step end: /v3/api/advertisement/get <<<<<<

2021-04-11 09:52:31.856 | INFO     | httprunner.runner:__run_step:292 - run step begin: /v3/api/list/item_count >>>>>>
2021-04-11 09:52:31.934 | DEBUG    | httprunner.client:request:186 - client IP: 192.168.1.7, Port: 61645
2021-04-11 09:52:31.937 | DEBUG    | httprunner.client:request:194 - server IP: 111.19.233.248, Port: 443
2021-04-11 09:52:31.944 | DEBUG    | httprunner.client:log_print:40 - 
================== request details ==================
method   : POST
url      : https://api2.mubu.com/v3/api/list/item_count
headers  : {
    "User-Agent": "HttpRunner/3.1.4",
    "Accept-Encoding": "gzip, deflate, br",
    "Accept": "application/json, text/plain, */*",
    "Connection": "keep-alive",
    "host1": "api2.mubu.com",
    "Content-Length": "33",
    "Jwt-Token": "eyJ0eXAiOiJKV1QiLCJhbGciOiJIUzUxMiJ9.eyJhcHAiOiJtdWJ1Iiwic3ViIjoiMTE2MjM5NTEiLCJleHAiOjE2MjA2MTMxMTEsImlhdCI6MTYxODAyMTExMX0.vb25B05BHW2VyNB6tlW58F3eVkKnnoQXvc7H-XZIt2jfFisYO4N5NPYAMLT4b5-4XVyIIDcsqaMW5i_OD9Ahyw",
    "Content-Type": "application/json;charset=UTF-8",
    "data-unique-id": "5af8ec14-0e06-45fb-948e-5852d15f593a",
    "x-request-id": "66790345-9de9-4e98-9c10-38158e23a545",
    "version": "3.0.0.21328",
    "Origin": "https://mubu.com",
    "Sec-Fetch-Site": "same-site",
    "Sec-Fetch-Mode": "cors",
    "Sec-Fetch-Dest": "empty",
    "Referer": "https://mubu.com/",
    "Accept-Language": "zh-CN,zh;q=0.9",
    "HRUN-Request-ID": "HRUN-bbbbdb14-8b14-41b7-b439-c62481833f60-951860",
    "Cookie": "Jwt-Token=eyJ0eXAiOiJKV1QiLCJhbGciOiJIUzUxMiJ9.eyJhcHAiOiJtdWJ1Iiwic3ViIjoiMTE2MjM5NTEiLCJleHAiOjE2MjA2OTcyNTIsImlhdCI6MTYxODEwNTI1Mn0.j9qyfXzxgErD76_OvsicZ4b7twDLStSrJTG2mABXA96UvOSxZwWNvjqzmqv_RZKFWGZPQnD7FJp8t7ZgPeEotQ; SESSION=34faa770-e727-4e63-bae3-1531bc86e2c4; user_persistence=ed543ec9-acb1-4a68-8db9-37bc0f94978e"
}
cookies  : {
    "Jwt-Token": "eyJ0eXAiOiJKV1QiLCJhbGciOiJIUzUxMiJ9.eyJhcHAiOiJtdWJ1Iiwic3ViIjoiMTE2MjM5NTEiLCJleHAiOjE2MjA2OTcyNTIsImlhdCI6MTYxODEwNTI1Mn0.j9qyfXzxgErD76_OvsicZ4b7twDLStSrJTG2mABXA96UvOSxZwWNvjqzmqv_RZKFWGZPQnD7FJp8t7ZgPeEotQ",
    "SESSION": "34faa770-e727-4e63-bae3-1531bc86e2c4",
    "user_persistence": "ed543ec9-acb1-4a68-8db9-37bc0f94978e"
}
body     : {
    "folderId": 0,
    "source": "home"
}

2021-04-11 09:52:31.949 | DEBUG    | httprunner.client:log_print:40 - 
================== response details ==================
status_code : 200
headers  : {
    "Server": "Tengine",
    "Content-Type": "application/json;charset=UTF-8",
    "Transfer-Encoding": "chunked",
    "Connection": "keep-alive",
    "Date": "Sun, 11 Apr 2021 01:40:54 GMT",
    "Vary": "Accept-Encoding",
    "Access-Control-Allow-Origin": "*",
    "Access-Control-Allow-Methods": "POST,GET,OPTIONS,DELETE,HEAD,PUT",
    "Access-Control-Max-Age": "86400",
    "Access-Control-Allow-Credentials": "true",
    "Access-Control-Allow-Headers": "X-request-Id,x-requested-with,jwt-token,request-id,member-id,Content-Type,X-FILENAME,data-unique-id,AB-Server-Version,Device-Id,token,Channel-Id,channel,system,platform,Channel-Name,version,mubu-app,mubu-desktop,Checksum,user-agent,Origin,Accept",
    "X-Application-Context": "mubu.biz.openapi:online.cn:9289",
    "X-Tt-Logid": "2021041109405401021215202343478812",
    "X-Agw-Info": "r8rdfou46_g0rP0UIuLDDmFXO8S8HXyfjEwiPHryG55i2M45YYZhu_NkCRoSNFnJZQoP4LZMwTGfL3qAnw7HbdFCqNg04YzAsRDnlL2Di74_6fMEs3onKJx_9d_t6HvuiBWUZZZ9nBNLAkNfOSatZ82o4Tylpc57D_1n",
    "X-TRANS-LEVEL": "0",
    "Server-Timing": "inner; dur=12, tt_agw; dur=11",
    "x-tt-trace-host": "014a903e23e62e33f03c416fc5a381b96fc1ac194df8feb9a0d218e14ece2f4071a29f45ba976f15cfe33b8642486db33b8200006eff70cf828ad38508ad99a7eaa9f69195131f3b02bccfa41a3e29b5dd",
    "x-tt-trace-tag": "id=3;cdn-cache=miss",
    "X-TT-TIMESTAMP": "1618105254.138",
    "Content-Encoding": "gzip",
    "Via": "cache40.l2nu20-8[24,0], vcache44.cn2543[59,0]",
    "Timing-Allow-Origin": "*",
    "EagleId": "6f13e95b16181052541043595e"
}
cookies  : {}
encoding : UTF-8
content_type : application/json;charset=UTF-8
body     : {
    "code": 0,
    "data": {
        "folder": {},
        "doc": {}
    }
}

2021-04-11 09:52:31.952 | INFO     | httprunner.client:request:217 - status_code: 200, response_time(ms): 73.04 ms, response_length: 0 bytes
2021-04-11 09:52:31.956 | INFO     | httprunner.response:validate:246 - assert status_code equal 200(int)	==> pass
2021-04-11 09:52:31.959 | INFO     | httprunner.response:validate:246 - assert headers."Content-Type" equal application/json;charset=UTF-8(str)	==> pass
2021-04-11 09:52:31.961 | INFO     | httprunner.response:validate:246 - assert body.code equal 0(int)	==> pass
2021-04-11 09:52:31.964 | INFO     | httprunner.runner:__run_step:304 - run step end: /v3/api/list/item_count <<<<<<

2021-04-11 09:52:31.967 | INFO     | httprunner.runner:__run_step:292 - run step begin: /v3/api/message/get_message_unread >>>>>>
2021-04-11 09:52:32.061 | DEBUG    | httprunner.client:request:186 - client IP: 192.168.1.7, Port: 61645
2021-04-11 09:52:32.066 | DEBUG    | httprunner.client:request:194 - server IP: 111.19.233.248, Port: 443
2021-04-11 09:52:32.071 | DEBUG    | httprunner.client:log_print:40 - 
================== request details ==================
method   : POST
url      : https://api2.mubu.com/v3/api/message/get_message_unread
headers  : {
    "User-Agent": "HttpRunner/3.1.4",
    "Accept-Encoding": "gzip, deflate, br",
    "Accept": "application/json, text/plain, */*",
    "Connection": "keep-alive",
    "host1": "api2.mubu.com",
    "Content-Length": "11",
    "Jwt-Token": "eyJ0eXAiOiJKV1QiLCJhbGciOiJIUzUxMiJ9.eyJhcHAiOiJtdWJ1Iiwic3ViIjoiMTE2MjM5NTEiLCJleHAiOjE2MjA2MTMxMTEsImlhdCI6MTYxODAyMTExMX0.vb25B05BHW2VyNB6tlW58F3eVkKnnoQXvc7H-XZIt2jfFisYO4N5NPYAMLT4b5-4XVyIIDcsqaMW5i_OD9Ahyw",
    "Content-Type": "application/json;charset=UTF-8",
    "data-unique-id": "5af8ec14-0e06-45fb-948e-5852d15f593a",
    "x-request-id": "36c9b11e-d981-465c-92f5-6532ed878ac4",
    "version": "3.0.0.21328",
    "Origin": "https://mubu.com",
    "Sec-Fetch-Site": "same-site",
    "Sec-Fetch-Mode": "cors",
    "Sec-Fetch-Dest": "empty",
    "Referer": "https://mubu.com/",
    "Accept-Language": "zh-CN,zh;q=0.9",
    "HRUN-Request-ID": "HRUN-bbbbdb14-8b14-41b7-b439-c62481833f60-951968",
    "Cookie": "Jwt-Token=eyJ0eXAiOiJKV1QiLCJhbGciOiJIUzUxMiJ9.eyJhcHAiOiJtdWJ1Iiwic3ViIjoiMTE2MjM5NTEiLCJleHAiOjE2MjA2OTcyNTIsImlhdCI6MTYxODEwNTI1Mn0.j9qyfXzxgErD76_OvsicZ4b7twDLStSrJTG2mABXA96UvOSxZwWNvjqzmqv_RZKFWGZPQnD7FJp8t7ZgPeEotQ; SESSION=34faa770-e727-4e63-bae3-1531bc86e2c4; user_persistence=ed543ec9-acb1-4a68-8db9-37bc0f94978e"
}
cookies  : {
    "Jwt-Token": "eyJ0eXAiOiJKV1QiLCJhbGciOiJIUzUxMiJ9.eyJhcHAiOiJtdWJ1Iiwic3ViIjoiMTE2MjM5NTEiLCJleHAiOjE2MjA2OTcyNTIsImlhdCI6MTYxODEwNTI1Mn0.j9qyfXzxgErD76_OvsicZ4b7twDLStSrJTG2mABXA96UvOSxZwWNvjqzmqv_RZKFWGZPQnD7FJp8t7ZgPeEotQ",
    "SESSION": "34faa770-e727-4e63-bae3-1531bc86e2c4",
    "user_persistence": "ed543ec9-acb1-4a68-8db9-37bc0f94978e"
}
body     : {
    "page": 1
}

2021-04-11 09:52:32.077 | DEBUG    | httprunner.client:log_print:40 - 
================== response details ==================
status_code : 200
headers  : {
    "Server": "Tengine",
    "Content-Type": "application/json;charset=UTF-8",
    "Transfer-Encoding": "chunked",
    "Connection": "keep-alive",
    "Date": "Sun, 11 Apr 2021 01:40:54 GMT",
    "Vary": "Accept-Encoding",
    "Access-Control-Allow-Origin": "*",
    "Access-Control-Allow-Methods": "POST,GET,OPTIONS,DELETE,HEAD,PUT",
    "Access-Control-Max-Age": "86400",
    "Access-Control-Allow-Credentials": "true",
    "Access-Control-Allow-Headers": "X-request-Id,x-requested-with,jwt-token,request-id,member-id,Content-Type,X-FILENAME,data-unique-id,AB-Server-Version,Device-Id,token,Channel-Id,channel,system,platform,Channel-Name,version,mubu-app,mubu-desktop,Checksum,user-agent,Origin,Accept",
    "X-Application-Context": "mubu.biz.openapi:online.cn:9423",
    "X-Tt-Logid": "2021041109405401021215321440478F15",
    "X-Agw-Info": "7wnK1uxT-dRAYXBh-GSyMkbPfMKtwiMYvJxCeSVsGJFpRtlrHAOSlS25yRs1nJat2hFc_LR5IEFAdnnQbG3GIabfl7bVcEW4qWjF9fD9SL4cVLV8fdUD3ZcgOklXZBkT5mcj1CZmj_XAyHiTzQCPaFP-gx_eVPgHH5Ud",
    "X-TRANS-LEVEL": "0",
    "Server-Timing": "inner; dur=12, tt_agw; dur=11",
    "x-tt-trace-host": "014a903e23e62e33f03c416fc5a381b96f36ebbcb898c21b867fb1c0ec68a98908ecc63a66c771c852818ab719fbafc4c0e7de49b0c6b009da002110e996d657ed87c69be833bdece6e03b688207af8244",
    "x-tt-trace-tag": "id=3;cdn-cache=miss",
    "X-TT-TIMESTAMP": "1618105254.261",
    "Content-Encoding": "gzip",
    "Via": "cache10.l2nu20-8[38,0], vcache44.cn2543[81,0]",
    "Timing-Allow-Origin": "*",
    "EagleId": "6f13e95b16181052542093750e"
}
cookies  : {}
encoding : UTF-8
content_type : application/json;charset=UTF-8
body     : {
    "code": 0,
    "data": {
        "unreadCount": 0
    }
}

2021-04-11 09:52:32.081 | INFO     | httprunner.client:request:217 - status_code: 200, response_time(ms): 92.19 ms, response_length: 0 bytes
2021-04-11 09:52:32.085 | INFO     | httprunner.response:validate:246 - assert status_code equal 200(int)	==> pass
2021-04-11 09:52:32.087 | INFO     | httprunner.response:validate:246 - assert headers."Content-Type" equal application/json;charset=UTF-8(str)	==> pass
2021-04-11 09:52:32.089 | INFO     | httprunner.response:validate:246 - assert body.code equal 0(int)	==> pass
2021-04-11 09:52:32.090 | INFO     | httprunner.runner:__run_step:304 - run step end: /v3/api/message/get_message_unread <<<<<<

2021-04-11 09:52:32.093 | INFO     | httprunner.runner:__run_step:292 - run step begin: /v3/api/list/create_doc >>>>>>
2021-04-11 09:52:32.182 | DEBUG    | httprunner.client:request:186 - client IP: 192.168.1.7, Port: 61645
2021-04-11 09:52:32.185 | DEBUG    | httprunner.client:request:194 - server IP: 111.19.233.248, Port: 443
2021-04-11 09:52:32.190 | DEBUG    | httprunner.client:log_print:40 - 
================== request details ==================
method   : POST
url      : https://api2.mubu.com/v3/api/list/create_doc
headers  : {
    "User-Agent": "HttpRunner/3.1.4",
    "Accept-Encoding": "gzip, deflate, br",
    "Accept": "application/json, text/plain, */*",
    "Connection": "keep-alive",
    "host1": "api2.mubu.com",
    "Content-Length": "28",
    "Jwt-Token": "eyJ0eXAiOiJKV1QiLCJhbGciOiJIUzUxMiJ9.eyJhcHAiOiJtdWJ1Iiwic3ViIjoiMTE2MjM5NTEiLCJleHAiOjE2MjA2MTMxMTEsImlhdCI6MTYxODAyMTExMX0.vb25B05BHW2VyNB6tlW58F3eVkKnnoQXvc7H-XZIt2jfFisYO4N5NPYAMLT4b5-4XVyIIDcsqaMW5i_OD9Ahyw",
    "Content-Type": "application/json;charset=UTF-8",
    "data-unique-id": "5af8ec14-0e06-45fb-948e-5852d15f593a",
    "x-request-id": "47f625f3-35b2-45cd-bc82-f13ba6086477",
    "version": "3.0.0.21328",
    "Origin": "https://mubu.com",
    "Sec-Fetch-Site": "same-site",
    "Sec-Fetch-Mode": "cors",
    "Sec-Fetch-Dest": "empty",
    "Referer": "https://mubu.com/",
    "Accept-Language": "zh-CN,zh;q=0.9",
    "HRUN-Request-ID": "HRUN-bbbbdb14-8b14-41b7-b439-c62481833f60-952095",
    "Cookie": "Jwt-Token=eyJ0eXAiOiJKV1QiLCJhbGciOiJIUzUxMiJ9.eyJhcHAiOiJtdWJ1Iiwic3ViIjoiMTE2MjM5NTEiLCJleHAiOjE2MjA2OTcyNTIsImlhdCI6MTYxODEwNTI1Mn0.j9qyfXzxgErD76_OvsicZ4b7twDLStSrJTG2mABXA96UvOSxZwWNvjqzmqv_RZKFWGZPQnD7FJp8t7ZgPeEotQ; SESSION=34faa770-e727-4e63-bae3-1531bc86e2c4; user_persistence=ed543ec9-acb1-4a68-8db9-37bc0f94978e"
}
cookies  : {
    "Jwt-Token": "eyJ0eXAiOiJKV1QiLCJhbGciOiJIUzUxMiJ9.eyJhcHAiOiJtdWJ1Iiwic3ViIjoiMTE2MjM5NTEiLCJleHAiOjE2MjA2OTcyNTIsImlhdCI6MTYxODEwNTI1Mn0.j9qyfXzxgErD76_OvsicZ4b7twDLStSrJTG2mABXA96UvOSxZwWNvjqzmqv_RZKFWGZPQnD7FJp8t7ZgPeEotQ",
    "SESSION": "34faa770-e727-4e63-bae3-1531bc86e2c4",
    "user_persistence": "ed543ec9-acb1-4a68-8db9-37bc0f94978e"
}
body     : {
    "folderId": "0",
    "type": 0
}

2021-04-11 09:52:32.196 | DEBUG    | httprunner.client:log_print:40 - 
================== response details ==================
status_code : 200
headers  : {
    "Server": "Tengine",
    "Content-Type": "application/json;charset=UTF-8",
    "Transfer-Encoding": "chunked",
    "Connection": "keep-alive",
    "Date": "Sun, 11 Apr 2021 01:40:54 GMT",
    "Vary": "Accept-Encoding",
    "Access-Control-Allow-Origin": "*",
    "Access-Control-Allow-Methods": "POST,GET,OPTIONS,DELETE,HEAD,PUT",
    "Access-Control-Max-Age": "86400",
    "Access-Control-Allow-Credentials": "true",
    "Access-Control-Allow-Headers": "X-request-Id,x-requested-with,jwt-token,request-id,member-id,Content-Type,X-FILENAME,data-unique-id,AB-Server-Version,Device-Id,token,Channel-Id,channel,system,platform,Channel-Name,version,mubu-app,mubu-desktop,Checksum,user-agent,Origin,Accept",
    "X-Application-Context": "mubu.biz.openapi:online.cn:9423",
    "X-Tt-Logid": "2021041109405401021219313736479AE6",
    "X-Agw-Info": "Dq45eEQqu_IYOsVtDExu5OJO5xqqVx-qyuX0jdDfsPnU5gk9tmNP1O9JJ8tcemWncCCwTr0S-fT2hidf55fDI3KfmNEUJox1B7-355V-qn6WUwtdjxZ1nEaZVxcPTrCro3V67tvr3bmm2tY10-JiaHQMiSsYmk2RRIuB",
    "X-TRANS-LEVEL": "0",
    "Server-Timing": "inner; dur=16, tt_agw; dur=14",
    "x-tt-trace-host": "014a903e23e62e33f03c416fc5a381b96fc1ac194df8feb9a0d218e14ece2f4071ecdc909efcba8c38c6cca775dd4868d4ecf24df8657fe0c3c29a0d47085b9f54d335cbb0752e84fcf9ad4406f7ff81df",
    "x-tt-trace-tag": "id=3;cdn-cache=miss",
    "X-TT-TIMESTAMP": "1618105254.387",
    "Content-Encoding": "gzip",
    "Via": "cache40.l2nu20-8[41,0], vcache44.cn2543[75,0]",
    "Timing-Allow-Origin": "*",
    "EagleId": "6f13e95b16181052543363951e"
}
cookies  : {}
encoding : UTF-8
content_type : application/json;charset=UTF-8
body     : {
    "code": 0,
    "data": {
        "id": "5kKOjO5JIv_"
    }
}

2021-04-11 09:52:32.199 | INFO     | httprunner.client:request:217 - status_code: 200, response_time(ms): 87.82 ms, response_length: 0 bytes
2021-04-11 09:52:32.202 | INFO     | httprunner.response:extract:176 - extract mapping: {'docId': '5kKOjO5JIv_'}
2021-04-11 09:52:32.206 | INFO     | httprunner.response:validate:246 - assert status_code equal 200(int)	==> pass
2021-04-11 09:52:32.209 | INFO     | httprunner.response:validate:246 - assert headers."Content-Type" equal application/json;charset=UTF-8(str)	==> pass
2021-04-11 09:52:32.212 | INFO     | httprunner.response:validate:246 - assert body.code equal 0(int)	==> pass
2021-04-11 09:52:32.215 | INFO     | httprunner.runner:__run_step:304 - run step end: /v3/api/list/create_doc <<<<<<

2021-04-11 09:52:32.218 | INFO     | httprunner.runner:__run_step:292 - run step begin: /v3/api/list/item_count >>>>>>
2021-04-11 09:52:32.307 | DEBUG    | httprunner.client:request:186 - client IP: 192.168.1.7, Port: 61645
2021-04-11 09:52:32.310 | DEBUG    | httprunner.client:request:194 - server IP: 111.19.233.248, Port: 443
2021-04-11 09:52:32.316 | DEBUG    | httprunner.client:log_print:40 - 
================== request details ==================
method   : POST
url      : https://api2.mubu.com/v3/api/list/item_count
headers  : {
    "User-Agent": "HttpRunner/3.1.4",
    "Accept-Encoding": "gzip, deflate, br",
    "Accept": "application/json, text/plain, */*",
    "Connection": "keep-alive",
    "host1": "api2.mubu.com",
    "Content-Length": "33",
    "Jwt-Token": "eyJ0eXAiOiJKV1QiLCJhbGciOiJIUzUxMiJ9.eyJhcHAiOiJtdWJ1Iiwic3ViIjoiMTE2MjM5NTEiLCJleHAiOjE2MjA2MTMxMTEsImlhdCI6MTYxODAyMTExMX0.vb25B05BHW2VyNB6tlW58F3eVkKnnoQXvc7H-XZIt2jfFisYO4N5NPYAMLT4b5-4XVyIIDcsqaMW5i_OD9Ahyw",
    "Content-Type": "application/json;charset=UTF-8",
    "data-unique-id": "5af8ec14-0e06-45fb-948e-5852d15f593a",
    "x-request-id": "3a0c7ad0-02a6-40b1-b65a-d246fc1397b3",
    "version": "3.0.0.21328",
    "Origin": "https://mubu.com",
    "Sec-Fetch-Site": "same-site",
    "Sec-Fetch-Mode": "cors",
    "Sec-Fetch-Dest": "empty",
    "Referer": "https://mubu.com/",
    "Accept-Language": "zh-CN,zh;q=0.9",
    "HRUN-Request-ID": "HRUN-bbbbdb14-8b14-41b7-b439-c62481833f60-952222",
    "Cookie": "Jwt-Token=eyJ0eXAiOiJKV1QiLCJhbGciOiJIUzUxMiJ9.eyJhcHAiOiJtdWJ1Iiwic3ViIjoiMTE2MjM5NTEiLCJleHAiOjE2MjA2OTcyNTIsImlhdCI6MTYxODEwNTI1Mn0.j9qyfXzxgErD76_OvsicZ4b7twDLStSrJTG2mABXA96UvOSxZwWNvjqzmqv_RZKFWGZPQnD7FJp8t7ZgPeEotQ; SESSION=34faa770-e727-4e63-bae3-1531bc86e2c4; user_persistence=ed543ec9-acb1-4a68-8db9-37bc0f94978e"
}
cookies  : {
    "Jwt-Token": "eyJ0eXAiOiJKV1QiLCJhbGciOiJIUzUxMiJ9.eyJhcHAiOiJtdWJ1Iiwic3ViIjoiMTE2MjM5NTEiLCJleHAiOjE2MjA2OTcyNTIsImlhdCI6MTYxODEwNTI1Mn0.j9qyfXzxgErD76_OvsicZ4b7twDLStSrJTG2mABXA96UvOSxZwWNvjqzmqv_RZKFWGZPQnD7FJp8t7ZgPeEotQ",
    "SESSION": "34faa770-e727-4e63-bae3-1531bc86e2c4",
    "user_persistence": "ed543ec9-acb1-4a68-8db9-37bc0f94978e"
}
body     : {
    "folderId": 0,
    "source": "home"
}

2021-04-11 09:52:32.321 | DEBUG    | httprunner.client:log_print:40 - 
================== response details ==================
status_code : 200
headers  : {
    "Server": "Tengine",
    "Content-Type": "application/json;charset=UTF-8",
    "Transfer-Encoding": "chunked",
    "Connection": "keep-alive",
    "Date": "Sun, 11 Apr 2021 01:40:54 GMT",
    "Vary": "Accept-Encoding",
    "Access-Control-Allow-Origin": "*",
    "Access-Control-Allow-Methods": "POST,GET,OPTIONS,DELETE,HEAD,PUT",
    "Access-Control-Max-Age": "86400",
    "Access-Control-Allow-Credentials": "true",
    "Access-Control-Allow-Headers": "X-request-Id,x-requested-with,jwt-token,request-id,member-id,Content-Type,X-FILENAME,data-unique-id,AB-Server-Version,Device-Id,token,Channel-Id,channel,system,platform,Channel-Name,version,mubu-app,mubu-desktop,Checksum,user-agent,Origin,Accept",
    "X-Application-Context": "mubu.biz.openapi:online.cn:9420",
    "X-Tt-Logid": "202104110940540102121620400C47B23B",
    "X-Agw-Info": "a4k2xewcDpGYhhgSdXHPLXxPDhucbjKwz1HEd6wroyo5O_Lbc4Wo6ZoYz_kZx2rdZ1XhZtgCEbdmcResASr8PKKkJeZgT7u_ddZDLmYALL5J3DVCOjSD41jhPZgX89Ew1KIeraiQNBmhgqTrnGDOovNrNUgnO1WCxt_r",
    "X-TRANS-LEVEL": "0",
    "Server-Timing": "inner; dur=17, tt_agw; dur=15",
    "x-tt-trace-host": "01ed43a865a2b838c6c38a2a6a3773ffeac87102c76803228705e482728aaeb3b31e00ff2d41bae0586188fbb8e73b6871fe7ad4e8957652a4b98a62c3a3b4611ddb71dbd1be7aab4db3a6db68dbfaf081",
    "x-tt-trace-tag": "id=3;cdn-cache=miss",
    "X-TT-TIMESTAMP": "1618105254.509",
    "Content-Encoding": "gzip",
    "Via": "cache40.l2nu20-8[35,0], vcache44.cn2543[71,0]",
    "Timing-Allow-Origin": "*",
    "EagleId": "6f13e95b16181052544664128e"
}
cookies  : {}
encoding : UTF-8
content_type : application/json;charset=UTF-8
body     : {
    "code": 0,
    "data": {
        "folder": {},
        "doc": {}
    }
}

2021-04-11 09:52:32.324 | INFO     | httprunner.client:request:217 - status_code: 200, response_time(ms): 83.79 ms, response_length: 0 bytes
2021-04-11 09:52:32.327 | INFO     | httprunner.response:validate:246 - assert status_code equal 200(int)	==> pass
2021-04-11 09:52:32.329 | INFO     | httprunner.response:validate:246 - assert headers."Content-Type" equal application/json;charset=UTF-8(str)	==> pass
2021-04-11 09:52:32.331 | INFO     | httprunner.response:validate:246 - assert body.code equal 0(int)	==> pass
2021-04-11 09:52:32.332 | INFO     | httprunner.runner:__run_step:304 - run step end: /v3/api/list/item_count <<<<<<

2021-04-11 09:52:32.334 | INFO     | httprunner.runner:__run_step:292 - run step begin: /v3/api/user/current_level >>>>>>
2021-04-11 09:52:32.429 | DEBUG    | httprunner.client:request:186 - client IP: 192.168.1.7, Port: 61645
2021-04-11 09:52:32.432 | DEBUG    | httprunner.client:request:194 - server IP: 111.19.233.248, Port: 443
2021-04-11 09:52:32.437 | DEBUG    | httprunner.client:log_print:40 - 
================== request details ==================
method   : POST
url      : https://api2.mubu.com/v3/api/user/current_level
headers  : {
    "User-Agent": "HttpRunner/3.1.4",
    "Accept-Encoding": "gzip, deflate, br",
    "Accept": "application/json, text/plain, */*",
    "Connection": "keep-alive",
    "host1": "api2.mubu.com",
    "Content-Length": "30",
    "Jwt-Token": "eyJ0eXAiOiJKV1QiLCJhbGciOiJIUzUxMiJ9.eyJhcHAiOiJtdWJ1Iiwic3ViIjoiMTE2MjM5NTEiLCJleHAiOjE2MjA2MTMxMTEsImlhdCI6MTYxODAyMTExMX0.vb25B05BHW2VyNB6tlW58F3eVkKnnoQXvc7H-XZIt2jfFisYO4N5NPYAMLT4b5-4XVyIIDcsqaMW5i_OD9Ahyw",
    "Content-Type": "application/json;charset=UTF-8",
    "data-unique-id": "5af8ec14-0e06-45fb-948e-5852d15f593a",
    "x-request-id": "090dd6da-e498-4ead-8dd6-199dc9409fef",
    "version": "3.0.0.21328",
    "Origin": "https://mubu.com",
    "Sec-Fetch-Site": "same-site",
    "Sec-Fetch-Mode": "cors",
    "Sec-Fetch-Dest": "empty",
    "Referer": "https://mubu.com/",
    "Accept-Language": "zh-CN,zh;q=0.9",
    "HRUN-Request-ID": "HRUN-bbbbdb14-8b14-41b7-b439-c62481833f60-952336",
    "Cookie": "Jwt-Token=eyJ0eXAiOiJKV1QiLCJhbGciOiJIUzUxMiJ9.eyJhcHAiOiJtdWJ1Iiwic3ViIjoiMTE2MjM5NTEiLCJleHAiOjE2MjA2OTcyNTIsImlhdCI6MTYxODEwNTI1Mn0.j9qyfXzxgErD76_OvsicZ4b7twDLStSrJTG2mABXA96UvOSxZwWNvjqzmqv_RZKFWGZPQnD7FJp8t7ZgPeEotQ; SESSION=34faa770-e727-4e63-bae3-1531bc86e2c4; user_persistence=ed543ec9-acb1-4a68-8db9-37bc0f94978e"
}
cookies  : {
    "Jwt-Token": "eyJ0eXAiOiJKV1QiLCJhbGciOiJIUzUxMiJ9.eyJhcHAiOiJtdWJ1Iiwic3ViIjoiMTE2MjM5NTEiLCJleHAiOjE2MjA2OTcyNTIsImlhdCI6MTYxODEwNTI1Mn0.j9qyfXzxgErD76_OvsicZ4b7twDLStSrJTG2mABXA96UvOSxZwWNvjqzmqv_RZKFWGZPQnD7FJp8t7ZgPeEotQ",
    "SESSION": "34faa770-e727-4e63-bae3-1531bc86e2c4",
    "user_persistence": "ed543ec9-acb1-4a68-8db9-37bc0f94978e"
}
body     : {
    "document_id": "5kKOjO5JIv_"
}

2021-04-11 09:52:32.443 | DEBUG    | httprunner.client:log_print:40 - 
================== response details ==================
status_code : 200
headers  : {
    "Server": "Tengine",
    "Content-Type": "application/json;charset=UTF-8",
    "Transfer-Encoding": "chunked",
    "Connection": "keep-alive",
    "Date": "Sun, 11 Apr 2021 01:40:54 GMT",
    "Vary": "Accept-Encoding",
    "Access-Control-Allow-Origin": "*",
    "Access-Control-Allow-Methods": "POST,GET,OPTIONS,DELETE,HEAD,PUT",
    "Access-Control-Max-Age": "86400",
    "Access-Control-Allow-Credentials": "true",
    "Access-Control-Allow-Headers": "X-request-Id,x-requested-with,jwt-token,request-id,member-id,Content-Type,X-FILENAME,data-unique-id,AB-Server-Version,Device-Id,token,Channel-Id,channel,system,platform,Channel-Name,version,mubu-app,mubu-desktop,Checksum,user-agent,Origin,Accept",
    "X-Application-Context": "mubu.biz.openapi:online.cn:9291",
    "X-Tt-Logid": "202104110940540102040312021F47574D",
    "X-Agw-Info": "0Iophfg5oSIglqkzn5pQbbWuuLbdywCdlBU7iI9_KtDHtB9WlEE-rtUlo5ynswCs4zYV4KutKbKcQ-qA_MZIWwuV-TcqwBsV_YIn4F7fr112OvN0xHqQ3naT4pTN0poQBiARjNWygWsBbIXVQbon0qO5aJYCTRtSnVGH",
    "X-TRANS-LEVEL": "0",
    "Server-Timing": "inner; dur=15, tt_agw; dur=12",
    "x-tt-trace-host": "01ed43a865a2b838c6c38a2a6a3773ffea96f31d1366b28f629c9304423a1df21dba87acf058fad27950b62b4a4093fe9056f61a66cefba276c40a69138bc2750d94ec6be172a39c75326c547c26f0464c",
    "x-tt-trace-tag": "id=3;cdn-cache=miss",
    "X-TT-TIMESTAMP": "1618105254.627",
    "Content-Encoding": "gzip",
    "Via": "cache10.l2nu20-8[38,0], vcache44.cn2543[82,0]",
    "Timing-Allow-Origin": "*",
    "EagleId": "6f13e95b16181052545774280e"
}
cookies  : {}
encoding : UTF-8
content_type : application/json;charset=UTF-8
body     : {
    "code": 0,
    "data": {
        "level": 1,
        "name": "\u5e55\u5e03\u7528\u623748231216",
        "id": 11623951
    }
}

2021-04-11 09:52:32.447 | INFO     | httprunner.client:request:217 - status_code: 200, response_time(ms): 92.01 ms, response_length: 0 bytes
2021-04-11 09:52:32.449 | INFO     | httprunner.response:validate:246 - assert status_code equal 200(int)	==> pass
2021-04-11 09:52:32.452 | INFO     | httprunner.response:validate:246 - assert headers."Content-Type" equal application/json;charset=UTF-8(str)	==> pass
2021-04-11 09:52:32.456 | INFO     | httprunner.response:validate:246 - assert body.code equal 0(int)	==> pass
2021-04-11 09:52:32.458 | INFO     | httprunner.runner:__run_step:304 - run step end: /v3/api/user/current_level <<<<<<

2021-04-11 09:52:32.462 | INFO     | httprunner.runner:__run_step:292 - run step begin: /v3/api/document/edit/get >>>>>>
2021-04-11 09:52:32.547 | DEBUG    | httprunner.client:request:186 - client IP: 192.168.1.7, Port: 61645
2021-04-11 09:52:32.551 | DEBUG    | httprunner.client:request:194 - server IP: 111.19.233.248, Port: 443
2021-04-11 09:52:32.555 | DEBUG    | httprunner.client:log_print:40 - 
================== request details ==================
method   : POST
url      : https://api2.mubu.com/v3/api/document/edit/get
headers  : {
    "User-Agent": "HttpRunner/3.1.4",
    "Accept-Encoding": "gzip, deflate, br",
    "Accept": "application/json, text/plain, */*",
    "Connection": "keep-alive",
    "host1": "api2.mubu.com",
    "Content-Length": "40",
    "Jwt-Token": "eyJ0eXAiOiJKV1QiLCJhbGciOiJIUzUxMiJ9.eyJhcHAiOiJtdWJ1Iiwic3ViIjoiMTE2MjM5NTEiLCJleHAiOjE2MjA2MTMxMTEsImlhdCI6MTYxODAyMTExMX0.vb25B05BHW2VyNB6tlW58F3eVkKnnoQXvc7H-XZIt2jfFisYO4N5NPYAMLT4b5-4XVyIIDcsqaMW5i_OD9Ahyw",
    "Content-Type": "application/json;charset=UTF-8",
    "data-unique-id": "5af8ec14-0e06-45fb-948e-5852d15f593a",
    "x-request-id": "eb0dd6dd-4bbc-4448-9308-f4074a21dc70",
    "version": "3.0.0.21328",
    "Origin": "https://mubu.com",
    "Sec-Fetch-Site": "same-site",
    "Sec-Fetch-Mode": "cors",
    "Sec-Fetch-Dest": "empty",
    "Referer": "https://mubu.com/",
    "Accept-Language": "zh-CN,zh;q=0.9",
    "HRUN-Request-ID": "HRUN-bbbbdb14-8b14-41b7-b439-c62481833f60-952465",
    "Cookie": "Jwt-Token=eyJ0eXAiOiJKV1QiLCJhbGciOiJIUzUxMiJ9.eyJhcHAiOiJtdWJ1Iiwic3ViIjoiMTE2MjM5NTEiLCJleHAiOjE2MjA2OTcyNTIsImlhdCI6MTYxODEwNTI1Mn0.j9qyfXzxgErD76_OvsicZ4b7twDLStSrJTG2mABXA96UvOSxZwWNvjqzmqv_RZKFWGZPQnD7FJp8t7ZgPeEotQ; SESSION=34faa770-e727-4e63-bae3-1531bc86e2c4; user_persistence=ed543ec9-acb1-4a68-8db9-37bc0f94978e"
}
cookies  : {
    "Jwt-Token": "eyJ0eXAiOiJKV1QiLCJhbGciOiJIUzUxMiJ9.eyJhcHAiOiJtdWJ1Iiwic3ViIjoiMTE2MjM5NTEiLCJleHAiOjE2MjA2OTcyNTIsImlhdCI6MTYxODEwNTI1Mn0.j9qyfXzxgErD76_OvsicZ4b7twDLStSrJTG2mABXA96UvOSxZwWNvjqzmqv_RZKFWGZPQnD7FJp8t7ZgPeEotQ",
    "SESSION": "34faa770-e727-4e63-bae3-1531bc86e2c4",
    "user_persistence": "ed543ec9-acb1-4a68-8db9-37bc0f94978e"
}
body     : {
    "docId": "5kKOjO5JIv_",
    "password": ""
}

2021-04-11 09:52:32.560 | DEBUG    | httprunner.client:log_print:40 - 
================== response details ==================
status_code : 200
headers  : {
    "Server": "Tengine",
    "Content-Type": "application/json;charset=UTF-8",
    "Transfer-Encoding": "chunked",
    "Connection": "keep-alive",
    "Date": "Sun, 11 Apr 2021 01:40:54 GMT",
    "Vary": "Accept-Encoding",
    "Access-Control-Allow-Origin": "*",
    "Access-Control-Allow-Methods": "POST,GET,OPTIONS,DELETE,HEAD,PUT",
    "Access-Control-Max-Age": "86400",
    "Access-Control-Allow-Credentials": "true",
    "Access-Control-Allow-Headers": "X-request-Id,x-requested-with,jwt-token,request-id,member-id,Content-Type,X-FILENAME,data-unique-id,AB-Server-Version,Device-Id,token,Channel-Id,channel,system,platform,Channel-Name,version,mubu-app,mubu-desktop,Checksum,user-agent,Origin,Accept",
    "X-Application-Context": "mubu.biz.openapi:online.cn:9291",
    "X-Tt-Logid": "202104110940540102121921385B47F6D6",
    "X-Agw-Info": "FYn3v41pWMuP4ooQ5-mgBrBHkoI1_-LZDVtUXPbMGLQocGG33r3ueVuph88Zv4_4yfhVYTLSrso_fwFNp4uXbXt34qXFOYQ_HkP-aXrtelHjY_vpgvqoQk59v3tOJ48hTxXlUv301p53oGAOeLJSlS4JA83o5t6WXOCF",
    "X-TRANS-LEVEL": "0",
    "Server-Timing": "inner; dur=16, tt_agw; dur=13",
    "x-tt-trace-host": "01ed43a865a2b838c6c38a2a6a3773ffeac87102c76803228705e482728aaeb3b36d0fae605840ce5467a6bb53dbad3a891cc8d2fabf925f306ebeae784d77849517ee3a44353a700b369a63d62638dd00",
    "x-tt-trace-tag": "id=3;cdn-cache=miss",
    "X-TT-TIMESTAMP": "1618105254.749",
    "Content-Encoding": "gzip",
    "Via": "cache40.l2nu20-8[31,0], vcache44.cn2543[66,0]",
    "Timing-Allow-Origin": "*",
    "EagleId": "6f13e95b16181052547104468e"
}
cookies  : {}
encoding : UTF-8
content_type : application/json;charset=UTF-8
body     : {
    "code": 0,
    "data": {
        "role": 31,
        "baseVersion": 0,
        "name": "",
        "definition": "{}",
        "directory": []
    }
}

2021-04-11 09:52:32.565 | INFO     | httprunner.client:request:217 - status_code: 200, response_time(ms): 81.37 ms, response_length: 0 bytes
2021-04-11 09:52:32.569 | INFO     | httprunner.response:validate:246 - assert status_code equal 200(int)	==> pass
2021-04-11 09:52:32.572 | INFO     | httprunner.response:validate:246 - assert headers."Content-Type" equal application/json;charset=UTF-8(str)	==> pass
2021-04-11 09:52:32.574 | INFO     | httprunner.response:validate:246 - assert body.code equal 0(int)	==> pass
2021-04-11 09:52:32.575 | INFO     | httprunner.runner:__run_step:304 - run step end: /v3/api/document/edit/get <<<<<<

2021-04-11 09:52:32.577 | INFO     | httprunner.runner:__run_step:292 - run step begin: /v3/api/refer/doc/list >>>>>>
2021-04-11 09:52:32.687 | DEBUG    | httprunner.client:request:186 - client IP: 192.168.1.7, Port: 61645
2021-04-11 09:52:32.691 | DEBUG    | httprunner.client:request:194 - server IP: 111.19.233.248, Port: 443
2021-04-11 09:52:32.695 | DEBUG    | httprunner.client:log_print:40 - 
================== request details ==================
method   : POST
url      : https://api2.mubu.com/v3/api/refer/doc/list
headers  : {
    "User-Agent": "HttpRunner/3.1.4",
    "Accept-Encoding": "gzip, deflate, br",
    "Accept": "application/json, text/plain, */*",
    "Connection": "keep-alive",
    "host1": "api2.mubu.com",
    "Content-Length": "30",
    "Jwt-Token": "eyJ0eXAiOiJKV1QiLCJhbGciOiJIUzUxMiJ9.eyJhcHAiOiJtdWJ1Iiwic3ViIjoiMTE2MjM5NTEiLCJleHAiOjE2MjA2MTMxMTEsImlhdCI6MTYxODAyMTExMX0.vb25B05BHW2VyNB6tlW58F3eVkKnnoQXvc7H-XZIt2jfFisYO4N5NPYAMLT4b5-4XVyIIDcsqaMW5i_OD9Ahyw",
    "data-unique-id": "5af8ec14-0e06-45fb-948e-5852d15f593a",
    "x-request-id": "9f13e0bc-5b86-443d-adab-de64054e561f",
    "Content-Type": "application/json;charset=UTF-8",
    "Origin": "https://mubu.com",
    "Sec-Fetch-Site": "same-site",
    "Sec-Fetch-Mode": "cors",
    "Sec-Fetch-Dest": "empty",
    "Referer": "https://mubu.com/",
    "Accept-Language": "zh-CN,zh;q=0.9",
    "HRUN-Request-ID": "HRUN-bbbbdb14-8b14-41b7-b439-c62481833f60-952580",
    "Cookie": "Jwt-Token=eyJ0eXAiOiJKV1QiLCJhbGciOiJIUzUxMiJ9.eyJhcHAiOiJtdWJ1Iiwic3ViIjoiMTE2MjM5NTEiLCJleHAiOjE2MjA2OTcyNTIsImlhdCI6MTYxODEwNTI1Mn0.j9qyfXzxgErD76_OvsicZ4b7twDLStSrJTG2mABXA96UvOSxZwWNvjqzmqv_RZKFWGZPQnD7FJp8t7ZgPeEotQ; SESSION=34faa770-e727-4e63-bae3-1531bc86e2c4; user_persistence=ed543ec9-acb1-4a68-8db9-37bc0f94978e"
}
cookies  : {
    "Jwt-Token": "eyJ0eXAiOiJKV1QiLCJhbGciOiJIUzUxMiJ9.eyJhcHAiOiJtdWJ1Iiwic3ViIjoiMTE2MjM5NTEiLCJleHAiOjE2MjA2OTcyNTIsImlhdCI6MTYxODEwNTI1Mn0.j9qyfXzxgErD76_OvsicZ4b7twDLStSrJTG2mABXA96UvOSxZwWNvjqzmqv_RZKFWGZPQnD7FJp8t7ZgPeEotQ",
    "SESSION": "34faa770-e727-4e63-bae3-1531bc86e2c4",
    "user_persistence": "ed543ec9-acb1-4a68-8db9-37bc0f94978e"
}
body     : {
    "targetDocId": "5kKOjO5JIv_"
}

2021-04-11 09:52:32.700 | DEBUG    | httprunner.client:log_print:40 - 
================== response details ==================
status_code : 200
headers  : {
    "Server": "Tengine",
    "Content-Type": "application/json;charset=UTF-8",
    "Transfer-Encoding": "chunked",
    "Connection": "keep-alive",
    "Date": "Sun, 11 Apr 2021 01:40:54 GMT",
    "Vary": "Accept-Encoding",
    "Access-Control-Allow-Origin": "*",
    "Access-Control-Allow-Methods": "POST,GET,OPTIONS,DELETE,HEAD,PUT",
    "Access-Control-Max-Age": "86400",
    "Access-Control-Allow-Credentials": "true",
    "Access-Control-Allow-Headers": "X-request-Id,x-requested-with,jwt-token,request-id,member-id,Content-Type,X-FILENAME,data-unique-id,AB-Server-Version,Device-Id,token,Channel-Id,channel,system,platform,Channel-Name,version,mubu-app,mubu-desktop,Checksum,user-agent,Origin,Accept",
    "X-Application-Context": "mubu.biz.openapi:online.cn:9318",
    "X-Tt-Logid": "202104110940540102121951573D471366",
    "X-Agw-Info": "XFxxgpeW3OTNfeTUFfP5IYP4SSwMNTUFRE4btXi5CCOSCrgwiqffacMixy4osOHBnyN9lqS2y01pk_F1KZ11DYyxIpivtDOdQMbZeVkp-WJ1oGMc7015YipLWCqTbhahkHuR_uheWZFSS3c7mnrVy18HzMldacJ6bzIm",
    "X-TRANS-LEVEL": "0",
    "Server-Timing": "inner; dur=6, tt_agw; dur=5",
    "x-tt-trace-host": "01ed43a865a2b838c6c38a2a6a3773ffea96f31d1366b28f629c9304423a1df21da47095962b2e49f7f6a41c46bbd0d509ba8d8fd1814609d7cd4fca43e0fb5f2ca737f4cff515cd5a474e6e64910b85fc",
    "x-tt-trace-tag": "id=3;cdn-cache=miss",
    "X-TT-TIMESTAMP": "1618105254.886",
    "Content-Encoding": "gzip",
    "Via": "cache10.l2nu20-8[52,0], vcache44.cn2543[96,0]",
    "Timing-Allow-Origin": "*",
    "EagleId": "6f13e95b16181052548214644e"
}
cookies  : {}
encoding : UTF-8
content_type : application/json;charset=UTF-8
body     : {
    "code": 0,
    "data": {
        "list": []
    }
}

2021-04-11 09:52:32.705 | INFO     | httprunner.client:request:217 - status_code: 200, response_time(ms): 107.85 ms, response_length: 0 bytes
2021-04-11 09:52:32.708 | INFO     | httprunner.response:validate:246 - assert status_code equal 200(int)	==> pass
2021-04-11 09:52:32.710 | INFO     | httprunner.response:validate:246 - assert headers."Content-Type" equal application/json;charset=UTF-8(str)	==> pass
2021-04-11 09:52:32.713 | INFO     | httprunner.response:validate:246 - assert body.code equal 0(int)	==> pass
2021-04-11 09:52:32.716 | INFO     | httprunner.runner:__run_step:304 - run step end: /v3/api/refer/doc/list <<<<<<

2021-04-11 09:52:32.718 | INFO     | httprunner.runner:__run_step:292 - run step begin: /v3/api/colla/register >>>>>>
2021-04-11 09:52:32.815 | DEBUG    | httprunner.client:request:186 - client IP: 192.168.1.7, Port: 61645
2021-04-11 09:52:32.817 | DEBUG    | httprunner.client:request:194 - server IP: 111.19.233.248, Port: 443
2021-04-11 09:52:32.820 | DEBUG    | httprunner.client:log_print:40 - 
================== request details ==================
method   : GET
url      : https://api2.mubu.com/v3/api/colla/register
headers  : {
    "User-Agent": "HttpRunner/3.1.4",
    "Accept-Encoding": "gzip, deflate, br",
    "Accept": "application/json, text/plain, */*",
    "Connection": "keep-alive",
    "host1": "api2.mubu.com",
    "Jwt-Token": "eyJ0eXAiOiJKV1QiLCJhbGciOiJIUzUxMiJ9.eyJhcHAiOiJtdWJ1Iiwic3ViIjoiMTE2MjM5NTEiLCJleHAiOjE2MjA2MTMxMTEsImlhdCI6MTYxODAyMTExMX0.vb25B05BHW2VyNB6tlW58F3eVkKnnoQXvc7H-XZIt2jfFisYO4N5NPYAMLT4b5-4XVyIIDcsqaMW5i_OD9Ahyw",
    "data-unique-id": "5af8ec14-0e06-45fb-948e-5852d15f593a",
    "x-request-id": "93ec8a43-7dc0-41a0-b0b5-5fa46ef6e422",
    "Origin": "https://mubu.com",
    "Sec-Fetch-Site": "same-site",
    "Sec-Fetch-Mode": "cors",
    "Sec-Fetch-Dest": "empty",
    "Referer": "https://mubu.com/",
    "Accept-Language": "zh-CN,zh;q=0.9",
    "HRUN-Request-ID": "HRUN-bbbbdb14-8b14-41b7-b439-c62481833f60-952721",
    "Cookie": "Jwt-Token=eyJ0eXAiOiJKV1QiLCJhbGciOiJIUzUxMiJ9.eyJhcHAiOiJtdWJ1Iiwic3ViIjoiMTE2MjM5NTEiLCJleHAiOjE2MjA2OTcyNTIsImlhdCI6MTYxODEwNTI1Mn0.j9qyfXzxgErD76_OvsicZ4b7twDLStSrJTG2mABXA96UvOSxZwWNvjqzmqv_RZKFWGZPQnD7FJp8t7ZgPeEotQ; SESSION=34faa770-e727-4e63-bae3-1531bc86e2c4; user_persistence=ed543ec9-acb1-4a68-8db9-37bc0f94978e"
}
cookies  : {
    "Jwt-Token": "eyJ0eXAiOiJKV1QiLCJhbGciOiJIUzUxMiJ9.eyJhcHAiOiJtdWJ1Iiwic3ViIjoiMTE2MjM5NTEiLCJleHAiOjE2MjA2OTcyNTIsImlhdCI6MTYxODEwNTI1Mn0.j9qyfXzxgErD76_OvsicZ4b7twDLStSrJTG2mABXA96UvOSxZwWNvjqzmqv_RZKFWGZPQnD7FJp8t7ZgPeEotQ",
    "SESSION": "34faa770-e727-4e63-bae3-1531bc86e2c4",
    "user_persistence": "ed543ec9-acb1-4a68-8db9-37bc0f94978e"
}
body     : None

2021-04-11 09:52:32.823 | DEBUG    | httprunner.client:log_print:40 - 
================== response details ==================
status_code : 200
headers  : {
    "Server": "Tengine",
    "Content-Type": "application/json;charset=UTF-8",
    "Transfer-Encoding": "chunked",
    "Connection": "keep-alive",
    "Date": "Sun, 11 Apr 2021 01:40:55 GMT",
    "Vary": "Accept-Encoding",
    "Access-Control-Allow-Origin": "*",
    "Access-Control-Allow-Methods": "POST,GET,OPTIONS,DELETE,HEAD,PUT",
    "Access-Control-Max-Age": "86400",
    "Access-Control-Allow-Credentials": "true",
    "Access-Control-Allow-Headers": "X-request-Id,x-requested-with,jwt-token,request-id,member-id,Content-Type,X-FILENAME,data-unique-id,AB-Server-Version,Device-Id,token,Channel-Id,channel,system,platform,Channel-Name,version,mubu-app,mubu-desktop,Checksum,user-agent,Origin,Accept",
    "X-Application-Context": "mubu.biz.openapi:online.cn:9455",
    "X-Tt-Logid": "20210411094054010151195038591719DB",
    "X-Agw-Info": "jn3XvB4Y6DnvE7zwQYIUz6upOPolu2owRLpM0_Kz6B-CEfWG7IfHmaOJ0zpS6siKY34rGr16QOnH_DDkLEhpR0-eYTmE0VgaQMBSBMOxKoaBOLfJYJCPgeE2_ALVNejzYpLJuwvCfB06Nu-sPNntUuyBm6KjHOS-bDM5",
    "X-TRANS-LEVEL": "0",
    "Server-Timing": "inner; dur=12, tt_agw; dur=8",
    "x-tt-trace-host": "01ed43a865a2b838c6c38a2a6a3773ffeaeb3376c4ca18a05341e00bfc76df3c636409244f02f65ec4237442aa067b1cba8b7ffa24a5e031d7b0de9e829c3b82a5afd250891be8615db24207897c865dd8",
    "x-tt-trace-tag": "id=3;cdn-cache=miss",
    "X-TT-TIMESTAMP": "1618105255.007",
    "Content-Encoding": "gzip",
    "Via": "cache10.l2nu20-8[37,0], vcache44.cn2543[82,0]",
    "Timing-Allow-Origin": "*",
    "EagleId": "6f13e95b16181052549634832e"
}
cookies  : {}
encoding : UTF-8
content_type : application/json;charset=UTF-8
body     : {
    "code": 0,
    "data": {
        "ticket": "b97f520f457a8291130329f34b232dee",
        "TTL": 604800
    }
}

2021-04-11 09:52:32.825 | INFO     | httprunner.client:request:217 - status_code: 200, response_time(ms): 93.01 ms, response_length: 0 bytes
2021-04-11 09:52:32.827 | INFO     | httprunner.response:validate:246 - assert status_code equal 200(int)	==> pass
2021-04-11 09:52:32.830 | INFO     | httprunner.response:validate:246 - assert headers."Content-Type" equal application/json;charset=UTF-8(str)	==> pass
2021-04-11 09:52:32.832 | INFO     | httprunner.response:validate:246 - assert body.code equal 0(int)	==> pass
2021-04-11 09:52:32.835 | INFO     | httprunner.runner:__run_step:304 - run step end: /v3/api/colla/register <<<<<<

2021-04-11 09:52:32.837 | INFO     | httprunner.runner:__run_step:292 - run step begin: /v3/api/refer/node/count >>>>>>
2021-04-11 09:52:32.922 | DEBUG    | httprunner.client:request:186 - client IP: 192.168.1.7, Port: 61645
2021-04-11 09:52:32.926 | DEBUG    | httprunner.client:request:194 - server IP: 111.19.233.248, Port: 443
2021-04-11 09:52:32.930 | DEBUG    | httprunner.client:log_print:40 - 
================== request details ==================
method   : POST
url      : https://api2.mubu.com/v3/api/refer/node/count
headers  : {
    "User-Agent": "HttpRunner/3.1.4",
    "Accept-Encoding": "gzip, deflate, br",
    "Accept": "application/json, text/plain, */*",
    "Connection": "keep-alive",
    "host1": "api2.mubu.com",
    "Content-Length": "30",
    "Jwt-Token": "eyJ0eXAiOiJKV1QiLCJhbGciOiJIUzUxMiJ9.eyJhcHAiOiJtdWJ1Iiwic3ViIjoiMTE2MjM5NTEiLCJleHAiOjE2MjA2MTMxMTEsImlhdCI6MTYxODAyMTExMX0.vb25B05BHW2VyNB6tlW58F3eVkKnnoQXvc7H-XZIt2jfFisYO4N5NPYAMLT4b5-4XVyIIDcsqaMW5i_OD9Ahyw",
    "Content-Type": "application/json;charset=UTF-8",
    "data-unique-id": "5af8ec14-0e06-45fb-948e-5852d15f593a",
    "x-request-id": "8fd957bc-85d7-487c-975a-8c880ce54497",
    "version": "3.0.0.21328",
    "Origin": "https://mubu.com",
    "Sec-Fetch-Site": "same-site",
    "Sec-Fetch-Mode": "cors",
    "Sec-Fetch-Dest": "empty",
    "Referer": "https://mubu.com/",
    "Accept-Language": "zh-CN,zh;q=0.9",
    "HRUN-Request-ID": "HRUN-bbbbdb14-8b14-41b7-b439-c62481833f60-952838",
    "Cookie": "Jwt-Token=eyJ0eXAiOiJKV1QiLCJhbGciOiJIUzUxMiJ9.eyJhcHAiOiJtdWJ1Iiwic3ViIjoiMTE2MjM5NTEiLCJleHAiOjE2MjA2OTcyNTIsImlhdCI6MTYxODEwNTI1Mn0.j9qyfXzxgErD76_OvsicZ4b7twDLStSrJTG2mABXA96UvOSxZwWNvjqzmqv_RZKFWGZPQnD7FJp8t7ZgPeEotQ; SESSION=34faa770-e727-4e63-bae3-1531bc86e2c4; user_persistence=ed543ec9-acb1-4a68-8db9-37bc0f94978e"
}
cookies  : {
    "Jwt-Token": "eyJ0eXAiOiJKV1QiLCJhbGciOiJIUzUxMiJ9.eyJhcHAiOiJtdWJ1Iiwic3ViIjoiMTE2MjM5NTEiLCJleHAiOjE2MjA2OTcyNTIsImlhdCI6MTYxODEwNTI1Mn0.j9qyfXzxgErD76_OvsicZ4b7twDLStSrJTG2mABXA96UvOSxZwWNvjqzmqv_RZKFWGZPQnD7FJp8t7ZgPeEotQ",
    "SESSION": "34faa770-e727-4e63-bae3-1531bc86e2c4",
    "user_persistence": "ed543ec9-acb1-4a68-8db9-37bc0f94978e"
}
body     : {
    "targetDocId": "5kKOjO5JIv_"
}

2021-04-11 09:52:32.935 | DEBUG    | httprunner.client:log_print:40 - 
================== response details ==================
status_code : 200
headers  : {
    "Server": "Tengine",
    "Content-Type": "application/json;charset=UTF-8",
    "Transfer-Encoding": "chunked",
    "Connection": "keep-alive",
    "Date": "Sun, 11 Apr 2021 01:40:55 GMT",
    "Vary": "Accept-Encoding",
    "Access-Control-Allow-Origin": "*",
    "Access-Control-Allow-Methods": "POST,GET,OPTIONS,DELETE,HEAD,PUT",
    "Access-Control-Max-Age": "86400",
    "Access-Control-Allow-Credentials": "true",
    "Access-Control-Allow-Headers": "X-request-Id,x-requested-with,jwt-token,request-id,member-id,Content-Type,X-FILENAME,data-unique-id,AB-Server-Version,Device-Id,token,Channel-Id,channel,system,platform,Channel-Name,version,mubu-app,mubu-desktop,Checksum,user-agent,Origin,Accept",
    "X-Application-Context": "mubu.biz.openapi:online.cn:9332",
    "X-Tt-Logid": "2021041109405501015016822607174B29",
    "X-Agw-Info": "GAe54H9USbFYiH_Uhga7c_O05XHS5i2kbY7mJt4OGzwrIVDw5zDN9Av1x7QMWC4hmADV-2ABcAKFlgviUYL7u7Mtl0KU5WwzQX6EZ6ZM6ntKaN03Qq0Jxboelkbv5ePvD1l54RUpLdpQ1JZ81VWs1dLTExdcWbcqtnQU",
    "X-TRANS-LEVEL": "0",
    "Server-Timing": "inner; dur=8, tt_agw; dur=5",
    "x-tt-trace-host": "01ed43a865a2b838c6c38a2a6a3773ffeabf084a0ae40f0b4d4cb129abf39917b18981ef3eae87454daaf0ca190b3df1d15552dbdb54bfc58ddd6cb74adbdc91571e4612808531c97d0a48b950419dc495",
    "x-tt-trace-tag": "id=3;cdn-cache=miss",
    "X-TT-TIMESTAMP": "1618105255.117",
    "Content-Encoding": "gzip",
    "Via": "cache40.l2nu20-8[38,0], vcache44.cn2543[72,0]",
    "Timing-Allow-Origin": "*",
    "EagleId": "6f13e95b16181052550784975e"
}
cookies  : {}
encoding : UTF-8
content_type : application/json;charset=UTF-8
body     : {
    "code": 0,
    "data": {
        "countMap": {}
    }
}

2021-04-11 09:52:32.940 | INFO     | httprunner.client:request:217 - status_code: 200, response_time(ms): 83.28 ms, response_length: 0 bytes
2021-04-11 09:52:32.943 | INFO     | httprunner.response:validate:246 - assert status_code equal 200(int)	==> pass
2021-04-11 09:52:32.946 | INFO     | httprunner.response:validate:246 - assert headers."Content-Type" equal application/json;charset=UTF-8(str)	==> pass
2021-04-11 09:52:32.949 | INFO     | httprunner.response:validate:246 - assert body.code equal 0(int)	==> pass
2021-04-11 09:52:32.951 | INFO     | httprunner.runner:__run_step:304 - run step end: /v3/api/refer/node/count <<<<<<

2021-04-11 09:52:32.955 | INFO     | httprunner.runner:__run_step:292 - run step begin: /v3/api/colla/members >>>>>>
2021-04-11 09:52:33.051 | DEBUG    | httprunner.client:request:186 - client IP: 192.168.1.7, Port: 61645
2021-04-11 09:52:33.055 | DEBUG    | httprunner.client:request:194 - server IP: 111.19.233.248, Port: 443
2021-04-11 09:52:33.059 | DEBUG    | httprunner.client:log_print:40 - 
================== request details ==================
method   : OPTIONS
url      : https://api2.mubu.com/v3/api/colla/members?memberId=5242742441223623&documentId=5kKOjO5JIv_
headers  : {
    "User-Agent": "HttpRunner/3.1.4",
    "Accept-Encoding": "gzip, deflate, br",
    "Accept": "*/*",
    "Connection": "keep-alive",
    "host1": "api2.mubu.com",
    "Access-Control-Request-Method": "GET",
    "Access-Control-Request-Headers": "data-unique-id,jwt-token,request-id,x-request-id",
    "Origin": "https://mubu.com",
    "Sec-Fetch-Mode": "cors",
    "Sec-Fetch-Site": "same-site",
    "Sec-Fetch-Dest": "empty",
    "Referer": "https://mubu.com/",
    "Accept-Language": "zh-CN,zh;q=0.9",
    "HRUN-Request-ID": "HRUN-bbbbdb14-8b14-41b7-b439-c62481833f60-952959",
    "Cookie": "Jwt-Token=eyJ0eXAiOiJKV1QiLCJhbGciOiJIUzUxMiJ9.eyJhcHAiOiJtdWJ1Iiwic3ViIjoiMTE2MjM5NTEiLCJleHAiOjE2MjA2OTcyNTIsImlhdCI6MTYxODEwNTI1Mn0.j9qyfXzxgErD76_OvsicZ4b7twDLStSrJTG2mABXA96UvOSxZwWNvjqzmqv_RZKFWGZPQnD7FJp8t7ZgPeEotQ; SESSION=34faa770-e727-4e63-bae3-1531bc86e2c4; user_persistence=ed543ec9-acb1-4a68-8db9-37bc0f94978e",
    "Content-Length": "0"
}
cookies  : {
    "Jwt-Token": "eyJ0eXAiOiJKV1QiLCJhbGciOiJIUzUxMiJ9.eyJhcHAiOiJtdWJ1Iiwic3ViIjoiMTE2MjM5NTEiLCJleHAiOjE2MjA2OTcyNTIsImlhdCI6MTYxODEwNTI1Mn0.j9qyfXzxgErD76_OvsicZ4b7twDLStSrJTG2mABXA96UvOSxZwWNvjqzmqv_RZKFWGZPQnD7FJp8t7ZgPeEotQ",
    "SESSION": "34faa770-e727-4e63-bae3-1531bc86e2c4",
    "user_persistence": "ed543ec9-acb1-4a68-8db9-37bc0f94978e"
}
body     : None

2021-04-11 09:52:33.064 | DEBUG    | httprunner.client:log_print:40 - 
================== response details ==================
status_code : 200
headers  : {
    "Server": "Tengine",
    "Content-Type": "application/octet-stream",
    "Content-Length": "0",
    "Connection": "keep-alive",
    "Date": "Sun, 11 Apr 2021 01:40:55 GMT",
    "Access-Control-Allow-Origin": "*",
    "Access-Control-Allow-Methods": "POST,GET,OPTIONS,DELETE,HEAD,PUT",
    "Access-Control-Max-Age": "86400",
    "Access-Control-Allow-Credentials": "true",
    "Access-Control-Allow-Headers": "X-request-Id,x-requested-with,jwt-token,request-id,member-id,Content-Type,X-FILENAME,data-unique-id,AB-Server-Version,Device-Id,token,Channel-Id,channel,system,platform,Channel-Name,version,mubu-app,mubu-desktop,Checksum,user-agent,Origin,Accept",
    "X-Tt-Logid": "202104110940550101502181671A1757F9",
    "X-Agw-Info": "4xDzEW4kcDsFReDHt1OFBm76ucfuq05TgxksQ5p60DagdcHlkE98SLZQzDhb13eXKg4K5bemNTEnLLsntQW6ZVCvhG78s1IEBt5MPYwO4-ykZL7G2ixCgLMnV0sEVLtmpdCfWU65vTXJaKDEkxzeGlqYeP7UiCqxTDzW",
    "X-TRANS-LEVEL": "0",
    "Server-Timing": "inner; dur=12, tt_agw; dur=9",
    "x-tt-trace-host": "014a903e23e62e33f03c416fc5a381b96f1c2e607fde20023c25f73eaa8cf8b4244426ef8320bbcb24919823b4c044dd65b6fdd35f4dcfdfbac82af6f7f820525814d0c5a23b008cf0e0d05b585190717d",
    "x-tt-trace-tag": "id=3;cdn-cache=miss",
    "X-TT-TIMESTAMP": "1618105255.245",
    "Via": "cache10.l2nu20-8[35,0], vcache44.cn2543[78,0]",
    "Timing-Allow-Origin": "*",
    "EagleId": "6f13e95b16181052552025151e"
}
cookies  : {}
encoding : None
content_type : application/octet-stream
body     : 

2021-04-11 09:52:33.068 | INFO     | httprunner.client:request:217 - status_code: 200, response_time(ms): 92.06 ms, response_length: 0 bytes
2021-04-11 09:52:33.071 | INFO     | httprunner.response:validate:246 - assert status_code equal 200(int)	==> pass
2021-04-11 09:52:33.074 | INFO     | httprunner.response:validate:246 - assert headers."Content-Type" equal application/octet-stream(str)	==> pass
2021-04-11 09:52:33.076 | INFO     | httprunner.runner:__run_step:304 - run step end: /v3/api/colla/members <<<<<<

2021-04-11 09:52:33.079 | INFO     | httprunner.runner:__run_step:292 - run step begin: /v3/api/colla/members >>>>>>
2021-04-11 09:52:33.207 | DEBUG    | httprunner.client:request:186 - client IP: 192.168.1.7, Port: 61645
2021-04-11 09:52:33.210 | DEBUG    | httprunner.client:request:194 - server IP: 111.19.233.248, Port: 443
2021-04-11 09:52:33.215 | DEBUG    | httprunner.client:log_print:40 - 
================== request details ==================
method   : GET
url      : https://api2.mubu.com/v3/api/colla/members?memberId=5242742441223623&documentId=5kKOjO5JIv_
headers  : {
    "User-Agent": "HttpRunner/3.1.4",
    "Accept-Encoding": "gzip, deflate, br",
    "Accept": "application/json, text/plain, */*",
    "Connection": "keep-alive",
    "host1": "api2.mubu.com",
    "Jwt-Token": "eyJ0eXAiOiJKV1QiLCJhbGciOiJIUzUxMiJ9.eyJhcHAiOiJtdWJ1Iiwic3ViIjoiMTE2MjM5NTEiLCJleHAiOjE2MjA2MTMxMTEsImlhdCI6MTYxODAyMTExMX0.vb25B05BHW2VyNB6tlW58F3eVkKnnoQXvc7H-XZIt2jfFisYO4N5NPYAMLT4b5-4XVyIIDcsqaMW5i_OD9Ahyw",
    "Request-Id": "members:5242742441223623:1618021813247",
    "data-unique-id": "5af8ec14-0e06-45fb-948e-5852d15f593a",
    "x-request-id": "c9818f23-e9b5-4a07-95e6-a290de84ca12",
    "Origin": "https://mubu.com",
    "Sec-Fetch-Site": "same-site",
    "Sec-Fetch-Mode": "cors",
    "Sec-Fetch-Dest": "empty",
    "Referer": "https://mubu.com/",
    "Accept-Language": "zh-CN,zh;q=0.9",
    "HRUN-Request-ID": "HRUN-bbbbdb14-8b14-41b7-b439-c62481833f60-953084",
    "Cookie": "Jwt-Token=eyJ0eXAiOiJKV1QiLCJhbGciOiJIUzUxMiJ9.eyJhcHAiOiJtdWJ1Iiwic3ViIjoiMTE2MjM5NTEiLCJleHAiOjE2MjA2OTcyNTIsImlhdCI6MTYxODEwNTI1Mn0.j9qyfXzxgErD76_OvsicZ4b7twDLStSrJTG2mABXA96UvOSxZwWNvjqzmqv_RZKFWGZPQnD7FJp8t7ZgPeEotQ; SESSION=34faa770-e727-4e63-bae3-1531bc86e2c4; user_persistence=ed543ec9-acb1-4a68-8db9-37bc0f94978e"
}
cookies  : {
    "Jwt-Token": "eyJ0eXAiOiJKV1QiLCJhbGciOiJIUzUxMiJ9.eyJhcHAiOiJtdWJ1Iiwic3ViIjoiMTE2MjM5NTEiLCJleHAiOjE2MjA2OTcyNTIsImlhdCI6MTYxODEwNTI1Mn0.j9qyfXzxgErD76_OvsicZ4b7twDLStSrJTG2mABXA96UvOSxZwWNvjqzmqv_RZKFWGZPQnD7FJp8t7ZgPeEotQ",
    "SESSION": "34faa770-e727-4e63-bae3-1531bc86e2c4",
    "user_persistence": "ed543ec9-acb1-4a68-8db9-37bc0f94978e"
}
body     : None

2021-04-11 09:52:33.221 | DEBUG    | httprunner.client:log_print:40 - 
================== response details ==================
status_code : 200
headers  : {
    "Server": "Tengine",
    "Content-Type": "application/json;charset=UTF-8",
    "Transfer-Encoding": "chunked",
    "Connection": "keep-alive",
    "Date": "Sun, 11 Apr 2021 01:40:55 GMT",
    "Vary": "Accept-Encoding",
    "Access-Control-Allow-Origin": "*",
    "Access-Control-Allow-Methods": "POST,GET,OPTIONS,DELETE,HEAD,PUT",
    "Access-Control-Max-Age": "86400",
    "Access-Control-Allow-Credentials": "true",
    "Access-Control-Allow-Headers": "X-request-Id,x-requested-with,jwt-token,request-id,member-id,Content-Type,X-FILENAME,data-unique-id,AB-Server-Version,Device-Id,token,Channel-Id,channel,system,platform,Channel-Name,version,mubu-app,mubu-desktop,Checksum,user-agent,Origin,Accept",
    "X-Application-Context": "mubu.biz.openapi:online.cn:9242",
    "X-Tt-Logid": "2021041109405501015120701905176105",
    "X-Agw-Info": "Yq-_L4R_T1p4ySv-wExh7WBei15lP_G24_duPo1LgEMPY5k6X3ho7Uo104fee-DbXiTmOMZ_w81KDLAhWHtr1qAmh6KilHlVMiBnv9sxCBpgNqqOdRh6xIcZ61Z5cEAdllNv1yskhjtmsMVxkl18S1hGqMNjeHTRQfIk",
    "X-TRANS-LEVEL": "0",
    "Server-Timing": "inner; dur=16, tt_agw; dur=15",
    "x-tt-trace-host": "014a903e23e62e33f03c416fc5a381b96f1c2e607fde20023c25f73eaa8cf8b424e9eb6dadd2713883e20197d6ced8c2a1b1995aca14540c67a9e22a4d9b47db5cb42a6a7c1ab02cc456c87f4674e9ff88",
    "x-tt-trace-tag": "id=3;cdn-cache=miss",
    "X-TT-TIMESTAMP": "1618105255.401",
    "Content-Encoding": "gzip",
    "Via": "cache10.l2nu20-8[66,0], vcache44.cn2543[109,0]",
    "Timing-Allow-Origin": "*",
    "EagleId": "6f13e95b16181052553285312e"
}
cookies  : {}
encoding : UTF-8
content_type : application/json;charset=UTF-8
body     : {
    "code": 0,
    "data": {
        "roomVersion": -1,
        "events": []
    }
}

2021-04-11 09:52:33.225 | INFO     | httprunner.client:request:217 - status_code: 200, response_time(ms): 123.75 ms, response_length: 0 bytes
2021-04-11 09:52:33.228 | INFO     | httprunner.response:validate:246 - assert status_code equal 200(int)	==> pass
2021-04-11 09:52:33.231 | INFO     | httprunner.response:validate:246 - assert headers."Content-Type" equal application/json;charset=UTF-8(str)	==> pass
2021-04-11 09:52:33.234 | INFO     | httprunner.response:validate:246 - assert body.code equal 0(int)	==> pass
2021-04-11 09:52:33.237 | INFO     | httprunner.runner:__run_step:304 - run step end: /v3/api/colla/members <<<<<<

2021-04-11 09:52:33.240 | INFO     | httprunner.runner:__run_step:292 - run step begin: /v3/api/colla/message >>>>>>
