2021-04-11 09:16:48.356 | INFO     | httprunner.runner:test_start:450 - Start to run testcase: creat new doc, TestCase ID: c630855f-8cb1-4970-b08a-41034584ae64
2021-04-11 09:16:48.356 | INFO     | httprunner.runner:__run_step:292 - run step begin: login mubu >>>>>>
2021-04-11 09:16:48.361 | INFO     | httprunner.runner:__run_step:292 - run step begin: /api/login/submit >>>>>>
2021-04-11 09:17:04.303 | WARNING  | httprunner.client:request:188 - failed to get client address info: 'NoneType' object has no attribute 'connection'
2021-04-11 09:17:04.338 | WARNING  | httprunner.client:request:196 - failed to get server address info: 'NoneType' object has no attribute 'connection'
2021-04-11 09:17:04.906 | DEBUG    | httprunner.client:log_print:40 - 
================== request details ==================
method   : POST
url      : https://mubu.com/api/login/submit
headers  : {
    "Content-Length": "0"
}
cookies  : {}
body     : None

2021-04-11 09:17:04.907 | DEBUG    | httprunner.client:log_print:40 - 
================== response details ==================
status_code : 0
headers  : {}
cookies  : {}
encoding : None
content_type : 
body     : 

2021-04-11 09:17:04.908 | ERROR    | httprunner.client:request:215 - HTTPSConnectionPool(host='mubu.com', port=443): Max retries exceeded with url: /api/login/submit (Caused by NewConnectionError('<urllib3.connection.HTTPSConnection object at 0x0000016045BB8790>: Failed to establish a new connection: [Errno 11001] getaddrinfo failed'))
2021-04-11 09:17:05.585 | INFO     | httprunner.response:extract:176 - extract mapping: {'unreadCount': None}
2021-04-11 09:17:05.587 | ERROR    | httprunner.response:validate:263 - assert status_code equal 200(int)	==> fail
check_item: status_code
check_value: 0(int)
assert_method: equal
expect_value: 200(int)
2021-04-11 09:17:05.658 | ERROR    | httprunner.response:validate:263 - assert headers."Content-Type" equal application/json;charset=UTF-8(str)	==> fail
check_item: headers."Content-Type"
check_value: None(NoneType)
assert_method: equal
expect_value: application/json;charset=UTF-8(str)
2021-04-11 09:17:05.659 | ERROR    | httprunner.response:validate:263 - assert body.code equal 0(int)	==> fail
check_item: body.code
check_value: None(NoneType)
assert_method: equal
expect_value: 0(int)
2021-04-11 09:17:05.660 | INFO     | httprunner.response:validate:246 - assert body.msg equal None(NoneType)	==> pass
2021-04-11 09:17:05.661 | ERROR    | httprunner.runner:log_req_resp_details:194 - 
******************************** DETAILED REQUEST & RESPONSE ********************************
====== request details ======
url: https://mubu.com/api/login/submit
method: POST
headers: {'Host': 'mubu.com', 'Connection': 'keep-alive', 'Content-Length': '47', 'Accept': 'application/json, text/javascript, */*; q=0.01', 'X-Requested-With': 'XMLHttpRequest', 'User-Agent': 'Mozilla/5.0 (Windows NT 10.0; Win64; x64) AppleWebKit/537.36 (KHTML, like Gecko) Chrome/88.0.4324.104 Safari/537.36', 'Content-Type': 'application/x-www-form-urlencoded; charset=UTF-8', 'Origin': 'https://mubu.com', 'Sec-Fetch-Site': 'same-origin', 'Sec-Fetch-Mode': 'cors', 'Sec-Fetch-Dest': 'empty', 'Referer': 'https://mubu.com/login/password', 'Accept-Encoding': 'gzip, deflate, br', 'Accept-Language': 'zh-CN,zh;q=0.9', 'Cookie': 'data_unique_id=5af8ec14-0e06-45fb-948e-5852d15f593a; _ga=GA1.2.575825054.1617539185; _gid=GA1.2.961331060.1617973416; reg_entrance=https%3A%2F%2Fmubu.com%2F; language=en-US; country=US; Hm_lvt_4426cbb0486a79ea049b4ad52d81b504=1617805446,1617820067,1617981171,1618017226; csrf_token=2ebd2cd9-e587-47d4-b8e3-6bb81d9fe9ce; SESSION=30786ff7-4a20-4a5c-b5aa-9d56f3586db4; _gat=1; reg_prepareId=178b9ae33da-178b9ae33d3-4763-bcdf-9510a0eb4440; reg_focusId=5247c4c4-c1ff-4763-bcdf-178b9ae36b3; SLARDAR_WEB_ID=8d09bf6a-a457-4c0e-a070-fd54f2c2279f; Hm_lpvt_4426cbb0486a79ea049b4ad52d81b504=1618022906', 'HRUN-Request-ID': 'HRUN-c630855f-8cb1-4970-b08a-41034584ae64-808361'}
params: {}
data: {'phone': '18710748230', 'password': '123456', 'remember': 'true'}
cookies: {'data_unique_id': '5af8ec14-0e06-45fb-948e-5852d15f593a', '_ga': 'GA1.2.575825054.1617539185', '_gid': 'GA1.2.961331060.1617973416', 'reg_entrance': 'https%3A%2F%2Fmubu.com%2F', 'language': 'en-US', 'country': 'US', 'Hm_lvt_4426cbb0486a79ea049b4ad52d81b504': '1617805446,1617820067,1617981171,1618017226', 'csrf_token': '2ebd2cd9-e587-47d4-b8e3-6bb81d9fe9ce', 'SESSION': '30786ff7-4a20-4a5c-b5aa-9d56f3586db4', '_gat': '1', 'reg_prepareId': '178b9ae33da-178b9ae33d3-4763-bcdf-9510a0eb4440', 'reg_focusId': '5247c4c4-c1ff-4763-bcdf-178b9ae36b3', 'SLARDAR_WEB_ID': '8d09bf6a-a457-4c0e-a070-fd54f2c2279f', 'Hm_lpvt_4426cbb0486a79ea049b4ad52d81b504': '1618022906'}
timeout: 120
allow_redirects: True
verify: False
json: None

====== response details ======
status_code: 0
headers: {}
body: ''

