2021-04-10 18:11:15.386 | INFO     | httprunner.runner:test_start:450 - Start to run testcase: testcase description, TestCase ID: c7c2338d-02b2-4846-9960-420b04ca38b0
2021-04-10 18:11:15.386 | INFO     | httprunner.runner:__run_step:292 - run step begin: /api/login/submit >>>>>>
2021-04-10 18:11:16.026 | DEBUG    | httprunner.client:request:186 - client IP: 192.168.1.7, Port: 55258
2021-04-10 18:11:16.031 | DEBUG    | httprunner.client:request:194 - server IP: 111.48.31.13, Port: 443
2021-04-10 18:11:16.035 | DEBUG    | httprunner.client:log_print:40 - 
================== request details ==================
method   : POST
url      : https://mubu.com/api/login/submit
headers  : {
    "User-Agent": "Mozilla/5.0 (Windows NT 10.0; Win64; x64) AppleWebKit/537.36 (KHTML, like Gecko) Chrome/88.0.4324.104 Safari/537.36",
    "Accept-Encoding": "gzip, deflate, br",
    "Accept": "application/json, text/javascript, */*; q=0.01",
    "Connection": "keep-alive",
    "Host": "mubu.com",
    "Content-Length": "47",
    "X-Requested-With": "XMLHttpRequest",
    "Content-Type": "application/x-www-form-urlencoded; charset=UTF-8",
    "Origin": "https://mubu.com",
    "Sec-Fetch-Site": "same-origin",
    "Sec-Fetch-Mode": "cors",
    "Sec-Fetch-Dest": "empty",
    "Referer": "https://mubu.com/login/password",
    "Accept-Language": "zh-CN,zh;q=0.9",
    "Cookie": "data_unique_id=5af8ec14-0e06-45fb-948e-5852d15f593a; _ga=GA1.2.575825054.1617539185; _gid=GA1.2.961331060.1617973416; reg_entrance=https%3A%2F%2Fmubu.com%2F; language=en-US; country=US; Hm_lvt_4426cbb0486a79ea049b4ad52d81b504=1617805446,1617820067,1617981171,1618017226; csrf_token=2ebd2cd9-e587-47d4-b8e3-6bb81d9fe9ce; SESSION=30786ff7-4a20-4a5c-b5aa-9d56f3586db4; _gat=1; reg_prepareId=178b9ae33da-178b9ae33d3-4763-bcdf-9510a0eb4440; reg_focusId=5247c4c4-c1ff-4763-bcdf-178b9ae36b3; SLARDAR_WEB_ID=8d09bf6a-a457-4c0e-a070-fd54f2c2279f; Hm_lpvt_4426cbb0486a79ea049b4ad52d81b504=1618022906",
    "HRUN-Request-ID": "HRUN-c7c2338d-02b2-4846-9960-420b04ca38b0-475386"
}
cookies  : {
    "Hm_lpvt_4426cbb0486a79ea049b4ad52d81b504": "1618022906",
    "Hm_lvt_4426cbb0486a79ea049b4ad52d81b504": "1617805446,1617820067,1617981171,1618017226",
    "SESSION": "30786ff7-4a20-4a5c-b5aa-9d56f3586db4",
    "SLARDAR_WEB_ID": "8d09bf6a-a457-4c0e-a070-fd54f2c2279f",
    "_ga": "GA1.2.575825054.1617539185",
    "_gat": "1",
    "_gid": "GA1.2.961331060.1617973416",
    "country": "US",
    "csrf_token": "2ebd2cd9-e587-47d4-b8e3-6bb81d9fe9ce",
    "data_unique_id": "5af8ec14-0e06-45fb-948e-5852d15f593a",
    "language": "en-US",
    "reg_entrance": "https%3A%2F%2Fmubu.com%2F",
    "reg_focusId": "5247c4c4-c1ff-4763-bcdf-178b9ae36b3",
    "reg_prepareId": "178b9ae33da-178b9ae33d3-4763-bcdf-9510a0eb4440"
}
body     : phone=18710748230&password=123456&remember=true

2021-04-10 18:11:16.086 | DEBUG    | httprunner.client:log_print:40 - 
================== response details ==================
status_code : 200
headers  : {
    "Server": "Tengine",
    "Content-Type": "application/json;charset=UTF-8",
    "Transfer-Encoding": "chunked",
    "Connection": "keep-alive",
    "Date": "Sat, 10 Apr 2021 09:59:39 GMT",
    "Vary": "Accept-Encoding",
    "X-Application-Context": "ee.mubu.web_server:prod:9303",
    "Set-Cookie": "Jwt-Token=eyJ0eXAiOiJKV1QiLCJhbGciOiJIUzUxMiJ9.eyJhcHAiOiJtdWJ1Iiwic3ViIjoiMTE2MjM5NTEiLCJleHAiOjE2MjA2NDA3NzksImlhdCI6MTYxODA0ODc3OX0.u4s1QXHHZYv7FruqrSr_7a8Q113a3iNL2SHOiR_YVLc_Rz0NNhdBv7gamwlO2Pdu-UWLyrybXOcDHyccK73NKw; Max-Age=2592000; Expires=Mon, 10-May-2021 09:59:39 GMT; Path=/, user_persistence=ed543ec9-acb1-4a68-8db9-37bc0f94978e; Max-Age=2592000; Expires=Mon, 10-May-2021 09:59:39 GMT; Path=/, SESSION=c364906a-2535-42e6-9620-d05a65cdd4f9; Path=/; HttpOnly",
    "server-timing": "inner; dur=40, cdn-cache;desc=MISS,edge;dur=29,origin;dur=81",
    "x-tt-trace-host": "014a903e23e62e33f03c416fc5a381b96f965565c73a401f68945454ad9583b71639baa14a1a5f5d1d6e459a13d9c55788cdd4a38eb77c06bbcd772b31a260758a68ede90ca630c230447a2b08a32f9a57",
    "x-tt-trace-tag": "id=03;cdn-cache=miss;type=dyn",
    "X-TT-TIMESTAMP": "1618048779.637",
    "Content-Encoding": "gzip",
    "Via": "cache26.l2cm9-7[81,0], vcache9.cn3086[110,0]",
    "Timing-Allow-Origin": "*",
    "EagleId": "6f301f1d16180487795466688e"
}
cookies  : {
    "Jwt-Token": "eyJ0eXAiOiJKV1QiLCJhbGciOiJIUzUxMiJ9.eyJhcHAiOiJtdWJ1Iiwic3ViIjoiMTE2MjM5NTEiLCJleHAiOjE2MjA2NDA3NzksImlhdCI6MTYxODA0ODc3OX0.u4s1QXHHZYv7FruqrSr_7a8Q113a3iNL2SHOiR_YVLc_Rz0NNhdBv7gamwlO2Pdu-UWLyrybXOcDHyccK73NKw",
    "SESSION": "c364906a-2535-42e6-9620-d05a65cdd4f9",
    "user_persistence": "ed543ec9-acb1-4a68-8db9-37bc0f94978e"
}
encoding : UTF-8
content_type : application/json;charset=UTF-8
body     : {
    "code": 0,
    "msg": null,
    "data": {
        "next": "/list"
    }
}

2021-04-10 18:11:16.086 | INFO     | httprunner.client:request:217 - status_code: 200, response_time(ms): 630.14 ms, response_length: 0 bytes
2021-04-10 18:11:16.086 | INFO     | httprunner.response:validate:246 - assert status_code equal 200(int)	==> pass
2021-04-10 18:11:16.086 | INFO     | httprunner.response:validate:246 - assert headers."Content-Type" equal application/json;charset=UTF-8(str)	==> pass
2021-04-10 18:11:16.086 | INFO     | httprunner.response:validate:246 - assert body.code equal 0(int)	==> pass
2021-04-10 18:11:16.096 | INFO     | httprunner.response:validate:246 - assert body.msg equal None(NoneType)	==> pass
2021-04-10 18:11:16.096 | INFO     | httprunner.runner:__run_step:304 - run step end: /api/login/submit <<<<<<

