2021-04-08 02:21:51.874 | INFO     | httprunner.runner:test_start:450 - Start to run testcase: testcase description, TestCase ID: c88bc673-5e25-401b-9518-5b2b322ed360
2021-04-08 02:21:51.889 | INFO     | httprunner.runner:__run_step:292 - run step begin: /api/login/submit >>>>>>
2021-04-08 02:22:51.967 | WARNING  | httprunner.client:request:188 - failed to get client address info: 'NoneType' object has no attribute 'connection'
2021-04-08 02:22:51.972 | WARNING  | httprunner.client:request:196 - failed to get server address info: 'NoneType' object has no attribute 'connection'
2021-04-08 02:22:51.977 | DEBUG    | httprunner.client:log_print:40 - 
================== request details ==================
method   : POST
url      : https://mubu.com/api/login/submit
headers  : {
    "Content-Length": "0"
}
cookies  : {}
body     : None

2021-04-08 02:22:51.981 | DEBUG    | httprunner.client:log_print:40 - 
================== response details ==================
status_code : 0
headers  : {}
cookies  : {}
encoding : None
content_type : 
body     : 

2021-04-08 02:22:51.983 | ERROR    | httprunner.client:request:215 - HTTPSConnectionPool(host='mubu.com', port=443): Max retries exceeded with url: /api/login/submit (Caused by SSLError(SSLError(1, '[SSL: WRONG_VERSION_NUMBER] wrong version number (_ssl.c:1122)')))
2021-04-08 02:22:51.991 | ERROR    | httprunner.response:validate:263 - assert status_code equal 200(int)	==> fail
check_item: status_code
check_value: 0(int)
assert_method: equal
expect_value: 200(int)
2021-04-08 02:22:51.994 | ERROR    | httprunner.response:validate:263 - assert headers."Content-Type" equal application/json;charset=UTF-8(str)	==> fail
check_item: headers."Content-Type"
check_value: None(NoneType)
assert_method: equal
expect_value: application/json;charset=UTF-8(str)
2021-04-08 02:22:51.996 | ERROR    | httprunner.response:validate:263 - assert body.code equal 0(int)	==> fail
check_item: body.code
check_value: None(NoneType)
assert_method: equal
expect_value: 0(int)
2021-04-08 02:22:51.999 | INFO     | httprunner.response:validate:246 - assert body.msg equal None(NoneType)	==> pass
2021-04-08 02:22:52.001 | ERROR    | httprunner.runner:log_req_resp_details:194 - 
******************************** DETAILED REQUEST & RESPONSE ********************************
====== request details ======
url: https://mubu.com/api/login/submit
method: POST
headers: {'Host': 'mubu.com', 'Connection': 'keep-alive', 'Content-Length': '47', 'Accept': 'application/json, text/javascript, */*; q=0.01', 'X-Requested-With': 'XMLHttpRequest', 'User-Agent': 'Mozilla/5.0 (Windows NT 10.0; Win64; x64) AppleWebKit/537.36 (KHTML, like Gecko) Chrome/88.0.4324.104 Safari/537.36', 'Content-Type': 'application/x-www-form-urlencoded; charset=UTF-8', 'Origin': 'https://mubu.com', 'Sec-Fetch-Site': 'same-origin', 'Sec-Fetch-Mode': 'cors', 'Sec-Fetch-Dest': 'empty', 'Referer': 'https://mubu.com/login/password', 'Accept-Encoding': 'gzip, deflate, br', 'Accept-Language': 'zh-CN,zh;q=0.9', 'Cookie': 'data_unique_id=5af8ec14-0e06-45fb-948e-5852d15f593a; _ga=GA1.2.575825054.1617539185; language=en-US; country=US; _gid=GA1.2.1533022006.1617805441; Hm_lvt_4426cbb0486a79ea049b4ad52d81b504=1617619713,1617621135,1617625021,1617805446; reg_entrance=https%3A%2F%2Fmubu.com%2F; csrf_token=7251fd26-582d-40ab-94b9-1c18fa01838e; SESSION=b35ccba8-741a-4f9c-b591-32b5d429b22c; _gat=1; reg_prepareId=178acec5c13-178acec5c0e-41ad-8d2b-9795cc3d20d9; reg_focusId=7d2b4ded-9eb2-41ad-8d2b-178acec615a; SLARDAR_WEB_ID=0fe1264b-47de-4b0d-8272-c65571fd7483; Hm_lpvt_4426cbb0486a79ea049b4ad52d81b504=1617808876', 'HRUN-Request-ID': 'HRUN-c88bc673-5e25-401b-9518-5b2b322ed360-711889'}
params: {}
data: {'phone': '18710748230', 'password': '123456', 'remember': 'true'}
cookies: {'data_unique_id': '5af8ec14-0e06-45fb-948e-5852d15f593a', '_ga': 'GA1.2.575825054.1617539185', 'language': 'en-US', 'country': 'US', '_gid': 'GA1.2.1533022006.1617805441', 'Hm_lvt_4426cbb0486a79ea049b4ad52d81b504': '1617619713,1617621135,1617625021,1617805446', 'reg_entrance': 'https%3A%2F%2Fmubu.com%2F', 'csrf_token': '7251fd26-582d-40ab-94b9-1c18fa01838e', 'SESSION': 'b35ccba8-741a-4f9c-b591-32b5d429b22c', '_gat': '1', 'reg_prepareId': '178acec5c13-178acec5c0e-41ad-8d2b-9795cc3d20d9', 'reg_focusId': '7d2b4ded-9eb2-41ad-8d2b-178acec615a', 'SLARDAR_WEB_ID': '0fe1264b-47de-4b0d-8272-c65571fd7483', 'Hm_lpvt_4426cbb0486a79ea049b4ad52d81b504': '1617808876'}
timeout: 120
allow_redirects: True
verify: False
json: None

====== response details ======
status_code: 0
headers: {}
body: ''

