2021-04-11 09:51:01.697 | INFO     | httprunner.runner:test_start:450 - Start to run testcase: creat new doc, TestCase ID: dc5faf80-578e-44fc-aa44-5d32f92db6a1
2021-04-11 09:51:01.699 | INFO     | httprunner.runner:__run_step:292 - run step begin: login mubu >>>>>>
2021-04-11 09:51:01.700 | INFO     | httprunner.runner:__run_step:292 - run step begin: /api/login/submit >>>>>>
2021-04-11 09:51:01.948 | DEBUG    | httprunner.client:request:186 - client IP: 192.168.1.7, Port: 61632
2021-04-11 09:51:01.951 | DEBUG    | httprunner.client:request:194 - server IP: 111.6.180.99, Port: 443
2021-04-11 09:51:01.975 | DEBUG    | httprunner.client:log_print:40 - 
================== request details ==================
method   : POST
url      : https://mubu.com/api/login/submit
headers  : {
    "User-Agent": "Mozilla/5.0 (Windows NT 10.0; Win64; x64) AppleWebKit/537.36 (KHTML, like Gecko) Chrome/88.0.4324.104 Safari/537.36",
    "Accept-Encoding": "gzip, deflate, br",
    "Accept": "application/json, text/javascript, */*; q=0.01",
    "Connection": "keep-alive",
    "Host": "mubu.com",
    "Content-Length": "47",
    "X-Requested-With": "XMLHttpRequest",
    "Content-Type": "application/x-www-form-urlencoded; charset=UTF-8",
    "Origin": "https://mubu.com",
    "Sec-Fetch-Site": "same-origin",
    "Sec-Fetch-Mode": "cors",
    "Sec-Fetch-Dest": "empty",
    "Referer": "https://mubu.com/login/password",
    "Accept-Language": "zh-CN,zh;q=0.9",
    "Cookie": "data_unique_id=5af8ec14-0e06-45fb-948e-5852d15f593a; _ga=GA1.2.575825054.1617539185; _gid=GA1.2.961331060.1617973416; reg_entrance=https%3A%2F%2Fmubu.com%2F; language=en-US; country=US; Hm_lvt_4426cbb0486a79ea049b4ad52d81b504=1617805446,1617820067,1617981171,1618017226; csrf_token=2ebd2cd9-e587-47d4-b8e3-6bb81d9fe9ce; SESSION=30786ff7-4a20-4a5c-b5aa-9d56f3586db4; _gat=1; reg_prepareId=178b9ae33da-178b9ae33d3-4763-bcdf-9510a0eb4440; reg_focusId=5247c4c4-c1ff-4763-bcdf-178b9ae36b3; SLARDAR_WEB_ID=8d09bf6a-a457-4c0e-a070-fd54f2c2279f; Hm_lpvt_4426cbb0486a79ea049b4ad52d81b504=1618022906",
    "HRUN-Request-ID": "HRUN-dc5faf80-578e-44fc-aa44-5d32f92db6a1-861701"
}
cookies  : {
    "Hm_lpvt_4426cbb0486a79ea049b4ad52d81b504": "1618022906",
    "Hm_lvt_4426cbb0486a79ea049b4ad52d81b504": "1617805446,1617820067,1617981171,1618017226",
    "SESSION": "30786ff7-4a20-4a5c-b5aa-9d56f3586db4",
    "SLARDAR_WEB_ID": "8d09bf6a-a457-4c0e-a070-fd54f2c2279f",
    "_ga": "GA1.2.575825054.1617539185",
    "_gat": "1",
    "_gid": "GA1.2.961331060.1617973416",
    "country": "US",
    "csrf_token": "2ebd2cd9-e587-47d4-b8e3-6bb81d9fe9ce",
    "data_unique_id": "5af8ec14-0e06-45fb-948e-5852d15f593a",
    "language": "en-US",
    "reg_entrance": "https%3A%2F%2Fmubu.com%2F",
    "reg_focusId": "5247c4c4-c1ff-4763-bcdf-178b9ae36b3",
    "reg_prepareId": "178b9ae33da-178b9ae33d3-4763-bcdf-9510a0eb4440"
}
body     : phone=18710748230&password=123456&remember=true

2021-04-11 09:51:01.980 | DEBUG    | httprunner.client:log_print:40 - 
================== response details ==================
status_code : 200
headers  : {
    "Server": "Tengine",
    "Content-Type": "application/json;charset=UTF-8",
    "Transfer-Encoding": "chunked",
    "Connection": "keep-alive",
    "Date": "Sun, 11 Apr 2021 01:39:24 GMT",
    "Vary": "Accept-Encoding",
    "X-Application-Context": "ee.mubu.web_server:prod:9439",
    "Set-Cookie": "Jwt-Token=eyJ0eXAiOiJKV1QiLCJhbGciOiJIUzUxMiJ9.eyJhcHAiOiJtdWJ1Iiwic3ViIjoiMTE2MjM5NTEiLCJleHAiOjE2MjA2OTcxNjQsImlhdCI6MTYxODEwNTE2NH0.oGLDVbEo_TpoUFgbxF462ma6YJug2jtCeAQRNJXX7OK6U1zsvpm_vCWewoxzb6MxVdgYCAT7U9NVhnhouju-4A; Max-Age=2592000; Expires=Tue, 11-May-2021 01:39:24 GMT; Path=/, user_persistence=ed543ec9-acb1-4a68-8db9-37bc0f94978e; Max-Age=2592000; Expires=Tue, 11-May-2021 01:39:24 GMT; Path=/, SESSION=d589dc4e-54ff-4913-a7aa-10bba0b9cf78; Path=/; HttpOnly",
    "server-timing": "inner; dur=17, cdn-cache;desc=MISS,edge;dur=29,origin;dur=51",
    "x-tt-trace-host": "01ed43a865a2b838c6c38a2a6a3773ffeac87102c76803228705e482728aaeb3b3a700e97f2eebc3b826b43dfaace2254648337511afe7a0de35924ccf60f4a289f21b44e5aab79b3b49bc1f1bb4f89cdd",
    "x-tt-trace-tag": "id=03;cdn-cache=miss;type=dyn",
    "X-TT-TIMESTAMP": "1618105164.145",
    "Content-Encoding": "gzip",
    "Via": "cache40.l2nu20-8[51,0], cache19.cn1015[80,0]",
    "Timing-Allow-Origin": "*",
    "EagleId": "6f06b42716181051640896008e"
}
cookies  : {
    "Jwt-Token": "eyJ0eXAiOiJKV1QiLCJhbGciOiJIUzUxMiJ9.eyJhcHAiOiJtdWJ1Iiwic3ViIjoiMTE2MjM5NTEiLCJleHAiOjE2MjA2OTcxNjQsImlhdCI6MTYxODEwNTE2NH0.oGLDVbEo_TpoUFgbxF462ma6YJug2jtCeAQRNJXX7OK6U1zsvpm_vCWewoxzb6MxVdgYCAT7U9NVhnhouju-4A",
    "SESSION": "d589dc4e-54ff-4913-a7aa-10bba0b9cf78",
    "user_persistence": "ed543ec9-acb1-4a68-8db9-37bc0f94978e"
}
encoding : UTF-8
content_type : application/json;charset=UTF-8
body     : {
    "code": 0,
    "msg": null,
    "data": {
        "next": "/list"
    }
}

2021-04-11 09:51:01.984 | INFO     | httprunner.client:request:217 - status_code: 200, response_time(ms): 246.76 ms, response_length: 0 bytes
2021-04-11 09:51:01.988 | INFO     | httprunner.response:extract:176 - extract mapping: {'unreadCount': 0}
2021-04-11 09:51:01.992 | INFO     | httprunner.response:validate:246 - assert status_code equal 200(int)	==> pass
2021-04-11 09:51:01.995 | INFO     | httprunner.response:validate:246 - assert headers."Content-Type" equal application/json;charset=UTF-8(str)	==> pass
2021-04-11 09:51:01.997 | INFO     | httprunner.response:validate:246 - assert body.code equal 0(int)	==> pass
2021-04-11 09:51:01.998 | INFO     | httprunner.response:validate:246 - assert body.msg equal None(NoneType)	==> pass
2021-04-11 09:51:01.999 | INFO     | httprunner.runner:__run_step:304 - run step end: /api/login/submit <<<<<<

2021-04-11 09:51:02.003 | INFO     | httprunner.runner:__run_step_testcase:286 - export variables: {'unreadCount': 0}
2021-04-11 09:51:02.004 | INFO     | httprunner.runner:__run_step:304 - run step end: login mubu <<<<<<

2021-04-11 09:51:02.005 | INFO     | httprunner.runner:__run_step:292 - run step begin: /v3/api/user/profile >>>>>>
2021-04-11 09:51:02.267 | DEBUG    | httprunner.client:request:186 - client IP: 192.168.1.7, Port: 61633
2021-04-11 09:51:02.268 | DEBUG    | httprunner.client:request:194 - server IP: 111.19.233.243, Port: 443
2021-04-11 09:51:02.270 | DEBUG    | httprunner.client:log_print:40 - 
================== request details ==================
method   : POST
url      : https://api2.mubu.com/v3/api/user/profile
headers  : {
    "User-Agent": "HttpRunner/3.1.4",
    "Accept-Encoding": "gzip, deflate, br",
    "Accept": "application/json, text/plain, */*",
    "Connection": "keep-alive",
    "host1": "api2.mubu.com",
    "unreadCount": "'0'",
    "Content-Length": "0",
    "Jwt-Token": "eyJ0eXAiOiJKV1QiLCJhbGciOiJIUzUxMiJ9.eyJhcHAiOiJtdWJ1Iiwic3ViIjoiMTE2MjM5NTEiLCJleHAiOjE2MjA2MTMxMTEsImlhdCI6MTYxODAyMTExMX0.vb25B05BHW2VyNB6tlW58F3eVkKnnoQXvc7H-XZIt2jfFisYO4N5NPYAMLT4b5-4XVyIIDcsqaMW5i_OD9Ahyw",
    "data-unique-id": "5af8ec14-0e06-45fb-948e-5852d15f593a",
    "x-request-id": "36b69f65-6593-4beb-8cd6-8085c5366931",
    "version": "3.0.0.21328",
    "Origin": "https://mubu.com",
    "Sec-Fetch-Site": "same-site",
    "Sec-Fetch-Mode": "cors",
    "Sec-Fetch-Dest": "empty",
    "Referer": "https://mubu.com/",
    "Accept-Language": "zh-CN,zh;q=0.9",
    "HRUN-Request-ID": "HRUN-dc5faf80-578e-44fc-aa44-5d32f92db6a1-862006",
    "Cookie": "Jwt-Token=eyJ0eXAiOiJKV1QiLCJhbGciOiJIUzUxMiJ9.eyJhcHAiOiJtdWJ1Iiwic3ViIjoiMTE2MjM5NTEiLCJleHAiOjE2MjA2OTcxNjQsImlhdCI6MTYxODEwNTE2NH0.oGLDVbEo_TpoUFgbxF462ma6YJug2jtCeAQRNJXX7OK6U1zsvpm_vCWewoxzb6MxVdgYCAT7U9NVhnhouju-4A; SESSION=d589dc4e-54ff-4913-a7aa-10bba0b9cf78; user_persistence=ed543ec9-acb1-4a68-8db9-37bc0f94978e"
}
cookies  : {
    "Jwt-Token": "eyJ0eXAiOiJKV1QiLCJhbGciOiJIUzUxMiJ9.eyJhcHAiOiJtdWJ1Iiwic3ViIjoiMTE2MjM5NTEiLCJleHAiOjE2MjA2OTcxNjQsImlhdCI6MTYxODEwNTE2NH0.oGLDVbEo_TpoUFgbxF462ma6YJug2jtCeAQRNJXX7OK6U1zsvpm_vCWewoxzb6MxVdgYCAT7U9NVhnhouju-4A",
    "SESSION": "d589dc4e-54ff-4913-a7aa-10bba0b9cf78",
    "user_persistence": "ed543ec9-acb1-4a68-8db9-37bc0f94978e"
}
body     : None

2021-04-11 09:51:02.273 | DEBUG    | httprunner.client:log_print:40 - 
================== response details ==================
status_code : 200
headers  : {
    "Server": "Tengine",
    "Content-Type": "application/json;charset=UTF-8",
    "Transfer-Encoding": "chunked",
    "Connection": "keep-alive",
    "Date": "Sun, 11 Apr 2021 01:39:24 GMT",
    "Vary": "Accept-Encoding",
    "Access-Control-Allow-Origin": "*",
    "Access-Control-Allow-Methods": "POST,GET,OPTIONS,DELETE,HEAD,PUT",
    "Access-Control-Max-Age": "86400",
    "Access-Control-Allow-Credentials": "true",
    "Access-Control-Allow-Headers": "X-request-Id,x-requested-with,jwt-token,request-id,member-id,Content-Type,X-FILENAME,data-unique-id,AB-Server-Version,Device-Id,token,Channel-Id,channel,system,platform,Channel-Name,version,mubu-app,mubu-desktop,Checksum,user-agent,Origin,Accept",
    "X-Application-Context": "mubu.biz.openapi:online.cn:9487",
    "X-Tt-Logid": "202104110939240101501610122316FB9E",
    "X-Agw-Info": "HUF04EMqdZhA1XaVrUdL4LIbjDKTeI2sPETpDg1hRdSDlXvARLRvtbrFi_Qi-RbkXyh0_o1woUKw2LuiV-O0mLhzOzmV3e2a97Vf0CW9BLNz_FYjEK119D69RdF117JSraZyeJeKL_WzAR7PvIjROF0-WFl0zQZqM059",
    "X-TRANS-LEVEL": "0",
    "Server-Timing": "inner; dur=28, tt_agw; dur=26",
    "x-tt-trace-host": "014a903e23e62e33f03c416fc5a381b96fb6ae828e4459124f3a85e207a7e36a167af8e7dd8e21d45f00a47f4ae7f12b2aaf36990749b1f56df088a912185af5a765469fec02624741ee888050b56059a6",
    "x-tt-trace-tag": "id=3;cdn-cache=miss",
    "X-TT-TIMESTAMP": "1618105164.465",
    "Content-Encoding": "gzip",
    "Via": "cache19.l2nu20-8[52,0], vcache45.cn2543[136,0]",
    "Timing-Allow-Origin": "*",
    "EagleId": "6f13e95c16181051643584184e"
}
cookies  : {}
encoding : UTF-8
content_type : application/json;charset=UTF-8
body     : {
    "code": 0,
    "data": {
        "expert": false,
        "setEncryptPassword": false,
        "level": 1,
        "student": 0,
        "photo": "photo/DEFAULT-AVATAR-4482106c-ebf8-440b-9e78-9ac055769f7a.jpg",
        "wxId": "",
        "passSecure": true,
        "sort": "time",
        "qqId": "",
        "sermon": false,
        "view": "grid",
        "phone": "18710748230",
        "inviteCount": 0,
        "name": "\u5e55\u5e03\u7528\u623748231216",
        "id": 11623951,
        "qqName": "",
        "wxName": "",
        "vipEndDate": "20210419"
    }
}

2021-04-11 09:51:02.275 | INFO     | httprunner.client:request:217 - status_code: 200, response_time(ms): 258.68 ms, response_length: 0 bytes
2021-04-11 09:51:02.277 | INFO     | httprunner.response:validate:246 - assert status_code equal 200(int)	==> pass
2021-04-11 09:51:02.278 | INFO     | httprunner.response:validate:246 - assert headers."Content-Type" equal application/json;charset=UTF-8(str)	==> pass
2021-04-11 09:51:02.280 | INFO     | httprunner.response:validate:246 - assert body.code equal 0(int)	==> pass
2021-04-11 09:51:02.281 | INFO     | httprunner.runner:__run_step:304 - run step end: /v3/api/user/profile <<<<<<

2021-04-11 09:51:02.283 | INFO     | httprunner.runner:__run_step:292 - run step begin: /v3/api/list/get >>>>>>
2021-04-11 09:51:02.434 | DEBUG    | httprunner.client:request:186 - client IP: 192.168.1.7, Port: 61633
2021-04-11 09:51:02.435 | DEBUG    | httprunner.client:request:194 - server IP: 111.19.233.243, Port: 443
2021-04-11 09:51:02.437 | DEBUG    | httprunner.client:log_print:40 - 
================== request details ==================
method   : POST
url      : https://api2.mubu.com/v3/api/list/get
headers  : {
    "User-Agent": "HttpRunner/3.1.4",
    "Accept-Encoding": "gzip, deflate, br",
    "Accept": "application/json, text/plain, */*",
    "Connection": "keep-alive",
    "host1": "api2.mubu.com",
    "Content-Length": "65",
    "Jwt-Token": "eyJ0eXAiOiJKV1QiLCJhbGciOiJIUzUxMiJ9.eyJhcHAiOiJtdWJ1Iiwic3ViIjoiMTE2MjM5NTEiLCJleHAiOjE2MjA2MTMxMTEsImlhdCI6MTYxODAyMTExMX0.vb25B05BHW2VyNB6tlW58F3eVkKnnoQXvc7H-XZIt2jfFisYO4N5NPYAMLT4b5-4XVyIIDcsqaMW5i_OD9Ahyw",
    "Content-Type": "application/json;charset=UTF-8",
    "data-unique-id": "5af8ec14-0e06-45fb-948e-5852d15f593a",
    "x-request-id": "9579260e-0080-4965-9e33-48a0632fe48d",
    "version": "3.0.0.21328",
    "Origin": "https://mubu.com",
    "Sec-Fetch-Site": "same-site",
    "Sec-Fetch-Mode": "cors",
    "Sec-Fetch-Dest": "empty",
    "Referer": "https://mubu.com/",
    "Accept-Language": "zh-CN,zh;q=0.9",
    "HRUN-Request-ID": "HRUN-dc5faf80-578e-44fc-aa44-5d32f92db6a1-862285",
    "Cookie": "Jwt-Token=eyJ0eXAiOiJKV1QiLCJhbGciOiJIUzUxMiJ9.eyJhcHAiOiJtdWJ1Iiwic3ViIjoiMTE2MjM5NTEiLCJleHAiOjE2MjA2OTcxNjQsImlhdCI6MTYxODEwNTE2NH0.oGLDVbEo_TpoUFgbxF462ma6YJug2jtCeAQRNJXX7OK6U1zsvpm_vCWewoxzb6MxVdgYCAT7U9NVhnhouju-4A; SESSION=d589dc4e-54ff-4913-a7aa-10bba0b9cf78; user_persistence=ed543ec9-acb1-4a68-8db9-37bc0f94978e"
}
cookies  : {
    "Jwt-Token": "eyJ0eXAiOiJKV1QiLCJhbGciOiJIUzUxMiJ9.eyJhcHAiOiJtdWJ1Iiwic3ViIjoiMTE2MjM5NTEiLCJleHAiOjE2MjA2OTcxNjQsImlhdCI6MTYxODEwNTE2NH0.oGLDVbEo_TpoUFgbxF462ma6YJug2jtCeAQRNJXX7OK6U1zsvpm_vCWewoxzb6MxVdgYCAT7U9NVhnhouju-4A",
    "SESSION": "d589dc4e-54ff-4913-a7aa-10bba0b9cf78",
    "user_persistence": "ed543ec9-acb1-4a68-8db9-37bc0f94978e"
}
body     : {
    "folderId": 0,
    "sort": "time",
    "keywords": "",
    "source": "home"
}

2021-04-11 09:51:02.438 | DEBUG    | httprunner.client:log_print:40 - 
================== response details ==================
status_code : 200
headers  : {
    "Server": "Tengine",
    "Content-Type": "application/json;charset=UTF-8",
    "Transfer-Encoding": "chunked",
    "Connection": "keep-alive",
    "Date": "Sun, 11 Apr 2021 01:39:24 GMT",
    "Vary": "Accept-Encoding",
    "Access-Control-Allow-Origin": "*",
    "Access-Control-Allow-Methods": "POST,GET,OPTIONS,DELETE,HEAD,PUT",
    "Access-Control-Max-Age": "86400",
    "Access-Control-Allow-Credentials": "true",
    "Access-Control-Allow-Headers": "X-request-Id,x-requested-with,jwt-token,request-id,member-id,Content-Type,X-FILENAME,data-unique-id,AB-Server-Version,Device-Id,token,Channel-Id,channel,system,platform,Channel-Name,version,mubu-app,mubu-desktop,Checksum,user-agent,Origin,Accept",
    "X-Application-Context": "mubu.biz.openapi:online.cn:9455",
    "X-Tt-Logid": "202104110939240101502192132F16F2D9",
    "X-Agw-Info": "nTe0oBOfAOfF5JI52jMT0J1B6ZuASPCQhnCcQ278A5mwTB6GwDQ6wP27jXeWCTdsUcomdv7Hx-gCp6FoOI_r7MSxbcFy4JMa7aZrpK3tvan9cz__nAuvkkXun31k5UwFfvI3YV-nwSszYpneq1wvOxv0_cgtLIvmQFaY",
    "X-TRANS-LEVEL": "0",
    "Server-Timing": "inner; dur=8, tt_agw; dur=4",
    "x-tt-trace-host": "014a903e23e62e33f03c416fc5a381b96f509de0e3af802445443a56559490d1ff74c0ced4345290d4bf6655b29866b4dd6c780092970401f17a8a23f57fa2927637c7cd6eedef9d92ffae509fbdf6d807",
    "x-tt-trace-tag": "id=3;cdn-cache=miss",
    "X-TT-TIMESTAMP": "1618105164.635",
    "Content-Encoding": "gzip",
    "Via": "cache27.l2nu20-8[48,0], vcache45.cn2543[136,0]",
    "Timing-Allow-Origin": "*",
    "EagleId": "6f13e95c16181051645274440e"
}
cookies  : {}
encoding : UTF-8
content_type : application/json;charset=UTF-8
body     : {
    "code": 0,
    "data": {
        "folders": [],
        "documents": [],
        "source": "home",
        "dir": [],
        "folderId": "0"
    }
}

2021-04-11 09:51:02.439 | INFO     | httprunner.client:request:217 - status_code: 200, response_time(ms): 148.81 ms, response_length: 0 bytes
2021-04-11 09:51:02.440 | INFO     | httprunner.response:validate:246 - assert status_code equal 200(int)	==> pass
2021-04-11 09:51:02.440 | INFO     | httprunner.response:validate:246 - assert headers."Content-Type" equal application/json;charset=UTF-8(str)	==> pass
2021-04-11 09:51:02.441 | INFO     | httprunner.response:validate:246 - assert body.code equal 0(int)	==> pass
2021-04-11 09:51:02.442 | INFO     | httprunner.runner:__run_step:304 - run step end: /v3/api/list/get <<<<<<

2021-04-11 09:51:02.443 | INFO     | httprunner.runner:__run_step:292 - run step begin: /v3/api/list/item_count >>>>>>
2021-04-11 09:51:02.596 | DEBUG    | httprunner.client:request:186 - client IP: 192.168.1.7, Port: 61633
2021-04-11 09:51:02.597 | DEBUG    | httprunner.client:request:194 - server IP: 111.19.233.243, Port: 443
2021-04-11 09:51:02.599 | DEBUG    | httprunner.client:log_print:40 - 
================== request details ==================
method   : POST
url      : https://api2.mubu.com/v3/api/list/item_count
headers  : {
    "User-Agent": "HttpRunner/3.1.4",
    "Accept-Encoding": "gzip, deflate, br",
    "Accept": "application/json, text/plain, */*",
    "Connection": "keep-alive",
    "host1": "api2.mubu.com",
    "Content-Length": "33",
    "Jwt-Token": "eyJ0eXAiOiJKV1QiLCJhbGciOiJIUzUxMiJ9.eyJhcHAiOiJtdWJ1Iiwic3ViIjoiMTE2MjM5NTEiLCJleHAiOjE2MjA2MTMxMTEsImlhdCI6MTYxODAyMTExMX0.vb25B05BHW2VyNB6tlW58F3eVkKnnoQXvc7H-XZIt2jfFisYO4N5NPYAMLT4b5-4XVyIIDcsqaMW5i_OD9Ahyw",
    "Content-Type": "application/json;charset=UTF-8",
    "data-unique-id": "5af8ec14-0e06-45fb-948e-5852d15f593a",
    "x-request-id": "66790345-9de9-4e98-9c10-38158e23a545",
    "version": "3.0.0.21328",
    "Origin": "https://mubu.com",
    "Sec-Fetch-Site": "same-site",
    "Sec-Fetch-Mode": "cors",
    "Sec-Fetch-Dest": "empty",
    "Referer": "https://mubu.com/",
    "Accept-Language": "zh-CN,zh;q=0.9",
    "HRUN-Request-ID": "HRUN-dc5faf80-578e-44fc-aa44-5d32f92db6a1-862444",
    "Cookie": "Jwt-Token=eyJ0eXAiOiJKV1QiLCJhbGciOiJIUzUxMiJ9.eyJhcHAiOiJtdWJ1Iiwic3ViIjoiMTE2MjM5NTEiLCJleHAiOjE2MjA2OTcxNjQsImlhdCI6MTYxODEwNTE2NH0.oGLDVbEo_TpoUFgbxF462ma6YJug2jtCeAQRNJXX7OK6U1zsvpm_vCWewoxzb6MxVdgYCAT7U9NVhnhouju-4A; SESSION=d589dc4e-54ff-4913-a7aa-10bba0b9cf78; user_persistence=ed543ec9-acb1-4a68-8db9-37bc0f94978e"
}
cookies  : {
    "Jwt-Token": "eyJ0eXAiOiJKV1QiLCJhbGciOiJIUzUxMiJ9.eyJhcHAiOiJtdWJ1Iiwic3ViIjoiMTE2MjM5NTEiLCJleHAiOjE2MjA2OTcxNjQsImlhdCI6MTYxODEwNTE2NH0.oGLDVbEo_TpoUFgbxF462ma6YJug2jtCeAQRNJXX7OK6U1zsvpm_vCWewoxzb6MxVdgYCAT7U9NVhnhouju-4A",
    "SESSION": "d589dc4e-54ff-4913-a7aa-10bba0b9cf78",
    "user_persistence": "ed543ec9-acb1-4a68-8db9-37bc0f94978e"
}
body     : {
    "folderId": 0,
    "source": "home"
}

2021-04-11 09:51:02.601 | DEBUG    | httprunner.client:log_print:40 - 
================== response details ==================
status_code : 200
headers  : {
    "Server": "Tengine",
    "Content-Type": "application/json;charset=UTF-8",
    "Transfer-Encoding": "chunked",
    "Connection": "keep-alive",
    "Date": "Sun, 11 Apr 2021 01:39:24 GMT",
    "Vary": "Accept-Encoding",
    "Access-Control-Allow-Origin": "*",
    "Access-Control-Allow-Methods": "POST,GET,OPTIONS,DELETE,HEAD,PUT",
    "Access-Control-Max-Age": "86400",
    "Access-Control-Allow-Credentials": "true",
    "Access-Control-Allow-Headers": "X-request-Id,x-requested-with,jwt-token,request-id,member-id,Content-Type,X-FILENAME,data-unique-id,AB-Server-Version,Device-Id,token,Channel-Id,channel,system,platform,Channel-Name,version,mubu-app,mubu-desktop,Checksum,user-agent,Origin,Accept",
    "X-Application-Context": "mubu.biz.openapi:online.cn:9455",
    "X-Tt-Logid": "202104110939240101511261564E17141A",
    "X-Agw-Info": "qxCMKKO0ho3DWsGdV8kRgiBev2CIpfecc000LnlDmAZxAUNpfi8jKZyiLzu8go77PPgZ3patRrsB4V5Xhnf1qYAbAf8JOAyjttJPsRn-7G6Nys2CxJ_R0JngZrsdjT9CS2Tw24_PwMU-ao_prjXsylTmsfL99q4-e71D",
    "X-TRANS-LEVEL": "0",
    "Server-Timing": "inner; dur=12, tt_agw; dur=10",
    "x-tt-trace-host": "01cce5008b698dfae3e6e62b2b2d9b8f13fcffecd1d0cec7db241f63c97fc022b4cd89fd54b740e3f08eb458fffbcd02e149f1d65dd39bc4b796603a94ad2983a5decdfa922f1c41c27128e8ace7f8ce3a",
    "x-tt-trace-tag": "id=3;cdn-cache=miss",
    "X-TT-TIMESTAMP": "1618105164.789",
    "Content-Encoding": "gzip",
    "Via": "cache33.l2ea120-6[77,0], vcache45.cn2543[140,0]",
    "Timing-Allow-Origin": "*",
    "EagleId": "6f13e95c16181051646854680e"
}
cookies  : {}
encoding : UTF-8
content_type : application/json;charset=UTF-8
body     : {
    "code": 0,
    "data": {
        "folder": {},
        "doc": {}
    }
}

2021-04-11 09:51:02.603 | INFO     | httprunner.client:request:217 - status_code: 200, response_time(ms): 152.27 ms, response_length: 0 bytes
2021-04-11 09:51:02.604 | INFO     | httprunner.response:validate:246 - assert status_code equal 200(int)	==> pass
2021-04-11 09:51:02.605 | INFO     | httprunner.response:validate:246 - assert headers."Content-Type" equal application/json;charset=UTF-8(str)	==> pass
2021-04-11 09:51:02.606 | INFO     | httprunner.response:validate:246 - assert body.code equal 0(int)	==> pass
2021-04-11 09:51:02.607 | INFO     | httprunner.runner:__run_step:304 - run step end: /v3/api/list/item_count <<<<<<

2021-04-11 09:51:02.608 | INFO     | httprunner.runner:__run_step:292 - run step begin: /v3/api/list/star_relation/get >>>>>>
2021-04-11 09:51:02.768 | DEBUG    | httprunner.client:request:186 - client IP: 192.168.1.7, Port: 61633
2021-04-11 09:51:02.769 | DEBUG    | httprunner.client:request:194 - server IP: 111.19.233.243, Port: 443
2021-04-11 09:51:02.772 | DEBUG    | httprunner.client:log_print:40 - 
================== request details ==================
method   : GET
url      : https://api2.mubu.com/v3/api/list/star_relation/get
headers  : {
    "User-Agent": "HttpRunner/3.1.4",
    "Accept-Encoding": "gzip, deflate, br",
    "Accept": "application/json, text/plain, */*",
    "Connection": "keep-alive",
    "host1": "api2.mubu.com",
    "Jwt-Token": "eyJ0eXAiOiJKV1QiLCJhbGciOiJIUzUxMiJ9.eyJhcHAiOiJtdWJ1Iiwic3ViIjoiMTE2MjM5NTEiLCJleHAiOjE2MjA2MTMxMTEsImlhdCI6MTYxODAyMTExMX0.vb25B05BHW2VyNB6tlW58F3eVkKnnoQXvc7H-XZIt2jfFisYO4N5NPYAMLT4b5-4XVyIIDcsqaMW5i_OD9Ahyw",
    "data-unique-id": "5af8ec14-0e06-45fb-948e-5852d15f593a",
    "x-request-id": "122196df-0f64-49f6-9f60-d72c7b50b47c",
    "version": "3.0.0.21328",
    "Origin": "https://mubu.com",
    "Sec-Fetch-Site": "same-site",
    "Sec-Fetch-Mode": "cors",
    "Sec-Fetch-Dest": "empty",
    "Referer": "https://mubu.com/",
    "Accept-Language": "zh-CN,zh;q=0.9",
    "HRUN-Request-ID": "HRUN-dc5faf80-578e-44fc-aa44-5d32f92db6a1-862609",
    "Cookie": "Jwt-Token=eyJ0eXAiOiJKV1QiLCJhbGciOiJIUzUxMiJ9.eyJhcHAiOiJtdWJ1Iiwic3ViIjoiMTE2MjM5NTEiLCJleHAiOjE2MjA2OTcxNjQsImlhdCI6MTYxODEwNTE2NH0.oGLDVbEo_TpoUFgbxF462ma6YJug2jtCeAQRNJXX7OK6U1zsvpm_vCWewoxzb6MxVdgYCAT7U9NVhnhouju-4A; SESSION=d589dc4e-54ff-4913-a7aa-10bba0b9cf78; user_persistence=ed543ec9-acb1-4a68-8db9-37bc0f94978e"
}
cookies  : {
    "Jwt-Token": "eyJ0eXAiOiJKV1QiLCJhbGciOiJIUzUxMiJ9.eyJhcHAiOiJtdWJ1Iiwic3ViIjoiMTE2MjM5NTEiLCJleHAiOjE2MjA2OTcxNjQsImlhdCI6MTYxODEwNTE2NH0.oGLDVbEo_TpoUFgbxF462ma6YJug2jtCeAQRNJXX7OK6U1zsvpm_vCWewoxzb6MxVdgYCAT7U9NVhnhouju-4A",
    "SESSION": "d589dc4e-54ff-4913-a7aa-10bba0b9cf78",
    "user_persistence": "ed543ec9-acb1-4a68-8db9-37bc0f94978e"
}
body     : None

2021-04-11 09:51:02.775 | DEBUG    | httprunner.client:log_print:40 - 
================== response details ==================
status_code : 200
headers  : {
    "Server": "Tengine",
    "Content-Type": "application/json;charset=UTF-8",
    "Transfer-Encoding": "chunked",
    "Connection": "keep-alive",
    "Date": "Sun, 11 Apr 2021 01:39:24 GMT",
    "Vary": "Accept-Encoding",
    "Access-Control-Allow-Origin": "*",
    "Access-Control-Allow-Methods": "POST,GET,OPTIONS,DELETE,HEAD,PUT",
    "Access-Control-Max-Age": "86400",
    "Access-Control-Allow-Credentials": "true",
    "Access-Control-Allow-Headers": "X-request-Id,x-requested-with,jwt-token,request-id,member-id,Content-Type,X-FILENAME,data-unique-id,AB-Server-Version,Device-Id,token,Channel-Id,channel,system,platform,Channel-Name,version,mubu-app,mubu-desktop,Checksum,user-agent,Origin,Accept",
    "X-Application-Context": "mubu.biz.openapi:online.cn:9455",
    "X-Tt-Logid": "2021041109392401015013614849170E5F",
    "X-Agw-Info": "nkqZNP0Otrq_dwbA52-WkZG1PjWa5aXa1JseN6DRx039s6bZHsg_nCYsMQTvOPlsOq8zFDA9G3TBfy-UXrRmAV2XKkuXNTvDOz343shigGCeN9m3NlG_5DbghFI8_Uc09PujU4ArzsZLqzKWmmFJ2xJmmsQOTjZX8kIe",
    "X-TRANS-LEVEL": "0",
    "Server-Timing": "inner; dur=16, tt_agw; dur=13",
    "x-tt-trace-host": "01cce5008b698dfae3e6e62b2b2d9b8f1336d776e5574bf61a7c2b30541234cb074b4b67249a4853b8a4ddff1ab58e618ca3e025793a2fca1a9f84fb44c3ae26bdc4509d54f4dc2d2153b90cafcf339267",
    "x-tt-trace-tag": "id=3;cdn-cache=miss",
    "X-TT-TIMESTAMP": "1618105164.964",
    "Content-Encoding": "gzip",
    "Via": "cache3.l2ea120-6[91,0], vcache45.cn2543[144,0]",
    "Timing-Allow-Origin": "*",
    "EagleId": "6f13e95c16181051648504916e"
}
cookies  : {}
encoding : UTF-8
content_type : application/json;charset=UTF-8
body     : {
    "code": 0,
    "data": []
}

2021-04-11 09:51:02.777 | INFO     | httprunner.client:request:217 - status_code: 200, response_time(ms): 158.46 ms, response_length: 0 bytes
2021-04-11 09:51:02.778 | INFO     | httprunner.response:validate:246 - assert status_code equal 200(int)	==> pass
2021-04-11 09:51:02.778 | INFO     | httprunner.response:validate:246 - assert headers."Content-Type" equal application/json;charset=UTF-8(str)	==> pass
2021-04-11 09:51:02.779 | INFO     | httprunner.response:validate:246 - assert body.code equal 0(int)	==> pass
2021-04-11 09:51:02.780 | INFO     | httprunner.runner:__run_step:304 - run step end: /v3/api/list/star_relation/get <<<<<<

2021-04-11 09:51:02.780 | INFO     | httprunner.runner:__run_step:292 - run step begin: /v3/api/user/get_user_params >>>>>>
2021-04-11 09:51:02.835 | DEBUG    | httprunner.client:request:186 - client IP: 192.168.1.7, Port: 61633
2021-04-11 09:51:02.836 | DEBUG    | httprunner.client:request:194 - server IP: 111.19.233.243, Port: 443
2021-04-11 09:51:02.838 | DEBUG    | httprunner.client:log_print:40 - 
================== request details ==================
method   : POST
url      : https://api2.mubu.com/v3/api/user/get_user_params
headers  : {
    "User-Agent": "HttpRunner/3.1.4",
    "Accept-Encoding": "gzip, deflate, br",
    "Accept": "application/json, text/plain, */*",
    "Connection": "keep-alive",
    "host1": "api2.mubu.com",
    "Content-Length": "0",
    "Jwt-Token": "eyJ0eXAiOiJKV1QiLCJhbGciOiJIUzUxMiJ9.eyJhcHAiOiJtdWJ1Iiwic3ViIjoiMTE2MjM5NTEiLCJleHAiOjE2MjA2MTMxMTEsImlhdCI6MTYxODAyMTExMX0.vb25B05BHW2VyNB6tlW58F3eVkKnnoQXvc7H-XZIt2jfFisYO4N5NPYAMLT4b5-4XVyIIDcsqaMW5i_OD9Ahyw",
    "data-unique-id": "5af8ec14-0e06-45fb-948e-5852d15f593a",
    "x-request-id": "0dade813-e90c-4e1d-b509-ccd1af1460a4",
    "version": "3.0.0.21328",
    "Origin": "https://mubu.com",
    "Sec-Fetch-Site": "same-site",
    "Sec-Fetch-Mode": "cors",
    "Sec-Fetch-Dest": "empty",
    "Referer": "https://mubu.com/",
    "Accept-Language": "zh-CN,zh;q=0.9",
    "HRUN-Request-ID": "HRUN-dc5faf80-578e-44fc-aa44-5d32f92db6a1-862781",
    "Cookie": "Jwt-Token=eyJ0eXAiOiJKV1QiLCJhbGciOiJIUzUxMiJ9.eyJhcHAiOiJtdWJ1Iiwic3ViIjoiMTE2MjM5NTEiLCJleHAiOjE2MjA2OTcxNjQsImlhdCI6MTYxODEwNTE2NH0.oGLDVbEo_TpoUFgbxF462ma6YJug2jtCeAQRNJXX7OK6U1zsvpm_vCWewoxzb6MxVdgYCAT7U9NVhnhouju-4A; SESSION=d589dc4e-54ff-4913-a7aa-10bba0b9cf78; user_persistence=ed543ec9-acb1-4a68-8db9-37bc0f94978e"
}
cookies  : {
    "Jwt-Token": "eyJ0eXAiOiJKV1QiLCJhbGciOiJIUzUxMiJ9.eyJhcHAiOiJtdWJ1Iiwic3ViIjoiMTE2MjM5NTEiLCJleHAiOjE2MjA2OTcxNjQsImlhdCI6MTYxODEwNTE2NH0.oGLDVbEo_TpoUFgbxF462ma6YJug2jtCeAQRNJXX7OK6U1zsvpm_vCWewoxzb6MxVdgYCAT7U9NVhnhouju-4A",
    "SESSION": "d589dc4e-54ff-4913-a7aa-10bba0b9cf78",
    "user_persistence": "ed543ec9-acb1-4a68-8db9-37bc0f94978e"
}
body     : None

2021-04-11 09:51:02.839 | DEBUG    | httprunner.client:log_print:40 - 
================== response details ==================
status_code : 200
headers  : {
    "Server": "Tengine",
    "Content-Type": "application/json;charset=UTF-8",
    "Transfer-Encoding": "chunked",
    "Connection": "keep-alive",
    "Date": "Sun, 11 Apr 2021 01:39:25 GMT",
    "Vary": "Accept-Encoding",
    "Access-Control-Allow-Origin": "*",
    "Access-Control-Allow-Methods": "POST,GET,OPTIONS,DELETE,HEAD,PUT",
    "Access-Control-Max-Age": "86400",
    "Access-Control-Allow-Credentials": "true",
    "Access-Control-Allow-Headers": "X-request-Id,x-requested-with,jwt-token,request-id,member-id,Content-Type,X-FILENAME,data-unique-id,AB-Server-Version,Device-Id,token,Channel-Id,channel,system,platform,Channel-Name,version,mubu-app,mubu-desktop,Checksum,user-agent,Origin,Accept",
    "X-Application-Context": "mubu.biz.openapi:online.cn:9495",
    "X-Tt-Logid": "202104110939250102121920210D471E4E",
    "X-Agw-Info": "RaqcycayH2VjpVjbifkqxeicq-pfb5MGd6fuPFdVWxMJALbCxR8JhzC9nXfEf2qi-SOX8LHzVGzDXcO-Apg8qWjy1y7V944k5c4XFmkOmrHemE6fNlNDT27uInNMJJY9CHRII2bcmaWyk-FysJr_HOT-LUUoqj0QtDZI",
    "X-TRANS-LEVEL": "0",
    "Server-Timing": "inner; dur=12, tt_agw; dur=8",
    "x-tt-trace-host": "0117c27e7cbf31ce1b980736037cd8eaea593bec5b51a750d4fffccac517e101392d708a741d5ed9aba291d490e18bb626686e7d04072c03168ed25f05f85abe90e5e9ee26223a85a5011dc43b7f29069c",
    "x-tt-trace-tag": "id=3;cdn-cache=miss",
    "X-TT-TIMESTAMP": "1618105165.048",
    "Content-Encoding": "gzip",
    "Via": "vcache45.cn2543[43,0]",
    "Timing-Allow-Origin": "*",
    "EagleId": "6f13e95c16181051650215165e"
}
cookies  : {}
encoding : UTF-8
content_type : application/json;charset=UTF-8
body     : {
    "code": 0,
    "data": {
        "source": "",
        "ABVersionsId": ""
    }
}

2021-04-11 09:51:02.840 | INFO     | httprunner.client:request:217 - status_code: 200, response_time(ms): 54.73 ms, response_length: 0 bytes
2021-04-11 09:51:02.841 | INFO     | httprunner.response:validate:246 - assert status_code equal 200(int)	==> pass
2021-04-11 09:51:02.842 | INFO     | httprunner.response:validate:246 - assert headers."Content-Type" equal application/json;charset=UTF-8(str)	==> pass
2021-04-11 09:51:02.842 | INFO     | httprunner.response:validate:246 - assert body.code equal 0(int)	==> pass
2021-04-11 09:51:02.843 | INFO     | httprunner.runner:__run_step:304 - run step end: /v3/api/user/get_user_params <<<<<<

2021-04-11 09:51:02.844 | INFO     | httprunner.runner:__run_step:292 - run step begin: /v3/api/list/get_all_documents_page >>>>>>
2021-04-11 09:51:02.898 | DEBUG    | httprunner.client:request:186 - client IP: 192.168.1.7, Port: 61633
2021-04-11 09:51:02.899 | DEBUG    | httprunner.client:request:194 - server IP: 111.19.233.243, Port: 443
2021-04-11 09:51:02.900 | DEBUG    | httprunner.client:log_print:40 - 
================== request details ==================
method   : POST
url      : https://api2.mubu.com/v3/api/list/get_all_documents_page
headers  : {
    "User-Agent": "HttpRunner/3.1.4",
    "Accept-Encoding": "gzip, deflate, br",
    "Accept": "application/json, text/plain, */*",
    "Connection": "keep-alive",
    "host1": "api2.mubu.com",
    "Content-Length": "13",
    "Jwt-Token": "eyJ0eXAiOiJKV1QiLCJhbGciOiJIUzUxMiJ9.eyJhcHAiOiJtdWJ1Iiwic3ViIjoiMTE2MjM5NTEiLCJleHAiOjE2MjA2MTMxMTEsImlhdCI6MTYxODAyMTExMX0.vb25B05BHW2VyNB6tlW58F3eVkKnnoQXvc7H-XZIt2jfFisYO4N5NPYAMLT4b5-4XVyIIDcsqaMW5i_OD9Ahyw",
    "Content-Type": "application/json;charset=UTF-8",
    "data-unique-id": "5af8ec14-0e06-45fb-948e-5852d15f593a",
    "x-request-id": "3d70f39c-bf35-4ad7-a387-5e59b2872633",
    "version": "3.0.0.21328",
    "Origin": "https://mubu.com",
    "Sec-Fetch-Site": "same-site",
    "Sec-Fetch-Mode": "cors",
    "Sec-Fetch-Dest": "empty",
    "Referer": "https://mubu.com/",
    "Accept-Language": "zh-CN,zh;q=0.9",
    "HRUN-Request-ID": "HRUN-dc5faf80-578e-44fc-aa44-5d32f92db6a1-862845",
    "Cookie": "Jwt-Token=eyJ0eXAiOiJKV1QiLCJhbGciOiJIUzUxMiJ9.eyJhcHAiOiJtdWJ1Iiwic3ViIjoiMTE2MjM5NTEiLCJleHAiOjE2MjA2OTcxNjQsImlhdCI6MTYxODEwNTE2NH0.oGLDVbEo_TpoUFgbxF462ma6YJug2jtCeAQRNJXX7OK6U1zsvpm_vCWewoxzb6MxVdgYCAT7U9NVhnhouju-4A; SESSION=d589dc4e-54ff-4913-a7aa-10bba0b9cf78; user_persistence=ed543ec9-acb1-4a68-8db9-37bc0f94978e"
}
cookies  : {
    "Jwt-Token": "eyJ0eXAiOiJKV1QiLCJhbGciOiJIUzUxMiJ9.eyJhcHAiOiJtdWJ1Iiwic3ViIjoiMTE2MjM5NTEiLCJleHAiOjE2MjA2OTcxNjQsImlhdCI6MTYxODEwNTE2NH0.oGLDVbEo_TpoUFgbxF462ma6YJug2jtCeAQRNJXX7OK6U1zsvpm_vCWewoxzb6MxVdgYCAT7U9NVhnhouju-4A",
    "SESSION": "d589dc4e-54ff-4913-a7aa-10bba0b9cf78",
    "user_persistence": "ed543ec9-acb1-4a68-8db9-37bc0f94978e"
}
body     : {
    "start": ""
}

2021-04-11 09:51:02.902 | DEBUG    | httprunner.client:log_print:40 - 
================== response details ==================
status_code : 200
headers  : {
    "Server": "Tengine",
    "Content-Type": "application/json;charset=UTF-8",
    "Transfer-Encoding": "chunked",
    "Connection": "keep-alive",
    "Date": "Sun, 11 Apr 2021 01:39:25 GMT",
    "Vary": "Accept-Encoding",
    "Access-Control-Allow-Origin": "*",
    "Access-Control-Allow-Methods": "POST,GET,OPTIONS,DELETE,HEAD,PUT",
    "Access-Control-Max-Age": "86400",
    "Access-Control-Allow-Credentials": "true",
    "Access-Control-Allow-Headers": "X-request-Id,x-requested-with,jwt-token,request-id,member-id,Content-Type,X-FILENAME,data-unique-id,AB-Server-Version,Device-Id,token,Channel-Id,channel,system,platform,Channel-Name,version,mubu-app,mubu-desktop,Checksum,user-agent,Origin,Accept",
    "X-Application-Context": "mubu.biz.openapi:online.cn:9420",
    "X-Tt-Logid": "2021041109392501021216607339474259",
    "X-Agw-Info": "P5APxUOsuMqc_cFQ0r_xo-2mGo5oZeUHm-A9tFyBWdi-uWxrpz_OR3YsiyiV7n2B8o_9lLkqojNZ7ZQSOsRvESbTR-uoUSTyrf54D_9h5idxyD-1Ba12M0mVdAhGa_Z7agvYs1E6Vj6hIbqo4nkY51IjFQcFE7jzmJI=",
    "X-TRANS-LEVEL": "0",
    "Server-Timing": "inner; dur=13, tt_agw; dur=12",
    "x-tt-trace-host": "0117c27e7cbf31ce1b980736037cd8eaea593bec5b51a750d4fffccac517e101392565005469c56f4a4aeebe1b32e6a816bcf89ff366f16cfa53e7a967345c67a9a4cdfdc2f4c11091adf91bf13d94bd34",
    "x-tt-trace-tag": "id=3;cdn-cache=miss",
    "X-TT-TIMESTAMP": "1618105165.113",
    "Content-Encoding": "gzip",
    "Via": "vcache45.cn2543[39,0]",
    "Timing-Allow-Origin": "*",
    "EagleId": "6f13e95c16181051650885267e"
}
cookies  : {}
encoding : UTF-8
content_type : application/json;charset=UTF-8
body     : {
    "code": 0,
    "data": {}
}

2021-04-11 09:51:02.903 | INFO     | httprunner.client:request:217 - status_code: 200, response_time(ms): 52.59 ms, response_length: 0 bytes
2021-04-11 09:51:02.904 | INFO     | httprunner.response:validate:246 - assert status_code equal 200(int)	==> pass
2021-04-11 09:51:02.905 | INFO     | httprunner.response:validate:246 - assert headers."Content-Type" equal application/json;charset=UTF-8(str)	==> pass
2021-04-11 09:51:02.906 | INFO     | httprunner.response:validate:246 - assert body.code equal 0(int)	==> pass
2021-04-11 09:51:02.906 | INFO     | httprunner.runner:__run_step:304 - run step end: /v3/api/list/get_all_documents_page <<<<<<

2021-04-11 09:51:02.907 | INFO     | httprunner.runner:__run_step:292 - run step begin: /v3/api/advertisement/get >>>>>>
2021-04-11 09:51:02.998 | DEBUG    | httprunner.client:request:186 - client IP: 192.168.1.7, Port: 61633
2021-04-11 09:51:03.001 | DEBUG    | httprunner.client:request:194 - server IP: 111.19.233.243, Port: 443
2021-04-11 09:51:03.006 | DEBUG    | httprunner.client:log_print:40 - 
================== request details ==================
method   : POST
url      : https://api2.mubu.com/v3/api/advertisement/get
headers  : {
    "User-Agent": "HttpRunner/3.1.4",
    "Accept-Encoding": "gzip, deflate, br",
    "Accept": "application/json, text/plain, */*",
    "Connection": "keep-alive",
    "host1": "api2.mubu.com",
    "Content-Length": "11",
    "Jwt-Token": "eyJ0eXAiOiJKV1QiLCJhbGciOiJIUzUxMiJ9.eyJhcHAiOiJtdWJ1Iiwic3ViIjoiMTE2MjM5NTEiLCJleHAiOjE2MjA2MTMxMTEsImlhdCI6MTYxODAyMTExMX0.vb25B05BHW2VyNB6tlW58F3eVkKnnoQXvc7H-XZIt2jfFisYO4N5NPYAMLT4b5-4XVyIIDcsqaMW5i_OD9Ahyw",
    "Content-Type": "application/json;charset=UTF-8",
    "data-unique-id": "5af8ec14-0e06-45fb-948e-5852d15f593a",
    "x-request-id": "2af0571a-cd75-4b42-9a30-f23b328a7cc9",
    "version": "3.0.0.21328",
    "Origin": "https://mubu.com",
    "Sec-Fetch-Site": "same-site",
    "Sec-Fetch-Mode": "cors",
    "Sec-Fetch-Dest": "empty",
    "Referer": "https://mubu.com/",
    "Accept-Language": "zh-CN,zh;q=0.9",
    "HRUN-Request-ID": "HRUN-dc5faf80-578e-44fc-aa44-5d32f92db6a1-862908",
    "Cookie": "Jwt-Token=eyJ0eXAiOiJKV1QiLCJhbGciOiJIUzUxMiJ9.eyJhcHAiOiJtdWJ1Iiwic3ViIjoiMTE2MjM5NTEiLCJleHAiOjE2MjA2OTcxNjQsImlhdCI6MTYxODEwNTE2NH0.oGLDVbEo_TpoUFgbxF462ma6YJug2jtCeAQRNJXX7OK6U1zsvpm_vCWewoxzb6MxVdgYCAT7U9NVhnhouju-4A; SESSION=d589dc4e-54ff-4913-a7aa-10bba0b9cf78; user_persistence=ed543ec9-acb1-4a68-8db9-37bc0f94978e"
}
cookies  : {
    "Jwt-Token": "eyJ0eXAiOiJKV1QiLCJhbGciOiJIUzUxMiJ9.eyJhcHAiOiJtdWJ1Iiwic3ViIjoiMTE2MjM5NTEiLCJleHAiOjE2MjA2OTcxNjQsImlhdCI6MTYxODEwNTE2NH0.oGLDVbEo_TpoUFgbxF462ma6YJug2jtCeAQRNJXX7OK6U1zsvpm_vCWewoxzb6MxVdgYCAT7U9NVhnhouju-4A",
    "SESSION": "d589dc4e-54ff-4913-a7aa-10bba0b9cf78",
    "user_persistence": "ed543ec9-acb1-4a68-8db9-37bc0f94978e"
}
body     : {
    "type": 1
}

2021-04-11 09:51:03.011 | DEBUG    | httprunner.client:log_print:40 - 
================== response details ==================
status_code : 200
headers  : {
    "Server": "Tengine",
    "Content-Type": "application/json;charset=UTF-8",
    "Transfer-Encoding": "chunked",
    "Connection": "keep-alive",
    "Date": "Sun, 11 Apr 2021 01:39:25 GMT",
    "Vary": "Accept-Encoding",
    "Access-Control-Allow-Origin": "*",
    "Access-Control-Allow-Methods": "POST,GET,OPTIONS,DELETE,HEAD,PUT",
    "Access-Control-Max-Age": "86400",
    "Access-Control-Allow-Credentials": "true",
    "Access-Control-Allow-Headers": "X-request-Id,x-requested-with,jwt-token,request-id,member-id,Content-Type,X-FILENAME,data-unique-id,AB-Server-Version,Device-Id,token,Channel-Id,channel,system,platform,Channel-Name,version,mubu-app,mubu-desktop,Checksum,user-agent,Origin,Accept",
    "X-Application-Context": "mubu.biz.openapi:online.cn:9401",
    "X-Tt-Logid": "202104110939250101511310381B172252",
    "X-Agw-Info": "g3vqsWUhRp7meZHkAnoQhHC5E8-9tHeLEAuV4oK_2un3VByehfKGgJUeB14HzDO6h9XzpmZaR26txnxPrXBivqlcH9reT_3Hp3EpbUVc5djJyO8ZX3lOt0X96awXP63TQWUxdzctSIVqw4AuEzU1P52azFjGR3v3nX_l",
    "X-TRANS-LEVEL": "0",
    "Server-Timing": "inner; dur=15, tt_agw; dur=13",
    "x-tt-trace-host": "0117c27e7cbf31ce1b980736037cd8eaea593bec5b51a750d4fffccac517e10139f9125f2092269568ff25e57222e99e1c3bb3a166bfbbc456ee2d1644ac5d279dde3f6fcac620d608fc2d1f9008e7c64e",
    "x-tt-trace-tag": "id=3;cdn-cache=miss",
    "X-TT-TIMESTAMP": "1618105165.206",
    "Content-Encoding": "gzip",
    "Via": "vcache45.cn2543[78,0]",
    "Timing-Allow-Origin": "*",
    "EagleId": "6f13e95c16181051651485340e"
}
cookies  : {}
encoding : UTF-8
content_type : application/json;charset=UTF-8
body     : {
    "code": 0
}

2021-04-11 09:51:03.015 | INFO     | httprunner.client:request:217 - status_code: 200, response_time(ms): 90.55 ms, response_length: 0 bytes
2021-04-11 09:51:03.018 | INFO     | httprunner.response:validate:246 - assert status_code equal 200(int)	==> pass
2021-04-11 09:51:03.020 | INFO     | httprunner.response:validate:246 - assert headers."Content-Type" equal application/json;charset=UTF-8(str)	==> pass
2021-04-11 09:51:03.025 | INFO     | httprunner.response:validate:246 - assert body.code equal 0(int)	==> pass
2021-04-11 09:51:03.028 | INFO     | httprunner.runner:__run_step:304 - run step end: /v3/api/advertisement/get <<<<<<

2021-04-11 09:51:03.030 | INFO     | httprunner.runner:__run_step:292 - run step begin: /v3/api/list/item_count >>>>>>
2021-04-11 09:51:03.117 | DEBUG    | httprunner.client:request:186 - client IP: 192.168.1.7, Port: 61633
2021-04-11 09:51:03.120 | DEBUG    | httprunner.client:request:194 - server IP: 111.19.233.243, Port: 443
2021-04-11 09:51:03.125 | DEBUG    | httprunner.client:log_print:40 - 
================== request details ==================
method   : POST
url      : https://api2.mubu.com/v3/api/list/item_count
headers  : {
    "User-Agent": "HttpRunner/3.1.4",
    "Accept-Encoding": "gzip, deflate, br",
    "Accept": "application/json, text/plain, */*",
    "Connection": "keep-alive",
    "host1": "api2.mubu.com",
    "Content-Length": "33",
    "Jwt-Token": "eyJ0eXAiOiJKV1QiLCJhbGciOiJIUzUxMiJ9.eyJhcHAiOiJtdWJ1Iiwic3ViIjoiMTE2MjM5NTEiLCJleHAiOjE2MjA2MTMxMTEsImlhdCI6MTYxODAyMTExMX0.vb25B05BHW2VyNB6tlW58F3eVkKnnoQXvc7H-XZIt2jfFisYO4N5NPYAMLT4b5-4XVyIIDcsqaMW5i_OD9Ahyw",
    "Content-Type": "application/json;charset=UTF-8",
    "data-unique-id": "5af8ec14-0e06-45fb-948e-5852d15f593a",
    "x-request-id": "66790345-9de9-4e98-9c10-38158e23a545",
    "version": "3.0.0.21328",
    "Origin": "https://mubu.com",
    "Sec-Fetch-Site": "same-site",
    "Sec-Fetch-Mode": "cors",
    "Sec-Fetch-Dest": "empty",
    "Referer": "https://mubu.com/",
    "Accept-Language": "zh-CN,zh;q=0.9",
    "HRUN-Request-ID": "HRUN-dc5faf80-578e-44fc-aa44-5d32f92db6a1-863034",
    "Cookie": "Jwt-Token=eyJ0eXAiOiJKV1QiLCJhbGciOiJIUzUxMiJ9.eyJhcHAiOiJtdWJ1Iiwic3ViIjoiMTE2MjM5NTEiLCJleHAiOjE2MjA2OTcxNjQsImlhdCI6MTYxODEwNTE2NH0.oGLDVbEo_TpoUFgbxF462ma6YJug2jtCeAQRNJXX7OK6U1zsvpm_vCWewoxzb6MxVdgYCAT7U9NVhnhouju-4A; SESSION=d589dc4e-54ff-4913-a7aa-10bba0b9cf78; user_persistence=ed543ec9-acb1-4a68-8db9-37bc0f94978e"
}
cookies  : {
    "Jwt-Token": "eyJ0eXAiOiJKV1QiLCJhbGciOiJIUzUxMiJ9.eyJhcHAiOiJtdWJ1Iiwic3ViIjoiMTE2MjM5NTEiLCJleHAiOjE2MjA2OTcxNjQsImlhdCI6MTYxODEwNTE2NH0.oGLDVbEo_TpoUFgbxF462ma6YJug2jtCeAQRNJXX7OK6U1zsvpm_vCWewoxzb6MxVdgYCAT7U9NVhnhouju-4A",
    "SESSION": "d589dc4e-54ff-4913-a7aa-10bba0b9cf78",
    "user_persistence": "ed543ec9-acb1-4a68-8db9-37bc0f94978e"
}
body     : {
    "folderId": 0,
    "source": "home"
}

2021-04-11 09:51:03.130 | DEBUG    | httprunner.client:log_print:40 - 
================== response details ==================
status_code : 200
headers  : {
    "Server": "Tengine",
    "Content-Type": "application/json;charset=UTF-8",
    "Transfer-Encoding": "chunked",
    "Connection": "keep-alive",
    "Date": "Sun, 11 Apr 2021 01:39:25 GMT",
    "Vary": "Accept-Encoding",
    "Access-Control-Allow-Origin": "*",
    "Access-Control-Allow-Methods": "POST,GET,OPTIONS,DELETE,HEAD,PUT",
    "Access-Control-Max-Age": "86400",
    "Access-Control-Allow-Credentials": "true",
    "Access-Control-Allow-Headers": "X-request-Id,x-requested-with,jwt-token,request-id,member-id,Content-Type,X-FILENAME,data-unique-id,AB-Server-Version,Device-Id,token,Channel-Id,channel,system,platform,Channel-Name,version,mubu-app,mubu-desktop,Checksum,user-agent,Origin,Accept",
    "X-Application-Context": "mubu.biz.openapi:online.cn:9254",
    "X-Tt-Logid": "2021041109392501015021816748175266",
    "X-Agw-Info": "bghHqDmYABRUNVoanG94H0SSAZCIJQpiIJyD9DTQn47C3wObjrKpNKdU9MW4LwLNu17lx7KKUs1apzTsO6_wygpwi0Wp_kEWxEueVikSAg-gpquzdD2It2-wgZgrbNI0CHc5dlxR9hGhglHwVlrx4gOftDoRC_flsdnq",
    "X-TRANS-LEVEL": "0",
    "Server-Timing": "inner; dur=12, tt_agw; dur=11",
    "x-tt-trace-host": "0117c27e7cbf31ce1b980736037cd8eaea593bec5b51a750d4fffccac517e10139dac8f68673dae52bc7ed331e7b0b8cc13532dc30af5a1ca6bc42d1ef90547afa7959ed5a62d92bd36e834938a7fb5d24",
    "x-tt-trace-tag": "id=3;cdn-cache=miss",
    "X-TT-TIMESTAMP": "1618105165.330",
    "Content-Encoding": "gzip",
    "Via": "vcache45.cn2543[63,0]",
    "Timing-Allow-Origin": "*",
    "EagleId": "6f13e95c16181051652815556e"
}
cookies  : {}
encoding : UTF-8
content_type : application/json;charset=UTF-8
body     : {
    "code": 0,
    "data": {
        "folder": {},
        "doc": {}
    }
}

2021-04-11 09:51:03.135 | INFO     | httprunner.client:request:217 - status_code: 200, response_time(ms): 82.0 ms, response_length: 0 bytes
2021-04-11 09:51:03.138 | INFO     | httprunner.response:validate:246 - assert status_code equal 200(int)	==> pass
2021-04-11 09:51:03.141 | INFO     | httprunner.response:validate:246 - assert headers."Content-Type" equal application/json;charset=UTF-8(str)	==> pass
2021-04-11 09:51:03.144 | INFO     | httprunner.response:validate:246 - assert body.code equal 0(int)	==> pass
2021-04-11 09:51:03.146 | INFO     | httprunner.runner:__run_step:304 - run step end: /v3/api/list/item_count <<<<<<

2021-04-11 09:51:03.150 | INFO     | httprunner.runner:__run_step:292 - run step begin: /v3/api/message/get_message_unread >>>>>>
2021-04-11 09:51:03.239 | DEBUG    | httprunner.client:request:186 - client IP: 192.168.1.7, Port: 61633
2021-04-11 09:51:03.244 | DEBUG    | httprunner.client:request:194 - server IP: 111.19.233.243, Port: 443
2021-04-11 09:51:03.251 | DEBUG    | httprunner.client:log_print:40 - 
================== request details ==================
method   : POST
url      : https://api2.mubu.com/v3/api/message/get_message_unread
headers  : {
    "User-Agent": "HttpRunner/3.1.4",
    "Accept-Encoding": "gzip, deflate, br",
    "Accept": "application/json, text/plain, */*",
    "Connection": "keep-alive",
    "host1": "api2.mubu.com",
    "Content-Length": "11",
    "Jwt-Token": "eyJ0eXAiOiJKV1QiLCJhbGciOiJIUzUxMiJ9.eyJhcHAiOiJtdWJ1Iiwic3ViIjoiMTE2MjM5NTEiLCJleHAiOjE2MjA2MTMxMTEsImlhdCI6MTYxODAyMTExMX0.vb25B05BHW2VyNB6tlW58F3eVkKnnoQXvc7H-XZIt2jfFisYO4N5NPYAMLT4b5-4XVyIIDcsqaMW5i_OD9Ahyw",
    "Content-Type": "application/json;charset=UTF-8",
    "data-unique-id": "5af8ec14-0e06-45fb-948e-5852d15f593a",
    "x-request-id": "36c9b11e-d981-465c-92f5-6532ed878ac4",
    "version": "3.0.0.21328",
    "Origin": "https://mubu.com",
    "Sec-Fetch-Site": "same-site",
    "Sec-Fetch-Mode": "cors",
    "Sec-Fetch-Dest": "empty",
    "Referer": "https://mubu.com/",
    "Accept-Language": "zh-CN,zh;q=0.9",
    "HRUN-Request-ID": "HRUN-dc5faf80-578e-44fc-aa44-5d32f92db6a1-863154",
    "Cookie": "Jwt-Token=eyJ0eXAiOiJKV1QiLCJhbGciOiJIUzUxMiJ9.eyJhcHAiOiJtdWJ1Iiwic3ViIjoiMTE2MjM5NTEiLCJleHAiOjE2MjA2OTcxNjQsImlhdCI6MTYxODEwNTE2NH0.oGLDVbEo_TpoUFgbxF462ma6YJug2jtCeAQRNJXX7OK6U1zsvpm_vCWewoxzb6MxVdgYCAT7U9NVhnhouju-4A; SESSION=d589dc4e-54ff-4913-a7aa-10bba0b9cf78; user_persistence=ed543ec9-acb1-4a68-8db9-37bc0f94978e"
}
cookies  : {
    "Jwt-Token": "eyJ0eXAiOiJKV1QiLCJhbGciOiJIUzUxMiJ9.eyJhcHAiOiJtdWJ1Iiwic3ViIjoiMTE2MjM5NTEiLCJleHAiOjE2MjA2OTcxNjQsImlhdCI6MTYxODEwNTE2NH0.oGLDVbEo_TpoUFgbxF462ma6YJug2jtCeAQRNJXX7OK6U1zsvpm_vCWewoxzb6MxVdgYCAT7U9NVhnhouju-4A",
    "SESSION": "d589dc4e-54ff-4913-a7aa-10bba0b9cf78",
    "user_persistence": "ed543ec9-acb1-4a68-8db9-37bc0f94978e"
}
body     : {
    "page": 1
}

2021-04-11 09:51:03.258 | DEBUG    | httprunner.client:log_print:40 - 
================== response details ==================
status_code : 200
headers  : {
    "Server": "Tengine",
    "Content-Type": "application/json;charset=UTF-8",
    "Transfer-Encoding": "chunked",
    "Connection": "keep-alive",
    "Date": "Sun, 11 Apr 2021 01:39:25 GMT",
    "Vary": "Accept-Encoding",
    "Access-Control-Allow-Origin": "*",
    "Access-Control-Allow-Methods": "POST,GET,OPTIONS,DELETE,HEAD,PUT",
    "Access-Control-Max-Age": "86400",
    "Access-Control-Allow-Credentials": "true",
    "Access-Control-Allow-Headers": "X-request-Id,x-requested-with,jwt-token,request-id,member-id,Content-Type,X-FILENAME,data-unique-id,AB-Server-Version,Device-Id,token,Channel-Id,channel,system,platform,Channel-Name,version,mubu-app,mubu-desktop,Checksum,user-agent,Origin,Accept",
    "X-Application-Context": "mubu.biz.openapi:online.cn:9318",
    "X-Tt-Logid": "20210411093925010204027103314743EE",
    "X-Agw-Info": "CEHbhW69euQdWyZ6Fn9xR6YFXXtFMxQDTnELoJRvS-cGTsaNVLthO1XbxRJl_z1W47nXO6MeZrh7-6j3_MvwVUqBeR3Kh5tF4rmuCwjdHwAa19iFSUoy65p2ALWXEvKA8mAoIiAugnry7fo6P4ZgHreWliIxuB9GR7TQ",
    "X-TRANS-LEVEL": "0",
    "Server-Timing": "inner; dur=12, tt_agw; dur=9",
    "x-tt-trace-host": "014a903e23e62e33f03c416fc5a381b96f106796c2851ffa92e40103fe22596e99e767b26b9ec1b6953063306cbf34592967453e2daa13ef8fc4b61743ff27b7fc19cd8a4a5578d6c0405413302b9535f6",
    "x-tt-trace-tag": "id=3;cdn-cache=miss",
    "X-TT-TIMESTAMP": "1618105165.441",
    "Content-Encoding": "gzip",
    "Via": "cache19.l2nu20-8[23,0], vcache45.cn2543[66,0]",
    "Timing-Allow-Origin": "*",
    "EagleId": "6f13e95c16181051654005736e"
}
cookies  : {}
encoding : UTF-8
content_type : application/json;charset=UTF-8
body     : {
    "code": 0,
    "data": {
        "unreadCount": 0
    }
}

2021-04-11 09:51:03.262 | INFO     | httprunner.client:request:217 - status_code: 200, response_time(ms): 83.79 ms, response_length: 0 bytes
2021-04-11 09:51:03.264 | INFO     | httprunner.response:validate:246 - assert status_code equal 200(int)	==> pass
2021-04-11 09:51:03.266 | INFO     | httprunner.response:validate:246 - assert headers."Content-Type" equal application/json;charset=UTF-8(str)	==> pass
2021-04-11 09:51:03.268 | INFO     | httprunner.response:validate:246 - assert body.code equal 0(int)	==> pass
2021-04-11 09:51:03.270 | INFO     | httprunner.runner:__run_step:304 - run step end: /v3/api/message/get_message_unread <<<<<<

2021-04-11 09:51:03.274 | INFO     | httprunner.runner:__run_step:292 - run step begin: /v3/api/list/create_doc >>>>>>
2021-04-11 09:51:03.363 | DEBUG    | httprunner.client:request:186 - client IP: 192.168.1.7, Port: 61633
2021-04-11 09:51:03.364 | DEBUG    | httprunner.client:request:194 - server IP: 111.19.233.243, Port: 443
2021-04-11 09:51:03.365 | DEBUG    | httprunner.client:log_print:40 - 
================== request details ==================
method   : POST
url      : https://api2.mubu.com/v3/api/list/create_doc
headers  : {
    "User-Agent": "HttpRunner/3.1.4",
    "Accept-Encoding": "gzip, deflate, br",
    "Accept": "application/json, text/plain, */*",
    "Connection": "keep-alive",
    "host1": "api2.mubu.com",
    "Content-Length": "28",
    "Jwt-Token": "eyJ0eXAiOiJKV1QiLCJhbGciOiJIUzUxMiJ9.eyJhcHAiOiJtdWJ1Iiwic3ViIjoiMTE2MjM5NTEiLCJleHAiOjE2MjA2MTMxMTEsImlhdCI6MTYxODAyMTExMX0.vb25B05BHW2VyNB6tlW58F3eVkKnnoQXvc7H-XZIt2jfFisYO4N5NPYAMLT4b5-4XVyIIDcsqaMW5i_OD9Ahyw",
    "Content-Type": "application/json;charset=UTF-8",
    "data-unique-id": "5af8ec14-0e06-45fb-948e-5852d15f593a",
    "x-request-id": "47f625f3-35b2-45cd-bc82-f13ba6086477",
    "version": "3.0.0.21328",
    "Origin": "https://mubu.com",
    "Sec-Fetch-Site": "same-site",
    "Sec-Fetch-Mode": "cors",
    "Sec-Fetch-Dest": "empty",
    "Referer": "https://mubu.com/",
    "Accept-Language": "zh-CN,zh;q=0.9",
    "HRUN-Request-ID": "HRUN-dc5faf80-578e-44fc-aa44-5d32f92db6a1-863277",
    "Cookie": "Jwt-Token=eyJ0eXAiOiJKV1QiLCJhbGciOiJIUzUxMiJ9.eyJhcHAiOiJtdWJ1Iiwic3ViIjoiMTE2MjM5NTEiLCJleHAiOjE2MjA2OTcxNjQsImlhdCI6MTYxODEwNTE2NH0.oGLDVbEo_TpoUFgbxF462ma6YJug2jtCeAQRNJXX7OK6U1zsvpm_vCWewoxzb6MxVdgYCAT7U9NVhnhouju-4A; SESSION=d589dc4e-54ff-4913-a7aa-10bba0b9cf78; user_persistence=ed543ec9-acb1-4a68-8db9-37bc0f94978e"
}
cookies  : {
    "Jwt-Token": "eyJ0eXAiOiJKV1QiLCJhbGciOiJIUzUxMiJ9.eyJhcHAiOiJtdWJ1Iiwic3ViIjoiMTE2MjM5NTEiLCJleHAiOjE2MjA2OTcxNjQsImlhdCI6MTYxODEwNTE2NH0.oGLDVbEo_TpoUFgbxF462ma6YJug2jtCeAQRNJXX7OK6U1zsvpm_vCWewoxzb6MxVdgYCAT7U9NVhnhouju-4A",
    "SESSION": "d589dc4e-54ff-4913-a7aa-10bba0b9cf78",
    "user_persistence": "ed543ec9-acb1-4a68-8db9-37bc0f94978e"
}
body     : {
    "folderId": "0",
    "type": 0
}

2021-04-11 09:51:03.367 | DEBUG    | httprunner.client:log_print:40 - 
================== response details ==================
status_code : 200
headers  : {
    "Server": "Tengine",
    "Content-Type": "application/json;charset=UTF-8",
    "Transfer-Encoding": "chunked",
    "Connection": "keep-alive",
    "Date": "Sun, 11 Apr 2021 01:39:25 GMT",
    "Vary": "Accept-Encoding",
    "Access-Control-Allow-Origin": "*",
    "Access-Control-Allow-Methods": "POST,GET,OPTIONS,DELETE,HEAD,PUT",
    "Access-Control-Max-Age": "86400",
    "Access-Control-Allow-Credentials": "true",
    "Access-Control-Allow-Headers": "X-request-Id,x-requested-with,jwt-token,request-id,member-id,Content-Type,X-FILENAME,data-unique-id,AB-Server-Version,Device-Id,token,Channel-Id,channel,system,platform,Channel-Name,version,mubu-app,mubu-desktop,Checksum,user-agent,Origin,Accept",
    "X-Application-Context": "mubu.biz.openapi:online.cn:9289",
    "X-Tt-Logid": "202104110939250102121501451447B678",
    "X-Agw-Info": "YFoFNcrnkxoW2T1v6QQIf6ANmrf99SzszzvnGoU55_L3Wg7phGt8VBI7-E7HLjrseLVtwGU1abhNs1kjDtK8g_ssSHh4tPWwZYtjRlZ9OXQQ1BuXG_vu4EtSFRv_HJuEYFIyArh6xX_6kNxI-CbnL_Ue90Iy_etZq4M=",
    "X-TRANS-LEVEL": "0",
    "Server-Timing": "inner; dur=13, tt_agw; dur=12",
    "x-tt-trace-host": "014a903e23e62e33f03c416fc5a381b96f7935cab6ea5a889674657a41534eac74a2854e1211a462b60d6cf4ccc85730d49f90dffb357804a9a8822f6ec4067f7976a9345a0bdbbf471c948a507aba3959",
    "x-tt-trace-tag": "id=3;cdn-cache=miss",
    "X-TT-TIMESTAMP": "1618105165.567",
    "Content-Encoding": "gzip",
    "Via": "cache27.l2nu20-8[26,0], vcache45.cn2543[69,0]",
    "Timing-Allow-Origin": "*",
    "EagleId": "6f13e95c16181051655225959e"
}
cookies  : {}
encoding : UTF-8
content_type : application/json;charset=UTF-8
body     : {
    "code": 0,
    "data": {
        "id": "67I4LPWNNf_"
    }
}

2021-04-11 09:51:03.368 | INFO     | httprunner.client:request:217 - status_code: 200, response_time(ms): 84.89 ms, response_length: 0 bytes
2021-04-11 09:51:03.369 | INFO     | httprunner.response:extract:176 - extract mapping: {'docId': '67I4LPWNNf_'}
2021-04-11 09:51:03.370 | INFO     | httprunner.response:validate:246 - assert status_code equal 200(int)	==> pass
2021-04-11 09:51:03.371 | INFO     | httprunner.response:validate:246 - assert headers."Content-Type" equal application/json;charset=UTF-8(str)	==> pass
2021-04-11 09:51:03.371 | INFO     | httprunner.response:validate:246 - assert body.code equal 0(int)	==> pass
2021-04-11 09:51:03.372 | INFO     | httprunner.runner:__run_step:304 - run step end: /v3/api/list/create_doc <<<<<<

2021-04-11 09:51:03.373 | INFO     | httprunner.runner:__run_step:292 - run step begin: /v3/api/list/item_count >>>>>>
2021-04-11 09:51:03.472 | DEBUG    | httprunner.client:request:186 - client IP: 192.168.1.7, Port: 61633
2021-04-11 09:51:03.476 | DEBUG    | httprunner.client:request:194 - server IP: 111.19.233.243, Port: 443
2021-04-11 09:51:03.481 | DEBUG    | httprunner.client:log_print:40 - 
================== request details ==================
method   : POST
url      : https://api2.mubu.com/v3/api/list/item_count
headers  : {
    "User-Agent": "HttpRunner/3.1.4",
    "Accept-Encoding": "gzip, deflate, br",
    "Accept": "application/json, text/plain, */*",
    "Connection": "keep-alive",
    "host1": "api2.mubu.com",
    "Content-Length": "33",
    "Jwt-Token": "eyJ0eXAiOiJKV1QiLCJhbGciOiJIUzUxMiJ9.eyJhcHAiOiJtdWJ1Iiwic3ViIjoiMTE2MjM5NTEiLCJleHAiOjE2MjA2MTMxMTEsImlhdCI6MTYxODAyMTExMX0.vb25B05BHW2VyNB6tlW58F3eVkKnnoQXvc7H-XZIt2jfFisYO4N5NPYAMLT4b5-4XVyIIDcsqaMW5i_OD9Ahyw",
    "Content-Type": "application/json;charset=UTF-8",
    "data-unique-id": "5af8ec14-0e06-45fb-948e-5852d15f593a",
    "x-request-id": "3a0c7ad0-02a6-40b1-b65a-d246fc1397b3",
    "version": "3.0.0.21328",
    "Origin": "https://mubu.com",
    "Sec-Fetch-Site": "same-site",
    "Sec-Fetch-Mode": "cors",
    "Sec-Fetch-Dest": "empty",
    "Referer": "https://mubu.com/",
    "Accept-Language": "zh-CN,zh;q=0.9",
    "HRUN-Request-ID": "HRUN-dc5faf80-578e-44fc-aa44-5d32f92db6a1-863374",
    "Cookie": "Jwt-Token=eyJ0eXAiOiJKV1QiLCJhbGciOiJIUzUxMiJ9.eyJhcHAiOiJtdWJ1Iiwic3ViIjoiMTE2MjM5NTEiLCJleHAiOjE2MjA2OTcxNjQsImlhdCI6MTYxODEwNTE2NH0.oGLDVbEo_TpoUFgbxF462ma6YJug2jtCeAQRNJXX7OK6U1zsvpm_vCWewoxzb6MxVdgYCAT7U9NVhnhouju-4A; SESSION=d589dc4e-54ff-4913-a7aa-10bba0b9cf78; user_persistence=ed543ec9-acb1-4a68-8db9-37bc0f94978e"
}
cookies  : {
    "Jwt-Token": "eyJ0eXAiOiJKV1QiLCJhbGciOiJIUzUxMiJ9.eyJhcHAiOiJtdWJ1Iiwic3ViIjoiMTE2MjM5NTEiLCJleHAiOjE2MjA2OTcxNjQsImlhdCI6MTYxODEwNTE2NH0.oGLDVbEo_TpoUFgbxF462ma6YJug2jtCeAQRNJXX7OK6U1zsvpm_vCWewoxzb6MxVdgYCAT7U9NVhnhouju-4A",
    "SESSION": "d589dc4e-54ff-4913-a7aa-10bba0b9cf78",
    "user_persistence": "ed543ec9-acb1-4a68-8db9-37bc0f94978e"
}
body     : {
    "folderId": 0,
    "source": "home"
}

2021-04-11 09:51:03.487 | DEBUG    | httprunner.client:log_print:40 - 
================== response details ==================
status_code : 200
headers  : {
    "Server": "Tengine",
    "Content-Type": "application/json;charset=UTF-8",
    "Transfer-Encoding": "chunked",
    "Connection": "keep-alive",
    "Date": "Sun, 11 Apr 2021 01:39:25 GMT",
    "Vary": "Accept-Encoding",
    "Access-Control-Allow-Origin": "*",
    "Access-Control-Allow-Methods": "POST,GET,OPTIONS,DELETE,HEAD,PUT",
    "Access-Control-Max-Age": "86400",
    "Access-Control-Allow-Credentials": "true",
    "Access-Control-Allow-Headers": "X-request-Id,x-requested-with,jwt-token,request-id,member-id,Content-Type,X-FILENAME,data-unique-id,AB-Server-Version,Device-Id,token,Channel-Id,channel,system,platform,Channel-Name,version,mubu-app,mubu-desktop,Checksum,user-agent,Origin,Accept",
    "X-Application-Context": "mubu.biz.openapi:online.cn:9452",
    "X-Tt-Logid": "20210411093925010204059069394756C8",
    "X-Agw-Info": "uZ6ohiYLHAH5RYA89vKqpgIaZcc61fXOg34ZWy3vJ1uAXOAux70rF7pt4epMuglxvcAJwCc77d0zQRz_d5StAGGU9mq0ML56E6gof8E_ZQE9lBK4shMnXLPNz0L-VRAD6ocDRLqAMOCUpq3bk7E2qbib8gpPUfJniAFN",
    "X-TRANS-LEVEL": "0",
    "Server-Timing": "inner; dur=15, tt_agw; dur=13",
    "x-tt-trace-host": "014a903e23e62e33f03c416fc5a381b96f7935cab6ea5a889674657a41534eac747c8245e5aab50fac19a0d796855687ac833ee6449bb4371a16fa069625f19728917898846e8750666d8f5faa2b8bd2fd",
    "x-tt-trace-tag": "id=3;cdn-cache=miss",
    "X-TT-TIMESTAMP": "1618105165.674",
    "Content-Encoding": "gzip",
    "Via": "cache27.l2nu20-8[40,0], vcache45.cn2543[85,0]",
    "Timing-Allow-Origin": "*",
    "EagleId": "6f13e95c16181051656146070e"
}
cookies  : {}
encoding : UTF-8
content_type : application/json;charset=UTF-8
body     : {
    "code": 0,
    "data": {
        "folder": {},
        "doc": {}
    }
}

2021-04-11 09:51:03.490 | INFO     | httprunner.client:request:217 - status_code: 200, response_time(ms): 97.71 ms, response_length: 0 bytes
2021-04-11 09:51:03.494 | INFO     | httprunner.response:validate:246 - assert status_code equal 200(int)	==> pass
2021-04-11 09:51:03.497 | INFO     | httprunner.response:validate:246 - assert headers."Content-Type" equal application/json;charset=UTF-8(str)	==> pass
2021-04-11 09:51:03.498 | INFO     | httprunner.response:validate:246 - assert body.code equal 0(int)	==> pass
2021-04-11 09:51:03.500 | INFO     | httprunner.runner:__run_step:304 - run step end: /v3/api/list/item_count <<<<<<

2021-04-11 09:51:03.501 | INFO     | httprunner.runner:__run_step:292 - run step begin: /v3/api/user/current_level >>>>>>
2021-04-11 09:51:03.602 | DEBUG    | httprunner.client:request:186 - client IP: 192.168.1.7, Port: 61633
2021-04-11 09:51:03.605 | DEBUG    | httprunner.client:request:194 - server IP: 111.19.233.243, Port: 443
2021-04-11 09:51:03.609 | DEBUG    | httprunner.client:log_print:40 - 
================== request details ==================
method   : POST
url      : https://api2.mubu.com/v3/api/user/current_level
headers  : {
    "User-Agent": "HttpRunner/3.1.4",
    "Accept-Encoding": "gzip, deflate, br",
    "Accept": "application/json, text/plain, */*",
    "Connection": "keep-alive",
    "host1": "api2.mubu.com",
    "Content-Length": "30",
    "Jwt-Token": "eyJ0eXAiOiJKV1QiLCJhbGciOiJIUzUxMiJ9.eyJhcHAiOiJtdWJ1Iiwic3ViIjoiMTE2MjM5NTEiLCJleHAiOjE2MjA2MTMxMTEsImlhdCI6MTYxODAyMTExMX0.vb25B05BHW2VyNB6tlW58F3eVkKnnoQXvc7H-XZIt2jfFisYO4N5NPYAMLT4b5-4XVyIIDcsqaMW5i_OD9Ahyw",
    "Content-Type": "application/json;charset=UTF-8",
    "data-unique-id": "5af8ec14-0e06-45fb-948e-5852d15f593a",
    "x-request-id": "090dd6da-e498-4ead-8dd6-199dc9409fef",
    "version": "3.0.0.21328",
    "Origin": "https://mubu.com",
    "Sec-Fetch-Site": "same-site",
    "Sec-Fetch-Mode": "cors",
    "Sec-Fetch-Dest": "empty",
    "Referer": "https://mubu.com/",
    "Accept-Language": "zh-CN,zh;q=0.9",
    "HRUN-Request-ID": "HRUN-dc5faf80-578e-44fc-aa44-5d32f92db6a1-863503",
    "Cookie": "Jwt-Token=eyJ0eXAiOiJKV1QiLCJhbGciOiJIUzUxMiJ9.eyJhcHAiOiJtdWJ1Iiwic3ViIjoiMTE2MjM5NTEiLCJleHAiOjE2MjA2OTcxNjQsImlhdCI6MTYxODEwNTE2NH0.oGLDVbEo_TpoUFgbxF462ma6YJug2jtCeAQRNJXX7OK6U1zsvpm_vCWewoxzb6MxVdgYCAT7U9NVhnhouju-4A; SESSION=d589dc4e-54ff-4913-a7aa-10bba0b9cf78; user_persistence=ed543ec9-acb1-4a68-8db9-37bc0f94978e"
}
cookies  : {
    "Jwt-Token": "eyJ0eXAiOiJKV1QiLCJhbGciOiJIUzUxMiJ9.eyJhcHAiOiJtdWJ1Iiwic3ViIjoiMTE2MjM5NTEiLCJleHAiOjE2MjA2OTcxNjQsImlhdCI6MTYxODEwNTE2NH0.oGLDVbEo_TpoUFgbxF462ma6YJug2jtCeAQRNJXX7OK6U1zsvpm_vCWewoxzb6MxVdgYCAT7U9NVhnhouju-4A",
    "SESSION": "d589dc4e-54ff-4913-a7aa-10bba0b9cf78",
    "user_persistence": "ed543ec9-acb1-4a68-8db9-37bc0f94978e"
}
body     : {
    "document_id": "67I4LPWNNf_"
}

2021-04-11 09:51:03.615 | DEBUG    | httprunner.client:log_print:40 - 
================== response details ==================
status_code : 200
headers  : {
    "Server": "Tengine",
    "Content-Type": "application/json;charset=UTF-8",
    "Transfer-Encoding": "chunked",
    "Connection": "keep-alive",
    "Date": "Sun, 11 Apr 2021 01:39:25 GMT",
    "Vary": "Accept-Encoding",
    "Access-Control-Allow-Origin": "*",
    "Access-Control-Allow-Methods": "POST,GET,OPTIONS,DELETE,HEAD,PUT",
    "Access-Control-Max-Age": "86400",
    "Access-Control-Allow-Credentials": "true",
    "Access-Control-Allow-Headers": "X-request-Id,x-requested-with,jwt-token,request-id,member-id,Content-Type,X-FILENAME,data-unique-id,AB-Server-Version,Device-Id,token,Channel-Id,channel,system,platform,Channel-Name,version,mubu-app,mubu-desktop,Checksum,user-agent,Origin,Accept",
    "X-Application-Context": "mubu.biz.openapi:online.cn:9291",
    "X-Tt-Logid": "2021041109392501020405313848472633",
    "X-Agw-Info": "8fizqR11Nt4wS5jdV13Q9h0xCxw4gTAwanJaj5_H4gsRjBSoVUSLP0MfKltkph4_GgGZNvXY_BxL2b_DN-IkDyotNBcBNDb0CnAvHIiuFlLBwKYUdhn1WYhhoembo-UUCYUhhCJBmTFPaYQOnTiAbPnhi3oya6xdAAIK",
    "X-TRANS-LEVEL": "0",
    "Server-Timing": "inner; dur=14, tt_agw; dur=14",
    "x-tt-trace-host": "014a903e23e62e33f03c416fc5a381b96f106796c2851ffa92e40103fe22596e991966f762d438c4e1257d9940c9ddaaf6a9757aecdda5fded462c2321b5342674e15faea4b80b64ade74ff7fe575c0235",
    "x-tt-trace-tag": "id=3;cdn-cache=miss",
    "X-TT-TIMESTAMP": "1618105165.802",
    "Content-Encoding": "gzip",
    "Via": "cache19.l2nu20-8[39,0], vcache45.cn2543[83,0]",
    "Timing-Allow-Origin": "*",
    "EagleId": "6f13e95c16181051657456260e"
}
cookies  : {}
encoding : UTF-8
content_type : application/json;charset=UTF-8
body     : {
    "code": 0,
    "data": {
        "level": 1,
        "name": "\u5e55\u5e03\u7528\u623748231216",
        "id": 11623951
    }
}

2021-04-11 09:51:03.618 | INFO     | httprunner.client:request:217 - status_code: 200, response_time(ms): 98.4 ms, response_length: 0 bytes
2021-04-11 09:51:03.620 | INFO     | httprunner.response:validate:246 - assert status_code equal 200(int)	==> pass
2021-04-11 09:51:03.621 | INFO     | httprunner.response:validate:246 - assert headers."Content-Type" equal application/json;charset=UTF-8(str)	==> pass
2021-04-11 09:51:03.624 | INFO     | httprunner.response:validate:246 - assert body.code equal 0(int)	==> pass
2021-04-11 09:51:03.625 | INFO     | httprunner.runner:__run_step:304 - run step end: /v3/api/user/current_level <<<<<<

2021-04-11 09:51:03.627 | INFO     | httprunner.runner:__run_step:292 - run step begin: /v3/api/document/edit/get >>>>>>
2021-04-11 09:51:03.754 | DEBUG    | httprunner.client:request:186 - client IP: 192.168.1.7, Port: 61633
2021-04-11 09:51:03.758 | DEBUG    | httprunner.client:request:194 - server IP: 111.19.233.243, Port: 443
2021-04-11 09:51:03.765 | DEBUG    | httprunner.client:log_print:40 - 
================== request details ==================
method   : POST
url      : https://api2.mubu.com/v3/api/document/edit/get
headers  : {
    "User-Agent": "HttpRunner/3.1.4",
    "Accept-Encoding": "gzip, deflate, br",
    "Accept": "application/json, text/plain, */*",
    "Connection": "keep-alive",
    "host1": "api2.mubu.com",
    "Content-Length": "40",
    "Jwt-Token": "eyJ0eXAiOiJKV1QiLCJhbGciOiJIUzUxMiJ9.eyJhcHAiOiJtdWJ1Iiwic3ViIjoiMTE2MjM5NTEiLCJleHAiOjE2MjA2MTMxMTEsImlhdCI6MTYxODAyMTExMX0.vb25B05BHW2VyNB6tlW58F3eVkKnnoQXvc7H-XZIt2jfFisYO4N5NPYAMLT4b5-4XVyIIDcsqaMW5i_OD9Ahyw",
    "Content-Type": "application/json;charset=UTF-8",
    "data-unique-id": "5af8ec14-0e06-45fb-948e-5852d15f593a",
    "x-request-id": "eb0dd6dd-4bbc-4448-9308-f4074a21dc70",
    "version": "3.0.0.21328",
    "Origin": "https://mubu.com",
    "Sec-Fetch-Site": "same-site",
    "Sec-Fetch-Mode": "cors",
    "Sec-Fetch-Dest": "empty",
    "Referer": "https://mubu.com/",
    "Accept-Language": "zh-CN,zh;q=0.9",
    "HRUN-Request-ID": "HRUN-dc5faf80-578e-44fc-aa44-5d32f92db6a1-863629",
    "Cookie": "Jwt-Token=eyJ0eXAiOiJKV1QiLCJhbGciOiJIUzUxMiJ9.eyJhcHAiOiJtdWJ1Iiwic3ViIjoiMTE2MjM5NTEiLCJleHAiOjE2MjA2OTcxNjQsImlhdCI6MTYxODEwNTE2NH0.oGLDVbEo_TpoUFgbxF462ma6YJug2jtCeAQRNJXX7OK6U1zsvpm_vCWewoxzb6MxVdgYCAT7U9NVhnhouju-4A; SESSION=d589dc4e-54ff-4913-a7aa-10bba0b9cf78; user_persistence=ed543ec9-acb1-4a68-8db9-37bc0f94978e"
}
cookies  : {
    "Jwt-Token": "eyJ0eXAiOiJKV1QiLCJhbGciOiJIUzUxMiJ9.eyJhcHAiOiJtdWJ1Iiwic3ViIjoiMTE2MjM5NTEiLCJleHAiOjE2MjA2OTcxNjQsImlhdCI6MTYxODEwNTE2NH0.oGLDVbEo_TpoUFgbxF462ma6YJug2jtCeAQRNJXX7OK6U1zsvpm_vCWewoxzb6MxVdgYCAT7U9NVhnhouju-4A",
    "SESSION": "d589dc4e-54ff-4913-a7aa-10bba0b9cf78",
    "user_persistence": "ed543ec9-acb1-4a68-8db9-37bc0f94978e"
}
body     : {
    "docId": "67I4LPWNNf_",
    "password": ""
}

2021-04-11 09:51:03.771 | DEBUG    | httprunner.client:log_print:40 - 
================== response details ==================
status_code : 200
headers  : {
    "Server": "Tengine",
    "Content-Type": "application/json;charset=UTF-8",
    "Transfer-Encoding": "chunked",
    "Connection": "keep-alive",
    "Date": "Sun, 11 Apr 2021 01:39:25 GMT",
    "Vary": "Accept-Encoding",
    "Access-Control-Allow-Origin": "*",
    "Access-Control-Allow-Methods": "POST,GET,OPTIONS,DELETE,HEAD,PUT",
    "Access-Control-Max-Age": "86400",
    "Access-Control-Allow-Credentials": "true",
    "Access-Control-Allow-Headers": "X-request-Id,x-requested-with,jwt-token,request-id,member-id,Content-Type,X-FILENAME,data-unique-id,AB-Server-Version,Device-Id,token,Channel-Id,channel,system,platform,Channel-Name,version,mubu-app,mubu-desktop,Checksum,user-agent,Origin,Accept",
    "X-Application-Context": "mubu.biz.openapi:online.cn:9423",
    "X-Tt-Logid": "202104110939250102121621521447788E",
    "X-Agw-Info": "qqKJCcsA5xTjWiPJxFy8wn_pmJLmeQ2YPHM3MLXf-aEvzcpwY1UEHzUl3-_Wx1Af9GPTI9J1hsPlt_O__XDSANFexQnp_kpz907Hq3ATITY2StYpHA0w4WOa7ZFcdCn6LWBmukxH3fPy0KWHed0afxNnxOWNWHC__9-Q",
    "X-TRANS-LEVEL": "0",
    "Server-Timing": "inner; dur=17, tt_agw; dur=17",
    "x-tt-trace-host": "01ed43a865a2b838c6c38a2a6a3773ffea8a469760f5f3c4015d6b0dfbe2f725288bfd9c6a442295f80be32cde5eac70c217f71e4d6e68011439e655773d9b543f9efb7e7553d8b8c8e4beb60bbccb75b7",
    "x-tt-trace-tag": "id=3;cdn-cache=miss",
    "X-TT-TIMESTAMP": "1618105165.954",
    "Content-Encoding": "gzip",
    "Via": "cache27.l2nu20-8[63,0], vcache45.cn2543[108,0]",
    "Timing-Allow-Origin": "*",
    "EagleId": "6f13e95c16181051658736439e"
}
cookies  : {}
encoding : UTF-8
content_type : application/json;charset=UTF-8
body     : {
    "code": 0,
    "data": {
        "role": 31,
        "baseVersion": 0,
        "name": "",
        "definition": "{}",
        "directory": []
    }
}

2021-04-11 09:51:03.775 | INFO     | httprunner.client:request:217 - status_code: 200, response_time(ms): 124.44 ms, response_length: 0 bytes
2021-04-11 09:51:03.778 | INFO     | httprunner.response:validate:246 - assert status_code equal 200(int)	==> pass
2021-04-11 09:51:03.781 | INFO     | httprunner.response:validate:246 - assert headers."Content-Type" equal application/json;charset=UTF-8(str)	==> pass
2021-04-11 09:51:03.785 | INFO     | httprunner.response:validate:246 - assert body.code equal 0(int)	==> pass
2021-04-11 09:51:03.788 | INFO     | httprunner.runner:__run_step:304 - run step end: /v3/api/document/edit/get <<<<<<

2021-04-11 09:51:03.794 | INFO     | httprunner.runner:__run_step:292 - run step begin: /v3/api/refer/doc/list >>>>>>
2021-04-11 09:51:03.917 | DEBUG    | httprunner.client:request:186 - client IP: 192.168.1.7, Port: 61633
2021-04-11 09:51:03.920 | DEBUG    | httprunner.client:request:194 - server IP: 111.19.233.243, Port: 443
2021-04-11 09:51:03.924 | DEBUG    | httprunner.client:log_print:40 - 
================== request details ==================
method   : POST
url      : https://api2.mubu.com/v3/api/refer/doc/list
headers  : {
    "User-Agent": "HttpRunner/3.1.4",
    "Accept-Encoding": "gzip, deflate, br",
    "Accept": "application/json, text/plain, */*",
    "Connection": "keep-alive",
    "host1": "api2.mubu.com",
    "Content-Length": "30",
    "Jwt-Token": "eyJ0eXAiOiJKV1QiLCJhbGciOiJIUzUxMiJ9.eyJhcHAiOiJtdWJ1Iiwic3ViIjoiMTE2MjM5NTEiLCJleHAiOjE2MjA2MTMxMTEsImlhdCI6MTYxODAyMTExMX0.vb25B05BHW2VyNB6tlW58F3eVkKnnoQXvc7H-XZIt2jfFisYO4N5NPYAMLT4b5-4XVyIIDcsqaMW5i_OD9Ahyw",
    "data-unique-id": "5af8ec14-0e06-45fb-948e-5852d15f593a",
    "x-request-id": "9f13e0bc-5b86-443d-adab-de64054e561f",
    "Content-Type": "application/json;charset=UTF-8",
    "Origin": "https://mubu.com",
    "Sec-Fetch-Site": "same-site",
    "Sec-Fetch-Mode": "cors",
    "Sec-Fetch-Dest": "empty",
    "Referer": "https://mubu.com/",
    "Accept-Language": "zh-CN,zh;q=0.9",
    "HRUN-Request-ID": "HRUN-dc5faf80-578e-44fc-aa44-5d32f92db6a1-863798",
    "Cookie": "Jwt-Token=eyJ0eXAiOiJKV1QiLCJhbGciOiJIUzUxMiJ9.eyJhcHAiOiJtdWJ1Iiwic3ViIjoiMTE2MjM5NTEiLCJleHAiOjE2MjA2OTcxNjQsImlhdCI6MTYxODEwNTE2NH0.oGLDVbEo_TpoUFgbxF462ma6YJug2jtCeAQRNJXX7OK6U1zsvpm_vCWewoxzb6MxVdgYCAT7U9NVhnhouju-4A; SESSION=d589dc4e-54ff-4913-a7aa-10bba0b9cf78; user_persistence=ed543ec9-acb1-4a68-8db9-37bc0f94978e"
}
cookies  : {
    "Jwt-Token": "eyJ0eXAiOiJKV1QiLCJhbGciOiJIUzUxMiJ9.eyJhcHAiOiJtdWJ1Iiwic3ViIjoiMTE2MjM5NTEiLCJleHAiOjE2MjA2OTcxNjQsImlhdCI6MTYxODEwNTE2NH0.oGLDVbEo_TpoUFgbxF462ma6YJug2jtCeAQRNJXX7OK6U1zsvpm_vCWewoxzb6MxVdgYCAT7U9NVhnhouju-4A",
    "SESSION": "d589dc4e-54ff-4913-a7aa-10bba0b9cf78",
    "user_persistence": "ed543ec9-acb1-4a68-8db9-37bc0f94978e"
}
body     : {
    "targetDocId": "67I4LPWNNf_"
}

2021-04-11 09:51:03.931 | DEBUG    | httprunner.client:log_print:40 - 
================== response details ==================
status_code : 200
headers  : {
    "Server": "Tengine",
    "Content-Type": "application/json;charset=UTF-8",
    "Transfer-Encoding": "chunked",
    "Connection": "keep-alive",
    "Date": "Sun, 11 Apr 2021 01:39:26 GMT",
    "Vary": "Accept-Encoding",
    "Access-Control-Allow-Origin": "*",
    "Access-Control-Allow-Methods": "POST,GET,OPTIONS,DELETE,HEAD,PUT",
    "Access-Control-Max-Age": "86400",
    "Access-Control-Allow-Credentials": "true",
    "Access-Control-Allow-Headers": "X-request-Id,x-requested-with,jwt-token,request-id,member-id,Content-Type,X-FILENAME,data-unique-id,AB-Server-Version,Device-Id,token,Channel-Id,channel,system,platform,Channel-Name,version,mubu-app,mubu-desktop,Checksum,user-agent,Origin,Accept",
    "X-Application-Context": "mubu.biz.openapi:online.cn:9473",
    "X-Tt-Logid": "202104110939260102020871481B4787EB",
    "X-Agw-Info": "iUTIua6Eu2FVpjl0yFMrkk6fm0-Pl_45jASTkIy973koEjUjHsoE_sVQiNfWwobbowG3fbublJuoMzSsczVUL3jQi6RFBUCBbEQnkfU3__OGcXGEVIP77EdtyA5dM0zM1pFohuQ-zCjBxI-c7k-LnnqGrVDT-TSmtV5s",
    "X-TRANS-LEVEL": "0",
    "Server-Timing": "inner; dur=10, tt_agw; dur=9",
    "x-tt-trace-host": "01ed43a865a2b838c6c38a2a6a3773ffead1d17ef4b200bec5d7951fc5df93bfa79483f5f3152632c0c67b74cfa0967baef827a050ec6b7eab5165c7e36b388ed926b77b8e1c6dfce811c51ca2c8c76a06",
    "x-tt-trace-tag": "id=3;cdn-cache=miss",
    "X-TT-TIMESTAMP": "1618105166.124",
    "Content-Encoding": "gzip",
    "Via": "cache36.l2nu20-8[44,0], vcache45.cn2543[103,0]",
    "Timing-Allow-Origin": "*",
    "EagleId": "6f13e95c16181051660406675e"
}
cookies  : {}
encoding : UTF-8
content_type : application/json;charset=UTF-8
body     : {
    "code": 0,
    "data": {
        "list": []
    }
}

2021-04-11 09:51:03.935 | INFO     | httprunner.client:request:217 - status_code: 200, response_time(ms): 119.77 ms, response_length: 0 bytes
2021-04-11 09:51:03.938 | INFO     | httprunner.response:validate:246 - assert status_code equal 200(int)	==> pass
2021-04-11 09:51:03.940 | INFO     | httprunner.response:validate:246 - assert headers."Content-Type" equal application/json;charset=UTF-8(str)	==> pass
2021-04-11 09:51:03.943 | INFO     | httprunner.response:validate:246 - assert body.code equal 0(int)	==> pass
2021-04-11 09:51:03.947 | INFO     | httprunner.runner:__run_step:304 - run step end: /v3/api/refer/doc/list <<<<<<

2021-04-11 09:51:03.950 | INFO     | httprunner.runner:__run_step:292 - run step begin: /v3/api/colla/register >>>>>>
2021-04-11 09:51:04.057 | DEBUG    | httprunner.client:request:186 - client IP: 192.168.1.7, Port: 61633
2021-04-11 09:51:04.060 | DEBUG    | httprunner.client:request:194 - server IP: 111.19.233.243, Port: 443
2021-04-11 09:51:04.064 | DEBUG    | httprunner.client:log_print:40 - 
================== request details ==================
method   : GET
url      : https://api2.mubu.com/v3/api/colla/register
headers  : {
    "User-Agent": "HttpRunner/3.1.4",
    "Accept-Encoding": "gzip, deflate, br",
    "Accept": "application/json, text/plain, */*",
    "Connection": "keep-alive",
    "host1": "api2.mubu.com",
    "Jwt-Token": "eyJ0eXAiOiJKV1QiLCJhbGciOiJIUzUxMiJ9.eyJhcHAiOiJtdWJ1Iiwic3ViIjoiMTE2MjM5NTEiLCJleHAiOjE2MjA2MTMxMTEsImlhdCI6MTYxODAyMTExMX0.vb25B05BHW2VyNB6tlW58F3eVkKnnoQXvc7H-XZIt2jfFisYO4N5NPYAMLT4b5-4XVyIIDcsqaMW5i_OD9Ahyw",
    "data-unique-id": "5af8ec14-0e06-45fb-948e-5852d15f593a",
    "x-request-id": "93ec8a43-7dc0-41a0-b0b5-5fa46ef6e422",
    "Origin": "https://mubu.com",
    "Sec-Fetch-Site": "same-site",
    "Sec-Fetch-Mode": "cors",
    "Sec-Fetch-Dest": "empty",
    "Referer": "https://mubu.com/",
    "Accept-Language": "zh-CN,zh;q=0.9",
    "HRUN-Request-ID": "HRUN-dc5faf80-578e-44fc-aa44-5d32f92db6a1-863954",
    "Cookie": "Jwt-Token=eyJ0eXAiOiJKV1QiLCJhbGciOiJIUzUxMiJ9.eyJhcHAiOiJtdWJ1Iiwic3ViIjoiMTE2MjM5NTEiLCJleHAiOjE2MjA2OTcxNjQsImlhdCI6MTYxODEwNTE2NH0.oGLDVbEo_TpoUFgbxF462ma6YJug2jtCeAQRNJXX7OK6U1zsvpm_vCWewoxzb6MxVdgYCAT7U9NVhnhouju-4A; SESSION=d589dc4e-54ff-4913-a7aa-10bba0b9cf78; user_persistence=ed543ec9-acb1-4a68-8db9-37bc0f94978e"
}
cookies  : {
    "Jwt-Token": "eyJ0eXAiOiJKV1QiLCJhbGciOiJIUzUxMiJ9.eyJhcHAiOiJtdWJ1Iiwic3ViIjoiMTE2MjM5NTEiLCJleHAiOjE2MjA2OTcxNjQsImlhdCI6MTYxODEwNTE2NH0.oGLDVbEo_TpoUFgbxF462ma6YJug2jtCeAQRNJXX7OK6U1zsvpm_vCWewoxzb6MxVdgYCAT7U9NVhnhouju-4A",
    "SESSION": "d589dc4e-54ff-4913-a7aa-10bba0b9cf78",
    "user_persistence": "ed543ec9-acb1-4a68-8db9-37bc0f94978e"
}
body     : None

2021-04-11 09:51:04.070 | DEBUG    | httprunner.client:log_print:40 - 
================== response details ==================
status_code : 200
headers  : {
    "Server": "Tengine",
    "Content-Type": "application/json;charset=UTF-8",
    "Transfer-Encoding": "chunked",
    "Connection": "keep-alive",
    "Date": "Sun, 11 Apr 2021 01:39:26 GMT",
    "Vary": "Accept-Encoding",
    "Access-Control-Allow-Origin": "*",
    "Access-Control-Allow-Methods": "POST,GET,OPTIONS,DELETE,HEAD,PUT",
    "Access-Control-Max-Age": "86400",
    "Access-Control-Allow-Credentials": "true",
    "Access-Control-Allow-Headers": "X-request-Id,x-requested-with,jwt-token,request-id,member-id,Content-Type,X-FILENAME,data-unique-id,AB-Server-Version,Device-Id,token,Channel-Id,channel,system,platform,Channel-Name,version,mubu-app,mubu-desktop,Checksum,user-agent,Origin,Accept",
    "X-Application-Context": "mubu.biz.openapi:online.cn:9452",
    "X-Tt-Logid": "20210411093926010212172039454778EA",
    "X-Agw-Info": "97Vg0MR0008MOaOn38q-IkCxBXErAxVyAc84MoYgXkaZVDKN7kam9PolLXgwahz2wIfXRonqWJhrg7Ua3_wEKXpn2jVdYb3LR8bGSRU_E7YZoVvr9vYL6T-EA5cPR0kvhDs3SgI_RU5y1hUx2DvTQ46hluWPn52ymzVv",
    "X-TRANS-LEVEL": "0",
    "Server-Timing": "inner; dur=6, tt_agw; dur=5",
    "x-tt-trace-host": "01ed43a865a2b838c6c38a2a6a3773ffead1d17ef4b200bec5d7951fc5df93bfa71c601fbe679bfa1b79314b2a0a025f0446a5c2c387273603d0a60ebbe9a35abe1995459d533e94798450eff87d3091c7",
    "x-tt-trace-tag": "id=3;cdn-cache=miss",
    "X-TT-TIMESTAMP": "1618105166.258",
    "Content-Encoding": "gzip",
    "Via": "cache36.l2nu20-8[52,0], vcache45.cn2543[82,0]",
    "Timing-Allow-Origin": "*",
    "EagleId": "6f13e95c16181051662016931e"
}
cookies  : {}
encoding : UTF-8
content_type : application/json;charset=UTF-8
body     : {
    "code": 0,
    "data": {
        "ticket": "b97f520f457a8291130329f34b232dee",
        "TTL": 604800
    }
}

2021-04-11 09:51:04.074 | INFO     | httprunner.client:request:217 - status_code: 200, response_time(ms): 101.31 ms, response_length: 0 bytes
2021-04-11 09:51:04.078 | INFO     | httprunner.response:validate:246 - assert status_code equal 200(int)	==> pass
2021-04-11 09:51:04.080 | INFO     | httprunner.response:validate:246 - assert headers."Content-Type" equal application/json;charset=UTF-8(str)	==> pass
2021-04-11 09:51:04.083 | INFO     | httprunner.response:validate:246 - assert body.code equal 0(int)	==> pass
2021-04-11 09:51:04.086 | INFO     | httprunner.runner:__run_step:304 - run step end: /v3/api/colla/register <<<<<<

2021-04-11 09:51:04.090 | INFO     | httprunner.runner:__run_step:292 - run step begin: /v3/api/refer/node/count >>>>>>
2021-04-11 09:51:04.204 | DEBUG    | httprunner.client:request:186 - client IP: 192.168.1.7, Port: 61633
2021-04-11 09:51:04.206 | DEBUG    | httprunner.client:request:194 - server IP: 111.19.233.243, Port: 443
2021-04-11 09:51:04.208 | DEBUG    | httprunner.client:log_print:40 - 
================== request details ==================
method   : POST
url      : https://api2.mubu.com/v3/api/refer/node/count
headers  : {
    "User-Agent": "HttpRunner/3.1.4",
    "Accept-Encoding": "gzip, deflate, br",
    "Accept": "application/json, text/plain, */*",
    "Connection": "keep-alive",
    "host1": "api2.mubu.com",
    "Content-Length": "30",
    "Jwt-Token": "eyJ0eXAiOiJKV1QiLCJhbGciOiJIUzUxMiJ9.eyJhcHAiOiJtdWJ1Iiwic3ViIjoiMTE2MjM5NTEiLCJleHAiOjE2MjA2MTMxMTEsImlhdCI6MTYxODAyMTExMX0.vb25B05BHW2VyNB6tlW58F3eVkKnnoQXvc7H-XZIt2jfFisYO4N5NPYAMLT4b5-4XVyIIDcsqaMW5i_OD9Ahyw",
    "Content-Type": "application/json;charset=UTF-8",
    "data-unique-id": "5af8ec14-0e06-45fb-948e-5852d15f593a",
    "x-request-id": "8fd957bc-85d7-487c-975a-8c880ce54497",
    "version": "3.0.0.21328",
    "Origin": "https://mubu.com",
    "Sec-Fetch-Site": "same-site",
    "Sec-Fetch-Mode": "cors",
    "Sec-Fetch-Dest": "empty",
    "Referer": "https://mubu.com/",
    "Accept-Language": "zh-CN,zh;q=0.9",
    "HRUN-Request-ID": "HRUN-dc5faf80-578e-44fc-aa44-5d32f92db6a1-864094",
    "Cookie": "Jwt-Token=eyJ0eXAiOiJKV1QiLCJhbGciOiJIUzUxMiJ9.eyJhcHAiOiJtdWJ1Iiwic3ViIjoiMTE2MjM5NTEiLCJleHAiOjE2MjA2OTcxNjQsImlhdCI6MTYxODEwNTE2NH0.oGLDVbEo_TpoUFgbxF462ma6YJug2jtCeAQRNJXX7OK6U1zsvpm_vCWewoxzb6MxVdgYCAT7U9NVhnhouju-4A; SESSION=d589dc4e-54ff-4913-a7aa-10bba0b9cf78; user_persistence=ed543ec9-acb1-4a68-8db9-37bc0f94978e"
}
cookies  : {
    "Jwt-Token": "eyJ0eXAiOiJKV1QiLCJhbGciOiJIUzUxMiJ9.eyJhcHAiOiJtdWJ1Iiwic3ViIjoiMTE2MjM5NTEiLCJleHAiOjE2MjA2OTcxNjQsImlhdCI6MTYxODEwNTE2NH0.oGLDVbEo_TpoUFgbxF462ma6YJug2jtCeAQRNJXX7OK6U1zsvpm_vCWewoxzb6MxVdgYCAT7U9NVhnhouju-4A",
    "SESSION": "d589dc4e-54ff-4913-a7aa-10bba0b9cf78",
    "user_persistence": "ed543ec9-acb1-4a68-8db9-37bc0f94978e"
}
body     : {
    "targetDocId": "67I4LPWNNf_"
}

2021-04-11 09:51:04.212 | DEBUG    | httprunner.client:log_print:40 - 
================== response details ==================
status_code : 200
headers  : {
    "Server": "Tengine",
    "Content-Type": "application/json;charset=UTF-8",
    "Transfer-Encoding": "chunked",
    "Connection": "keep-alive",
    "Date": "Sun, 11 Apr 2021 01:39:26 GMT",
    "Vary": "Accept-Encoding",
    "Access-Control-Allow-Origin": "*",
    "Access-Control-Allow-Methods": "POST,GET,OPTIONS,DELETE,HEAD,PUT",
    "Access-Control-Max-Age": "86400",
    "Access-Control-Allow-Credentials": "true",
    "Access-Control-Allow-Headers": "X-request-Id,x-requested-with,jwt-token,request-id,member-id,Content-Type,X-FILENAME,data-unique-id,AB-Server-Version,Device-Id,token,Channel-Id,channel,system,platform,Channel-Name,version,mubu-app,mubu-desktop,Checksum,user-agent,Origin,Accept",
    "X-Application-Context": "mubu.biz.openapi:online.cn:9473",
    "X-Tt-Logid": "2021041109392601020208522059475444",
    "X-Agw-Info": "eIgsHV9Zenis1gCBEH1lYcln210KVL8m2SJAu2PNTzJo5-unioeNhV--XqnwwQ3oB3UD-y2Wtr_3sBCrkJaTDDv4XYmCB4juj_bmzVFTJ1nPBlwdsUhot5wkMla6Qi6OlFJUwSLMPmNi1Oqc-doJ6es09cEML3_-nm_d",
    "X-TRANS-LEVEL": "0",
    "Server-Timing": "inner; dur=10, tt_agw; dur=8",
    "x-tt-trace-host": "01ed43a865a2b838c6c38a2a6a3773ffea8a469760f5f3c4015d6b0dfbe2f72528f6d73f92fc758124b62509082075851949bb3be4915ead4f62500700023c531023f1566bdadc0004edee08506baba47f",
    "x-tt-trace-tag": "id=3;cdn-cache=miss",
    "X-TT-TIMESTAMP": "1618105166.402",
    "Content-Encoding": "gzip",
    "Via": "cache27.l2nu20-8[49,0], vcache45.cn2543[94,0]",
    "Timing-Allow-Origin": "*",
    "EagleId": "6f13e95c16181051663387145e"
}
cookies  : {}
encoding : UTF-8
content_type : application/json;charset=UTF-8
body     : {
    "code": 0,
    "data": {
        "countMap": {}
    }
}

2021-04-11 09:51:04.214 | INFO     | httprunner.client:request:217 - status_code: 200, response_time(ms): 110.45 ms, response_length: 0 bytes
2021-04-11 09:51:04.216 | INFO     | httprunner.response:validate:246 - assert status_code equal 200(int)	==> pass
2021-04-11 09:51:04.218 | INFO     | httprunner.response:validate:246 - assert headers."Content-Type" equal application/json;charset=UTF-8(str)	==> pass
2021-04-11 09:51:04.220 | INFO     | httprunner.response:validate:246 - assert body.code equal 0(int)	==> pass
2021-04-11 09:51:04.221 | INFO     | httprunner.runner:__run_step:304 - run step end: /v3/api/refer/node/count <<<<<<

2021-04-11 09:51:04.224 | INFO     | httprunner.runner:__run_step:292 - run step begin: /v3/api/colla/members >>>>>>
2021-04-11 09:51:04.348 | DEBUG    | httprunner.client:request:186 - client IP: 192.168.1.7, Port: 61633
2021-04-11 09:51:04.353 | DEBUG    | httprunner.client:request:194 - server IP: 111.19.233.243, Port: 443
2021-04-11 09:51:04.357 | DEBUG    | httprunner.client:log_print:40 - 
================== request details ==================
method   : OPTIONS
url      : https://api2.mubu.com/v3/api/colla/members?memberId=5242742441223623&documentId=67I4LPWNNf_
headers  : {
    "User-Agent": "HttpRunner/3.1.4",
    "Accept-Encoding": "gzip, deflate, br",
    "Accept": "*/*",
    "Connection": "keep-alive",
    "host1": "api2.mubu.com",
    "Access-Control-Request-Method": "GET",
    "Access-Control-Request-Headers": "data-unique-id,jwt-token,request-id,x-request-id",
    "Origin": "https://mubu.com",
    "Sec-Fetch-Mode": "cors",
    "Sec-Fetch-Site": "same-site",
    "Sec-Fetch-Dest": "empty",
    "Referer": "https://mubu.com/",
    "Accept-Language": "zh-CN,zh;q=0.9",
    "HRUN-Request-ID": "HRUN-dc5faf80-578e-44fc-aa44-5d32f92db6a1-864226",
    "Cookie": "Jwt-Token=eyJ0eXAiOiJKV1QiLCJhbGciOiJIUzUxMiJ9.eyJhcHAiOiJtdWJ1Iiwic3ViIjoiMTE2MjM5NTEiLCJleHAiOjE2MjA2OTcxNjQsImlhdCI6MTYxODEwNTE2NH0.oGLDVbEo_TpoUFgbxF462ma6YJug2jtCeAQRNJXX7OK6U1zsvpm_vCWewoxzb6MxVdgYCAT7U9NVhnhouju-4A; SESSION=d589dc4e-54ff-4913-a7aa-10bba0b9cf78; user_persistence=ed543ec9-acb1-4a68-8db9-37bc0f94978e",
    "Content-Length": "0"
}
cookies  : {
    "Jwt-Token": "eyJ0eXAiOiJKV1QiLCJhbGciOiJIUzUxMiJ9.eyJhcHAiOiJtdWJ1Iiwic3ViIjoiMTE2MjM5NTEiLCJleHAiOjE2MjA2OTcxNjQsImlhdCI6MTYxODEwNTE2NH0.oGLDVbEo_TpoUFgbxF462ma6YJug2jtCeAQRNJXX7OK6U1zsvpm_vCWewoxzb6MxVdgYCAT7U9NVhnhouju-4A",
    "SESSION": "d589dc4e-54ff-4913-a7aa-10bba0b9cf78",
    "user_persistence": "ed543ec9-acb1-4a68-8db9-37bc0f94978e"
}
body     : None

2021-04-11 09:51:04.363 | DEBUG    | httprunner.client:log_print:40 - 
================== response details ==================
status_code : 200
headers  : {
    "Server": "Tengine",
    "Content-Type": "application/octet-stream",
    "Content-Length": "0",
    "Connection": "keep-alive",
    "Date": "Sun, 11 Apr 2021 01:39:26 GMT",
    "Access-Control-Allow-Origin": "*",
    "Access-Control-Allow-Methods": "POST,GET,OPTIONS,DELETE,HEAD,PUT",
    "Access-Control-Max-Age": "86400",
    "Access-Control-Allow-Credentials": "true",
    "Access-Control-Allow-Headers": "X-request-Id,x-requested-with,jwt-token,request-id,member-id,Content-Type,X-FILENAME,data-unique-id,AB-Server-Version,Device-Id,token,Channel-Id,channel,system,platform,Channel-Name,version,mubu-app,mubu-desktop,Checksum,user-agent,Origin,Accept",
    "X-Tt-Logid": "2021041109392601015114317155178BE7",
    "X-Agw-Info": "6kK4Rd1qOAJDdIFZK9KNzOFAYITlZZTil-x7Vbj6-3uXnkYpfqnESC8pU7ka63Pf8AWDGe4EIMFA7z3tkolFJoPo2qDCVoniAsfU8igQ3ZnwgVI9_m_7VkBNMX5x0LmNAhk4oCXbK7rvWR6V7Dm1WlICupTq8DbMZGw_",
    "X-TRANS-LEVEL": "0",
    "Server-Timing": "inner; dur=5, tt_agw; dur=3",
    "x-tt-trace-host": "01ed43a865a2b838c6c38a2a6a3773ffea298a369cf3b502dfef59c0a457b26321de60a2eaff1823214eaa758fc342853e351a4b36ff8ca75a8649ba6bd80619d54da8a336cfc5db9ec738ede9b0f9208b",
    "x-tt-trace-tag": "id=3;cdn-cache=miss",
    "X-TT-TIMESTAMP": "1618105166.543",
    "Via": "cache27.l2nu20-8[62,0], vcache45.cn2543[107,0]",
    "Timing-Allow-Origin": "*",
    "EagleId": "6f13e95c16181051664697313e"
}
cookies  : {}
encoding : None
content_type : application/octet-stream
body     : 

2021-04-11 09:51:04.367 | INFO     | httprunner.client:request:217 - status_code: 200, response_time(ms): 121.36 ms, response_length: 0 bytes
2021-04-11 09:51:04.371 | INFO     | httprunner.response:validate:246 - assert status_code equal 200(int)	==> pass
2021-04-11 09:51:04.374 | INFO     | httprunner.response:validate:246 - assert headers."Content-Type" equal application/octet-stream(str)	==> pass
2021-04-11 09:51:04.377 | INFO     | httprunner.runner:__run_step:304 - run step end: /v3/api/colla/members <<<<<<

2021-04-11 09:51:04.380 | INFO     | httprunner.runner:__run_step:292 - run step begin: /v3/api/colla/members >>>>>>
2021-04-11 09:51:04.515 | DEBUG    | httprunner.client:request:186 - client IP: 192.168.1.7, Port: 61633
2021-04-11 09:51:04.519 | DEBUG    | httprunner.client:request:194 - server IP: 111.19.233.243, Port: 443
2021-04-11 09:51:04.526 | DEBUG    | httprunner.client:log_print:40 - 
================== request details ==================
method   : GET
url      : https://api2.mubu.com/v3/api/colla/members?memberId=5242742441223623&documentId=67I4LPWNNf_
headers  : {
    "User-Agent": "HttpRunner/3.1.4",
    "Accept-Encoding": "gzip, deflate, br",
    "Accept": "application/json, text/plain, */*",
    "Connection": "keep-alive",
    "host1": "api2.mubu.com",
    "Jwt-Token": "eyJ0eXAiOiJKV1QiLCJhbGciOiJIUzUxMiJ9.eyJhcHAiOiJtdWJ1Iiwic3ViIjoiMTE2MjM5NTEiLCJleHAiOjE2MjA2MTMxMTEsImlhdCI6MTYxODAyMTExMX0.vb25B05BHW2VyNB6tlW58F3eVkKnnoQXvc7H-XZIt2jfFisYO4N5NPYAMLT4b5-4XVyIIDcsqaMW5i_OD9Ahyw",
    "Request-Id": "members:5242742441223623:1618021813247",
    "data-unique-id": "5af8ec14-0e06-45fb-948e-5852d15f593a",
    "x-request-id": "c9818f23-e9b5-4a07-95e6-a290de84ca12",
    "Origin": "https://mubu.com",
    "Sec-Fetch-Site": "same-site",
    "Sec-Fetch-Mode": "cors",
    "Sec-Fetch-Dest": "empty",
    "Referer": "https://mubu.com/",
    "Accept-Language": "zh-CN,zh;q=0.9",
    "HRUN-Request-ID": "HRUN-dc5faf80-578e-44fc-aa44-5d32f92db6a1-864385",
    "Cookie": "Jwt-Token=eyJ0eXAiOiJKV1QiLCJhbGciOiJIUzUxMiJ9.eyJhcHAiOiJtdWJ1Iiwic3ViIjoiMTE2MjM5NTEiLCJleHAiOjE2MjA2OTcxNjQsImlhdCI6MTYxODEwNTE2NH0.oGLDVbEo_TpoUFgbxF462ma6YJug2jtCeAQRNJXX7OK6U1zsvpm_vCWewoxzb6MxVdgYCAT7U9NVhnhouju-4A; SESSION=d589dc4e-54ff-4913-a7aa-10bba0b9cf78; user_persistence=ed543ec9-acb1-4a68-8db9-37bc0f94978e"
}
cookies  : {
    "Jwt-Token": "eyJ0eXAiOiJKV1QiLCJhbGciOiJIUzUxMiJ9.eyJhcHAiOiJtdWJ1Iiwic3ViIjoiMTE2MjM5NTEiLCJleHAiOjE2MjA2OTcxNjQsImlhdCI6MTYxODEwNTE2NH0.oGLDVbEo_TpoUFgbxF462ma6YJug2jtCeAQRNJXX7OK6U1zsvpm_vCWewoxzb6MxVdgYCAT7U9NVhnhouju-4A",
    "SESSION": "d589dc4e-54ff-4913-a7aa-10bba0b9cf78",
    "user_persistence": "ed543ec9-acb1-4a68-8db9-37bc0f94978e"
}
body     : None

2021-04-11 09:51:04.539 | DEBUG    | httprunner.client:log_print:40 - 
================== response details ==================
status_code : 200
headers  : {
    "Server": "Tengine",
    "Content-Type": "application/json;charset=UTF-8",
    "Transfer-Encoding": "chunked",
    "Connection": "keep-alive",
    "Date": "Sun, 11 Apr 2021 01:39:26 GMT",
    "Vary": "Accept-Encoding",
    "Access-Control-Allow-Origin": "*",
    "Access-Control-Allow-Methods": "POST,GET,OPTIONS,DELETE,HEAD,PUT",
    "Access-Control-Max-Age": "86400",
    "Access-Control-Allow-Credentials": "true",
    "Access-Control-Allow-Headers": "X-request-Id,x-requested-with,jwt-token,request-id,member-id,Content-Type,X-FILENAME,data-unique-id,AB-Server-Version,Device-Id,token,Channel-Id,channel,system,platform,Channel-Name,version,mubu-app,mubu-desktop,Checksum,user-agent,Origin,Accept",
    "X-Application-Context": "mubu.biz.openapi:online.cn:9487",
    "X-Tt-Logid": "2021041109392601015022203738174057",
    "X-Agw-Info": "fT_jLTWXgb6DiTFU8xk34p2a3uek2l0gE9SRGQFaBwXGNcxcvw_Fw2ZmC17AlbU2MmARLdlS8pFjCyHtHfvX-DZWLwvzz2-RX9-h4yiyfNL-px75iWA1HF_NGrEgXcd7pPTWKqfLC3OnzT3aOw4uJPu7ot4qGWXvrUpJ",
    "X-TRANS-LEVEL": "0",
    "Server-Timing": "inner; dur=16, tt_agw; dur=14",
    "x-tt-trace-host": "01ed43a865a2b838c6c38a2a6a3773ffea2f1b9651a02f31306d6b8ffcdf2436dec0b162a103a8c34987a48a79514c98a651330cc9b5c654e4c617879fbb5e4f7f85bf3480191a54959d4d4ad9acc582f3",
    "x-tt-trace-tag": "id=3;cdn-cache=miss",
    "X-TT-TIMESTAMP": "1618105166.714",
    "Content-Encoding": "gzip",
    "Via": "cache36.l2nu20-8[75,0], vcache45.cn2543[108,0]",
    "Timing-Allow-Origin": "*",
    "EagleId": "6f13e95c16181051666337562e"
}
cookies  : {}
encoding : UTF-8
content_type : application/json;charset=UTF-8
body     : {
    "code": 0,
    "data": {
        "roomVersion": -1,
        "events": []
    }
}

2021-04-11 09:51:04.544 | INFO     | httprunner.client:request:217 - status_code: 200, response_time(ms): 129.21 ms, response_length: 0 bytes
2021-04-11 09:51:04.548 | INFO     | httprunner.response:validate:246 - assert status_code equal 200(int)	==> pass
2021-04-11 09:51:04.549 | INFO     | httprunner.response:validate:246 - assert headers."Content-Type" equal application/json;charset=UTF-8(str)	==> pass
2021-04-11 09:51:04.551 | INFO     | httprunner.response:validate:246 - assert body.code equal 0(int)	==> pass
2021-04-11 09:51:04.552 | INFO     | httprunner.runner:__run_step:304 - run step end: /v3/api/colla/members <<<<<<

2021-04-11 09:51:04.554 | INFO     | httprunner.runner:__run_step:292 - run step begin: /v3/api/colla/message >>>>>>
