2021-04-11 09:51:07.312 | INFO     | httprunner.runner:test_start:450 - Start to run testcase: creat new doc, TestCase ID: e2c5d547-4625-4952-8334-b0b3d64aa08d
2021-04-11 09:51:07.312 | INFO     | httprunner.runner:__run_step:292 - run step begin: login mubu >>>>>>
2021-04-11 09:51:07.312 | INFO     | httprunner.runner:__run_step:292 - run step begin: /api/login/submit >>>>>>
2021-04-11 09:51:07.522 | DEBUG    | httprunner.client:request:186 - client IP: 192.168.1.7, Port: 61636
2021-04-11 09:51:07.532 | DEBUG    | httprunner.client:request:194 - server IP: 111.6.180.99, Port: 443
2021-04-11 09:51:07.542 | DEBUG    | httprunner.client:log_print:40 - 
================== request details ==================
method   : POST
url      : https://mubu.com/api/login/submit
headers  : {
    "User-Agent": "Mozilla/5.0 (Windows NT 10.0; Win64; x64) AppleWebKit/537.36 (KHTML, like Gecko) Chrome/88.0.4324.104 Safari/537.36",
    "Accept-Encoding": "gzip, deflate, br",
    "Accept": "application/json, text/javascript, */*; q=0.01",
    "Connection": "keep-alive",
    "Host": "mubu.com",
    "Content-Length": "47",
    "X-Requested-With": "XMLHttpRequest",
    "Content-Type": "application/x-www-form-urlencoded; charset=UTF-8",
    "Origin": "https://mubu.com",
    "Sec-Fetch-Site": "same-origin",
    "Sec-Fetch-Mode": "cors",
    "Sec-Fetch-Dest": "empty",
    "Referer": "https://mubu.com/login/password",
    "Accept-Language": "zh-CN,zh;q=0.9",
    "Cookie": "data_unique_id=5af8ec14-0e06-45fb-948e-5852d15f593a; _ga=GA1.2.575825054.1617539185; _gid=GA1.2.961331060.1617973416; reg_entrance=https%3A%2F%2Fmubu.com%2F; language=en-US; country=US; Hm_lvt_4426cbb0486a79ea049b4ad52d81b504=1617805446,1617820067,1617981171,1618017226; csrf_token=2ebd2cd9-e587-47d4-b8e3-6bb81d9fe9ce; SESSION=30786ff7-4a20-4a5c-b5aa-9d56f3586db4; _gat=1; reg_prepareId=178b9ae33da-178b9ae33d3-4763-bcdf-9510a0eb4440; reg_focusId=5247c4c4-c1ff-4763-bcdf-178b9ae36b3; SLARDAR_WEB_ID=8d09bf6a-a457-4c0e-a070-fd54f2c2279f; Hm_lpvt_4426cbb0486a79ea049b4ad52d81b504=1618022906",
    "HRUN-Request-ID": "HRUN-e2c5d547-4625-4952-8334-b0b3d64aa08d-867317"
}
cookies  : {
    "Hm_lpvt_4426cbb0486a79ea049b4ad52d81b504": "1618022906",
    "Hm_lvt_4426cbb0486a79ea049b4ad52d81b504": "1617805446,1617820067,1617981171,1618017226",
    "SESSION": "30786ff7-4a20-4a5c-b5aa-9d56f3586db4",
    "SLARDAR_WEB_ID": "8d09bf6a-a457-4c0e-a070-fd54f2c2279f",
    "_ga": "GA1.2.575825054.1617539185",
    "_gat": "1",
    "_gid": "GA1.2.961331060.1617973416",
    "country": "US",
    "csrf_token": "2ebd2cd9-e587-47d4-b8e3-6bb81d9fe9ce",
    "data_unique_id": "5af8ec14-0e06-45fb-948e-5852d15f593a",
    "language": "en-US",
    "reg_entrance": "https%3A%2F%2Fmubu.com%2F",
    "reg_focusId": "5247c4c4-c1ff-4763-bcdf-178b9ae36b3",
    "reg_prepareId": "178b9ae33da-178b9ae33d3-4763-bcdf-9510a0eb4440"
}
body     : phone=18710748230&password=123456&remember=true

2021-04-11 09:51:07.542 | DEBUG    | httprunner.client:log_print:40 - 
================== response details ==================
status_code : 200
headers  : {
    "Server": "Tengine",
    "Content-Type": "application/json;charset=UTF-8",
    "Transfer-Encoding": "chunked",
    "Connection": "keep-alive",
    "Date": "Sun, 11 Apr 2021 01:39:29 GMT",
    "Vary": "Accept-Encoding",
    "X-Application-Context": "ee.mubu.web_server:prod:9480",
    "Set-Cookie": "Jwt-Token=eyJ0eXAiOiJKV1QiLCJhbGciOiJIUzUxMiJ9.eyJhcHAiOiJtdWJ1Iiwic3ViIjoiMTE2MjM5NTEiLCJleHAiOjE2MjA2OTcxNjksImlhdCI6MTYxODEwNTE2OX0.POuzqUHO-fG3x_XHOOf-w4sQd1a4jbS5lAz4RNAHHM0OTzX1xM5OAf4Lovi904j9Xy9SGjB14Hn-9xwlqfMWrQ; Max-Age=2592000; Expires=Tue, 11-May-2021 01:39:29 GMT; Path=/, user_persistence=ed543ec9-acb1-4a68-8db9-37bc0f94978e; Max-Age=2592000; Expires=Tue, 11-May-2021 01:39:29 GMT; Path=/, SESSION=4034228a-8a62-464a-8b29-1e7c1eb12859; Path=/; HttpOnly",
    "server-timing": "inner; dur=17, cdn-cache;desc=MISS,edge;dur=0,origin;dur=48",
    "x-tt-trace-host": "0117c27e7cbf31ce1b980736037cd8eaea5bee3dbb3738b8ca7282be6e1a1cd8cb3eb78260284e1d5fe3af76ca391779f1c3fdc13ae45bf927dac345cb0d71a0672944908267afc02a8ebb3f6199879e19",
    "x-tt-trace-tag": "id=03;cdn-cache=miss;type=dyn",
    "X-TT-TIMESTAMP": "1618105169.742",
    "Content-Encoding": "gzip",
    "Via": "cache4.cn1015[48,0]",
    "Timing-Allow-Origin": "*",
    "EagleId": "6f06b41816181051697028634e"
}
cookies  : {
    "Jwt-Token": "eyJ0eXAiOiJKV1QiLCJhbGciOiJIUzUxMiJ9.eyJhcHAiOiJtdWJ1Iiwic3ViIjoiMTE2MjM5NTEiLCJleHAiOjE2MjA2OTcxNjksImlhdCI6MTYxODEwNTE2OX0.POuzqUHO-fG3x_XHOOf-w4sQd1a4jbS5lAz4RNAHHM0OTzX1xM5OAf4Lovi904j9Xy9SGjB14Hn-9xwlqfMWrQ",
    "SESSION": "4034228a-8a62-464a-8b29-1e7c1eb12859",
    "user_persistence": "ed543ec9-acb1-4a68-8db9-37bc0f94978e"
}
encoding : UTF-8
content_type : application/json;charset=UTF-8
body     : {
    "code": 0,
    "msg": null,
    "data": {
        "next": "/list"
    }
}

2021-04-11 09:51:07.552 | INFO     | httprunner.client:request:217 - status_code: 200, response_time(ms): 204.99 ms, response_length: 0 bytes
2021-04-11 09:51:07.557 | INFO     | httprunner.response:extract:176 - extract mapping: {'unreadCount': 0}
2021-04-11 09:51:07.557 | INFO     | httprunner.response:validate:246 - assert status_code equal 200(int)	==> pass
2021-04-11 09:51:07.562 | INFO     | httprunner.response:validate:246 - assert headers."Content-Type" equal application/json;charset=UTF-8(str)	==> pass
2021-04-11 09:51:07.562 | INFO     | httprunner.response:validate:246 - assert body.code equal 0(int)	==> pass
2021-04-11 09:51:07.562 | INFO     | httprunner.response:validate:246 - assert body.msg equal None(NoneType)	==> pass
2021-04-11 09:51:07.572 | INFO     | httprunner.runner:__run_step:304 - run step end: /api/login/submit <<<<<<

2021-04-11 09:51:07.572 | INFO     | httprunner.runner:__run_step_testcase:286 - export variables: {'unreadCount': 0}
2021-04-11 09:51:07.577 | INFO     | httprunner.runner:__run_step:304 - run step end: login mubu <<<<<<

2021-04-11 09:51:07.577 | INFO     | httprunner.runner:__run_step:292 - run step begin: /v3/api/user/profile >>>>>>
2021-04-11 09:51:07.862 | DEBUG    | httprunner.client:request:186 - client IP: 192.168.1.7, Port: 61637
2021-04-11 09:51:07.882 | DEBUG    | httprunner.client:request:194 - server IP: 111.19.233.243, Port: 443
2021-04-11 09:51:07.892 | DEBUG    | httprunner.client:log_print:40 - 
================== request details ==================
method   : POST
url      : https://api2.mubu.com/v3/api/user/profile
headers  : {
    "User-Agent": "HttpRunner/3.1.4",
    "Accept-Encoding": "gzip, deflate, br",
    "Accept": "application/json, text/plain, */*",
    "Connection": "keep-alive",
    "host1": "api2.mubu.com",
    "unreadCount": "'0'",
    "Content-Length": "0",
    "Jwt-Token": "eyJ0eXAiOiJKV1QiLCJhbGciOiJIUzUxMiJ9.eyJhcHAiOiJtdWJ1Iiwic3ViIjoiMTE2MjM5NTEiLCJleHAiOjE2MjA2MTMxMTEsImlhdCI6MTYxODAyMTExMX0.vb25B05BHW2VyNB6tlW58F3eVkKnnoQXvc7H-XZIt2jfFisYO4N5NPYAMLT4b5-4XVyIIDcsqaMW5i_OD9Ahyw",
    "data-unique-id": "5af8ec14-0e06-45fb-948e-5852d15f593a",
    "x-request-id": "36b69f65-6593-4beb-8cd6-8085c5366931",
    "version": "3.0.0.21328",
    "Origin": "https://mubu.com",
    "Sec-Fetch-Site": "same-site",
    "Sec-Fetch-Mode": "cors",
    "Sec-Fetch-Dest": "empty",
    "Referer": "https://mubu.com/",
    "Accept-Language": "zh-CN,zh;q=0.9",
    "HRUN-Request-ID": "HRUN-e2c5d547-4625-4952-8334-b0b3d64aa08d-867582",
    "Cookie": "Jwt-Token=eyJ0eXAiOiJKV1QiLCJhbGciOiJIUzUxMiJ9.eyJhcHAiOiJtdWJ1Iiwic3ViIjoiMTE2MjM5NTEiLCJleHAiOjE2MjA2OTcxNjksImlhdCI6MTYxODEwNTE2OX0.POuzqUHO-fG3x_XHOOf-w4sQd1a4jbS5lAz4RNAHHM0OTzX1xM5OAf4Lovi904j9Xy9SGjB14Hn-9xwlqfMWrQ; SESSION=4034228a-8a62-464a-8b29-1e7c1eb12859; user_persistence=ed543ec9-acb1-4a68-8db9-37bc0f94978e"
}
cookies  : {
    "Jwt-Token": "eyJ0eXAiOiJKV1QiLCJhbGciOiJIUzUxMiJ9.eyJhcHAiOiJtdWJ1Iiwic3ViIjoiMTE2MjM5NTEiLCJleHAiOjE2MjA2OTcxNjksImlhdCI6MTYxODEwNTE2OX0.POuzqUHO-fG3x_XHOOf-w4sQd1a4jbS5lAz4RNAHHM0OTzX1xM5OAf4Lovi904j9Xy9SGjB14Hn-9xwlqfMWrQ",
    "SESSION": "4034228a-8a62-464a-8b29-1e7c1eb12859",
    "user_persistence": "ed543ec9-acb1-4a68-8db9-37bc0f94978e"
}
body     : None

2021-04-11 09:51:07.892 | DEBUG    | httprunner.client:log_print:40 - 
================== response details ==================
status_code : 200
headers  : {
    "Server": "Tengine",
    "Content-Type": "application/json;charset=UTF-8",
    "Transfer-Encoding": "chunked",
    "Connection": "keep-alive",
    "Date": "Sun, 11 Apr 2021 01:39:30 GMT",
    "Vary": "Accept-Encoding",
    "Access-Control-Allow-Origin": "*",
    "Access-Control-Allow-Methods": "POST,GET,OPTIONS,DELETE,HEAD,PUT",
    "Access-Control-Max-Age": "86400",
    "Access-Control-Allow-Credentials": "true",
    "Access-Control-Allow-Headers": "X-request-Id,x-requested-with,jwt-token,request-id,member-id,Content-Type,X-FILENAME,data-unique-id,AB-Server-Version,Device-Id,token,Channel-Id,channel,system,platform,Channel-Name,version,mubu-app,mubu-desktop,Checksum,user-agent,Origin,Accept",
    "X-Application-Context": "mubu.biz.openapi:online.cn:9318",
    "X-Tt-Logid": "2021041109393001021220208103476D6E",
    "X-Agw-Info": "byc3BFkgT8f6dooAAc5m_NpKP1FKARWoh6wSfME5FmJ_22YGS7Rs_Uupp5IAS4ARrsKJjIzmiPZNMrlsUYcHO3GS3e57yuqjULF3UTWpMhHddm8EvFqbhz-J6O07FelF66KRsV8LDA3Hr6lDxqiy5Uz9jkZ84z5XsTII",
    "X-TRANS-LEVEL": "0",
    "Server-Timing": "inner; dur=21, tt_agw; dur=20",
    "x-tt-trace-host": "014a903e23e62e33f03c416fc5a381b96feb205911575e993a2f4e2516ede7ef62c3b1afaa1eaa58da44aca59f0036710db54f24b1669860bd5e892d9bb532d8d40ab091d3248fcef88a642b0adbe59b25",
    "x-tt-trace-tag": "id=3;cdn-cache=miss",
    "X-TT-TIMESTAMP": "1618105170.075",
    "Content-Encoding": "gzip",
    "Via": "cache54.l2nu20-8[47,0], vcache22.cn2543[72,0]",
    "Timing-Allow-Origin": "*",
    "EagleId": "6f13e92a16181051700198705e"
}
cookies  : {}
encoding : UTF-8
content_type : application/json;charset=UTF-8
body     : {
    "code": 0,
    "data": {
        "expert": false,
        "setEncryptPassword": false,
        "level": 1,
        "student": 0,
        "photo": "photo/DEFAULT-AVATAR-4482106c-ebf8-440b-9e78-9ac055769f7a.jpg",
        "wxId": "",
        "passSecure": true,
        "sort": "time",
        "qqId": "",
        "sermon": false,
        "view": "grid",
        "phone": "18710748230",
        "inviteCount": 0,
        "name": "\u5e55\u5e03\u7528\u623748231216",
        "id": 11623951,
        "qqName": "",
        "wxName": "",
        "vipEndDate": "20210419"
    }
}

2021-04-11 09:51:07.902 | INFO     | httprunner.client:request:217 - status_code: 200, response_time(ms): 279.8 ms, response_length: 0 bytes
2021-04-11 09:51:07.907 | INFO     | httprunner.response:validate:246 - assert status_code equal 200(int)	==> pass
2021-04-11 09:51:07.912 | INFO     | httprunner.response:validate:246 - assert headers."Content-Type" equal application/json;charset=UTF-8(str)	==> pass
2021-04-11 09:51:07.917 | INFO     | httprunner.response:validate:246 - assert body.code equal 0(int)	==> pass
2021-04-11 09:51:07.917 | INFO     | httprunner.runner:__run_step:304 - run step end: /v3/api/user/profile <<<<<<

2021-04-11 09:51:07.922 | INFO     | httprunner.runner:__run_step:292 - run step begin: /v3/api/list/get >>>>>>
2021-04-11 09:51:08.038 | DEBUG    | httprunner.client:request:186 - client IP: 192.168.1.7, Port: 61637
2021-04-11 09:51:08.041 | DEBUG    | httprunner.client:request:194 - server IP: 111.19.233.243, Port: 443
2021-04-11 09:51:08.046 | DEBUG    | httprunner.client:log_print:40 - 
================== request details ==================
method   : POST
url      : https://api2.mubu.com/v3/api/list/get
headers  : {
    "User-Agent": "HttpRunner/3.1.4",
    "Accept-Encoding": "gzip, deflate, br",
    "Accept": "application/json, text/plain, */*",
    "Connection": "keep-alive",
    "host1": "api2.mubu.com",
    "Content-Length": "65",
    "Jwt-Token": "eyJ0eXAiOiJKV1QiLCJhbGciOiJIUzUxMiJ9.eyJhcHAiOiJtdWJ1Iiwic3ViIjoiMTE2MjM5NTEiLCJleHAiOjE2MjA2MTMxMTEsImlhdCI6MTYxODAyMTExMX0.vb25B05BHW2VyNB6tlW58F3eVkKnnoQXvc7H-XZIt2jfFisYO4N5NPYAMLT4b5-4XVyIIDcsqaMW5i_OD9Ahyw",
    "Content-Type": "application/json;charset=UTF-8",
    "data-unique-id": "5af8ec14-0e06-45fb-948e-5852d15f593a",
    "x-request-id": "9579260e-0080-4965-9e33-48a0632fe48d",
    "version": "3.0.0.21328",
    "Origin": "https://mubu.com",
    "Sec-Fetch-Site": "same-site",
    "Sec-Fetch-Mode": "cors",
    "Sec-Fetch-Dest": "empty",
    "Referer": "https://mubu.com/",
    "Accept-Language": "zh-CN,zh;q=0.9",
    "HRUN-Request-ID": "HRUN-e2c5d547-4625-4952-8334-b0b3d64aa08d-867930",
    "Cookie": "Jwt-Token=eyJ0eXAiOiJKV1QiLCJhbGciOiJIUzUxMiJ9.eyJhcHAiOiJtdWJ1Iiwic3ViIjoiMTE2MjM5NTEiLCJleHAiOjE2MjA2OTcxNjksImlhdCI6MTYxODEwNTE2OX0.POuzqUHO-fG3x_XHOOf-w4sQd1a4jbS5lAz4RNAHHM0OTzX1xM5OAf4Lovi904j9Xy9SGjB14Hn-9xwlqfMWrQ; SESSION=4034228a-8a62-464a-8b29-1e7c1eb12859; user_persistence=ed543ec9-acb1-4a68-8db9-37bc0f94978e"
}
cookies  : {
    "Jwt-Token": "eyJ0eXAiOiJKV1QiLCJhbGciOiJIUzUxMiJ9.eyJhcHAiOiJtdWJ1Iiwic3ViIjoiMTE2MjM5NTEiLCJleHAiOjE2MjA2OTcxNjksImlhdCI6MTYxODEwNTE2OX0.POuzqUHO-fG3x_XHOOf-w4sQd1a4jbS5lAz4RNAHHM0OTzX1xM5OAf4Lovi904j9Xy9SGjB14Hn-9xwlqfMWrQ",
    "SESSION": "4034228a-8a62-464a-8b29-1e7c1eb12859",
    "user_persistence": "ed543ec9-acb1-4a68-8db9-37bc0f94978e"
}
body     : {
    "folderId": 0,
    "sort": "time",
    "keywords": "",
    "source": "home"
}

2021-04-11 09:51:08.051 | DEBUG    | httprunner.client:log_print:40 - 
================== response details ==================
status_code : 200
headers  : {
    "Server": "Tengine",
    "Content-Type": "application/json;charset=UTF-8",
    "Transfer-Encoding": "chunked",
    "Connection": "keep-alive",
    "Date": "Sun, 11 Apr 2021 01:39:30 GMT",
    "Vary": "Accept-Encoding",
    "Access-Control-Allow-Origin": "*",
    "Access-Control-Allow-Methods": "POST,GET,OPTIONS,DELETE,HEAD,PUT",
    "Access-Control-Max-Age": "86400",
    "Access-Control-Allow-Credentials": "true",
    "Access-Control-Allow-Headers": "X-request-Id,x-requested-with,jwt-token,request-id,member-id,Content-Type,X-FILENAME,data-unique-id,AB-Server-Version,Device-Id,token,Channel-Id,channel,system,platform,Channel-Name,version,mubu-app,mubu-desktop,Checksum,user-agent,Origin,Accept",
    "X-Application-Context": "mubu.biz.openapi:online.cn:9495",
    "X-Tt-Logid": "202104110939300102121621485247B665",
    "X-Agw-Info": "gFyqxNaXXxPCsaQcu3mYPqXwqAl2TzefJyTd071stCb9zkyl9X0q2joF--CDehZi59HvHMRwN0_S8ezfvRw-5LgUfRyImqBLBmnWofzdCraD9_O0qdLOfQza7quOBnWwl0FqviGxb1UYGMrBSvubbCs2Kxi4eDBIMSsq",
    "X-TRANS-LEVEL": "0",
    "Server-Timing": "inner; dur=5, tt_agw; dur=4",
    "x-tt-trace-host": "014a903e23e62e33f03c416fc5a381b96fc109619c72ee934e4469d00bb81a8b58830f8e928873a7be939922f13fb69a8961a19bdcca5b3e6e5eb302361129ef45439c6360cd58a4a385315318c5d81079",
    "x-tt-trace-tag": "id=3;cdn-cache=miss",
    "X-TT-TIMESTAMP": "1618105170.228",
    "Content-Encoding": "gzip",
    "Via": "cache30.l2nu20-8[19,0], vcache22.cn2543[85,0]",
    "Timing-Allow-Origin": "*",
    "EagleId": "6f13e92a16181051701708931e"
}
cookies  : {}
encoding : UTF-8
content_type : application/json;charset=UTF-8
body     : {
    "code": 0,
    "data": {
        "folders": [],
        "documents": [],
        "source": "home",
        "dir": [],
        "folderId": "0"
    }
}

2021-04-11 09:51:08.056 | INFO     | httprunner.client:request:217 - status_code: 200, response_time(ms): 108.23 ms, response_length: 0 bytes
2021-04-11 09:51:08.059 | INFO     | httprunner.response:validate:246 - assert status_code equal 200(int)	==> pass
2021-04-11 09:51:08.062 | INFO     | httprunner.response:validate:246 - assert headers."Content-Type" equal application/json;charset=UTF-8(str)	==> pass
2021-04-11 09:51:08.065 | INFO     | httprunner.response:validate:246 - assert body.code equal 0(int)	==> pass
2021-04-11 09:51:08.068 | INFO     | httprunner.runner:__run_step:304 - run step end: /v3/api/list/get <<<<<<

2021-04-11 09:51:08.071 | INFO     | httprunner.runner:__run_step:292 - run step begin: /v3/api/list/item_count >>>>>>
2021-04-11 09:51:08.168 | DEBUG    | httprunner.client:request:186 - client IP: 192.168.1.7, Port: 61637
2021-04-11 09:51:08.172 | DEBUG    | httprunner.client:request:194 - server IP: 111.19.233.243, Port: 443
2021-04-11 09:51:08.178 | DEBUG    | httprunner.client:log_print:40 - 
================== request details ==================
method   : POST
url      : https://api2.mubu.com/v3/api/list/item_count
headers  : {
    "User-Agent": "HttpRunner/3.1.4",
    "Accept-Encoding": "gzip, deflate, br",
    "Accept": "application/json, text/plain, */*",
    "Connection": "keep-alive",
    "host1": "api2.mubu.com",
    "Content-Length": "33",
    "Jwt-Token": "eyJ0eXAiOiJKV1QiLCJhbGciOiJIUzUxMiJ9.eyJhcHAiOiJtdWJ1Iiwic3ViIjoiMTE2MjM5NTEiLCJleHAiOjE2MjA2MTMxMTEsImlhdCI6MTYxODAyMTExMX0.vb25B05BHW2VyNB6tlW58F3eVkKnnoQXvc7H-XZIt2jfFisYO4N5NPYAMLT4b5-4XVyIIDcsqaMW5i_OD9Ahyw",
    "Content-Type": "application/json;charset=UTF-8",
    "data-unique-id": "5af8ec14-0e06-45fb-948e-5852d15f593a",
    "x-request-id": "66790345-9de9-4e98-9c10-38158e23a545",
    "version": "3.0.0.21328",
    "Origin": "https://mubu.com",
    "Sec-Fetch-Site": "same-site",
    "Sec-Fetch-Mode": "cors",
    "Sec-Fetch-Dest": "empty",
    "Referer": "https://mubu.com/",
    "Accept-Language": "zh-CN,zh;q=0.9",
    "HRUN-Request-ID": "HRUN-e2c5d547-4625-4952-8334-b0b3d64aa08d-868075",
    "Cookie": "Jwt-Token=eyJ0eXAiOiJKV1QiLCJhbGciOiJIUzUxMiJ9.eyJhcHAiOiJtdWJ1Iiwic3ViIjoiMTE2MjM5NTEiLCJleHAiOjE2MjA2OTcxNjksImlhdCI6MTYxODEwNTE2OX0.POuzqUHO-fG3x_XHOOf-w4sQd1a4jbS5lAz4RNAHHM0OTzX1xM5OAf4Lovi904j9Xy9SGjB14Hn-9xwlqfMWrQ; SESSION=4034228a-8a62-464a-8b29-1e7c1eb12859; user_persistence=ed543ec9-acb1-4a68-8db9-37bc0f94978e"
}
cookies  : {
    "Jwt-Token": "eyJ0eXAiOiJKV1QiLCJhbGciOiJIUzUxMiJ9.eyJhcHAiOiJtdWJ1Iiwic3ViIjoiMTE2MjM5NTEiLCJleHAiOjE2MjA2OTcxNjksImlhdCI6MTYxODEwNTE2OX0.POuzqUHO-fG3x_XHOOf-w4sQd1a4jbS5lAz4RNAHHM0OTzX1xM5OAf4Lovi904j9Xy9SGjB14Hn-9xwlqfMWrQ",
    "SESSION": "4034228a-8a62-464a-8b29-1e7c1eb12859",
    "user_persistence": "ed543ec9-acb1-4a68-8db9-37bc0f94978e"
}
body     : {
    "folderId": 0,
    "source": "home"
}

2021-04-11 09:51:08.185 | DEBUG    | httprunner.client:log_print:40 - 
================== response details ==================
status_code : 200
headers  : {
    "Server": "Tengine",
    "Content-Type": "application/json;charset=UTF-8",
    "Transfer-Encoding": "chunked",
    "Connection": "keep-alive",
    "Date": "Sun, 11 Apr 2021 01:39:30 GMT",
    "Vary": "Accept-Encoding",
    "Access-Control-Allow-Origin": "*",
    "Access-Control-Allow-Methods": "POST,GET,OPTIONS,DELETE,HEAD,PUT",
    "Access-Control-Max-Age": "86400",
    "Access-Control-Allow-Credentials": "true",
    "Access-Control-Allow-Headers": "X-request-Id,x-requested-with,jwt-token,request-id,member-id,Content-Type,X-FILENAME,data-unique-id,AB-Server-Version,Device-Id,token,Channel-Id,channel,system,platform,Channel-Name,version,mubu-app,mubu-desktop,Checksum,user-agent,Origin,Accept",
    "X-Application-Context": "mubu.biz.openapi:online.cn:9317",
    "X-Tt-Logid": "2021041109393001021219804627478939",
    "X-Agw-Info": "kUj8TGyoItO7WD40Gz193KFkm9NuegUz4Zk-RPyuz1cm-T8ikL1GsBcvI9d-dmnsWs_QHzsSeZ5CktK2u4zX8dvaqvWUQsN43de-VtexOLukaXeEJSdS0V5Rw5Cpg5Oj5_rZe_vBHDa4LItoEJXtPU4R9GoqCP8w1BQE",
    "X-TRANS-LEVEL": "0",
    "Server-Timing": "inner; dur=20, tt_agw; dur=18",
    "x-tt-trace-host": "014a903e23e62e33f03c416fc5a381b96feb205911575e993a2f4e2516ede7ef62dc4135cb6165f2b8be4f594c92ccaf65bda594bf3528598e7563fe8cb4dd419169a0978fb5979fd39bca5e51abad9cb4",
    "x-tt-trace-tag": "id=3;cdn-cache=miss",
    "X-TT-TIMESTAMP": "1618105170.373",
    "Content-Encoding": "gzip",
    "Via": "cache54.l2nu20-8[45,0], vcache22.cn2543[74,0]",
    "Timing-Allow-Origin": "*",
    "EagleId": "6f13e92a16181051703181190e"
}
cookies  : {}
encoding : UTF-8
content_type : application/json;charset=UTF-8
body     : {
    "code": 0,
    "data": {
        "folder": {},
        "doc": {}
    }
}

2021-04-11 09:51:08.189 | INFO     | httprunner.client:request:217 - status_code: 200, response_time(ms): 92.88 ms, response_length: 0 bytes
2021-04-11 09:51:08.194 | INFO     | httprunner.response:validate:246 - assert status_code equal 200(int)	==> pass
2021-04-11 09:51:08.197 | INFO     | httprunner.response:validate:246 - assert headers."Content-Type" equal application/json;charset=UTF-8(str)	==> pass
2021-04-11 09:51:08.199 | INFO     | httprunner.response:validate:246 - assert body.code equal 0(int)	==> pass
2021-04-11 09:51:08.202 | INFO     | httprunner.runner:__run_step:304 - run step end: /v3/api/list/item_count <<<<<<

2021-04-11 09:51:08.205 | INFO     | httprunner.runner:__run_step:292 - run step begin: /v3/api/list/star_relation/get >>>>>>
2021-04-11 09:51:08.304 | DEBUG    | httprunner.client:request:186 - client IP: 192.168.1.7, Port: 61637
2021-04-11 09:51:08.306 | DEBUG    | httprunner.client:request:194 - server IP: 111.19.233.243, Port: 443
2021-04-11 09:51:08.308 | DEBUG    | httprunner.client:log_print:40 - 
================== request details ==================
method   : GET
url      : https://api2.mubu.com/v3/api/list/star_relation/get
headers  : {
    "User-Agent": "HttpRunner/3.1.4",
    "Accept-Encoding": "gzip, deflate, br",
    "Accept": "application/json, text/plain, */*",
    "Connection": "keep-alive",
    "host1": "api2.mubu.com",
    "Jwt-Token": "eyJ0eXAiOiJKV1QiLCJhbGciOiJIUzUxMiJ9.eyJhcHAiOiJtdWJ1Iiwic3ViIjoiMTE2MjM5NTEiLCJleHAiOjE2MjA2MTMxMTEsImlhdCI6MTYxODAyMTExMX0.vb25B05BHW2VyNB6tlW58F3eVkKnnoQXvc7H-XZIt2jfFisYO4N5NPYAMLT4b5-4XVyIIDcsqaMW5i_OD9Ahyw",
    "data-unique-id": "5af8ec14-0e06-45fb-948e-5852d15f593a",
    "x-request-id": "122196df-0f64-49f6-9f60-d72c7b50b47c",
    "version": "3.0.0.21328",
    "Origin": "https://mubu.com",
    "Sec-Fetch-Site": "same-site",
    "Sec-Fetch-Mode": "cors",
    "Sec-Fetch-Dest": "empty",
    "Referer": "https://mubu.com/",
    "Accept-Language": "zh-CN,zh;q=0.9",
    "HRUN-Request-ID": "HRUN-e2c5d547-4625-4952-8334-b0b3d64aa08d-868208",
    "Cookie": "Jwt-Token=eyJ0eXAiOiJKV1QiLCJhbGciOiJIUzUxMiJ9.eyJhcHAiOiJtdWJ1Iiwic3ViIjoiMTE2MjM5NTEiLCJleHAiOjE2MjA2OTcxNjksImlhdCI6MTYxODEwNTE2OX0.POuzqUHO-fG3x_XHOOf-w4sQd1a4jbS5lAz4RNAHHM0OTzX1xM5OAf4Lovi904j9Xy9SGjB14Hn-9xwlqfMWrQ; SESSION=4034228a-8a62-464a-8b29-1e7c1eb12859; user_persistence=ed543ec9-acb1-4a68-8db9-37bc0f94978e"
}
cookies  : {
    "Jwt-Token": "eyJ0eXAiOiJKV1QiLCJhbGciOiJIUzUxMiJ9.eyJhcHAiOiJtdWJ1Iiwic3ViIjoiMTE2MjM5NTEiLCJleHAiOjE2MjA2OTcxNjksImlhdCI6MTYxODEwNTE2OX0.POuzqUHO-fG3x_XHOOf-w4sQd1a4jbS5lAz4RNAHHM0OTzX1xM5OAf4Lovi904j9Xy9SGjB14Hn-9xwlqfMWrQ",
    "SESSION": "4034228a-8a62-464a-8b29-1e7c1eb12859",
    "user_persistence": "ed543ec9-acb1-4a68-8db9-37bc0f94978e"
}
body     : None

2021-04-11 09:51:08.310 | DEBUG    | httprunner.client:log_print:40 - 
================== response details ==================
status_code : 200
headers  : {
    "Server": "Tengine",
    "Content-Type": "application/json;charset=UTF-8",
    "Transfer-Encoding": "chunked",
    "Connection": "keep-alive",
    "Date": "Sun, 11 Apr 2021 01:39:30 GMT",
    "Vary": "Accept-Encoding",
    "Access-Control-Allow-Origin": "*",
    "Access-Control-Allow-Methods": "POST,GET,OPTIONS,DELETE,HEAD,PUT",
    "Access-Control-Max-Age": "86400",
    "Access-Control-Allow-Credentials": "true",
    "Access-Control-Allow-Headers": "X-request-Id,x-requested-with,jwt-token,request-id,member-id,Content-Type,X-FILENAME,data-unique-id,AB-Server-Version,Device-Id,token,Channel-Id,channel,system,platform,Channel-Name,version,mubu-app,mubu-desktop,Checksum,user-agent,Origin,Accept",
    "X-Application-Context": "mubu.biz.openapi:online.cn:9420",
    "X-Tt-Logid": "202104110939300102121521574E47B6FF",
    "X-Agw-Info": "wEdN8Pl_CxRHaethgLq4WCeqpNNczTeA8y4IXxgw8fepL6nyarr58Q-QoY9iCXRmQ1V1SuJLQGR635loHCbnkrO5JT2URUE-xERLPQaJPapTKx9TM6LFvdqtPjlRiGEOSUQ9c7DUa384jr5azHRaFKWolXZbFw8Wlz4=",
    "X-TRANS-LEVEL": "0",
    "Server-Timing": "inner; dur=13, tt_agw; dur=12",
    "x-tt-trace-host": "01ed43a865a2b838c6c38a2a6a3773ffeaac3bc09c8763cdc6dc1a70540d7d6baf34499ea2a23cf5d2c78d8a0bb25324deda39659a394795b09fbf767f56008054ef7a509b6259bf02eb509cef84f9361e",
    "x-tt-trace-tag": "id=3;cdn-cache=miss",
    "X-TT-TIMESTAMP": "1618105170.514",
    "Content-Encoding": "gzip",
    "Via": "cache54.l2nu20-8[61,0], vcache22.cn2543[87,0]",
    "Timing-Allow-Origin": "*",
    "EagleId": "6f13e92a16181051704451430e"
}
cookies  : {}
encoding : UTF-8
content_type : application/json;charset=UTF-8
body     : {
    "code": 0,
    "data": []
}

2021-04-11 09:51:08.311 | INFO     | httprunner.client:request:217 - status_code: 200, response_time(ms): 95.07 ms, response_length: 0 bytes
2021-04-11 09:51:08.313 | INFO     | httprunner.response:validate:246 - assert status_code equal 200(int)	==> pass
2021-04-11 09:51:08.315 | INFO     | httprunner.response:validate:246 - assert headers."Content-Type" equal application/json;charset=UTF-8(str)	==> pass
2021-04-11 09:51:08.316 | INFO     | httprunner.response:validate:246 - assert body.code equal 0(int)	==> pass
2021-04-11 09:51:08.317 | INFO     | httprunner.runner:__run_step:304 - run step end: /v3/api/list/star_relation/get <<<<<<

2021-04-11 09:51:08.318 | INFO     | httprunner.runner:__run_step:292 - run step begin: /v3/api/user/get_user_params >>>>>>
2021-04-11 09:51:08.408 | DEBUG    | httprunner.client:request:186 - client IP: 192.168.1.7, Port: 61637
2021-04-11 09:51:08.411 | DEBUG    | httprunner.client:request:194 - server IP: 111.19.233.243, Port: 443
2021-04-11 09:51:08.416 | DEBUG    | httprunner.client:log_print:40 - 
================== request details ==================
method   : POST
url      : https://api2.mubu.com/v3/api/user/get_user_params
headers  : {
    "User-Agent": "HttpRunner/3.1.4",
    "Accept-Encoding": "gzip, deflate, br",
    "Accept": "application/json, text/plain, */*",
    "Connection": "keep-alive",
    "host1": "api2.mubu.com",
    "Content-Length": "0",
    "Jwt-Token": "eyJ0eXAiOiJKV1QiLCJhbGciOiJIUzUxMiJ9.eyJhcHAiOiJtdWJ1Iiwic3ViIjoiMTE2MjM5NTEiLCJleHAiOjE2MjA2MTMxMTEsImlhdCI6MTYxODAyMTExMX0.vb25B05BHW2VyNB6tlW58F3eVkKnnoQXvc7H-XZIt2jfFisYO4N5NPYAMLT4b5-4XVyIIDcsqaMW5i_OD9Ahyw",
    "data-unique-id": "5af8ec14-0e06-45fb-948e-5852d15f593a",
    "x-request-id": "0dade813-e90c-4e1d-b509-ccd1af1460a4",
    "version": "3.0.0.21328",
    "Origin": "https://mubu.com",
    "Sec-Fetch-Site": "same-site",
    "Sec-Fetch-Mode": "cors",
    "Sec-Fetch-Dest": "empty",
    "Referer": "https://mubu.com/",
    "Accept-Language": "zh-CN,zh;q=0.9",
    "HRUN-Request-ID": "HRUN-e2c5d547-4625-4952-8334-b0b3d64aa08d-868320",
    "Cookie": "Jwt-Token=eyJ0eXAiOiJKV1QiLCJhbGciOiJIUzUxMiJ9.eyJhcHAiOiJtdWJ1Iiwic3ViIjoiMTE2MjM5NTEiLCJleHAiOjE2MjA2OTcxNjksImlhdCI6MTYxODEwNTE2OX0.POuzqUHO-fG3x_XHOOf-w4sQd1a4jbS5lAz4RNAHHM0OTzX1xM5OAf4Lovi904j9Xy9SGjB14Hn-9xwlqfMWrQ; SESSION=4034228a-8a62-464a-8b29-1e7c1eb12859; user_persistence=ed543ec9-acb1-4a68-8db9-37bc0f94978e"
}
cookies  : {
    "Jwt-Token": "eyJ0eXAiOiJKV1QiLCJhbGciOiJIUzUxMiJ9.eyJhcHAiOiJtdWJ1Iiwic3ViIjoiMTE2MjM5NTEiLCJleHAiOjE2MjA2OTcxNjksImlhdCI6MTYxODEwNTE2OX0.POuzqUHO-fG3x_XHOOf-w4sQd1a4jbS5lAz4RNAHHM0OTzX1xM5OAf4Lovi904j9Xy9SGjB14Hn-9xwlqfMWrQ",
    "SESSION": "4034228a-8a62-464a-8b29-1e7c1eb12859",
    "user_persistence": "ed543ec9-acb1-4a68-8db9-37bc0f94978e"
}
body     : None

2021-04-11 09:51:08.421 | DEBUG    | httprunner.client:log_print:40 - 
================== response details ==================
status_code : 200
headers  : {
    "Server": "Tengine",
    "Content-Type": "application/json;charset=UTF-8",
    "Transfer-Encoding": "chunked",
    "Connection": "keep-alive",
    "Date": "Sun, 11 Apr 2021 01:39:30 GMT",
    "Vary": "Accept-Encoding",
    "Access-Control-Allow-Origin": "*",
    "Access-Control-Allow-Methods": "POST,GET,OPTIONS,DELETE,HEAD,PUT",
    "Access-Control-Max-Age": "86400",
    "Access-Control-Allow-Credentials": "true",
    "Access-Control-Allow-Headers": "X-request-Id,x-requested-with,jwt-token,request-id,member-id,Content-Type,X-FILENAME,data-unique-id,AB-Server-Version,Device-Id,token,Channel-Id,channel,system,platform,Channel-Name,version,mubu-app,mubu-desktop,Checksum,user-agent,Origin,Accept",
    "X-Application-Context": "mubu.biz.openapi:online.cn:9452",
    "X-Tt-Logid": "202104110939300102121660841547252F",
    "X-Agw-Info": "IpplhqdOo0UC4n9UGAxnULeJXleDt28uaaATDDqxN1PZO2IBMpyQygNYqL2LA24Kzf7UV-wZgcW-qrlEBgPiXjEbsmtlEyC_ylan4I8Y7vKTDHV1EBIjx-IfQSnNVWQqEjJCrLXJSLIhiNTgp9QbyVHEJqEw6H-L4pI=",
    "X-TRANS-LEVEL": "0",
    "Server-Timing": "inner; dur=8, tt_agw; dur=7",
    "x-tt-trace-host": "01ed43a865a2b838c6c38a2a6a3773ffeaa40d16b87bb24cd842d14443dcd75076db701a5d0e0a914cbaccddbf1d666596aa6a97b14b6d4c8473008d74f83f3b88f9f5422509948ca036023e30da464f55",
    "x-tt-trace-tag": "id=3;cdn-cache=miss",
    "X-TT-TIMESTAMP": "1618105170.604",
    "Content-Encoding": "gzip",
    "Via": "cache30.l2nu20-8[42,0], vcache22.cn2543[77,0]",
    "Timing-Allow-Origin": "*",
    "EagleId": "6f13e92a16181051705561615e"
}
cookies  : {}
encoding : UTF-8
content_type : application/json;charset=UTF-8
body     : {
    "code": 0,
    "data": {
        "source": "",
        "ABVersionsId": ""
    }
}

2021-04-11 09:51:08.426 | INFO     | httprunner.client:request:217 - status_code: 200, response_time(ms): 88.78 ms, response_length: 0 bytes
2021-04-11 09:51:08.429 | INFO     | httprunner.response:validate:246 - assert status_code equal 200(int)	==> pass
2021-04-11 09:51:08.432 | INFO     | httprunner.response:validate:246 - assert headers."Content-Type" equal application/json;charset=UTF-8(str)	==> pass
2021-04-11 09:51:08.435 | INFO     | httprunner.response:validate:246 - assert body.code equal 0(int)	==> pass
2021-04-11 09:51:08.438 | INFO     | httprunner.runner:__run_step:304 - run step end: /v3/api/user/get_user_params <<<<<<

2021-04-11 09:51:08.441 | INFO     | httprunner.runner:__run_step:292 - run step begin: /v3/api/list/get_all_documents_page >>>>>>
2021-04-11 09:51:08.531 | DEBUG    | httprunner.client:request:186 - client IP: 192.168.1.7, Port: 61637
2021-04-11 09:51:08.535 | DEBUG    | httprunner.client:request:194 - server IP: 111.19.233.243, Port: 443
2021-04-11 09:51:08.539 | DEBUG    | httprunner.client:log_print:40 - 
================== request details ==================
method   : POST
url      : https://api2.mubu.com/v3/api/list/get_all_documents_page
headers  : {
    "User-Agent": "HttpRunner/3.1.4",
    "Accept-Encoding": "gzip, deflate, br",
    "Accept": "application/json, text/plain, */*",
    "Connection": "keep-alive",
    "host1": "api2.mubu.com",
    "Content-Length": "13",
    "Jwt-Token": "eyJ0eXAiOiJKV1QiLCJhbGciOiJIUzUxMiJ9.eyJhcHAiOiJtdWJ1Iiwic3ViIjoiMTE2MjM5NTEiLCJleHAiOjE2MjA2MTMxMTEsImlhdCI6MTYxODAyMTExMX0.vb25B05BHW2VyNB6tlW58F3eVkKnnoQXvc7H-XZIt2jfFisYO4N5NPYAMLT4b5-4XVyIIDcsqaMW5i_OD9Ahyw",
    "Content-Type": "application/json;charset=UTF-8",
    "data-unique-id": "5af8ec14-0e06-45fb-948e-5852d15f593a",
    "x-request-id": "3d70f39c-bf35-4ad7-a387-5e59b2872633",
    "version": "3.0.0.21328",
    "Origin": "https://mubu.com",
    "Sec-Fetch-Site": "same-site",
    "Sec-Fetch-Mode": "cors",
    "Sec-Fetch-Dest": "empty",
    "Referer": "https://mubu.com/",
    "Accept-Language": "zh-CN,zh;q=0.9",
    "HRUN-Request-ID": "HRUN-e2c5d547-4625-4952-8334-b0b3d64aa08d-868445",
    "Cookie": "Jwt-Token=eyJ0eXAiOiJKV1QiLCJhbGciOiJIUzUxMiJ9.eyJhcHAiOiJtdWJ1Iiwic3ViIjoiMTE2MjM5NTEiLCJleHAiOjE2MjA2OTcxNjksImlhdCI6MTYxODEwNTE2OX0.POuzqUHO-fG3x_XHOOf-w4sQd1a4jbS5lAz4RNAHHM0OTzX1xM5OAf4Lovi904j9Xy9SGjB14Hn-9xwlqfMWrQ; SESSION=4034228a-8a62-464a-8b29-1e7c1eb12859; user_persistence=ed543ec9-acb1-4a68-8db9-37bc0f94978e"
}
cookies  : {
    "Jwt-Token": "eyJ0eXAiOiJKV1QiLCJhbGciOiJIUzUxMiJ9.eyJhcHAiOiJtdWJ1Iiwic3ViIjoiMTE2MjM5NTEiLCJleHAiOjE2MjA2OTcxNjksImlhdCI6MTYxODEwNTE2OX0.POuzqUHO-fG3x_XHOOf-w4sQd1a4jbS5lAz4RNAHHM0OTzX1xM5OAf4Lovi904j9Xy9SGjB14Hn-9xwlqfMWrQ",
    "SESSION": "4034228a-8a62-464a-8b29-1e7c1eb12859",
    "user_persistence": "ed543ec9-acb1-4a68-8db9-37bc0f94978e"
}
body     : {
    "start": ""
}

2021-04-11 09:51:08.546 | DEBUG    | httprunner.client:log_print:40 - 
================== response details ==================
status_code : 200
headers  : {
    "Server": "Tengine",
    "Content-Type": "application/json;charset=UTF-8",
    "Transfer-Encoding": "chunked",
    "Connection": "keep-alive",
    "Date": "Sun, 11 Apr 2021 01:39:30 GMT",
    "Vary": "Accept-Encoding",
    "Access-Control-Allow-Origin": "*",
    "Access-Control-Allow-Methods": "POST,GET,OPTIONS,DELETE,HEAD,PUT",
    "Access-Control-Max-Age": "86400",
    "Access-Control-Allow-Credentials": "true",
    "Access-Control-Allow-Headers": "X-request-Id,x-requested-with,jwt-token,request-id,member-id,Content-Type,X-FILENAME,data-unique-id,AB-Server-Version,Device-Id,token,Channel-Id,channel,system,platform,Channel-Name,version,mubu-app,mubu-desktop,Checksum,user-agent,Origin,Accept",
    "X-Application-Context": "mubu.biz.openapi:online.cn:9317",
    "X-Tt-Logid": "202104110939300102121600495A4740E8",
    "X-Agw-Info": "Tl8WpgPAQlnyuOIfPZaoSEYObyLdrY3oZ2IptZmXTv1TlIuqwi9uYVnPZGn4yEsr1kp-4N2Zc6y85Boy8hP6XVoG1VcGSaRTMhwLQ9yvIfFKTvdkcvlbA_7v18jYDOyaU-hJIIt3dBCBrdtDd5YCh0wMBAmOMslQKQE=",
    "X-TRANS-LEVEL": "0",
    "Server-Timing": "inner; dur=12, tt_agw; dur=10",
    "x-tt-trace-host": "01ed43a865a2b838c6c38a2a6a3773ffeaa40d16b87bb24cd842d14443dcd7507619bf4f08daeeca22127a01d0cbd328c761c6af224d31ac9022b80f584d5924e1f6254eee76792ef085931da4157ebc14",
    "x-tt-trace-tag": "id=3;cdn-cache=miss",
    "X-TT-TIMESTAMP": "1618105170.727",
    "Content-Encoding": "gzip",
    "Via": "cache30.l2nu20-8[35,0], vcache22.cn2543[71,0]",
    "Timing-Allow-Origin": "*",
    "EagleId": "6f13e92a16181051706861843e"
}
cookies  : {}
encoding : UTF-8
content_type : application/json;charset=UTF-8
body     : {
    "code": 0,
    "data": {
        "documents": [
            {
                "id": "27TpS8NkMf_",
                "folderId": "0",
                "name": "",
                "userId": 11623951,
                "createTime": 1618105168475,
                "updateTime": 1618105168475,
                "itemCount": 0,
                "deleted": 0,
                "deleteTime": 0,
                "switched": 0,
                "encrypted": 0,
                "stared": 0,
                "starIndex": 0,
                "viewCount": 0,
                "version": 1618105168475,
                "commitClient": "web",
                "type": 0,
                "praiseCount": 0,
                "commentCount": 0,
                "rewardCount": 0,
                "collectCount": 0,
                "syncState": 0,
                "openEdit": 0,
                "collaboratorCount": 0,
                "metaVersion": 1618105168475,
                "isCommunityShare": 0
            },
            {
                "id": "67I4LPWNNf_",
                "folderId": "0",
                "name": "",
                "userId": 11623951,
                "createTime": 1618105165560,
                "updateTime": 1618105165560,
                "itemCount": 0,
                "deleted": 0,
                "deleteTime": 0,
                "switched": 0,
                "encrypted": 0,
                "stared": 0,
                "starIndex": 0,
                "viewCount": 0,
                "version": 1618105165560,
                "commitClient": "web",
                "type": 0,
                "praiseCount": 0,
                "commentCount": 0,
                "rewardCount": 0,
                "collectCount": 0,
                "syncState": 0,
                "openEdit": 0,
                "collaboratorCount": 0,
                "metaVersion": 1618105165560,
                "isCommunityShare": 0
            }
        ]
    }
}

2021-04-11 09:51:08.550 | INFO     | httprunner.client:request:217 - status_code: 200, response_time(ms): 85.39 ms, response_length: 0 bytes
2021-04-11 09:51:08.554 | INFO     | httprunner.response:validate:246 - assert status_code equal 200(int)	==> pass
2021-04-11 09:51:08.557 | INFO     | httprunner.response:validate:246 - assert headers."Content-Type" equal application/json;charset=UTF-8(str)	==> pass
2021-04-11 09:51:08.559 | INFO     | httprunner.response:validate:246 - assert body.code equal 0(int)	==> pass
2021-04-11 09:51:08.562 | INFO     | httprunner.runner:__run_step:304 - run step end: /v3/api/list/get_all_documents_page <<<<<<

2021-04-11 09:51:08.566 | INFO     | httprunner.runner:__run_step:292 - run step begin: /v3/api/advertisement/get >>>>>>
2021-04-11 09:51:08.651 | DEBUG    | httprunner.client:request:186 - client IP: 192.168.1.7, Port: 61637
2021-04-11 09:51:08.654 | DEBUG    | httprunner.client:request:194 - server IP: 111.19.233.243, Port: 443
2021-04-11 09:51:08.660 | DEBUG    | httprunner.client:log_print:40 - 
================== request details ==================
method   : POST
url      : https://api2.mubu.com/v3/api/advertisement/get
headers  : {
    "User-Agent": "HttpRunner/3.1.4",
    "Accept-Encoding": "gzip, deflate, br",
    "Accept": "application/json, text/plain, */*",
    "Connection": "keep-alive",
    "host1": "api2.mubu.com",
    "Content-Length": "11",
    "Jwt-Token": "eyJ0eXAiOiJKV1QiLCJhbGciOiJIUzUxMiJ9.eyJhcHAiOiJtdWJ1Iiwic3ViIjoiMTE2MjM5NTEiLCJleHAiOjE2MjA2MTMxMTEsImlhdCI6MTYxODAyMTExMX0.vb25B05BHW2VyNB6tlW58F3eVkKnnoQXvc7H-XZIt2jfFisYO4N5NPYAMLT4b5-4XVyIIDcsqaMW5i_OD9Ahyw",
    "Content-Type": "application/json;charset=UTF-8",
    "data-unique-id": "5af8ec14-0e06-45fb-948e-5852d15f593a",
    "x-request-id": "2af0571a-cd75-4b42-9a30-f23b328a7cc9",
    "version": "3.0.0.21328",
    "Origin": "https://mubu.com",
    "Sec-Fetch-Site": "same-site",
    "Sec-Fetch-Mode": "cors",
    "Sec-Fetch-Dest": "empty",
    "Referer": "https://mubu.com/",
    "Accept-Language": "zh-CN,zh;q=0.9",
    "HRUN-Request-ID": "HRUN-e2c5d547-4625-4952-8334-b0b3d64aa08d-868569",
    "Cookie": "Jwt-Token=eyJ0eXAiOiJKV1QiLCJhbGciOiJIUzUxMiJ9.eyJhcHAiOiJtdWJ1Iiwic3ViIjoiMTE2MjM5NTEiLCJleHAiOjE2MjA2OTcxNjksImlhdCI6MTYxODEwNTE2OX0.POuzqUHO-fG3x_XHOOf-w4sQd1a4jbS5lAz4RNAHHM0OTzX1xM5OAf4Lovi904j9Xy9SGjB14Hn-9xwlqfMWrQ; SESSION=4034228a-8a62-464a-8b29-1e7c1eb12859; user_persistence=ed543ec9-acb1-4a68-8db9-37bc0f94978e"
}
cookies  : {
    "Jwt-Token": "eyJ0eXAiOiJKV1QiLCJhbGciOiJIUzUxMiJ9.eyJhcHAiOiJtdWJ1Iiwic3ViIjoiMTE2MjM5NTEiLCJleHAiOjE2MjA2OTcxNjksImlhdCI6MTYxODEwNTE2OX0.POuzqUHO-fG3x_XHOOf-w4sQd1a4jbS5lAz4RNAHHM0OTzX1xM5OAf4Lovi904j9Xy9SGjB14Hn-9xwlqfMWrQ",
    "SESSION": "4034228a-8a62-464a-8b29-1e7c1eb12859",
    "user_persistence": "ed543ec9-acb1-4a68-8db9-37bc0f94978e"
}
body     : {
    "type": 1
}

2021-04-11 09:51:08.665 | DEBUG    | httprunner.client:log_print:40 - 
================== response details ==================
status_code : 200
headers  : {
    "Server": "Tengine",
    "Content-Type": "application/json;charset=UTF-8",
    "Transfer-Encoding": "chunked",
    "Connection": "keep-alive",
    "Date": "Sun, 11 Apr 2021 01:39:30 GMT",
    "Vary": "Accept-Encoding",
    "Access-Control-Allow-Origin": "*",
    "Access-Control-Allow-Methods": "POST,GET,OPTIONS,DELETE,HEAD,PUT",
    "Access-Control-Max-Age": "86400",
    "Access-Control-Allow-Credentials": "true",
    "Access-Control-Allow-Headers": "X-request-Id,x-requested-with,jwt-token,request-id,member-id,Content-Type,X-FILENAME,data-unique-id,AB-Server-Version,Device-Id,token,Channel-Id,channel,system,platform,Channel-Name,version,mubu-app,mubu-desktop,Checksum,user-agent,Origin,Accept",
    "X-Application-Context": "mubu.biz.openapi:online.cn:9493",
    "X-Tt-Logid": "2021041109393001021215319521473D0E",
    "X-Agw-Info": "1tEWeZgWBAmiv8y1PzLEaW5jQkvIf0YzQQfkq5Tw5CrHFZSKkUY1sDKsESPZZYxNlPc8AVY6OUVANOaSJVPizKFzGsY8ubds4hmoygZAkLfGhALjp6aMzXdr5q28QJ7ls_MNUeslx7__FL4mfeGWMDAJx2e_XALtYdu5",
    "X-TRANS-LEVEL": "0",
    "Server-Timing": "inner; dur=10, tt_agw; dur=8",
    "x-tt-trace-host": "01ed43a865a2b838c6c38a2a6a3773ffeaac3bc09c8763cdc6dc1a70540d7d6baf8568f8b548189d4e918772c078ffe4040ac84400fd444cb7357e46d07b8e0c4c764f3b73efc5f5eeca54b9e564c8bc7b",
    "x-tt-trace-tag": "id=3;cdn-cache=miss",
    "X-TT-TIMESTAMP": "1618105170.860",
    "Content-Encoding": "gzip",
    "Via": "cache54.l2nu20-8[44,0], vcache22.cn2543[70,0]",
    "Timing-Allow-Origin": "*",
    "EagleId": "6f13e92a16181051708082058e"
}
cookies  : {}
encoding : UTF-8
content_type : application/json;charset=UTF-8
body     : {
    "code": 0
}

2021-04-11 09:51:08.668 | INFO     | httprunner.client:request:217 - status_code: 200, response_time(ms): 82.54 ms, response_length: 0 bytes
2021-04-11 09:51:08.671 | INFO     | httprunner.response:validate:246 - assert status_code equal 200(int)	==> pass
2021-04-11 09:51:08.675 | INFO     | httprunner.response:validate:246 - assert headers."Content-Type" equal application/json;charset=UTF-8(str)	==> pass
2021-04-11 09:51:08.677 | INFO     | httprunner.response:validate:246 - assert body.code equal 0(int)	==> pass
2021-04-11 09:51:08.680 | INFO     | httprunner.runner:__run_step:304 - run step end: /v3/api/advertisement/get <<<<<<

2021-04-11 09:51:08.683 | INFO     | httprunner.runner:__run_step:292 - run step begin: /v3/api/list/item_count >>>>>>
2021-04-11 09:51:08.784 | DEBUG    | httprunner.client:request:186 - client IP: 192.168.1.7, Port: 61637
2021-04-11 09:51:08.787 | DEBUG    | httprunner.client:request:194 - server IP: 111.19.233.243, Port: 443
2021-04-11 09:51:08.792 | DEBUG    | httprunner.client:log_print:40 - 
================== request details ==================
method   : POST
url      : https://api2.mubu.com/v3/api/list/item_count
headers  : {
    "User-Agent": "HttpRunner/3.1.4",
    "Accept-Encoding": "gzip, deflate, br",
    "Accept": "application/json, text/plain, */*",
    "Connection": "keep-alive",
    "host1": "api2.mubu.com",
    "Content-Length": "33",
    "Jwt-Token": "eyJ0eXAiOiJKV1QiLCJhbGciOiJIUzUxMiJ9.eyJhcHAiOiJtdWJ1Iiwic3ViIjoiMTE2MjM5NTEiLCJleHAiOjE2MjA2MTMxMTEsImlhdCI6MTYxODAyMTExMX0.vb25B05BHW2VyNB6tlW58F3eVkKnnoQXvc7H-XZIt2jfFisYO4N5NPYAMLT4b5-4XVyIIDcsqaMW5i_OD9Ahyw",
    "Content-Type": "application/json;charset=UTF-8",
    "data-unique-id": "5af8ec14-0e06-45fb-948e-5852d15f593a",
    "x-request-id": "66790345-9de9-4e98-9c10-38158e23a545",
    "version": "3.0.0.21328",
    "Origin": "https://mubu.com",
    "Sec-Fetch-Site": "same-site",
    "Sec-Fetch-Mode": "cors",
    "Sec-Fetch-Dest": "empty",
    "Referer": "https://mubu.com/",
    "Accept-Language": "zh-CN,zh;q=0.9",
    "HRUN-Request-ID": "HRUN-e2c5d547-4625-4952-8334-b0b3d64aa08d-868686",
    "Cookie": "Jwt-Token=eyJ0eXAiOiJKV1QiLCJhbGciOiJIUzUxMiJ9.eyJhcHAiOiJtdWJ1Iiwic3ViIjoiMTE2MjM5NTEiLCJleHAiOjE2MjA2OTcxNjksImlhdCI6MTYxODEwNTE2OX0.POuzqUHO-fG3x_XHOOf-w4sQd1a4jbS5lAz4RNAHHM0OTzX1xM5OAf4Lovi904j9Xy9SGjB14Hn-9xwlqfMWrQ; SESSION=4034228a-8a62-464a-8b29-1e7c1eb12859; user_persistence=ed543ec9-acb1-4a68-8db9-37bc0f94978e"
}
cookies  : {
    "Jwt-Token": "eyJ0eXAiOiJKV1QiLCJhbGciOiJIUzUxMiJ9.eyJhcHAiOiJtdWJ1Iiwic3ViIjoiMTE2MjM5NTEiLCJleHAiOjE2MjA2OTcxNjksImlhdCI6MTYxODEwNTE2OX0.POuzqUHO-fG3x_XHOOf-w4sQd1a4jbS5lAz4RNAHHM0OTzX1xM5OAf4Lovi904j9Xy9SGjB14Hn-9xwlqfMWrQ",
    "SESSION": "4034228a-8a62-464a-8b29-1e7c1eb12859",
    "user_persistence": "ed543ec9-acb1-4a68-8db9-37bc0f94978e"
}
body     : {
    "folderId": 0,
    "source": "home"
}

2021-04-11 09:51:08.798 | DEBUG    | httprunner.client:log_print:40 - 
================== response details ==================
status_code : 200
headers  : {
    "Server": "Tengine",
    "Content-Type": "application/json;charset=UTF-8",
    "Transfer-Encoding": "chunked",
    "Connection": "keep-alive",
    "Date": "Sun, 11 Apr 2021 01:39:30 GMT",
    "Vary": "Accept-Encoding",
    "Access-Control-Allow-Origin": "*",
    "Access-Control-Allow-Methods": "POST,GET,OPTIONS,DELETE,HEAD,PUT",
    "Access-Control-Max-Age": "86400",
    "Access-Control-Allow-Credentials": "true",
    "Access-Control-Allow-Headers": "X-request-Id,x-requested-with,jwt-token,request-id,member-id,Content-Type,X-FILENAME,data-unique-id,AB-Server-Version,Device-Id,token,Channel-Id,channel,system,platform,Channel-Name,version,mubu-app,mubu-desktop,Checksum,user-agent,Origin,Accept",
    "X-Application-Context": "mubu.biz.openapi:online.cn:9332",
    "X-Tt-Logid": "202104110939300101502161013C173D30",
    "X-Agw-Info": "ZnG2Hrc1x9_GFU4X91MviANX7holWMWrRQtyHpnAqAgVlm49tEypLuyQbQ8x5jiagSKQVGDEv6hUXs8DBOtex7WeZPVOFkgMas5kH2nqMfAgSyZrJW2pwBr_F2RBZ1FYnB_uWBk985O-J1lhjKbWFwgdB_w4MKgotyv3",
    "X-TRANS-LEVEL": "0",
    "Server-Timing": "inner; dur=12, tt_agw; dur=11",
    "x-tt-trace-host": "01ed43a865a2b838c6c38a2a6a3773ffeafdc6ff5f3dcf9ea1ed7ee639f0722f99270b09f7a29feba84a8a7cb89af37d7f7dc1d332c0ec50b72e131550ef432f1baab9ed1112cf3d49397014d5ae792cf6",
    "x-tt-trace-tag": "id=3;cdn-cache=miss",
    "X-TT-TIMESTAMP": "1618105170.971",
    "Content-Encoding": "gzip",
    "Via": "cache30.l2nu20-8[44,0], vcache22.cn2543[80,0]",
    "Timing-Allow-Origin": "*",
    "EagleId": "6f13e92a16181051709302217e"
}
cookies  : {}
encoding : UTF-8
content_type : application/json;charset=UTF-8
body     : {
    "code": 0,
    "data": {
        "folder": {},
        "doc": {}
    }
}

2021-04-11 09:51:08.802 | INFO     | httprunner.client:request:217 - status_code: 200, response_time(ms): 97.19 ms, response_length: 0 bytes
2021-04-11 09:51:08.805 | INFO     | httprunner.response:validate:246 - assert status_code equal 200(int)	==> pass
2021-04-11 09:51:08.807 | INFO     | httprunner.response:validate:246 - assert headers."Content-Type" equal application/json;charset=UTF-8(str)	==> pass
2021-04-11 09:51:08.809 | INFO     | httprunner.response:validate:246 - assert body.code equal 0(int)	==> pass
2021-04-11 09:51:08.810 | INFO     | httprunner.runner:__run_step:304 - run step end: /v3/api/list/item_count <<<<<<

2021-04-11 09:51:08.813 | INFO     | httprunner.runner:__run_step:292 - run step begin: /v3/api/message/get_message_unread >>>>>>
2021-04-11 09:51:08.922 | DEBUG    | httprunner.client:request:186 - client IP: 192.168.1.7, Port: 61637
2021-04-11 09:51:08.927 | DEBUG    | httprunner.client:request:194 - server IP: 111.19.233.243, Port: 443
2021-04-11 09:51:08.927 | DEBUG    | httprunner.client:log_print:40 - 
================== request details ==================
method   : POST
url      : https://api2.mubu.com/v3/api/message/get_message_unread
headers  : {
    "User-Agent": "HttpRunner/3.1.4",
    "Accept-Encoding": "gzip, deflate, br",
    "Accept": "application/json, text/plain, */*",
    "Connection": "keep-alive",
    "host1": "api2.mubu.com",
    "Content-Length": "11",
    "Jwt-Token": "eyJ0eXAiOiJKV1QiLCJhbGciOiJIUzUxMiJ9.eyJhcHAiOiJtdWJ1Iiwic3ViIjoiMTE2MjM5NTEiLCJleHAiOjE2MjA2MTMxMTEsImlhdCI6MTYxODAyMTExMX0.vb25B05BHW2VyNB6tlW58F3eVkKnnoQXvc7H-XZIt2jfFisYO4N5NPYAMLT4b5-4XVyIIDcsqaMW5i_OD9Ahyw",
    "Content-Type": "application/json;charset=UTF-8",
    "data-unique-id": "5af8ec14-0e06-45fb-948e-5852d15f593a",
    "x-request-id": "36c9b11e-d981-465c-92f5-6532ed878ac4",
    "version": "3.0.0.21328",
    "Origin": "https://mubu.com",
    "Sec-Fetch-Site": "same-site",
    "Sec-Fetch-Mode": "cors",
    "Sec-Fetch-Dest": "empty",
    "Referer": "https://mubu.com/",
    "Accept-Language": "zh-CN,zh;q=0.9",
    "HRUN-Request-ID": "HRUN-e2c5d547-4625-4952-8334-b0b3d64aa08d-868815",
    "Cookie": "Jwt-Token=eyJ0eXAiOiJKV1QiLCJhbGciOiJIUzUxMiJ9.eyJhcHAiOiJtdWJ1Iiwic3ViIjoiMTE2MjM5NTEiLCJleHAiOjE2MjA2OTcxNjksImlhdCI6MTYxODEwNTE2OX0.POuzqUHO-fG3x_XHOOf-w4sQd1a4jbS5lAz4RNAHHM0OTzX1xM5OAf4Lovi904j9Xy9SGjB14Hn-9xwlqfMWrQ; SESSION=4034228a-8a62-464a-8b29-1e7c1eb12859; user_persistence=ed543ec9-acb1-4a68-8db9-37bc0f94978e"
}
cookies  : {
    "Jwt-Token": "eyJ0eXAiOiJKV1QiLCJhbGciOiJIUzUxMiJ9.eyJhcHAiOiJtdWJ1Iiwic3ViIjoiMTE2MjM5NTEiLCJleHAiOjE2MjA2OTcxNjksImlhdCI6MTYxODEwNTE2OX0.POuzqUHO-fG3x_XHOOf-w4sQd1a4jbS5lAz4RNAHHM0OTzX1xM5OAf4Lovi904j9Xy9SGjB14Hn-9xwlqfMWrQ",
    "SESSION": "4034228a-8a62-464a-8b29-1e7c1eb12859",
    "user_persistence": "ed543ec9-acb1-4a68-8db9-37bc0f94978e"
}
body     : {
    "page": 1
}

2021-04-11 09:51:08.937 | DEBUG    | httprunner.client:log_print:40 - 
================== response details ==================
status_code : 200
headers  : {
    "Server": "Tengine",
    "Content-Type": "application/json;charset=UTF-8",
    "Transfer-Encoding": "chunked",
    "Connection": "keep-alive",
    "Date": "Sun, 11 Apr 2021 01:39:31 GMT",
    "Vary": "Accept-Encoding",
    "Access-Control-Allow-Origin": "*",
    "Access-Control-Allow-Methods": "POST,GET,OPTIONS,DELETE,HEAD,PUT",
    "Access-Control-Max-Age": "86400",
    "Access-Control-Allow-Credentials": "true",
    "Access-Control-Allow-Headers": "X-request-Id,x-requested-with,jwt-token,request-id,member-id,Content-Type,X-FILENAME,data-unique-id,AB-Server-Version,Device-Id,token,Channel-Id,channel,system,platform,Channel-Name,version,mubu-app,mubu-desktop,Checksum,user-agent,Origin,Accept",
    "X-Application-Context": "mubu.biz.openapi:online.cn:9468",
    "X-Tt-Logid": "202104110939310101501701032A16FF19",
    "X-Agw-Info": "J_VPejFgleDrArXF5OaXDGOgY3lRnT4VjuMlGxPB08WOER_m5-zKH5O6uMBAfsI67TGs9n0x5by_rogptV_JJQFgWqXLq1PCV2TyYM1P8QYKfDCZvm01JZ3dbwymMcWlpbFKoiaPjaWjZf8CRLbIrMZhIr3v7_kAdYDn",
    "X-TRANS-LEVEL": "0",
    "Server-Timing": "inner; dur=8, tt_agw; dur=9",
    "x-tt-trace-host": "01ed43a865a2b838c6c38a2a6a3773ffeafa257cc76583d6800a0e6eb3a511d3c79b36bbe23c54d4711df009e7147917386cd72631f2e33f1dc30925212e0f4b3e5aa01646e9fc4af785ce38c84ba4ab11",
    "x-tt-trace-tag": "id=3;cdn-cache=miss",
    "X-TT-TIMESTAMP": "1618105171.119",
    "Content-Encoding": "gzip",
    "Via": "cache54.l2nu20-8[60,0], vcache22.cn2543[97,0]",
    "Timing-Allow-Origin": "*",
    "EagleId": "6f13e92a16181051710532379e"
}
cookies  : {}
encoding : UTF-8
content_type : application/json;charset=UTF-8
body     : {
    "code": 0,
    "data": {
        "unreadCount": 0
    }
}

2021-04-11 09:51:08.942 | INFO     | httprunner.client:request:217 - status_code: 200, response_time(ms): 106.13 ms, response_length: 0 bytes
2021-04-11 09:51:08.942 | INFO     | httprunner.response:validate:246 - assert status_code equal 200(int)	==> pass
2021-04-11 09:51:08.947 | INFO     | httprunner.response:validate:246 - assert headers."Content-Type" equal application/json;charset=UTF-8(str)	==> pass
2021-04-11 09:51:08.947 | INFO     | httprunner.response:validate:246 - assert body.code equal 0(int)	==> pass
2021-04-11 09:51:08.952 | INFO     | httprunner.runner:__run_step:304 - run step end: /v3/api/message/get_message_unread <<<<<<

2021-04-11 09:51:08.957 | INFO     | httprunner.runner:__run_step:292 - run step begin: /v3/api/list/create_doc >>>>>>
2021-04-11 09:51:09.082 | DEBUG    | httprunner.client:request:186 - client IP: 192.168.1.7, Port: 61637
2021-04-11 09:51:09.087 | DEBUG    | httprunner.client:request:194 - server IP: 111.19.233.243, Port: 443
2021-04-11 09:51:09.092 | DEBUG    | httprunner.client:log_print:40 - 
================== request details ==================
method   : POST
url      : https://api2.mubu.com/v3/api/list/create_doc
headers  : {
    "User-Agent": "HttpRunner/3.1.4",
    "Accept-Encoding": "gzip, deflate, br",
    "Accept": "application/json, text/plain, */*",
    "Connection": "keep-alive",
    "host1": "api2.mubu.com",
    "Content-Length": "28",
    "Jwt-Token": "eyJ0eXAiOiJKV1QiLCJhbGciOiJIUzUxMiJ9.eyJhcHAiOiJtdWJ1Iiwic3ViIjoiMTE2MjM5NTEiLCJleHAiOjE2MjA2MTMxMTEsImlhdCI6MTYxODAyMTExMX0.vb25B05BHW2VyNB6tlW58F3eVkKnnoQXvc7H-XZIt2jfFisYO4N5NPYAMLT4b5-4XVyIIDcsqaMW5i_OD9Ahyw",
    "Content-Type": "application/json;charset=UTF-8",
    "data-unique-id": "5af8ec14-0e06-45fb-948e-5852d15f593a",
    "x-request-id": "47f625f3-35b2-45cd-bc82-f13ba6086477",
    "version": "3.0.0.21328",
    "Origin": "https://mubu.com",
    "Sec-Fetch-Site": "same-site",
    "Sec-Fetch-Mode": "cors",
    "Sec-Fetch-Dest": "empty",
    "Referer": "https://mubu.com/",
    "Accept-Language": "zh-CN,zh;q=0.9",
    "HRUN-Request-ID": "HRUN-e2c5d547-4625-4952-8334-b0b3d64aa08d-868958",
    "Cookie": "Jwt-Token=eyJ0eXAiOiJKV1QiLCJhbGciOiJIUzUxMiJ9.eyJhcHAiOiJtdWJ1Iiwic3ViIjoiMTE2MjM5NTEiLCJleHAiOjE2MjA2OTcxNjksImlhdCI6MTYxODEwNTE2OX0.POuzqUHO-fG3x_XHOOf-w4sQd1a4jbS5lAz4RNAHHM0OTzX1xM5OAf4Lovi904j9Xy9SGjB14Hn-9xwlqfMWrQ; SESSION=4034228a-8a62-464a-8b29-1e7c1eb12859; user_persistence=ed543ec9-acb1-4a68-8db9-37bc0f94978e"
}
cookies  : {
    "Jwt-Token": "eyJ0eXAiOiJKV1QiLCJhbGciOiJIUzUxMiJ9.eyJhcHAiOiJtdWJ1Iiwic3ViIjoiMTE2MjM5NTEiLCJleHAiOjE2MjA2OTcxNjksImlhdCI6MTYxODEwNTE2OX0.POuzqUHO-fG3x_XHOOf-w4sQd1a4jbS5lAz4RNAHHM0OTzX1xM5OAf4Lovi904j9Xy9SGjB14Hn-9xwlqfMWrQ",
    "SESSION": "4034228a-8a62-464a-8b29-1e7c1eb12859",
    "user_persistence": "ed543ec9-acb1-4a68-8db9-37bc0f94978e"
}
body     : {
    "folderId": "0",
    "type": 0
}

2021-04-11 09:51:09.097 | DEBUG    | httprunner.client:log_print:40 - 
================== response details ==================
status_code : 200
headers  : {
    "Server": "Tengine",
    "Content-Type": "application/json;charset=UTF-8",
    "Transfer-Encoding": "chunked",
    "Connection": "keep-alive",
    "Date": "Sun, 11 Apr 2021 01:39:31 GMT",
    "Vary": "Accept-Encoding",
    "Access-Control-Allow-Origin": "*",
    "Access-Control-Allow-Methods": "POST,GET,OPTIONS,DELETE,HEAD,PUT",
    "Access-Control-Max-Age": "86400",
    "Access-Control-Allow-Credentials": "true",
    "Access-Control-Allow-Headers": "X-request-Id,x-requested-with,jwt-token,request-id,member-id,Content-Type,X-FILENAME,data-unique-id,AB-Server-Version,Device-Id,token,Channel-Id,channel,system,platform,Channel-Name,version,mubu-app,mubu-desktop,Checksum,user-agent,Origin,Accept",
    "X-Application-Context": "mubu.biz.openapi:online.cn:9403",
    "X-Tt-Logid": "202104110939310101510280850E175A26",
    "X-Agw-Info": "5tXs6q5ObVixV4SKkRXuopLOJd3VbDpN6UAxbDEQ8TswayqZwyGUb-mBtyb09ks06IQz6UQihBiH2lF9Io1OtGZiUsDKxJTVzid6iyAUFhM50OZr32mZk1kunsrge0V8DkQqgte9sB3dGyMefRXZGuOpFQnLgKcMQrJZ",
    "X-TRANS-LEVEL": "0",
    "Server-Timing": "inner; dur=42, tt_agw; dur=41",
    "x-tt-trace-host": "014a903e23e62e33f03c416fc5a381b96f18f075d2bead58382ba8637169188d6d8e3fabc556447bce16545f87b9d62d0f4d74083e81390b9b41307af6fec72dca154f22a41853073839577b75988391f5",
    "x-tt-trace-tag": "id=3;cdn-cache=miss",
    "X-TT-TIMESTAMP": "1618105171.293",
    "Content-Encoding": "gzip",
    "Via": "cache54.l2nu20-8[84,0], vcache22.cn2543[110,0]",
    "Timing-Allow-Origin": "*",
    "EagleId": "6f13e92a16181051712012587e"
}
cookies  : {}
encoding : UTF-8
content_type : application/json;charset=UTF-8
body     : {
    "code": 0,
    "data": {
        "id": "3vv18OwL3f_"
    }
}

2021-04-11 09:51:09.102 | INFO     | httprunner.client:request:217 - status_code: 200, response_time(ms): 123.81 ms, response_length: 0 bytes
2021-04-11 09:51:09.102 | INFO     | httprunner.response:extract:176 - extract mapping: {'docId': '3vv18OwL3f_'}
2021-04-11 09:51:09.102 | INFO     | httprunner.response:validate:246 - assert status_code equal 200(int)	==> pass
2021-04-11 09:51:09.112 | INFO     | httprunner.response:validate:246 - assert headers."Content-Type" equal application/json;charset=UTF-8(str)	==> pass
2021-04-11 09:51:09.112 | INFO     | httprunner.response:validate:246 - assert body.code equal 0(int)	==> pass
2021-04-11 09:51:09.117 | INFO     | httprunner.runner:__run_step:304 - run step end: /v3/api/list/create_doc <<<<<<

2021-04-11 09:51:09.117 | INFO     | httprunner.runner:__run_step:292 - run step begin: /v3/api/list/item_count >>>>>>
2021-04-11 09:51:09.347 | DEBUG    | httprunner.client:request:186 - client IP: 192.168.1.7, Port: 61637
2021-04-11 09:51:09.352 | DEBUG    | httprunner.client:request:194 - server IP: 111.19.233.243, Port: 443
2021-04-11 09:51:09.357 | DEBUG    | httprunner.client:log_print:40 - 
================== request details ==================
method   : POST
url      : https://api2.mubu.com/v3/api/list/item_count
headers  : {
    "User-Agent": "HttpRunner/3.1.4",
    "Accept-Encoding": "gzip, deflate, br",
    "Accept": "application/json, text/plain, */*",
    "Connection": "keep-alive",
    "host1": "api2.mubu.com",
    "Content-Length": "33",
    "Jwt-Token": "eyJ0eXAiOiJKV1QiLCJhbGciOiJIUzUxMiJ9.eyJhcHAiOiJtdWJ1Iiwic3ViIjoiMTE2MjM5NTEiLCJleHAiOjE2MjA2MTMxMTEsImlhdCI6MTYxODAyMTExMX0.vb25B05BHW2VyNB6tlW58F3eVkKnnoQXvc7H-XZIt2jfFisYO4N5NPYAMLT4b5-4XVyIIDcsqaMW5i_OD9Ahyw",
    "Content-Type": "application/json;charset=UTF-8",
    "data-unique-id": "5af8ec14-0e06-45fb-948e-5852d15f593a",
    "x-request-id": "3a0c7ad0-02a6-40b1-b65a-d246fc1397b3",
    "version": "3.0.0.21328",
    "Origin": "https://mubu.com",
    "Sec-Fetch-Site": "same-site",
    "Sec-Fetch-Mode": "cors",
    "Sec-Fetch-Dest": "empty",
    "Referer": "https://mubu.com/",
    "Accept-Language": "zh-CN,zh;q=0.9",
    "HRUN-Request-ID": "HRUN-e2c5d547-4625-4952-8334-b0b3d64aa08d-869242",
    "Cookie": "Jwt-Token=eyJ0eXAiOiJKV1QiLCJhbGciOiJIUzUxMiJ9.eyJhcHAiOiJtdWJ1Iiwic3ViIjoiMTE2MjM5NTEiLCJleHAiOjE2MjA2OTcxNjksImlhdCI6MTYxODEwNTE2OX0.POuzqUHO-fG3x_XHOOf-w4sQd1a4jbS5lAz4RNAHHM0OTzX1xM5OAf4Lovi904j9Xy9SGjB14Hn-9xwlqfMWrQ; SESSION=4034228a-8a62-464a-8b29-1e7c1eb12859; user_persistence=ed543ec9-acb1-4a68-8db9-37bc0f94978e"
}
cookies  : {
    "Jwt-Token": "eyJ0eXAiOiJKV1QiLCJhbGciOiJIUzUxMiJ9.eyJhcHAiOiJtdWJ1Iiwic3ViIjoiMTE2MjM5NTEiLCJleHAiOjE2MjA2OTcxNjksImlhdCI6MTYxODEwNTE2OX0.POuzqUHO-fG3x_XHOOf-w4sQd1a4jbS5lAz4RNAHHM0OTzX1xM5OAf4Lovi904j9Xy9SGjB14Hn-9xwlqfMWrQ",
    "SESSION": "4034228a-8a62-464a-8b29-1e7c1eb12859",
    "user_persistence": "ed543ec9-acb1-4a68-8db9-37bc0f94978e"
}
body     : {
    "folderId": 0,
    "source": "home"
}

2021-04-11 09:51:09.362 | DEBUG    | httprunner.client:log_print:40 - 
================== response details ==================
status_code : 200
headers  : {
    "Server": "Tengine",
    "Content-Type": "application/json;charset=UTF-8",
    "Transfer-Encoding": "chunked",
    "Connection": "keep-alive",
    "Date": "Sun, 11 Apr 2021 01:39:31 GMT",
    "Vary": "Accept-Encoding",
    "Access-Control-Allow-Origin": "*",
    "Access-Control-Allow-Methods": "POST,GET,OPTIONS,DELETE,HEAD,PUT",
    "Access-Control-Max-Age": "86400",
    "Access-Control-Allow-Credentials": "true",
    "Access-Control-Allow-Headers": "X-request-Id,x-requested-with,jwt-token,request-id,member-id,Content-Type,X-FILENAME,data-unique-id,AB-Server-Version,Device-Id,token,Channel-Id,channel,system,platform,Channel-Name,version,mubu-app,mubu-desktop,Checksum,user-agent,Origin,Accept",
    "X-Application-Context": "mubu.biz.openapi:online.cn:9420",
    "X-Tt-Logid": "202104110939310101501370233D16D443",
    "X-Agw-Info": "oLeROeIuXtDKz5WmHu6mmBF9BA3zsckO31qPU45hB4uVgyZoq1XXHiJlNokvQ3Mm0_UXaoSL7--0zNy0sENFBstKgLTAsx0ET1soxocVTiiKpb1SHTjAek70YSUpdhAylj61i-42wv8jEDwyz005I6Fm87WqeUD7ru-Z",
    "X-TRANS-LEVEL": "0",
    "Server-Timing": "inner; dur=16, tt_agw; dur=17",
    "x-tt-trace-host": "014a903e23e62e33f03c416fc5a381b96f656c0e561fa3cc5a0a2d8e584bed34a93f00a9de30aeba3f7439e31cb46784c1715d25b6f9755b1a686a2eb6bb0ad38d922d2a969b28ed3f6897cd57008beabe",
    "x-tt-trace-tag": "id=3;cdn-cache=miss",
    "X-TT-TIMESTAMP": "1618105171.545",
    "Content-Encoding": "gzip",
    "Via": "cache30.l2nu20-8[58,0], vcache22.cn2543[92,0]",
    "Timing-Allow-Origin": "*",
    "EagleId": "6f13e92a16181051714833032e"
}
cookies  : {}
encoding : UTF-8
content_type : application/json;charset=UTF-8
body     : {
    "code": 0,
    "data": {
        "folder": {},
        "doc": {}
    }
}

2021-04-11 09:51:09.362 | INFO     | httprunner.client:request:217 - status_code: 200, response_time(ms): 105.03 ms, response_length: 0 bytes
2021-04-11 09:51:09.367 | INFO     | httprunner.response:validate:246 - assert status_code equal 200(int)	==> pass
2021-04-11 09:51:09.372 | INFO     | httprunner.response:validate:246 - assert headers."Content-Type" equal application/json;charset=UTF-8(str)	==> pass
2021-04-11 09:51:09.372 | INFO     | httprunner.response:validate:246 - assert body.code equal 0(int)	==> pass
2021-04-11 09:51:09.377 | INFO     | httprunner.runner:__run_step:304 - run step end: /v3/api/list/item_count <<<<<<

2021-04-11 09:51:09.377 | INFO     | httprunner.runner:__run_step:292 - run step begin: /v3/api/user/current_level >>>>>>
2021-04-11 09:51:09.492 | DEBUG    | httprunner.client:request:186 - client IP: 192.168.1.7, Port: 61637
2021-04-11 09:51:09.492 | DEBUG    | httprunner.client:request:194 - server IP: 111.19.233.243, Port: 443
2021-04-11 09:51:09.497 | DEBUG    | httprunner.client:log_print:40 - 
================== request details ==================
method   : POST
url      : https://api2.mubu.com/v3/api/user/current_level
headers  : {
    "User-Agent": "HttpRunner/3.1.4",
    "Accept-Encoding": "gzip, deflate, br",
    "Accept": "application/json, text/plain, */*",
    "Connection": "keep-alive",
    "host1": "api2.mubu.com",
    "Content-Length": "30",
    "Jwt-Token": "eyJ0eXAiOiJKV1QiLCJhbGciOiJIUzUxMiJ9.eyJhcHAiOiJtdWJ1Iiwic3ViIjoiMTE2MjM5NTEiLCJleHAiOjE2MjA2MTMxMTEsImlhdCI6MTYxODAyMTExMX0.vb25B05BHW2VyNB6tlW58F3eVkKnnoQXvc7H-XZIt2jfFisYO4N5NPYAMLT4b5-4XVyIIDcsqaMW5i_OD9Ahyw",
    "Content-Type": "application/json;charset=UTF-8",
    "data-unique-id": "5af8ec14-0e06-45fb-948e-5852d15f593a",
    "x-request-id": "090dd6da-e498-4ead-8dd6-199dc9409fef",
    "version": "3.0.0.21328",
    "Origin": "https://mubu.com",
    "Sec-Fetch-Site": "same-site",
    "Sec-Fetch-Mode": "cors",
    "Sec-Fetch-Dest": "empty",
    "Referer": "https://mubu.com/",
    "Accept-Language": "zh-CN,zh;q=0.9",
    "HRUN-Request-ID": "HRUN-e2c5d547-4625-4952-8334-b0b3d64aa08d-869382",
    "Cookie": "Jwt-Token=eyJ0eXAiOiJKV1QiLCJhbGciOiJIUzUxMiJ9.eyJhcHAiOiJtdWJ1Iiwic3ViIjoiMTE2MjM5NTEiLCJleHAiOjE2MjA2OTcxNjksImlhdCI6MTYxODEwNTE2OX0.POuzqUHO-fG3x_XHOOf-w4sQd1a4jbS5lAz4RNAHHM0OTzX1xM5OAf4Lovi904j9Xy9SGjB14Hn-9xwlqfMWrQ; SESSION=4034228a-8a62-464a-8b29-1e7c1eb12859; user_persistence=ed543ec9-acb1-4a68-8db9-37bc0f94978e"
}
cookies  : {
    "Jwt-Token": "eyJ0eXAiOiJKV1QiLCJhbGciOiJIUzUxMiJ9.eyJhcHAiOiJtdWJ1Iiwic3ViIjoiMTE2MjM5NTEiLCJleHAiOjE2MjA2OTcxNjksImlhdCI6MTYxODEwNTE2OX0.POuzqUHO-fG3x_XHOOf-w4sQd1a4jbS5lAz4RNAHHM0OTzX1xM5OAf4Lovi904j9Xy9SGjB14Hn-9xwlqfMWrQ",
    "SESSION": "4034228a-8a62-464a-8b29-1e7c1eb12859",
    "user_persistence": "ed543ec9-acb1-4a68-8db9-37bc0f94978e"
}
body     : {
    "document_id": "3vv18OwL3f_"
}

2021-04-11 09:51:09.502 | DEBUG    | httprunner.client:log_print:40 - 
================== response details ==================
status_code : 200
headers  : {
    "Server": "Tengine",
    "Content-Type": "application/json;charset=UTF-8",
    "Transfer-Encoding": "chunked",
    "Connection": "keep-alive",
    "Date": "Sun, 11 Apr 2021 01:39:31 GMT",
    "Vary": "Accept-Encoding",
    "Access-Control-Allow-Origin": "*",
    "Access-Control-Allow-Methods": "POST,GET,OPTIONS,DELETE,HEAD,PUT",
    "Access-Control-Max-Age": "86400",
    "Access-Control-Allow-Credentials": "true",
    "Access-Control-Allow-Headers": "X-request-Id,x-requested-with,jwt-token,request-id,member-id,Content-Type,X-FILENAME,data-unique-id,AB-Server-Version,Device-Id,token,Channel-Id,channel,system,platform,Channel-Name,version,mubu-app,mubu-desktop,Checksum,user-agent,Origin,Accept",
    "X-Application-Context": "mubu.biz.openapi:online.cn:9403",
    "X-Tt-Logid": "202104110939310101501322150A1709B6",
    "X-Agw-Info": "g7xwn6B2erHgvkPjpEpBfwqwpKXk-hqD500cbGMj0_4TE-7IpDkOQLoqt76Zy1OsRmfr_ChnxX0WgDYouKodpyUvLIWnTHUepK1q-GrO91-qur3jLcFSeYkX8Rysk76kKMaFftdt1QFYgVmT08LaSJuyoc6qe0N0kcM=",
    "X-TRANS-LEVEL": "0",
    "Server-Timing": "inner; dur=20, tt_agw; dur=22",
    "x-tt-trace-host": "014a903e23e62e33f03c416fc5a381b96f18f075d2bead58382ba8637169188d6dd2f74fec3af14d4fe8538a3a8e7a4ca1078be4b97cbd21ca1bcc2a8be2d84615df131d2d3aaa8bf0370a1a179ce76f41",
    "x-tt-trace-tag": "id=3;cdn-cache=miss",
    "X-TT-TIMESTAMP": "1618105171.701",
    "Content-Encoding": "gzip",
    "Via": "cache54.l2nu20-8[66,0], vcache22.cn2543[90,0]",
    "Timing-Allow-Origin": "*",
    "EagleId": "6f13e92a16181051716283245e"
}
cookies  : {}
encoding : UTF-8
content_type : application/json;charset=UTF-8
body     : {
    "code": 0,
    "data": {
        "level": 1,
        "name": "\u5e55\u5e03\u7528\u623748231216",
        "id": 11623951
    }
}

2021-04-11 09:51:09.507 | INFO     | httprunner.client:request:217 - status_code: 200, response_time(ms): 110.16 ms, response_length: 0 bytes
2021-04-11 09:51:09.512 | INFO     | httprunner.response:validate:246 - assert status_code equal 200(int)	==> pass
2021-04-11 09:51:09.512 | INFO     | httprunner.response:validate:246 - assert headers."Content-Type" equal application/json;charset=UTF-8(str)	==> pass
2021-04-11 09:51:09.512 | INFO     | httprunner.response:validate:246 - assert body.code equal 0(int)	==> pass
2021-04-11 09:51:09.512 | INFO     | httprunner.runner:__run_step:304 - run step end: /v3/api/user/current_level <<<<<<

2021-04-11 09:51:09.522 | INFO     | httprunner.runner:__run_step:292 - run step begin: /v3/api/document/edit/get >>>>>>
2021-04-11 09:51:09.622 | DEBUG    | httprunner.client:request:186 - client IP: 192.168.1.7, Port: 61637
2021-04-11 09:51:09.622 | DEBUG    | httprunner.client:request:194 - server IP: 111.19.233.243, Port: 443
2021-04-11 09:51:09.627 | DEBUG    | httprunner.client:log_print:40 - 
================== request details ==================
method   : POST
url      : https://api2.mubu.com/v3/api/document/edit/get
headers  : {
    "User-Agent": "HttpRunner/3.1.4",
    "Accept-Encoding": "gzip, deflate, br",
    "Accept": "application/json, text/plain, */*",
    "Connection": "keep-alive",
    "host1": "api2.mubu.com",
    "Content-Length": "40",
    "Jwt-Token": "eyJ0eXAiOiJKV1QiLCJhbGciOiJIUzUxMiJ9.eyJhcHAiOiJtdWJ1Iiwic3ViIjoiMTE2MjM5NTEiLCJleHAiOjE2MjA2MTMxMTEsImlhdCI6MTYxODAyMTExMX0.vb25B05BHW2VyNB6tlW58F3eVkKnnoQXvc7H-XZIt2jfFisYO4N5NPYAMLT4b5-4XVyIIDcsqaMW5i_OD9Ahyw",
    "Content-Type": "application/json;charset=UTF-8",
    "data-unique-id": "5af8ec14-0e06-45fb-948e-5852d15f593a",
    "x-request-id": "eb0dd6dd-4bbc-4448-9308-f4074a21dc70",
    "version": "3.0.0.21328",
    "Origin": "https://mubu.com",
    "Sec-Fetch-Site": "same-site",
    "Sec-Fetch-Mode": "cors",
    "Sec-Fetch-Dest": "empty",
    "Referer": "https://mubu.com/",
    "Accept-Language": "zh-CN,zh;q=0.9",
    "HRUN-Request-ID": "HRUN-e2c5d547-4625-4952-8334-b0b3d64aa08d-869527",
    "Cookie": "Jwt-Token=eyJ0eXAiOiJKV1QiLCJhbGciOiJIUzUxMiJ9.eyJhcHAiOiJtdWJ1Iiwic3ViIjoiMTE2MjM5NTEiLCJleHAiOjE2MjA2OTcxNjksImlhdCI6MTYxODEwNTE2OX0.POuzqUHO-fG3x_XHOOf-w4sQd1a4jbS5lAz4RNAHHM0OTzX1xM5OAf4Lovi904j9Xy9SGjB14Hn-9xwlqfMWrQ; SESSION=4034228a-8a62-464a-8b29-1e7c1eb12859; user_persistence=ed543ec9-acb1-4a68-8db9-37bc0f94978e"
}
cookies  : {
    "Jwt-Token": "eyJ0eXAiOiJKV1QiLCJhbGciOiJIUzUxMiJ9.eyJhcHAiOiJtdWJ1Iiwic3ViIjoiMTE2MjM5NTEiLCJleHAiOjE2MjA2OTcxNjksImlhdCI6MTYxODEwNTE2OX0.POuzqUHO-fG3x_XHOOf-w4sQd1a4jbS5lAz4RNAHHM0OTzX1xM5OAf4Lovi904j9Xy9SGjB14Hn-9xwlqfMWrQ",
    "SESSION": "4034228a-8a62-464a-8b29-1e7c1eb12859",
    "user_persistence": "ed543ec9-acb1-4a68-8db9-37bc0f94978e"
}
body     : {
    "docId": "3vv18OwL3f_",
    "password": ""
}

2021-04-11 09:51:09.632 | DEBUG    | httprunner.client:log_print:40 - 
================== response details ==================
status_code : 200
headers  : {
    "Server": "Tengine",
    "Content-Type": "application/json;charset=UTF-8",
    "Transfer-Encoding": "chunked",
    "Connection": "keep-alive",
    "Date": "Sun, 11 Apr 2021 01:39:31 GMT",
    "Vary": "Accept-Encoding",
    "Access-Control-Allow-Origin": "*",
    "Access-Control-Allow-Methods": "POST,GET,OPTIONS,DELETE,HEAD,PUT",
    "Access-Control-Max-Age": "86400",
    "Access-Control-Allow-Credentials": "true",
    "Access-Control-Allow-Headers": "X-request-Id,x-requested-with,jwt-token,request-id,member-id,Content-Type,X-FILENAME,data-unique-id,AB-Server-Version,Device-Id,token,Channel-Id,channel,system,platform,Channel-Name,version,mubu-app,mubu-desktop,Checksum,user-agent,Origin,Accept",
    "X-Application-Context": "mubu.biz.openapi:online.cn:9420",
    "X-Tt-Logid": "20210411093931010151042155151771B6",
    "X-Agw-Info": "uLY-Sz2b0oyFNM2-S6MIHXfJDa3TOyEvkvb7VsQXIQ3h_yurSfoswpIgeosxQja94KfSH4piCR7ogDooRja9n42_TCC5bIItQOxlGaT3dpcCLM-0ZNXeIJ6sC-wDXzzX8QG2h5hqvm2IJl15XpVPBbHb_UkKa_B_0F36",
    "X-TRANS-LEVEL": "0",
    "Server-Timing": "inner; dur=24, tt_agw; dur=22",
    "x-tt-trace-host": "014a903e23e62e33f03c416fc5a381b96f656c0e561fa3cc5a0a2d8e584bed34a900f1de1209cad3a309756b84bd03569a6af0ae9e3397c6d6af5da414cda6e68d645ecf9457b4c9a0db1013cccda50988",
    "x-tt-trace-tag": "id=3;cdn-cache=miss",
    "X-TT-TIMESTAMP": "1618105171.815",
    "Content-Encoding": "gzip",
    "Via": "cache30.l2nu20-8[49,0], vcache22.cn2543[84,0]",
    "Timing-Allow-Origin": "*",
    "EagleId": "6f13e92a16181051717653411e"
}
cookies  : {}
encoding : UTF-8
content_type : application/json;charset=UTF-8
body     : {
    "code": 0,
    "data": {
        "role": 31,
        "baseVersion": 0,
        "name": "",
        "definition": "{}",
        "directory": []
    }
}

2021-04-11 09:51:09.637 | INFO     | httprunner.client:request:217 - status_code: 200, response_time(ms): 94.83 ms, response_length: 0 bytes
2021-04-11 09:51:09.642 | INFO     | httprunner.response:validate:246 - assert status_code equal 200(int)	==> pass
2021-04-11 09:51:09.642 | INFO     | httprunner.response:validate:246 - assert headers."Content-Type" equal application/json;charset=UTF-8(str)	==> pass
2021-04-11 09:51:09.642 | INFO     | httprunner.response:validate:246 - assert body.code equal 0(int)	==> pass
2021-04-11 09:51:09.652 | INFO     | httprunner.runner:__run_step:304 - run step end: /v3/api/document/edit/get <<<<<<

2021-04-11 09:51:09.652 | INFO     | httprunner.runner:__run_step:292 - run step begin: /v3/api/refer/doc/list >>>>>>
2021-04-11 09:51:09.807 | DEBUG    | httprunner.client:request:186 - client IP: 192.168.1.7, Port: 61637
2021-04-11 09:51:09.812 | DEBUG    | httprunner.client:request:194 - server IP: 111.19.233.243, Port: 443
2021-04-11 09:51:09.812 | DEBUG    | httprunner.client:log_print:40 - 
================== request details ==================
method   : POST
url      : https://api2.mubu.com/v3/api/refer/doc/list
headers  : {
    "User-Agent": "HttpRunner/3.1.4",
    "Accept-Encoding": "gzip, deflate, br",
    "Accept": "application/json, text/plain, */*",
    "Connection": "keep-alive",
    "host1": "api2.mubu.com",
    "Content-Length": "30",
    "Jwt-Token": "eyJ0eXAiOiJKV1QiLCJhbGciOiJIUzUxMiJ9.eyJhcHAiOiJtdWJ1Iiwic3ViIjoiMTE2MjM5NTEiLCJleHAiOjE2MjA2MTMxMTEsImlhdCI6MTYxODAyMTExMX0.vb25B05BHW2VyNB6tlW58F3eVkKnnoQXvc7H-XZIt2jfFisYO4N5NPYAMLT4b5-4XVyIIDcsqaMW5i_OD9Ahyw",
    "data-unique-id": "5af8ec14-0e06-45fb-948e-5852d15f593a",
    "x-request-id": "9f13e0bc-5b86-443d-adab-de64054e561f",
    "Content-Type": "application/json;charset=UTF-8",
    "Origin": "https://mubu.com",
    "Sec-Fetch-Site": "same-site",
    "Sec-Fetch-Mode": "cors",
    "Sec-Fetch-Dest": "empty",
    "Referer": "https://mubu.com/",
    "Accept-Language": "zh-CN,zh;q=0.9",
    "HRUN-Request-ID": "HRUN-e2c5d547-4625-4952-8334-b0b3d64aa08d-869659",
    "Cookie": "Jwt-Token=eyJ0eXAiOiJKV1QiLCJhbGciOiJIUzUxMiJ9.eyJhcHAiOiJtdWJ1Iiwic3ViIjoiMTE2MjM5NTEiLCJleHAiOjE2MjA2OTcxNjksImlhdCI6MTYxODEwNTE2OX0.POuzqUHO-fG3x_XHOOf-w4sQd1a4jbS5lAz4RNAHHM0OTzX1xM5OAf4Lovi904j9Xy9SGjB14Hn-9xwlqfMWrQ; SESSION=4034228a-8a62-464a-8b29-1e7c1eb12859; user_persistence=ed543ec9-acb1-4a68-8db9-37bc0f94978e"
}
cookies  : {
    "Jwt-Token": "eyJ0eXAiOiJKV1QiLCJhbGciOiJIUzUxMiJ9.eyJhcHAiOiJtdWJ1Iiwic3ViIjoiMTE2MjM5NTEiLCJleHAiOjE2MjA2OTcxNjksImlhdCI6MTYxODEwNTE2OX0.POuzqUHO-fG3x_XHOOf-w4sQd1a4jbS5lAz4RNAHHM0OTzX1xM5OAf4Lovi904j9Xy9SGjB14Hn-9xwlqfMWrQ",
    "SESSION": "4034228a-8a62-464a-8b29-1e7c1eb12859",
    "user_persistence": "ed543ec9-acb1-4a68-8db9-37bc0f94978e"
}
body     : {
    "targetDocId": "3vv18OwL3f_"
}

2021-04-11 09:51:09.822 | DEBUG    | httprunner.client:log_print:40 - 
================== response details ==================
status_code : 200
headers  : {
    "Server": "Tengine",
    "Content-Type": "application/json;charset=UTF-8",
    "Transfer-Encoding": "chunked",
    "Connection": "keep-alive",
    "Date": "Sun, 11 Apr 2021 01:39:32 GMT",
    "Vary": "Accept-Encoding",
    "Access-Control-Allow-Origin": "*",
    "Access-Control-Allow-Methods": "POST,GET,OPTIONS,DELETE,HEAD,PUT",
    "Access-Control-Max-Age": "86400",
    "Access-Control-Allow-Credentials": "true",
    "Access-Control-Allow-Headers": "X-request-Id,x-requested-with,jwt-token,request-id,member-id,Content-Type,X-FILENAME,data-unique-id,AB-Server-Version,Device-Id,token,Channel-Id,channel,system,platform,Channel-Name,version,mubu-app,mubu-desktop,Checksum,user-agent,Origin,Accept",
    "X-Application-Context": "mubu.biz.openapi:online.cn:9468",
    "X-Tt-Logid": "202104110939310101500711001A16EADE",
    "X-Agw-Info": "d9aAftvLfyBU7csIXoGOl5qrpq3o95zoOXFw1fdRTsVrSGbtcVKk96dsLcxaofUBkPEEAp9ZPe7IOIu3wING5HzsG87F6q9kjUPU0t3ZM6vM700d5kSQCvK8M0qRiv-XmaENQmt6z_azqUBWfhxq2JwpQlQbIeyOb7kx",
    "X-TRANS-LEVEL": "0",
    "Server-Timing": "inner; dur=8, tt_agw; dur=7",
    "x-tt-trace-host": "01cce5008b698dfae3e6e62b2b2d9b8f135478e057159bae56f802f11ac86b94f0181b7899cd02f5a0f2970290680bda0b6b5e09927de714236e858fba86f9523417f9dc796b0708cf5808d337f230715b",
    "x-tt-trace-tag": "id=3;cdn-cache=miss",
    "X-TT-TIMESTAMP": "1618105172.005",
    "Content-Encoding": "gzip",
    "Via": "cache41.l2ea120-6[77,0], vcache22.cn2543[135,0]",
    "Timing-Allow-Origin": "*",
    "EagleId": "6f13e92a16181051719013605e"
}
cookies  : {}
encoding : UTF-8
content_type : application/json;charset=UTF-8
body     : {
    "code": 0,
    "data": {
        "list": []
    }
}

2021-04-11 09:51:09.822 | INFO     | httprunner.client:request:217 - status_code: 200, response_time(ms): 147.86 ms, response_length: 0 bytes
2021-04-11 09:51:09.822 | INFO     | httprunner.response:validate:246 - assert status_code equal 200(int)	==> pass
2021-04-11 09:51:09.832 | INFO     | httprunner.response:validate:246 - assert headers."Content-Type" equal application/json;charset=UTF-8(str)	==> pass
2021-04-11 09:51:09.832 | INFO     | httprunner.response:validate:246 - assert body.code equal 0(int)	==> pass
2021-04-11 09:51:09.832 | INFO     | httprunner.runner:__run_step:304 - run step end: /v3/api/refer/doc/list <<<<<<

2021-04-11 09:51:09.842 | INFO     | httprunner.runner:__run_step:292 - run step begin: /v3/api/colla/register >>>>>>
2021-04-11 09:51:09.997 | DEBUG    | httprunner.client:request:186 - client IP: 192.168.1.7, Port: 61637
2021-04-11 09:51:10.000 | DEBUG    | httprunner.client:request:194 - server IP: 111.19.233.243, Port: 443
2021-04-11 09:51:10.005 | DEBUG    | httprunner.client:log_print:40 - 
================== request details ==================
method   : GET
url      : https://api2.mubu.com/v3/api/colla/register
headers  : {
    "User-Agent": "HttpRunner/3.1.4",
    "Accept-Encoding": "gzip, deflate, br",
    "Accept": "application/json, text/plain, */*",
    "Connection": "keep-alive",
    "host1": "api2.mubu.com",
    "Jwt-Token": "eyJ0eXAiOiJKV1QiLCJhbGciOiJIUzUxMiJ9.eyJhcHAiOiJtdWJ1Iiwic3ViIjoiMTE2MjM5NTEiLCJleHAiOjE2MjA2MTMxMTEsImlhdCI6MTYxODAyMTExMX0.vb25B05BHW2VyNB6tlW58F3eVkKnnoQXvc7H-XZIt2jfFisYO4N5NPYAMLT4b5-4XVyIIDcsqaMW5i_OD9Ahyw",
    "data-unique-id": "5af8ec14-0e06-45fb-948e-5852d15f593a",
    "x-request-id": "93ec8a43-7dc0-41a0-b0b5-5fa46ef6e422",
    "Origin": "https://mubu.com",
    "Sec-Fetch-Site": "same-site",
    "Sec-Fetch-Mode": "cors",
    "Sec-Fetch-Dest": "empty",
    "Referer": "https://mubu.com/",
    "Accept-Language": "zh-CN,zh;q=0.9",
    "HRUN-Request-ID": "HRUN-e2c5d547-4625-4952-8334-b0b3d64aa08d-869842",
    "Cookie": "Jwt-Token=eyJ0eXAiOiJKV1QiLCJhbGciOiJIUzUxMiJ9.eyJhcHAiOiJtdWJ1Iiwic3ViIjoiMTE2MjM5NTEiLCJleHAiOjE2MjA2OTcxNjksImlhdCI6MTYxODEwNTE2OX0.POuzqUHO-fG3x_XHOOf-w4sQd1a4jbS5lAz4RNAHHM0OTzX1xM5OAf4Lovi904j9Xy9SGjB14Hn-9xwlqfMWrQ; SESSION=4034228a-8a62-464a-8b29-1e7c1eb12859; user_persistence=ed543ec9-acb1-4a68-8db9-37bc0f94978e"
}
cookies  : {
    "Jwt-Token": "eyJ0eXAiOiJKV1QiLCJhbGciOiJIUzUxMiJ9.eyJhcHAiOiJtdWJ1Iiwic3ViIjoiMTE2MjM5NTEiLCJleHAiOjE2MjA2OTcxNjksImlhdCI6MTYxODEwNTE2OX0.POuzqUHO-fG3x_XHOOf-w4sQd1a4jbS5lAz4RNAHHM0OTzX1xM5OAf4Lovi904j9Xy9SGjB14Hn-9xwlqfMWrQ",
    "SESSION": "4034228a-8a62-464a-8b29-1e7c1eb12859",
    "user_persistence": "ed543ec9-acb1-4a68-8db9-37bc0f94978e"
}
body     : None

2021-04-11 09:51:10.011 | DEBUG    | httprunner.client:log_print:40 - 
================== response details ==================
status_code : 200
headers  : {
    "Server": "Tengine",
    "Content-Type": "application/json;charset=UTF-8",
    "Transfer-Encoding": "chunked",
    "Connection": "keep-alive",
    "Date": "Sun, 11 Apr 2021 01:39:32 GMT",
    "Vary": "Accept-Encoding",
    "Access-Control-Allow-Origin": "*",
    "Access-Control-Allow-Methods": "POST,GET,OPTIONS,DELETE,HEAD,PUT",
    "Access-Control-Max-Age": "86400",
    "Access-Control-Allow-Credentials": "true",
    "Access-Control-Allow-Headers": "X-request-Id,x-requested-with,jwt-token,request-id,member-id,Content-Type,X-FILENAME,data-unique-id,AB-Server-Version,Device-Id,token,Channel-Id,channel,system,platform,Channel-Name,version,mubu-app,mubu-desktop,Checksum,user-agent,Origin,Accept",
    "X-Application-Context": "mubu.biz.openapi:online.cn:9436",
    "X-Tt-Logid": "2021041109393201015013903100173877",
    "X-Agw-Info": "OU9uk9HhTERjSF7oVN0VeQ4Y62-4y3Vokzm07l5PVkblnyY-LkMkAHpZjI0x17b-JffdqNSeiCdgBOTBInKHGSDVgrRuIW32YKbc84AXPwx-c3f7ABnZloq-9cvzgUz6h-mnUEh5VUso6tw3T3umUVqLZaB1BL3r3jK0",
    "X-TRANS-LEVEL": "0",
    "Server-Timing": "inner; dur=8, tt_agw; dur=8",
    "x-tt-trace-host": "01cce5008b698dfae3e6e62b2b2d9b8f133d6fe5aed915b83aa7fcf5237ae7cb27853ba6bdccd28c60a9e37f94644c15d32dd4ff03f5a78915a813fa9e9a19f5d27405e097e9ee3311556b0b3a6ae9e8f8",
    "x-tt-trace-tag": "id=3;cdn-cache=miss",
    "X-TT-TIMESTAMP": "1618105172.194",
    "Content-Encoding": "gzip",
    "Via": "cache37.l2ea120-6[78,0], vcache22.cn2543[137,0]",
    "Timing-Allow-Origin": "*",
    "EagleId": "6f13e92a16181051720873894e"
}
cookies  : {}
encoding : UTF-8
content_type : application/json;charset=UTF-8
body     : {
    "code": 0,
    "data": {
        "ticket": "b97f520f457a8291130329f34b232dee",
        "TTL": 604800
    }
}

2021-04-11 09:51:10.015 | INFO     | httprunner.client:request:217 - status_code: 200, response_time(ms): 155.28 ms, response_length: 0 bytes
2021-04-11 09:51:10.017 | INFO     | httprunner.response:validate:246 - assert status_code equal 200(int)	==> pass
2021-04-11 09:51:10.021 | INFO     | httprunner.response:validate:246 - assert headers."Content-Type" equal application/json;charset=UTF-8(str)	==> pass
2021-04-11 09:51:10.024 | INFO     | httprunner.response:validate:246 - assert body.code equal 0(int)	==> pass
2021-04-11 09:51:10.027 | INFO     | httprunner.runner:__run_step:304 - run step end: /v3/api/colla/register <<<<<<

2021-04-11 09:51:10.030 | INFO     | httprunner.runner:__run_step:292 - run step begin: /v3/api/refer/node/count >>>>>>
2021-04-11 09:51:10.083 | DEBUG    | httprunner.client:request:186 - client IP: 192.168.1.7, Port: 61637
2021-04-11 09:51:10.086 | DEBUG    | httprunner.client:request:194 - server IP: 111.19.233.243, Port: 443
2021-04-11 09:51:10.090 | DEBUG    | httprunner.client:log_print:40 - 
================== request details ==================
method   : POST
url      : https://api2.mubu.com/v3/api/refer/node/count
headers  : {
    "User-Agent": "HttpRunner/3.1.4",
    "Accept-Encoding": "gzip, deflate, br",
    "Accept": "application/json, text/plain, */*",
    "Connection": "keep-alive",
    "host1": "api2.mubu.com",
    "Content-Length": "30",
    "Jwt-Token": "eyJ0eXAiOiJKV1QiLCJhbGciOiJIUzUxMiJ9.eyJhcHAiOiJtdWJ1Iiwic3ViIjoiMTE2MjM5NTEiLCJleHAiOjE2MjA2MTMxMTEsImlhdCI6MTYxODAyMTExMX0.vb25B05BHW2VyNB6tlW58F3eVkKnnoQXvc7H-XZIt2jfFisYO4N5NPYAMLT4b5-4XVyIIDcsqaMW5i_OD9Ahyw",
    "Content-Type": "application/json;charset=UTF-8",
    "data-unique-id": "5af8ec14-0e06-45fb-948e-5852d15f593a",
    "x-request-id": "8fd957bc-85d7-487c-975a-8c880ce54497",
    "version": "3.0.0.21328",
    "Origin": "https://mubu.com",
    "Sec-Fetch-Site": "same-site",
    "Sec-Fetch-Mode": "cors",
    "Sec-Fetch-Dest": "empty",
    "Referer": "https://mubu.com/",
    "Accept-Language": "zh-CN,zh;q=0.9",
    "HRUN-Request-ID": "HRUN-e2c5d547-4625-4952-8334-b0b3d64aa08d-870033",
    "Cookie": "Jwt-Token=eyJ0eXAiOiJKV1QiLCJhbGciOiJIUzUxMiJ9.eyJhcHAiOiJtdWJ1Iiwic3ViIjoiMTE2MjM5NTEiLCJleHAiOjE2MjA2OTcxNjksImlhdCI6MTYxODEwNTE2OX0.POuzqUHO-fG3x_XHOOf-w4sQd1a4jbS5lAz4RNAHHM0OTzX1xM5OAf4Lovi904j9Xy9SGjB14Hn-9xwlqfMWrQ; SESSION=4034228a-8a62-464a-8b29-1e7c1eb12859; user_persistence=ed543ec9-acb1-4a68-8db9-37bc0f94978e"
}
cookies  : {
    "Jwt-Token": "eyJ0eXAiOiJKV1QiLCJhbGciOiJIUzUxMiJ9.eyJhcHAiOiJtdWJ1Iiwic3ViIjoiMTE2MjM5NTEiLCJleHAiOjE2MjA2OTcxNjksImlhdCI6MTYxODEwNTE2OX0.POuzqUHO-fG3x_XHOOf-w4sQd1a4jbS5lAz4RNAHHM0OTzX1xM5OAf4Lovi904j9Xy9SGjB14Hn-9xwlqfMWrQ",
    "SESSION": "4034228a-8a62-464a-8b29-1e7c1eb12859",
    "user_persistence": "ed543ec9-acb1-4a68-8db9-37bc0f94978e"
}
body     : {
    "targetDocId": "3vv18OwL3f_"
}

2021-04-11 09:51:10.095 | DEBUG    | httprunner.client:log_print:40 - 
================== response details ==================
status_code : 200
headers  : {
    "Server": "Tengine",
    "Content-Type": "application/json;charset=UTF-8",
    "Transfer-Encoding": "chunked",
    "Connection": "keep-alive",
    "Date": "Sun, 11 Apr 2021 01:39:32 GMT",
    "Vary": "Accept-Encoding",
    "Access-Control-Allow-Origin": "*",
    "Access-Control-Allow-Methods": "POST,GET,OPTIONS,DELETE,HEAD,PUT",
    "Access-Control-Max-Age": "86400",
    "Access-Control-Allow-Credentials": "true",
    "Access-Control-Allow-Headers": "X-request-Id,x-requested-with,jwt-token,request-id,member-id,Content-Type,X-FILENAME,data-unique-id,AB-Server-Version,Device-Id,token,Channel-Id,channel,system,platform,Channel-Name,version,mubu-app,mubu-desktop,Checksum,user-agent,Origin,Accept",
    "X-Application-Context": "mubu.biz.openapi:online.cn:9420",
    "X-Tt-Logid": "20210411093932010212170229504715CA",
    "X-Agw-Info": "B6OoTU2vPHRcfH7ZaHUc8EBwEev2xWk5L3_b1FWP-y9LxUsMpWPoEbk1u1mLbGPeG6nE6XmbdQMCpM8n6jISOyRpQPs2NPTqEAWZE-oue9KkC98-Ecv_605NQVIW2e1T9gigqqDCjuK9T6oOuB0r-qGe69WXIqXMc-D4",
    "X-TRANS-LEVEL": "0",
    "Server-Timing": "inner; dur=10, tt_agw; dur=8",
    "x-tt-trace-host": "0117c27e7cbf31ce1b980736037cd8eaea5f0caf082a0a9763a149cbb6c6575ba38694e56931fb3e385b36d765d10d4f206234364056f71531a0a3ec37891ee789dd518b2bdd36a9f11ace6d09eb02fd79",
    "x-tt-trace-tag": "id=3;cdn-cache=miss",
    "X-TT-TIMESTAMP": "1618105172.297",
    "Content-Encoding": "gzip",
    "Via": "vcache22.cn2543[35,0]",
    "Timing-Allow-Origin": "*",
    "EagleId": "6f13e92a16181051722744164e"
}
cookies  : {}
encoding : UTF-8
content_type : application/json;charset=UTF-8
body     : {
    "code": 0,
    "data": {
        "countMap": {}
    }
}

2021-04-11 09:51:10.099 | INFO     | httprunner.client:request:217 - status_code: 200, response_time(ms): 50.49 ms, response_length: 0 bytes
2021-04-11 09:51:10.104 | INFO     | httprunner.response:validate:246 - assert status_code equal 200(int)	==> pass
2021-04-11 09:51:10.107 | INFO     | httprunner.response:validate:246 - assert headers."Content-Type" equal application/json;charset=UTF-8(str)	==> pass
2021-04-11 09:51:10.109 | INFO     | httprunner.response:validate:246 - assert body.code equal 0(int)	==> pass
2021-04-11 09:51:10.112 | INFO     | httprunner.runner:__run_step:304 - run step end: /v3/api/refer/node/count <<<<<<

2021-04-11 09:51:10.116 | INFO     | httprunner.runner:__run_step:292 - run step begin: /v3/api/colla/members >>>>>>
2021-04-11 09:51:10.169 | DEBUG    | httprunner.client:request:186 - client IP: 192.168.1.7, Port: 61637
2021-04-11 09:51:10.173 | DEBUG    | httprunner.client:request:194 - server IP: 111.19.233.243, Port: 443
2021-04-11 09:51:10.177 | DEBUG    | httprunner.client:log_print:40 - 
================== request details ==================
method   : OPTIONS
url      : https://api2.mubu.com/v3/api/colla/members?memberId=5242742441223623&documentId=3vv18OwL3f_
headers  : {
    "User-Agent": "HttpRunner/3.1.4",
    "Accept-Encoding": "gzip, deflate, br",
    "Accept": "*/*",
    "Connection": "keep-alive",
    "host1": "api2.mubu.com",
    "Access-Control-Request-Method": "GET",
    "Access-Control-Request-Headers": "data-unique-id,jwt-token,request-id,x-request-id",
    "Origin": "https://mubu.com",
    "Sec-Fetch-Mode": "cors",
    "Sec-Fetch-Site": "same-site",
    "Sec-Fetch-Dest": "empty",
    "Referer": "https://mubu.com/",
    "Accept-Language": "zh-CN,zh;q=0.9",
    "HRUN-Request-ID": "HRUN-e2c5d547-4625-4952-8334-b0b3d64aa08d-870120",
    "Cookie": "Jwt-Token=eyJ0eXAiOiJKV1QiLCJhbGciOiJIUzUxMiJ9.eyJhcHAiOiJtdWJ1Iiwic3ViIjoiMTE2MjM5NTEiLCJleHAiOjE2MjA2OTcxNjksImlhdCI6MTYxODEwNTE2OX0.POuzqUHO-fG3x_XHOOf-w4sQd1a4jbS5lAz4RNAHHM0OTzX1xM5OAf4Lovi904j9Xy9SGjB14Hn-9xwlqfMWrQ; SESSION=4034228a-8a62-464a-8b29-1e7c1eb12859; user_persistence=ed543ec9-acb1-4a68-8db9-37bc0f94978e",
    "Content-Length": "0"
}
cookies  : {
    "Jwt-Token": "eyJ0eXAiOiJKV1QiLCJhbGciOiJIUzUxMiJ9.eyJhcHAiOiJtdWJ1Iiwic3ViIjoiMTE2MjM5NTEiLCJleHAiOjE2MjA2OTcxNjksImlhdCI6MTYxODEwNTE2OX0.POuzqUHO-fG3x_XHOOf-w4sQd1a4jbS5lAz4RNAHHM0OTzX1xM5OAf4Lovi904j9Xy9SGjB14Hn-9xwlqfMWrQ",
    "SESSION": "4034228a-8a62-464a-8b29-1e7c1eb12859",
    "user_persistence": "ed543ec9-acb1-4a68-8db9-37bc0f94978e"
}
body     : None

2021-04-11 09:51:10.183 | DEBUG    | httprunner.client:log_print:40 - 
================== response details ==================
status_code : 200
headers  : {
    "Server": "Tengine",
    "Content-Type": "application/octet-stream",
    "Content-Length": "0",
    "Connection": "keep-alive",
    "Date": "Sun, 11 Apr 2021 01:39:32 GMT",
    "Access-Control-Allow-Origin": "*",
    "Access-Control-Allow-Methods": "POST,GET,OPTIONS,DELETE,HEAD,PUT",
    "Access-Control-Max-Age": "86400",
    "Access-Control-Allow-Credentials": "true",
    "Access-Control-Allow-Headers": "X-request-Id,x-requested-with,jwt-token,request-id,member-id,Content-Type,X-FILENAME,data-unique-id,AB-Server-Version,Device-Id,token,Channel-Id,channel,system,platform,Channel-Name,version,mubu-app,mubu-desktop,Checksum,user-agent,Origin,Accept",
    "X-Tt-Logid": "202104110939320102121480281247925F",
    "X-Agw-Info": "IXsT0-7b_TW6HKCTNXSRzsfRuVsfTMPW7CoZK-HOEd2tyPI9f5FpDlKgEXBthpDM6l_qa9Ub1fBRp4oSMvF1822LkNRqPCAHUlY-MsEbePc8ULHf8p993_twAZJXc-DkcQ8ugC6OGfPGxATrDxOoxSIu6wvs19-PjtGy",
    "X-TRANS-LEVEL": "0",
    "Server-Timing": "inner; dur=4, tt_agw; dur=3",
    "x-tt-trace-host": "0117c27e7cbf31ce1b980736037cd8eaea5f0caf082a0a9763a149cbb6c6575ba397ef506a137fbaef4dd6a6e8d31318afe815eba4780473beaaa314d6673356cd37f93a768717dc9ec4fe0d96cf300320",
    "x-tt-trace-tag": "id=3;cdn-cache=miss",
    "X-TT-TIMESTAMP": "1618105172.381",
    "Via": "vcache22.cn2543[33,0]",
    "Timing-Allow-Origin": "*",
    "EagleId": "6f13e92a16181051723624305e"
}
cookies  : {}
encoding : None
content_type : application/octet-stream
body     : 

2021-04-11 09:51:10.186 | INFO     | httprunner.client:request:217 - status_code: 200, response_time(ms): 48.72 ms, response_length: 0 bytes
2021-04-11 09:51:10.189 | INFO     | httprunner.response:validate:246 - assert status_code equal 200(int)	==> pass
2021-04-11 09:51:10.192 | INFO     | httprunner.response:validate:246 - assert headers."Content-Type" equal application/octet-stream(str)	==> pass
2021-04-11 09:51:10.196 | INFO     | httprunner.runner:__run_step:304 - run step end: /v3/api/colla/members <<<<<<

2021-04-11 09:51:10.199 | INFO     | httprunner.runner:__run_step:292 - run step begin: /v3/api/colla/members >>>>>>
2021-04-11 09:51:10.292 | DEBUG    | httprunner.client:request:186 - client IP: 192.168.1.7, Port: 61637
2021-04-11 09:51:10.296 | DEBUG    | httprunner.client:request:194 - server IP: 111.19.233.243, Port: 443
2021-04-11 09:51:10.300 | DEBUG    | httprunner.client:log_print:40 - 
================== request details ==================
method   : GET
url      : https://api2.mubu.com/v3/api/colla/members?memberId=5242742441223623&documentId=3vv18OwL3f_
headers  : {
    "User-Agent": "HttpRunner/3.1.4",
    "Accept-Encoding": "gzip, deflate, br",
    "Accept": "application/json, text/plain, */*",
    "Connection": "keep-alive",
    "host1": "api2.mubu.com",
    "Jwt-Token": "eyJ0eXAiOiJKV1QiLCJhbGciOiJIUzUxMiJ9.eyJhcHAiOiJtdWJ1Iiwic3ViIjoiMTE2MjM5NTEiLCJleHAiOjE2MjA2MTMxMTEsImlhdCI6MTYxODAyMTExMX0.vb25B05BHW2VyNB6tlW58F3eVkKnnoQXvc7H-XZIt2jfFisYO4N5NPYAMLT4b5-4XVyIIDcsqaMW5i_OD9Ahyw",
    "Request-Id": "members:5242742441223623:1618021813247",
    "data-unique-id": "5af8ec14-0e06-45fb-948e-5852d15f593a",
    "x-request-id": "c9818f23-e9b5-4a07-95e6-a290de84ca12",
    "Origin": "https://mubu.com",
    "Sec-Fetch-Site": "same-site",
    "Sec-Fetch-Mode": "cors",
    "Sec-Fetch-Dest": "empty",
    "Referer": "https://mubu.com/",
    "Accept-Language": "zh-CN,zh;q=0.9",
    "HRUN-Request-ID": "HRUN-e2c5d547-4625-4952-8334-b0b3d64aa08d-870203",
    "Cookie": "Jwt-Token=eyJ0eXAiOiJKV1QiLCJhbGciOiJIUzUxMiJ9.eyJhcHAiOiJtdWJ1Iiwic3ViIjoiMTE2MjM5NTEiLCJleHAiOjE2MjA2OTcxNjksImlhdCI6MTYxODEwNTE2OX0.POuzqUHO-fG3x_XHOOf-w4sQd1a4jbS5lAz4RNAHHM0OTzX1xM5OAf4Lovi904j9Xy9SGjB14Hn-9xwlqfMWrQ; SESSION=4034228a-8a62-464a-8b29-1e7c1eb12859; user_persistence=ed543ec9-acb1-4a68-8db9-37bc0f94978e"
}
cookies  : {
    "Jwt-Token": "eyJ0eXAiOiJKV1QiLCJhbGciOiJIUzUxMiJ9.eyJhcHAiOiJtdWJ1Iiwic3ViIjoiMTE2MjM5NTEiLCJleHAiOjE2MjA2OTcxNjksImlhdCI6MTYxODEwNTE2OX0.POuzqUHO-fG3x_XHOOf-w4sQd1a4jbS5lAz4RNAHHM0OTzX1xM5OAf4Lovi904j9Xy9SGjB14Hn-9xwlqfMWrQ",
    "SESSION": "4034228a-8a62-464a-8b29-1e7c1eb12859",
    "user_persistence": "ed543ec9-acb1-4a68-8db9-37bc0f94978e"
}
body     : None

2021-04-11 09:51:10.306 | DEBUG    | httprunner.client:log_print:40 - 
================== response details ==================
status_code : 200
headers  : {
    "Server": "Tengine",
    "Content-Type": "application/json;charset=UTF-8",
    "Transfer-Encoding": "chunked",
    "Connection": "keep-alive",
    "Date": "Sun, 11 Apr 2021 01:39:32 GMT",
    "Vary": "Accept-Encoding",
    "Access-Control-Allow-Origin": "*",
    "Access-Control-Allow-Methods": "POST,GET,OPTIONS,DELETE,HEAD,PUT",
    "Access-Control-Max-Age": "86400",
    "Access-Control-Allow-Credentials": "true",
    "Access-Control-Allow-Headers": "X-request-Id,x-requested-with,jwt-token,request-id,member-id,Content-Type,X-FILENAME,data-unique-id,AB-Server-Version,Device-Id,token,Channel-Id,channel,system,platform,Channel-Name,version,mubu-app,mubu-desktop,Checksum,user-agent,Origin,Accept",
    "X-Application-Context": "mubu.biz.openapi:online.cn:9401",
    "X-Tt-Logid": "202104110939320101501341313B17190C",
    "X-Agw-Info": "-ajckN-J4YMF4cNo9hQ8r0O3DBgYCbT7s-O_ei6ys1qqAMaTZVRb0asw6K_46gxvKTZ3GKuRWvPfmIlWxxJGsGoZfkmJvfNugP3olDwPTW91sOflFbx_iej_TNdndKXhA_X499gcW4aWF7BZVncrJAXeFa9IH-tLItI=",
    "X-TRANS-LEVEL": "0",
    "Server-Timing": "inner; dur=20, tt_agw; dur=17",
    "x-tt-trace-host": "0117c27e7cbf31ce1b980736037cd8eaea5f0caf082a0a9763a149cbb6c6575ba3fbe95931f4bd1b9fccd781ecaa4d524ea45a3edd36dd4abd861145654eb1201aede930a287c3ecd87a560f34b055c0cb",
    "x-tt-trace-tag": "id=3;cdn-cache=miss",
    "X-TT-TIMESTAMP": "1618105172.504",
    "Content-Encoding": "gzip",
    "Via": "vcache22.cn2543[74,0]",
    "Timing-Allow-Origin": "*",
    "EagleId": "6f13e92a16181051724454439e"
}
cookies  : {}
encoding : UTF-8
content_type : application/json;charset=UTF-8
body     : {
    "code": 0,
    "data": {
        "roomVersion": -1,
        "events": []
    }
}

2021-04-11 09:51:10.309 | INFO     | httprunner.client:request:217 - status_code: 200, response_time(ms): 88.72 ms, response_length: 0 bytes
2021-04-11 09:51:10.312 | INFO     | httprunner.response:validate:246 - assert status_code equal 200(int)	==> pass
2021-04-11 09:51:10.315 | INFO     | httprunner.response:validate:246 - assert headers."Content-Type" equal application/json;charset=UTF-8(str)	==> pass
2021-04-11 09:51:10.318 | INFO     | httprunner.response:validate:246 - assert body.code equal 0(int)	==> pass
2021-04-11 09:51:10.322 | INFO     | httprunner.runner:__run_step:304 - run step end: /v3/api/colla/members <<<<<<

2021-04-11 09:51:10.325 | INFO     | httprunner.runner:__run_step:292 - run step begin: /v3/api/colla/message >>>>>>
