2021-04-08 02:37:43.242 | INFO     | httprunner.runner:test_start:450 - Start to run testcase: testcase description, TestCase ID: e9799f05-cf00-4c78-9a6e-d120a9c4a5d6
2021-04-08 02:37:43.257 | INFO     | httprunner.runner:__run_step:292 - run step begin: /api/login/submit >>>>>>
2021-04-08 02:37:43.554 | DEBUG    | httprunner.client:request:186 - client IP: 192.168.1.7, Port: 56572
2021-04-08 02:37:43.554 | DEBUG    | httprunner.client:request:194 - server IP: 111.6.180.94, Port: 443
2021-04-08 02:37:43.554 | DEBUG    | httprunner.client:log_print:40 - 
================== request details ==================
method   : POST
url      : https://mubu.com/api/login/submit
headers  : {
    "User-Agent": "Mozilla/5.0 (Windows NT 10.0; Win64; x64) AppleWebKit/537.36 (KHTML, like Gecko) Chrome/88.0.4324.104 Safari/537.36",
    "Accept-Encoding": "gzip, deflate, br",
    "Accept": "application/json, text/javascript, */*; q=0.01",
    "Connection": "keep-alive",
    "Host": "mubu.com",
    "Content-Length": "47",
    "X-Requested-With": "XMLHttpRequest",
    "Content-Type": "application/x-www-form-urlencoded; charset=UTF-8",
    "Origin": "https://mubu.com",
    "Sec-Fetch-Site": "same-origin",
    "Sec-Fetch-Mode": "cors",
    "Sec-Fetch-Dest": "empty",
    "Referer": "https://mubu.com/login/password",
    "Accept-Language": "zh-CN,zh;q=0.9",
    "Cookie": "data_unique_id=5af8ec14-0e06-45fb-948e-5852d15f593a; _ga=GA1.2.575825054.1617539185; language=en-US; country=US; _gid=GA1.2.1533022006.1617805441; reg_entrance=https%3A%2F%2Fmubu.com%2F; csrf_token=c9b027b7-1bc2-45e8-8ab9-7152a1865f2c; SESSION=63cf1cc5-d769-433f-a0d4-a60ecdc076c8; _gat=1; Hm_lvt_4426cbb0486a79ea049b4ad52d81b504=1617621135,1617625021,1617805446,1617820067; reg_prepareId=178ad973481-178ad97347b-41bc-8a28-1f2f5c4ea99f; reg_focusId=33c9d5e2-09b5-41bc-8a28-178ad973b42; SLARDAR_WEB_ID=7c809816-6b41-46b0-93b9-2bb01ecee4fb; Hm_lpvt_4426cbb0486a79ea049b4ad52d81b504=1617820074",
    "HRUN-Request-ID": "HRUN-e9799f05-cf00-4c78-9a6e-d120a9c4a5d6-663257"
}
cookies  : {
    "Hm_lpvt_4426cbb0486a79ea049b4ad52d81b504": "1617820074",
    "Hm_lvt_4426cbb0486a79ea049b4ad52d81b504": "1617621135,1617625021,1617805446,1617820067",
    "SESSION": "63cf1cc5-d769-433f-a0d4-a60ecdc076c8",
    "SLARDAR_WEB_ID": "7c809816-6b41-46b0-93b9-2bb01ecee4fb",
    "_ga": "GA1.2.575825054.1617539185",
    "_gat": "1",
    "_gid": "GA1.2.1533022006.1617805441",
    "country": "US",
    "csrf_token": "c9b027b7-1bc2-45e8-8ab9-7152a1865f2c",
    "data_unique_id": "5af8ec14-0e06-45fb-948e-5852d15f593a",
    "language": "en-US",
    "reg_entrance": "https%3A%2F%2Fmubu.com%2F",
    "reg_focusId": "33c9d5e2-09b5-41bc-8a28-178ad973b42",
    "reg_prepareId": "178ad973481-178ad97347b-41bc-8a28-1f2f5c4ea99f"
}
body     : phone=18710748230&password=123456&remember=true

2021-04-08 02:37:43.554 | DEBUG    | httprunner.client:log_print:40 - 
================== response details ==================
status_code : 200
headers  : {
    "Server": "Tengine",
    "Content-Type": "application/json;charset=UTF-8",
    "Transfer-Encoding": "chunked",
    "Connection": "keep-alive",
    "Date": "Wed, 07 Apr 2021 18:26:11 GMT",
    "Vary": "Accept-Encoding",
    "X-Application-Context": "ee.mubu.web_server:prod:9240",
    "Set-Cookie": "Jwt-Token=eyJ0eXAiOiJKV1QiLCJhbGciOiJIUzUxMiJ9.eyJhcHAiOiJtdWJ1Iiwic3ViIjoiMTE2MjM5NTEiLCJleHAiOjE2MjA0MTE5NzEsImlhdCI6MTYxNzgxOTk3MX0.TNMXYKf3YWYqHDUysHUiNiwNgKoJCkXmtc4RFEhoPZ8CHqpSFkhrDpcXUu3ifMN8o9xPlWJbL7hueH9-5kKyng; Max-Age=2592000; Expires=Fri, 07-May-2021 18:26:11 GMT; Path=/, user_persistence=ed543ec9-acb1-4a68-8db9-37bc0f94978e; Max-Age=2592000; Expires=Fri, 07-May-2021 18:26:11 GMT; Path=/",
    "server-timing": "inner; dur=25, cdn-cache;desc=MISS,edge;dur=19,origin;dur=71",
    "x-tt-trace-host": "01f7e0b1f4012658b0f198686875ca95f3c310c0e2806d8d6a30b2087d6340c49be47d6ee2ff6bee1b842e4faa0662661464303dc1dbbc677bcb9ef0297479dfd20f45c43a761a8b6d437779db135e6cb8",
    "x-tt-trace-tag": "id=03;cdn-cache=miss;type=dyn",
    "X-TT-TIMESTAMP": "1617819971.167",
    "Content-Encoding": "gzip",
    "Via": "cache52.l2ea120-8[71,0], cache2.cn1015[90,0]",
    "Timing-Allow-Origin": "*",
    "EagleId": "6f06b41616178199710968825e"
}
cookies  : {
    "Jwt-Token": "eyJ0eXAiOiJKV1QiLCJhbGciOiJIUzUxMiJ9.eyJhcHAiOiJtdWJ1Iiwic3ViIjoiMTE2MjM5NTEiLCJleHAiOjE2MjA0MTE5NzEsImlhdCI6MTYxNzgxOTk3MX0.TNMXYKf3YWYqHDUysHUiNiwNgKoJCkXmtc4RFEhoPZ8CHqpSFkhrDpcXUu3ifMN8o9xPlWJbL7hueH9-5kKyng",
    "user_persistence": "ed543ec9-acb1-4a68-8db9-37bc0f94978e"
}
encoding : UTF-8
content_type : application/json;charset=UTF-8
body     : {
    "code": 0,
    "msg": null,
    "data": {
        "next": "/list"
    }
}

2021-04-08 02:37:43.554 | INFO     | httprunner.client:request:217 - status_code: 200, response_time(ms): 296.9 ms, response_length: 0 bytes
2021-04-08 02:37:43.554 | INFO     | httprunner.response:validate:246 - assert status_code equal 200(int)	==> pass
2021-04-08 02:37:43.570 | INFO     | httprunner.response:validate:246 - assert headers."Content-Type" equal application/json;charset=UTF-8(str)	==> pass
2021-04-08 02:37:43.570 | INFO     | httprunner.response:validate:246 - assert body.code equal 0(int)	==> pass
2021-04-08 02:37:43.570 | INFO     | httprunner.response:validate:246 - assert body.msg equal None(NoneType)	==> pass
2021-04-08 02:37:43.570 | INFO     | httprunner.runner:__run_step:304 - run step end: /api/login/submit <<<<<<

2021-04-08 02:37:43.570 | INFO     | httprunner.runner:__run_step:292 - run step begin: /v3/api/list/create_doc >>>>>>
2021-04-08 02:37:43.867 | DEBUG    | httprunner.client:request:186 - client IP: 192.168.1.7, Port: 56573
2021-04-08 02:37:43.867 | DEBUG    | httprunner.client:request:194 - server IP: 111.19.233.240, Port: 443
2021-04-08 02:37:43.867 | DEBUG    | httprunner.client:log_print:40 - 
================== request details ==================
method   : POST
url      : https://api2.mubu.com/v3/api/list/create_doc
headers  : {
    "User-Agent": "Mozilla/5.0 (Windows NT 10.0; Win64; x64) AppleWebKit/537.36 (KHTML, like Gecko) Chrome/88.0.4324.104 Safari/537.36",
    "Accept-Encoding": "gzip, deflate, br",
    "Accept": "application/json, text/plain, */*",
    "Connection": "keep-alive",
    "Host": "api2.mubu.com",
    "Content-Length": "28",
    "Jwt-Token": "eyJ0eXAiOiJKV1QiLCJhbGciOiJIUzUxMiJ9.eyJhcHAiOiJtdWJ1Iiwic3ViIjoiMTE2MjM5NTEiLCJleHAiOjE2MjA0MTE0MjUsImlhdCI6MTYxNzgxOTQyNX0.iDFrqbNWoVyndr9coDIO1WBwtfTiuQmFHybLrNICHqnJWi1mINgtvmqmsBeP7u6achsjfzMOx62yX8Ix_LNinw",
    "Content-Type": "application/json;charset=UTF-8",
    "data-unique-id": "5af8ec14-0e06-45fb-948e-5852d15f593a",
    "x-request-id": "7b6c8976-c6a8-427a-90d6-b3896e93a4f1",
    "version": "3.0.0.21310",
    "Origin": "https://mubu.com",
    "Sec-Fetch-Site": "same-site",
    "Sec-Fetch-Mode": "cors",
    "Sec-Fetch-Dest": "empty",
    "Referer": "https://mubu.com/",
    "Accept-Language": "zh-CN,zh;q=0.9",
    "HRUN-Request-ID": "HRUN-e9799f05-cf00-4c78-9a6e-d120a9c4a5d6-663570",
    "Cookie": "Jwt-Token=eyJ0eXAiOiJKV1QiLCJhbGciOiJIUzUxMiJ9.eyJhcHAiOiJtdWJ1Iiwic3ViIjoiMTE2MjM5NTEiLCJleHAiOjE2MjA0MTE5NzEsImlhdCI6MTYxNzgxOTk3MX0.TNMXYKf3YWYqHDUysHUiNiwNgKoJCkXmtc4RFEhoPZ8CHqpSFkhrDpcXUu3ifMN8o9xPlWJbL7hueH9-5kKyng; user_persistence=ed543ec9-acb1-4a68-8db9-37bc0f94978e"
}
cookies  : {
    "Jwt-Token": "eyJ0eXAiOiJKV1QiLCJhbGciOiJIUzUxMiJ9.eyJhcHAiOiJtdWJ1Iiwic3ViIjoiMTE2MjM5NTEiLCJleHAiOjE2MjA0MTE5NzEsImlhdCI6MTYxNzgxOTk3MX0.TNMXYKf3YWYqHDUysHUiNiwNgKoJCkXmtc4RFEhoPZ8CHqpSFkhrDpcXUu3ifMN8o9xPlWJbL7hueH9-5kKyng",
    "user_persistence": "ed543ec9-acb1-4a68-8db9-37bc0f94978e"
}
body     : {
    "folderId": "0",
    "type": 0
}

2021-04-08 02:37:43.882 | DEBUG    | httprunner.client:log_print:40 - 
================== response details ==================
status_code : 200
headers  : {
    "Server": "Tengine",
    "Content-Type": "application/json;charset=UTF-8",
    "Transfer-Encoding": "chunked",
    "Connection": "keep-alive",
    "Date": "Wed, 07 Apr 2021 18:26:11 GMT",
    "Vary": "Accept-Encoding",
    "Access-Control-Allow-Origin": "*",
    "Access-Control-Allow-Methods": "POST,GET,OPTIONS,DELETE,HEAD,PUT",
    "Access-Control-Max-Age": "86400",
    "Access-Control-Allow-Credentials": "true",
    "Access-Control-Allow-Headers": "X-request-Id,x-requested-with,jwt-token,request-id,member-id,Content-Type,X-FILENAME,data-unique-id,AB-Server-Version,Device-Id,token,Channel-Id,channel,system,platform,Channel-Name,version,mubu-app,mubu-desktop,Checksum,user-agent,Origin,Accept",
    "X-Application-Context": "mubu.biz.openapi:online.cn:9259",
    "X-Tt-Logid": "202104080226110101500920511C067A78",
    "X-Agw-Info": "-eTVmslMoMlkUoLRSL-Jgf6uVykoHlUzJB9hg1xc8-hSXduo5BaI3EUJyt0R4hUs1kPYcVGqgZFoFW855I8F6KXKNTLmswEC44OIY-_g2F5hH1q-F04vbW-EXSzQV91KoRKCQjK7V5ZP7yx6FpKt609pzhPx7VgSeyvz",
    "X-TRANS-LEVEL": "0",
    "Server-Timing": "inner; dur=41, tt_agw; dur=40",
    "x-tt-trace-host": "01d402bc87954648c1cdde35294d8c0c15053deadf0d06fad0edae29b172ca2ea48337939963e5c6bffbeab01c4d914ca5f55bb6599aff16b8179f6077c29f55cbcae19cebaf0e9f61b1152b7da287d724",
    "x-tt-trace-tag": "id=3;cdn-cache=miss",
    "X-TT-TIMESTAMP": "1617819971.489",
    "Content-Encoding": "gzip",
    "Via": "cache28.l2nu20-2[80,0], vcache42.cn2543[109,0]",
    "Timing-Allow-Origin": "*",
    "EagleId": "6f13e95916178199713992887e"
}
cookies  : {}
encoding : UTF-8
content_type : application/json;charset=UTF-8
body     : {
    "code": 0,
    "data": {
        "id": "1YFIt-veD8_"
    }
}

2021-04-08 02:37:43.882 | INFO     | httprunner.client:request:217 - status_code: 200, response_time(ms): 296.89 ms, response_length: 0 bytes
2021-04-08 02:37:43.898 | INFO     | httprunner.response:extract:176 - extract mapping: {'id': '1YFIt-veD8_'}
2021-04-08 02:37:43.898 | INFO     | httprunner.response:validate:246 - assert status_code equal 200(int)	==> pass
2021-04-08 02:37:43.898 | INFO     | httprunner.response:validate:246 - assert headers."Content-Type" equal application/json;charset=UTF-8(str)	==> pass
2021-04-08 02:37:43.898 | INFO     | httprunner.response:validate:246 - assert body.code equal 0(int)	==> pass
2021-04-08 02:37:43.898 | INFO     | httprunner.runner:__run_step:304 - run step end: /v3/api/list/create_doc <<<<<<

2021-04-08 02:37:43.898 | INFO     | httprunner.runner:__run_step:292 - run step begin: /v3/api/refer/search_refers >>>>>>
2021-04-08 02:37:43.976 | DEBUG    | httprunner.client:request:186 - client IP: 192.168.1.7, Port: 56573
2021-04-08 02:37:43.976 | DEBUG    | httprunner.client:request:194 - server IP: 111.19.233.240, Port: 443
2021-04-08 02:37:43.976 | DEBUG    | httprunner.client:log_print:40 - 
================== request details ==================
method   : POST
url      : https://api2.mubu.com/v3/api/refer/search_refers
headers  : {
    "User-Agent": "Mozilla/5.0 (Windows NT 10.0; Win64; x64) AppleWebKit/537.36 (KHTML, like Gecko) Chrome/88.0.4324.104 Safari/537.36",
    "Accept-Encoding": "gzip, deflate, br",
    "Accept": "application/json, text/plain, */*",
    "Connection": "keep-alive",
    "Host": "api2.mubu.com",
    "Content-Length": "57",
    "Jwt-Token": "eyJ0eXAiOiJKV1QiLCJhbGciOiJIUzUxMiJ9.eyJhcHAiOiJtdWJ1Iiwic3ViIjoiMTE2MjM5NTEiLCJleHAiOjE2MjA0MTE0MjUsImlhdCI6MTYxNzgxOTQyNX0.iDFrqbNWoVyndr9coDIO1WBwtfTiuQmFHybLrNICHqnJWi1mINgtvmqmsBeP7u6achsjfzMOx62yX8Ix_LNinw",
    "data-unique-id": "5af8ec14-0e06-45fb-948e-5852d15f593a",
    "x-request-id": "cb554483-67c0-4a98-ac90-0d9470010975",
    "Content-Type": "application/json;charset=UTF-8",
    "Origin": "https://mubu.com",
    "Sec-Fetch-Site": "same-site",
    "Sec-Fetch-Mode": "cors",
    "Sec-Fetch-Dest": "empty",
    "Referer": "https://mubu.com/",
    "Accept-Language": "zh-CN,zh;q=0.9",
    "HRUN-Request-ID": "HRUN-e9799f05-cf00-4c78-9a6e-d120a9c4a5d6-663914",
    "Cookie": "Jwt-Token=eyJ0eXAiOiJKV1QiLCJhbGciOiJIUzUxMiJ9.eyJhcHAiOiJtdWJ1Iiwic3ViIjoiMTE2MjM5NTEiLCJleHAiOjE2MjA0MTE5NzEsImlhdCI6MTYxNzgxOTk3MX0.TNMXYKf3YWYqHDUysHUiNiwNgKoJCkXmtc4RFEhoPZ8CHqpSFkhrDpcXUu3ifMN8o9xPlWJbL7hueH9-5kKyng; user_persistence=ed543ec9-acb1-4a68-8db9-37bc0f94978e"
}
cookies  : {
    "Jwt-Token": "eyJ0eXAiOiJKV1QiLCJhbGciOiJIUzUxMiJ9.eyJhcHAiOiJtdWJ1Iiwic3ViIjoiMTE2MjM5NTEiLCJleHAiOjE2MjA0MTE5NzEsImlhdCI6MTYxNzgxOTk3MX0.TNMXYKf3YWYqHDUysHUiNiwNgKoJCkXmtc4RFEhoPZ8CHqpSFkhrDpcXUu3ifMN8o9xPlWJbL7hueH9-5kKyng",
    "user_persistence": "ed543ec9-acb1-4a68-8db9-37bc0f94978e"
}
body     : {
    "docId": "1YFIt-veD8_",
    "keywords": "jiao",
    "option": 1
}

2021-04-08 02:37:43.992 | DEBUG    | httprunner.client:log_print:40 - 
================== response details ==================
status_code : 200
headers  : {
    "Server": "Tengine",
    "Content-Type": "application/json;charset=UTF-8",
    "Transfer-Encoding": "chunked",
    "Connection": "keep-alive",
    "Date": "Wed, 07 Apr 2021 18:26:11 GMT",
    "Vary": "Accept-Encoding",
    "Access-Control-Allow-Origin": "*",
    "Access-Control-Allow-Methods": "POST,GET,OPTIONS,DELETE,HEAD,PUT",
    "Access-Control-Max-Age": "86400",
    "Access-Control-Allow-Credentials": "true",
    "Access-Control-Allow-Headers": "X-request-Id,x-requested-with,jwt-token,request-id,member-id,Content-Type,X-FILENAME,data-unique-id,AB-Server-Version,Device-Id,token,Channel-Id,channel,system,platform,Channel-Name,version,mubu-app,mubu-desktop,Checksum,user-agent,Origin,Accept",
    "X-Application-Context": "mubu.biz.openapi:online.cn:9462",
    "X-Tt-Logid": "2021040802261101021216404633143D5D",
    "X-Agw-Info": "wNWWvIMA1reIo71XJwIJZfTqJjZHsop9AIYtPjzCTJpMlhI2acawtU9oLE54_2YHT46eElvpWHSYKzaa4gdLjQwPXx_WclEt54Iw2BG8Z4KlPisDtkP6Z249rX_QLYodRdU8pFbflABxrmYydk74r32AFInLdda1Dic=",
    "X-TRANS-LEVEL": "0",
    "Server-Timing": "inner; dur=16, tt_agw; dur=14",
    "x-tt-trace-host": "01f7e0b1f4012658b0f198686875ca95f37272195676fb7fbfe23def6b5da872aca4748ffd3fde4fd20648178bdd50b7ab1b18617e08ae35aabfddc64bf355a7dc2f7796a073dbb19f836754c2533920c2",
    "x-tt-trace-tag": "id=3;cdn-cache=miss",
    "X-TT-TIMESTAMP": "1617819971.594",
    "Content-Encoding": "gzip",
    "Via": "cache30.l2cm9-6[30,0], vcache42.cn2543[59,0]",
    "Timing-Allow-Origin": "*",
    "EagleId": "6f13e95916178199715582979e"
}
cookies  : {}
encoding : UTF-8
content_type : application/json;charset=UTF-8
body     : {
    "code": 0,
    "data": {
        "list": []
    }
}

2021-04-08 02:37:43.992 | INFO     | httprunner.client:request:217 - status_code: 200, response_time(ms): 62.5 ms, response_length: 0 bytes
2021-04-08 02:37:43.992 | INFO     | httprunner.response:validate:246 - assert status_code equal 200(int)	==> pass
2021-04-08 02:37:44.007 | INFO     | httprunner.response:validate:246 - assert headers."Content-Type" equal application/json;charset=UTF-8(str)	==> pass
2021-04-08 02:37:44.007 | INFO     | httprunner.response:validate:246 - assert body.code equal 0(int)	==> pass
2021-04-08 02:37:44.007 | INFO     | httprunner.runner:__run_step:304 - run step end: /v3/api/refer/search_refers <<<<<<

